1.3576 	WARNING 	We strongly recommend you activate the PTB sound engine in PsychoPy prefs as the preferred audio engine. Its timing is vastly superior. Your prefs are currently set to use ['sounddevice', 'PTB', 'pyo', 'pygame'] (in that order).
8.5764 	WARNING 	User requested fullscreen with size [1024  768], but screen is actually [2560, 1440]. Using actual size
11.0337 	EXP 	Created window1 = Window(allowGUI=True, allowStencil=False, autoLog=True, backendConf=UNKNOWN, bitsMode=UNKNOWN, blendMode='avg', bpc=(8, 8, 8), color=array([0, 0, 0]), colorSpace='rgb', depthBits=8, fullscr=<method-wrapper '__getattribute__' of attributeSetter object at 0x000001E7365433A0>, gamma=None, gammaErrorPolicy='raise', lms=UNKNOWN, monitor=<psychopy.monitors.calibTools.Monitor object at 0x000001E737449610>, multiSample=False, name='window1', numSamples=2, pos=(0, 0), screen=0, size=array([2560, 1440]), stencilBits=0, stereo=False, units='height', useFBO=True, useRetina=False, viewOri=0.0, viewPos=None, viewScale=None, waitBlanking=True, winType='pyglet')
11.0340 	EXP 	window1: mouseVisible = True
11.0343 	EXP 	window1: mouseVisible = False
11.0344 	EXP 	window1: Attempting to measure frame rate of screen (0) ...
11.0345 	EXP 	window1: recordFrameIntervals = False
11.1988 	EXP 	window1: recordFrameIntervals = True
11.3823 	EXP 	Screen (0) actual frame rate measured at 59.77Hz
11.3823 	EXP 	window1: recordFrameIntervals = False
13.1760 	EXP 	Created text_instr = TextStim(__class__=<class 'psychopy.visual.text.TextStim'>, alignHoriz=method-wrapper(...), alignText='center', alignVert=method-wrapper(...), anchorHoriz='center', anchorVert='center', antialias=True, autoDraw=False, autoLog=True, bold=False, color=array([1, 1, 1]), colorSpace='rgb', contrast=1.0, depth=0.0, flipHoriz=False, flipVert=False, font='Comic Sans', fontFiles=[], height=0.04, italic=False, languageStyle='LTR', name='text_instr', opacity=1.0, ori=0.0, pos=array([0., 0.]), rgb=UNKNOWN, text=str(...), units='height', win=Window(...), wrapWidth=1)
13.1876 	EXP 	Created image_next = ImageStim(__class__=<class 'psychopy.visual.image.ImageStim'>, anchor=('center', 'center'), autoLog=True, color=array([1, 1, 1]), colorSpace='rgb', contrast=1.0, depth=-1.0, flipHoriz=False, flipVert=False, image='next.png', interpolate=True, mask=None, maskParams=None, name='image_next', opacity=1.0, ori=0.0, pos=array([ 0.6, -0.4]), size=array([0.11319444, 0.06736111]), texRes=128.0, units='height', win=Window(...))
13.1879 	EXP 	window1: mouseVisible = True
13.2085 	EXP 	Created text_3 = TextStim(__class__=<class 'psychopy.visual.text.TextStim'>, alignHoriz=method-wrapper(...), alignText='center', alignVert=method-wrapper(...), anchorHoriz='center', anchorVert='center', antialias=True, autoDraw=False, autoLog=True, bold=False, color=array([1, 1, 1]), colorSpace='rgb', contrast=1.0, depth=0.0, flipHoriz=False, flipVert=False, font='Open Sans', fontFiles=[], height=0.05, italic=False, languageStyle='LTR', name='text_3', opacity=1.0, ori=0.0, pos=array([0. , 0.3]), rgb=UNKNOWN, text=str(...), units='height', win=Window(...), wrapWidth=1)
13.2091 	EXP 	Created text_2 = TextStim(__class__=<class 'psychopy.visual.text.TextStim'>, alignHoriz=method-wrapper(...), alignText='center', alignVert=method-wrapper(...), anchorHoriz='center', anchorVert='center', antialias=True, autoDraw=False, autoLog=True, bold=False, color=array([1, 1, 1]), colorSpace='rgb', contrast=1.0, depth=-1.0, flipHoriz=False, flipVert=False, font='Open Sans', fontFiles=[], height=0.05, italic=False, languageStyle='LTR', name='text_2', opacity=1.0, ori=0.0, pos=array([0., 0.]), rgb=UNKNOWN, text='', units='height', win=Window(...), wrapWidth=1)
13.2195 	EXP 	Created text_4 = TextStim(__class__=<class 'psychopy.visual.text.TextStim'>, alignHoriz=method-wrapper(...), alignText='center', alignVert=method-wrapper(...), anchorHoriz='center', anchorVert='center', antialias=True, autoDraw=False, autoLog=True, bold=False, color=array([1, 1, 1]), colorSpace='rgb', contrast=1.0, depth=-3.0, flipHoriz=False, flipVert=False, font='Open Sans', fontFiles=[], height=0.05, italic=False, languageStyle='LTR', name='text_4', opacity=1.0, ori=0.0, pos=array([ 0. , -0.2]), rgb=UNKNOWN, text=str(...), units='height', win=Window(...), wrapWidth=1)
13.2512 	EXP 	text_instr: autoDraw = True
13.2512 	EXP 	image_next: autoDraw = True
20.1320 	DATA 	Mouse: Left button down, pos=(2175,132)
20.1581 	EXP 	Imported C:/Users/carelab/Desktop/Erik/resources/Lsquare.csv as conditions, 16 conditions, 26 params
20.1585 	EXP 	Created sequence: sequential, trialTypes=16, nReps=1, seed=None
20.1590 	EXP 	New trial (rep=0, index=0): OrderedDict([('Participant1', 30), ('Participant2', 30), ('Participant3', 105), ('Participant4', 105), ('Participant5', 60), ('Participant6', 120), ('Participant7', 120), ('Participant8', 120), ('Participant9', 105), ('Participant10', 60), ('Participant11', 105), ('Participant12', 60), ('Participant13', 30), ('Participant14', 60), ('Participant15', 120), ('Participant16', 30), ('Participant17', 30), ('Participant18', 30), ('Participant19', 105), ('Participant20', 105), ('Participant21', 60), ('Participant22', 120), ('Participant23', 120), ('Participant24', 120), ('Participant25', 105), ('Participant26', 60)])
20.1704 	EXP 	text_instr: autoDraw = False
20.1704 	EXP 	image_next: autoDraw = False
20.1704 	EXP 	text_2: height = 0.05
20.1704 	EXP 	text_2: height = 0.05
20.1704 	EXP 	text_2: height = 0.05
20.1704 	EXP 	text_2: text = 30
20.1704 	EXP 	text_3: autoDraw = True
20.1704 	EXP 	text_2: autoDraw = True
20.1704 	EXP 	text_4: autoDraw = True
20.1989 	DATA 	Mouse:  Left button up, pos=(2175,132)
22.4825 	DATA 	Keypress: space
22.4947 	EXP 	text_3: autoDraw = False
22.4947 	EXP 	text_2: autoDraw = False
22.4947 	EXP 	text_4: autoDraw = False
48.2388 	EXP 	New trial (rep=0, index=1): OrderedDict([('Participant1', 30), ('Participant2', 105), ('Participant3', 105), ('Participant4', 60), ('Participant5', 120), ('Participant6', 120), ('Participant7', 120), ('Participant8', 105), ('Participant9', 60), ('Participant10', 105), ('Participant11', 60), ('Participant12', 30), ('Participant13', 60), ('Participant14', 120), ('Participant15', 30), ('Participant16', 30), ('Participant17', 30), ('Participant18', 105), ('Participant19', 105), ('Participant20', 60), ('Participant21', 120), ('Participant22', 120), ('Participant23', 120), ('Participant24', 105), ('Participant25', 60), ('Participant26', 105)])
48.2440 	DATA 	Keypress: space
48.2545 	EXP 	text_2: height = 0.05
48.2545 	EXP 	text_2: height = 0.05
48.2545 	EXP 	text_2: height = 0.05
48.2545 	EXP 	text_2: text = 30
48.2545 	EXP 	text_3: autoDraw = True
48.2545 	EXP 	text_2: autoDraw = True
48.2545 	EXP 	text_4: autoDraw = True
51.3226 	DATA 	Keypress: space
51.3359 	EXP 	text_3: autoDraw = False
51.3359 	EXP 	text_2: autoDraw = False
51.3359 	EXP 	text_4: autoDraw = False
83.8111 	EXP 	New trial (rep=0, index=2): OrderedDict([('Participant1', 30), ('Participant2', 30), ('Participant3', 30), ('Participant4', 105), ('Participant5', 105), ('Participant6', 60), ('Participant7', 120), ('Participant8', 120), ('Participant9', 120), ('Participant10', 105), ('Participant11', 60), ('Participant12', 105), ('Participant13', 60), ('Participant14', 30), ('Participant15', 60), ('Participant16', 120), ('Participant17', 30), ('Participant18', 30), ('Participant19', 30), ('Participant20', 105), ('Participant21', 105), ('Participant22', 60), ('Participant23', 120), ('Participant24', 120), ('Participant25', 120), ('Participant26', 105)])
83.8164 	DATA 	Keypress: space
83.8270 	EXP 	text_2: height = 0.05
83.8270 	EXP 	text_2: height = 0.05
83.8270 	EXP 	text_2: height = 0.05
83.8270 	EXP 	text_2: text = 30
83.8270 	EXP 	text_3: autoDraw = True
83.8270 	EXP 	text_2: autoDraw = True
83.8270 	EXP 	text_4: autoDraw = True
86.3629 	DATA 	Keypress: space
86.3920 	EXP 	text_3: autoDraw = False
86.3920 	EXP 	text_2: autoDraw = False
86.3920 	EXP 	text_4: autoDraw = False
119.4334 	EXP 	New trial (rep=0, index=3): OrderedDict([('Participant1', 105), ('Participant2', 105), ('Participant3', 60), ('Participant4', 120), ('Participant5', 120), ('Participant6', 120), ('Participant7', 105), ('Participant8', 60), ('Participant9', 105), ('Participant10', 60), ('Participant11', 30), ('Participant12', 60), ('Participant13', 120), ('Participant14', 30), ('Participant15', 30), ('Participant16', 30), ('Participant17', 105), ('Participant18', 105), ('Participant19', 60), ('Participant20', 120), ('Participant21', 120), ('Participant22', 120), ('Participant23', 105), ('Participant24', 60), ('Participant25', 105), ('Participant26', 60)])
119.4407 	DATA 	Keypress: space
119.4493 	EXP 	text_2: height = 0.05
119.4493 	EXP 	text_2: height = 0.05
119.4493 	EXP 	text_2: height = 0.05
119.4493 	EXP 	text_2: text = 105
119.4493 	EXP 	text_3: autoDraw = True
119.4493 	EXP 	text_2: autoDraw = True
119.4493 	EXP 	text_4: autoDraw = True
121.8840 	DATA 	Keypress: space
121.8977 	EXP 	text_3: autoDraw = False
121.8977 	EXP 	text_2: autoDraw = False
121.8977 	EXP 	text_4: autoDraw = False
226.7671 	EXP 	New trial (rep=0, index=4): OrderedDict([('Participant1', 120), ('Participant2', 30), ('Participant3', 30), ('Participant4', 30), ('Participant5', 105), ('Participant6', 105), ('Participant7', 60), ('Participant8', 120), ('Participant9', 120), ('Participant10', 120), ('Participant11', 105), ('Participant12', 60), ('Participant13', 105), ('Participant14', 60), ('Participant15', 30), ('Participant16', 60), ('Participant17', 120), ('Participant18', 30), ('Participant19', 30), ('Participant20', 30), ('Participant21', 105), ('Participant22', 105), ('Participant23', 60), ('Participant24', 120), ('Participant25', 120), ('Participant26', 120)])
226.7733 	DATA 	Keypress: space
226.7830 	EXP 	text_2: height = 0.05
226.7830 	EXP 	text_2: height = 0.05
226.7830 	EXP 	text_2: height = 0.05
226.7830 	EXP 	text_2: text = 120
226.7830 	EXP 	text_3: autoDraw = True
226.7830 	EXP 	text_2: autoDraw = True
226.7830 	EXP 	text_4: autoDraw = True
228.6013 	DATA 	Keypress: space
228.6315 	EXP 	text_3: autoDraw = False
228.6315 	EXP 	text_2: autoDraw = False
228.6315 	EXP 	text_4: autoDraw = False
371.0727 	EXP 	New trial (rep=0, index=5): OrderedDict([('Participant1', 105), ('Participant2', 60), ('Participant3', 120), ('Participant4', 120), ('Participant5', 120), ('Participant6', 105), ('Participant7', 60), ('Participant8', 105), ('Participant9', 60), ('Participant10', 30), ('Participant11', 60), ('Participant12', 120), ('Participant13', 30), ('Participant14', 30), ('Participant15', 30), ('Participant16', 105), ('Participant17', 105), ('Participant18', 60), ('Participant19', 120), ('Participant20', 120), ('Participant21', 120), ('Participant22', 105), ('Participant23', 60), ('Participant24', 105), ('Participant25', 60), ('Participant26', 30)])
371.0785 	DATA 	Keypress: space
371.0885 	EXP 	text_2: height = 0.05
371.0885 	EXP 	text_2: height = 0.05
371.0885 	EXP 	text_2: height = 0.05
371.0885 	EXP 	text_2: text = 105
371.0885 	EXP 	text_3: autoDraw = True
371.0885 	EXP 	text_2: autoDraw = True
371.0885 	EXP 	text_4: autoDraw = True
378.8548 	DATA 	Keypress: space
378.8684 	EXP 	text_3: autoDraw = False
378.8684 	EXP 	text_2: autoDraw = False
378.8684 	EXP 	text_4: autoDraw = False
487.8867 	DATA 	Keypress: space
487.9034 	EXP 	New trial (rep=0, index=6): OrderedDict([('Participant1', 60), ('Participant2', 120), ('Participant3', 30), ('Participant4', 30), ('Participant5', 30), ('Participant6', 105), ('Participant7', 105), ('Participant8', 60), ('Participant9', 120), ('Participant10', 120), ('Participant11', 120), ('Participant12', 105), ('Participant13', 60), ('Participant14', 105), ('Participant15', 60), ('Participant16', 30), ('Participant17', 60), ('Participant18', 120), ('Participant19', 30), ('Participant20', 30), ('Participant21', 30), ('Participant22', 105), ('Participant23', 105), ('Participant24', 60), ('Participant25', 120), ('Participant26', 120)])
487.9195 	EXP 	text_2: height = 0.05
487.9195 	EXP 	text_2: height = 0.05
487.9195 	EXP 	text_2: height = 0.05
487.9195 	EXP 	text_2: text = 60
487.9195 	EXP 	text_3: autoDraw = True
487.9195 	EXP 	text_2: autoDraw = True
487.9195 	EXP 	text_4: autoDraw = True
489.2887 	DATA 	Keypress: space
489.3013 	EXP 	text_3: autoDraw = False
489.3013 	EXP 	text_2: autoDraw = False
489.3013 	EXP 	text_4: autoDraw = False
557.6320 	EXP 	New trial (rep=0, index=7): OrderedDict([('Participant1', 60), ('Participant2', 120), ('Participant3', 120), ('Participant4', 120), ('Participant5', 105), ('Participant6', 60), ('Participant7', 105), ('Participant8', 60), ('Participant9', 30), ('Participant10', 60), ('Participant11', 120), ('Participant12', 30), ('Participant13', 30), ('Participant14', 30), ('Participant15', 105), ('Participant16', 105), ('Participant17', 60), ('Participant18', 120), ('Participant19', 120), ('Participant20', 120), ('Participant21', 105), ('Participant22', 60), ('Participant23', 105), ('Participant24', 60), ('Participant25', 30), ('Participant26', 60)])
557.6373 	DATA 	Keypress: space
557.6478 	EXP 	text_2: height = 0.05
557.6478 	EXP 	text_2: height = 0.05
557.6478 	EXP 	text_2: height = 0.05
557.6478 	EXP 	text_2: text = 60
557.6478 	EXP 	text_3: autoDraw = True
557.6478 	EXP 	text_2: autoDraw = True
557.6478 	EXP 	text_4: autoDraw = True
654.2378 	DATA 	Keypress: space
654.2670 	EXP 	text_3: autoDraw = False
654.2670 	EXP 	text_2: autoDraw = False
654.2670 	EXP 	text_4: autoDraw = False
723.0644 	EXP 	New trial (rep=0, index=8): OrderedDict([('Participant1', 30), ('Participant2', 60), ('Participant3', 120), ('Participant4', 30), ('Participant5', 30), ('Participant6', 30), ('Participant7', 105), ('Participant8', 105), ('Participant9', 60), ('Participant10', 120), ('Participant11', 120), ('Participant12', 120), ('Participant13', 105), ('Participant14', 60), ('Participant15', 105), ('Participant16', 60), ('Participant17', 30), ('Participant18', 60), ('Participant19', 120), ('Participant20', 30), ('Participant21', 30), ('Participant22', 30), ('Participant23', 105), ('Participant24', 105), ('Participant25', 60), ('Participant26', 120)])
723.0693 	DATA 	Keypress: space
723.0805 	EXP 	text_2: height = 0.05
723.0805 	EXP 	text_2: height = 0.05
723.0805 	EXP 	text_2: height = 0.05
723.0805 	EXP 	text_2: text = 30
723.0805 	EXP 	text_3: autoDraw = True
723.0805 	EXP 	text_2: autoDraw = True
723.0805 	EXP 	text_4: autoDraw = True
732.8298 	DATA 	Keypress: space
732.8432 	EXP 	text_3: autoDraw = False
732.8432 	EXP 	text_2: autoDraw = False
732.8432 	EXP 	text_4: autoDraw = False
765.1684 	EXP 	New trial (rep=0, index=9): OrderedDict([('Participant1', 120), ('Participant2', 120), ('Participant3', 120), ('Participant4', 105), ('Participant5', 60), ('Participant6', 105), ('Participant7', 60), ('Participant8', 30), ('Participant9', 60), ('Participant10', 120), ('Participant11', 30), ('Participant12', 30), ('Participant13', 30), ('Participant14', 105), ('Participant15', 105), ('Participant16', 60), ('Participant17', 120), ('Participant18', 120), ('Participant19', 120), ('Participant20', 105), ('Participant21', 60), ('Participant22', 105), ('Participant23', 60), ('Participant24', 30), ('Participant25', 60), ('Participant26', 120)])
765.1742 	DATA 	Keypress: space
765.1840 	EXP 	text_2: height = 0.05
765.1840 	EXP 	text_2: height = 0.05
765.1840 	EXP 	text_2: height = 0.05
765.1840 	EXP 	text_2: text = 120
765.1840 	EXP 	text_3: autoDraw = True
765.1840 	EXP 	text_2: autoDraw = True
765.1840 	EXP 	text_4: autoDraw = True
771.6514 	DATA 	Keypress: space
771.6645 	EXP 	text_3: autoDraw = False
771.6645 	EXP 	text_2: autoDraw = False
771.6645 	EXP 	text_4: autoDraw = False
910.0403 	EXP 	New trial (rep=0, index=10): OrderedDict([('Participant1', 60), ('Participant2', 30), ('Participant3', 60), ('Participant4', 120), ('Participant5', 30), ('Participant6', 30), ('Participant7', 30), ('Participant8', 105), ('Participant9', 105), ('Participant10', 60), ('Participant11', 120), ('Participant12', 120), ('Participant13', 120), ('Participant14', 105), ('Participant15', 60), ('Participant16', 105), ('Participant17', 60), ('Participant18', 30), ('Participant19', 60), ('Participant20', 120), ('Participant21', 30), ('Participant22', 30), ('Participant23', 30), ('Participant24', 105), ('Participant25', 105), ('Participant26', 60)])
910.0455 	DATA 	Keypress: space
910.0566 	EXP 	text_2: height = 0.05
910.0566 	EXP 	text_2: height = 0.05
910.0566 	EXP 	text_2: height = 0.05
910.0566 	EXP 	text_2: text = 60
910.0566 	EXP 	text_3: autoDraw = True
910.0566 	EXP 	text_2: autoDraw = True
910.0566 	EXP 	text_4: autoDraw = True
920.2724 	DATA 	Keypress: space
920.3021 	EXP 	text_3: autoDraw = False
920.3021 	EXP 	text_2: autoDraw = False
920.3021 	EXP 	text_4: autoDraw = False
988.3659 	EXP 	New trial (rep=0, index=11): OrderedDict([('Participant1', 120), ('Participant2', 120), ('Participant3', 105), ('Participant4', 60), ('Participant5', 105), ('Participant6', 60), ('Participant7', 30), ('Participant8', 60), ('Participant9', 120), ('Participant10', 30), ('Participant11', 30), ('Participant12', 30), ('Participant13', 105), ('Participant14', 105), ('Participant15', 60), ('Participant16', 120), ('Participant17', 120), ('Participant18', 120), ('Participant19', 105), ('Participant20', 60), ('Participant21', 105), ('Participant22', 60), ('Participant23', 30), ('Participant24', 60), ('Participant25', 120), ('Participant26', 30)])
988.3718 	DATA 	Keypress: space
988.3820 	EXP 	text_2: height = 0.05
988.3820 	EXP 	text_2: height = 0.05
988.3820 	EXP 	text_2: height = 0.05
988.3820 	EXP 	text_2: text = 120
988.3820 	EXP 	text_3: autoDraw = True
988.3820 	EXP 	text_2: autoDraw = True
988.3820 	EXP 	text_4: autoDraw = True
1041.6344 	DATA 	Keypress: space
1041.6479 	EXP 	text_3: autoDraw = False
1041.6479 	EXP 	text_2: autoDraw = False
1041.6479 	EXP 	text_4: autoDraw = False
1167.0445 	EXP 	New trial (rep=0, index=12): OrderedDict([('Participant1', 105), ('Participant2', 60), ('Participant3', 30), ('Participant4', 60), ('Participant5', 120), ('Participant6', 30), ('Participant7', 30), ('Participant8', 30), ('Participant9', 105), ('Participant10', 105), ('Participant11', 60), ('Participant12', 120), ('Participant13', 120), ('Participant14', 120), ('Participant15', 105), ('Participant16', 60), ('Participant17', 105), ('Participant18', 60), ('Participant19', 30), ('Participant20', 60), ('Participant21', 120), ('Participant22', 30), ('Participant23', 30), ('Participant24', 30), ('Participant25', 105), ('Participant26', 105)])
1167.0494 	DATA 	Keypress: space
1167.0608 	EXP 	text_2: height = 0.05
1167.0608 	EXP 	text_2: height = 0.05
1167.0608 	EXP 	text_2: height = 0.05
1167.0608 	EXP 	text_2: text = 105
1167.0608 	EXP 	text_3: autoDraw = True
1167.0608 	EXP 	text_2: autoDraw = True
1167.0608 	EXP 	text_4: autoDraw = True
1171.2948 	DATA 	Keypress: space
1171.3086 	EXP 	text_3: autoDraw = False
1171.3086 	EXP 	text_2: autoDraw = False
1171.3086 	EXP 	text_4: autoDraw = False
1269.1296 	EXP 	New trial (rep=0, index=13): OrderedDict([('Participant1', 120), ('Participant2', 105), ('Participant3', 60), ('Participant4', 105), ('Participant5', 60), ('Participant6', 30), ('Participant7', 60), ('Participant8', 120), ('Participant9', 30), ('Participant10', 30), ('Participant11', 30), ('Participant12', 105), ('Participant13', 105), ('Participant14', 60), ('Participant15', 120), ('Participant16', 120), ('Participant17', 120), ('Participant18', 105), ('Participant19', 60), ('Participant20', 105), ('Participant21', 60), ('Participant22', 30), ('Participant23', 60), ('Participant24', 120), ('Participant25', 30), ('Participant26', 30)])
1269.1353 	DATA 	Keypress: space
1269.1458 	EXP 	text_2: height = 0.05
1269.1458 	EXP 	text_2: height = 0.05
1269.1458 	EXP 	text_2: height = 0.05
1269.1458 	EXP 	text_2: text = 120
1269.1458 	EXP 	text_3: autoDraw = True
1269.1458 	EXP 	text_2: autoDraw = True
1269.1458 	EXP 	text_4: autoDraw = True
1394.4770 	DATA 	Keypress: space
1394.4895 	EXP 	text_3: autoDraw = False
1394.4895 	EXP 	text_2: autoDraw = False
1394.4895 	EXP 	text_4: autoDraw = False
1535.3978 	EXP 	New trial (rep=0, index=14): OrderedDict([('Participant1', 60), ('Participant2', 105), ('Participant3', 60), ('Participant4', 30), ('Participant5', 60), ('Participant6', 120), ('Participant7', 30), ('Participant8', 30), ('Participant9', 30), ('Participant10', 105), ('Participant11', 105), ('Participant12', 60), ('Participant13', 120), ('Participant14', 120), ('Participant15', 120), ('Participant16', 105), ('Participant17', 60), ('Participant18', 105), ('Participant19', 60), ('Participant20', 30), ('Participant21', 60), ('Participant22', 120), ('Participant23', 30), ('Participant24', 30), ('Participant25', 30), ('Participant26', 105)])
1535.4025 	DATA 	Keypress: space
1535.4136 	EXP 	text_2: height = 0.05
1535.4136 	EXP 	text_2: height = 0.05
1535.4136 	EXP 	text_2: height = 0.05
1535.4136 	EXP 	text_2: text = 60
1535.4136 	EXP 	text_3: autoDraw = True
1535.4136 	EXP 	text_2: autoDraw = True
1535.4136 	EXP 	text_4: autoDraw = True
1540.2480 	DATA 	Keypress: space
1540.2613 	EXP 	text_3: autoDraw = False
1540.2613 	EXP 	text_2: autoDraw = False
1540.2613 	EXP 	text_4: autoDraw = False
1602.1274 	EXP 	New trial (rep=0, index=15): OrderedDict([('Participant1', 105), ('Participant2', 60), ('Participant3', 105), ('Participant4', 60), ('Participant5', 30), ('Participant6', 60), ('Participant7', 120), ('Participant8', 30), ('Participant9', 30), ('Participant10', 30), ('Participant11', 105), ('Participant12', 105), ('Participant13', 60), ('Participant14', 120), ('Participant15', 120), ('Participant16', 120), ('Participant17', 105), ('Participant18', 60), ('Participant19', 105), ('Participant20', 60), ('Participant21', 30), ('Participant22', 60), ('Participant23', 120), ('Participant24', 30), ('Participant25', 30), ('Participant26', 30)])
1602.1325 	DATA 	Keypress: space
1602.1434 	EXP 	text_2: height = 0.05
1602.1434 	EXP 	text_2: height = 0.05
1602.1434 	EXP 	text_2: height = 0.05
1602.1434 	EXP 	text_2: text = 105
1602.1434 	EXP 	text_3: autoDraw = True
1602.1434 	EXP 	text_2: autoDraw = True
1602.1434 	EXP 	text_4: autoDraw = True
1604.0455 	DATA 	Keypress: space
1604.0582 	EXP 	text_3: autoDraw = False
1604.0582 	EXP 	text_2: autoDraw = False
1604.0582 	EXP 	text_4: autoDraw = False
1687.7357 	DATA 	Keypress: space
1689.1163 	EXP 	window1: mouseVisible = True
