1.4075 	WARNING 	We strongly recommend you activate the PTB sound engine in PsychoPy prefs as the preferred audio engine. Its timing is vastly superior. Your prefs are currently set to use ['sounddevice', 'PTB', 'pyo', 'pygame'] (in that order).
8.2476 	WARNING 	User requested fullscreen with size [1024  768], but screen is actually [2560, 1440]. Using actual size
11.5809 	EXP 	Created window1 = Window(allowGUI=True, allowStencil=False, autoLog=True, backendConf=UNKNOWN, bitsMode=UNKNOWN, blendMode='avg', bpc=(8, 8, 8), color=array([0, 0, 0]), colorSpace='rgb', depthBits=8, fullscr=<method-wrapper '__getattribute__' of attributeSetter object at 0x0000020E09765460>, gamma=None, gammaErrorPolicy='raise', lms=UNKNOWN, monitor=<psychopy.monitors.calibTools.Monitor object at 0x0000020E0B64B700>, multiSample=False, name='window1', numSamples=2, pos=(0, 0), screen=0, size=array([2560, 1440]), stencilBits=0, stereo=False, units='height', useFBO=True, useRetina=False, viewOri=0.0, viewPos=None, viewScale=None, waitBlanking=True, winType='pyglet')
11.5812 	EXP 	window1: mouseVisible = True
11.5816 	EXP 	window1: mouseVisible = False
11.5816 	EXP 	window1: Attempting to measure frame rate of screen (0) ...
11.5817 	EXP 	window1: recordFrameIntervals = False
11.7463 	EXP 	window1: recordFrameIntervals = True
11.9298 	EXP 	Screen (0) actual frame rate measured at 60.14Hz
11.9299 	EXP 	window1: recordFrameIntervals = False
14.7852 	EXP 	Created text_instr = TextStim(__class__=<class 'psychopy.visual.text.TextStim'>, alignHoriz=method-wrapper(...), alignText='center', alignVert=method-wrapper(...), anchorHoriz='center', anchorVert='center', antialias=True, autoDraw=False, autoLog=True, bold=False, color=array([1, 1, 1]), colorSpace='rgb', contrast=1.0, depth=0.0, flipHoriz=False, flipVert=False, font='Comic Sans', fontFiles=[], height=0.04, italic=False, languageStyle='LTR', name='text_instr', opacity=1.0, ori=0.0, pos=array([0., 0.]), rgb=UNKNOWN, text=str(...), units='height', win=Window(...), wrapWidth=1)
14.8134 	EXP 	Created image_next = ImageStim(__class__=<class 'psychopy.visual.image.ImageStim'>, anchor=('center', 'center'), autoLog=True, color=array([1, 1, 1]), colorSpace='rgb', contrast=1.0, depth=-1.0, flipHoriz=False, flipVert=False, image='next.png', interpolate=True, mask=None, maskParams=None, name='image_next', opacity=1.0, ori=0.0, pos=array([ 0.6, -0.4]), size=array([0.11319444, 0.06736111]), texRes=128.0, units='height', win=Window(...))
14.8139 	EXP 	window1: mouseVisible = True
14.8449 	EXP 	Created text_3 = TextStim(__class__=<class 'psychopy.visual.text.TextStim'>, alignHoriz=method-wrapper(...), alignText='center', alignVert=method-wrapper(...), anchorHoriz='center', anchorVert='center', antialias=True, autoDraw=False, autoLog=True, bold=False, color=array([1, 1, 1]), colorSpace='rgb', contrast=1.0, depth=0.0, flipHoriz=False, flipVert=False, font='Open Sans', fontFiles=[], height=0.05, italic=False, languageStyle='LTR', name='text_3', opacity=1.0, ori=0.0, pos=array([0. , 0.3]), rgb=UNKNOWN, text=str(...), units='height', win=Window(...), wrapWidth=1)
14.8457 	EXP 	Created text_2 = TextStim(__class__=<class 'psychopy.visual.text.TextStim'>, alignHoriz=method-wrapper(...), alignText='center', alignVert=method-wrapper(...), anchorHoriz='center', anchorVert='center', antialias=True, autoDraw=False, autoLog=True, bold=False, color=array([1, 1, 1]), colorSpace='rgb', contrast=1.0, depth=-1.0, flipHoriz=False, flipVert=False, font='Open Sans', fontFiles=[], height=0.05, italic=False, languageStyle='LTR', name='text_2', opacity=1.0, ori=0.0, pos=array([0., 0.]), rgb=UNKNOWN, text='', units='height', win=Window(...), wrapWidth=1)
14.8581 	EXP 	Created text_4 = TextStim(__class__=<class 'psychopy.visual.text.TextStim'>, alignHoriz=method-wrapper(...), alignText='center', alignVert=method-wrapper(...), anchorHoriz='center', anchorVert='center', antialias=True, autoDraw=False, autoLog=True, bold=False, color=array([1, 1, 1]), colorSpace='rgb', contrast=1.0, depth=-3.0, flipHoriz=False, flipVert=False, font='Open Sans', fontFiles=[], height=0.05, italic=False, languageStyle='LTR', name='text_4', opacity=1.0, ori=0.0, pos=array([ 0. , -0.2]), rgb=UNKNOWN, text=str(...), units='height', win=Window(...), wrapWidth=1)
14.8594 	EXP 	Created text_5 = TextStim(__class__=<class 'psychopy.visual.text.TextStim'>, alignHoriz=method-wrapper(...), alignText='center', alignVert=method-wrapper(...), anchorHoriz='center', anchorVert='center', antialias=True, autoDraw=False, autoLog=True, bold=False, color=array([1, 1, 1]), colorSpace='rgb', contrast=1.0, depth=-2.0, flipHoriz=False, flipVert=False, font='Arial', fontFiles=[], height=0.1, italic=False, languageStyle='LTR', name='text_5', opacity=1.0, ori=0.0, pos=array([0. , 0.4]), rgb=UNKNOWN, text='', units='height', win=Window(...), wrapWidth=1)
14.8601 	EXP 	Created stopb = TextStim(__class__=<class 'psychopy.visual.text.TextStim'>, alignHoriz=method-wrapper(...), alignText='center', alignVert=method-wrapper(...), anchorHoriz='center', anchorVert='center', antialias=True, autoDraw=False, autoLog=True, bold=False, color=array([1, 1, 1]), colorSpace='rgb', contrast=1.0, depth=-3.0, flipHoriz=False, flipVert=False, font='Arial', fontFiles=[], height=0.1, italic=False, languageStyle='LTR', name='stopb', opacity=1.0, ori=0.0, pos=array([ 0. , -0.4]), rgb=UNKNOWN, text='', units='height', win=Window(...), wrapWidth=1)
14.8608 	EXP 	Created stopl = TextStim(__class__=<class 'psychopy.visual.text.TextStim'>, alignHoriz=method-wrapper(...), alignText='center', alignVert=method-wrapper(...), anchorHoriz='center', anchorVert='center', antialias=True, autoDraw=False, autoLog=True, bold=False, color=array([1, 1, 1]), colorSpace='rgb', contrast=1.0, depth=-4.0, flipHoriz=False, flipVert=False, font='Arial', fontFiles=[], height=0.1, italic=False, languageStyle='LTR', name='stopl', opacity=1.0, ori=90.0, pos=array([-0.75,  0.  ]), rgb=UNKNOWN, text='', units='height', win=Window(...), wrapWidth=1)
14.8614 	EXP 	Created stopr = TextStim(__class__=<class 'psychopy.visual.text.TextStim'>, alignHoriz=method-wrapper(...), alignText='center', alignVert=method-wrapper(...), anchorHoriz='center', anchorVert='center', antialias=True, autoDraw=False, autoLog=True, bold=False, color=array([1, 1, 1]), colorSpace='rgb', contrast=1.0, depth=-5.0, flipHoriz=False, flipVert=False, font='Arial', fontFiles=[], height=0.1, italic=False, languageStyle='LTR', name='stopr', opacity=1.0, ori=-90.0, pos=array([0.75, 0.  ]), rgb=UNKNOWN, text='', units='height', win=Window(...), wrapWidth=1)
14.8623 	EXP 	Created text_6 = TextStim(__class__=<class 'psychopy.visual.text.TextStim'>, alignHoriz=method-wrapper(...), alignText='center', alignVert=method-wrapper(...), anchorHoriz='center', anchorVert='center', antialias=True, autoDraw=False, autoLog=True, bold=False, color=array([1, 1, 1]), colorSpace='rgb', contrast=1.0, depth=-7.0, flipHoriz=False, flipVert=False, font='Open Sans', fontFiles=[], height=0.1, italic=False, languageStyle='LTR', name='text_6', opacity=1.0, ori=0.0, pos=array([0., 0.]), rgb=UNKNOWN, text='', units='height', win=Window(...), wrapWidth=1)
15.2600 	EXP 	Sound sound_1 set volume 1.000
15.3241 	EXP 	text_instr: autoDraw = True
15.3241 	EXP 	image_next: autoDraw = True
18.0628 	DATA 	Mouse: Left button down, pos=(2118,150)
18.0897 	EXP 	Imported C:/Users/carelab/Desktop/Erik/resources/Lsquare.csv as conditions, 16 conditions, 26 params
18.0904 	EXP 	Created sequence: sequential, trialTypes=16, nReps=1, seed=None
18.0912 	EXP 	New trial (rep=0, index=0): OrderedDict([('Participant1', 30), ('Participant2', 30), ('Participant3', 105), ('Participant4', 105), ('Participant5', 60), ('Participant6', 120), ('Participant7', 120), ('Participant8', 120), ('Participant9', 105), ('Participant10', 60), ('Participant11', 105), ('Participant12', 60), ('Participant13', 30), ('Participant14', 60), ('Participant15', 120), ('Participant16', 30), ('Participant17', 30), ('Participant18', 30), ('Participant19', 105), ('Participant20', 105), ('Participant21', 60), ('Participant22', 120), ('Participant23', 120), ('Participant24', 120), ('Participant25', 105), ('Participant26', 60)])
18.1095 	EXP 	text_instr: autoDraw = False
18.1095 	EXP 	image_next: autoDraw = False
18.1095 	EXP 	text_2: height = 0.05
18.1095 	EXP 	text_2: height = 0.05
18.1095 	EXP 	text_2: height = 0.05
18.1095 	EXP 	text_2: text = 30
18.1095 	EXP 	text_3: autoDraw = True
18.1095 	EXP 	text_2: autoDraw = True
18.1095 	EXP 	text_4: autoDraw = True
18.1481 	DATA 	Mouse:  Left button up, pos=(2118,150)
19.3057 	EXP 	Imported C:/Users/carelab/Desktop/Erik/resources/stroop.xlsx as conditions, 36 conditions, 3 params
19.3076 	EXP 	Created sequence: random, trialTypes=36, nReps=1, seed=None
19.3082 	EXP 	New trial (rep=0, index=0): {'word': 'YELLOW', 'color': 'green', 'correct': 'g'}
19.3423 	DATA 	Keypress: space
19.3472 	EXP 	text_3: autoDraw = False
19.3472 	EXP 	text_2: autoDraw = False
19.3472 	EXP 	text_4: autoDraw = False
19.3472 	EXP 	text_6: foreColor = <psychopy.colors.Color: green, alpha=1.0>
19.3472 	EXP 	text_6: height = 0.1
19.3472 	EXP 	text_6: height = 0.1
19.3472 	EXP 	text_6: height = 0.1
19.3472 	EXP 	text_6: text = 'YELLOW'
19.3472 	EXP 	text_5: autoDraw = True
19.3472 	EXP 	stopb: autoDraw = True
19.3472 	EXP 	stopl: autoDraw = True
19.3472 	EXP 	stopr: autoDraw = True
19.3472 	EXP 	text_6: autoDraw = True
25.8823 	DATA 	Keypress: g
26.6938 	EXP 	New trial (rep=0, index=1): {'word': 'RED', 'color': 'red', 'correct': 'r'}
26.7251 	DATA 	Keypress: r
26.7307 	EXP 	text_5: autoDraw = False
26.7307 	EXP 	stopb: autoDraw = False
26.7307 	EXP 	stopl: autoDraw = False
26.7307 	EXP 	stopr: autoDraw = False
26.7307 	EXP 	text_6: autoDraw = False
26.7307 	EXP 	text_6: foreColor = <psychopy.colors.Color: red, alpha=1.0>
26.7307 	EXP 	text_6: height = 0.1
26.7307 	EXP 	text_6: height = 0.1
26.7307 	EXP 	text_6: height = 0.1
26.7307 	EXP 	text_6: text = 'RED'
26.7307 	EXP 	text_5: autoDraw = True
26.7307 	EXP 	stopb: autoDraw = True
26.7307 	EXP 	stopl: autoDraw = True
26.7307 	EXP 	stopr: autoDraw = True
26.7307 	EXP 	text_6: autoDraw = True
27.9377 	DATA 	Keypress: r
27.9563 	EXP 	New trial (rep=0, index=2): {'word': 'GREEN', 'color': 'yellow', 'correct': 'y'}
27.9819 	EXP 	text_5: autoDraw = False
27.9819 	EXP 	stopb: autoDraw = False
27.9819 	EXP 	stopl: autoDraw = False
27.9819 	EXP 	stopr: autoDraw = False
27.9819 	EXP 	text_6: autoDraw = False
27.9819 	EXP 	text_6: foreColor = <psychopy.colors.Color: yellow, alpha=1.0>
27.9819 	EXP 	text_6: height = 0.1
27.9819 	EXP 	text_6: height = 0.1
27.9819 	EXP 	text_6: height = 0.1
27.9819 	EXP 	text_6: text = 'GREEN'
27.9819 	EXP 	text_5: autoDraw = True
27.9819 	EXP 	stopb: autoDraw = True
27.9819 	EXP 	stopl: autoDraw = True
27.9819 	EXP 	stopr: autoDraw = True
27.9819 	EXP 	text_6: autoDraw = True
28.8323 	EXP 	New trial (rep=0, index=3): {'word': 'GREEN', 'color': 'yellow', 'correct': 'y'}
28.8466 	DATA 	Keypress: r
28.8514 	EXP 	text_5: autoDraw = False
28.8514 	EXP 	stopb: autoDraw = False
28.8514 	EXP 	stopl: autoDraw = False
28.8514 	EXP 	stopr: autoDraw = False
28.8514 	EXP 	text_6: autoDraw = False
28.8514 	EXP 	text_6: foreColor = <psychopy.colors.Color: yellow, alpha=1.0>
28.8514 	EXP 	text_6: text = 'GREEN'
28.8514 	EXP 	text_5: autoDraw = True
28.8514 	EXP 	stopb: autoDraw = True
28.8514 	EXP 	stopl: autoDraw = True
28.8514 	EXP 	stopr: autoDraw = True
28.8514 	EXP 	text_6: autoDraw = True
30.2346 	DATA 	Keypress: g
32.5118 	DATA 	Keypress: y
32.9762 	DATA 	Keypress: space
33.0896 	EXP 	Sound sound_1 set volume 1.000
33.0905 	EXP 	New trial (rep=0, index=1): OrderedDict([('Participant1', 30), ('Participant2', 105), ('Participant3', 105), ('Participant4', 60), ('Participant5', 120), ('Participant6', 120), ('Participant7', 120), ('Participant8', 105), ('Participant9', 60), ('Participant10', 105), ('Participant11', 60), ('Participant12', 30), ('Participant13', 60), ('Participant14', 120), ('Participant15', 30), ('Participant16', 30), ('Participant17', 30), ('Participant18', 105), ('Participant19', 105), ('Participant20', 60), ('Participant21', 120), ('Participant22', 120), ('Participant23', 120), ('Participant24', 105), ('Participant25', 60), ('Participant26', 105)])
33.1036 	EXP 	text_5: autoDraw = False
33.1036 	EXP 	stopb: autoDraw = False
33.1036 	EXP 	stopl: autoDraw = False
33.1036 	EXP 	stopr: autoDraw = False
33.1036 	EXP 	text_6: autoDraw = False
33.1036 	EXP 	text_2: height = 0.05
33.1036 	EXP 	text_2: height = 0.05
33.1036 	EXP 	text_2: height = 0.05
33.1036 	EXP 	text_2: text = 30
33.1036 	EXP 	text_3: autoDraw = True
33.1036 	EXP 	text_2: autoDraw = True
33.1036 	EXP 	text_4: autoDraw = True
33.9118 	DATA 	Keypress: y
34.4963 	EXP 	Imported C:/Users/carelab/Desktop/Erik/resources/stroop.xlsx as conditions, 36 conditions, 3 params
34.4987 	EXP 	Created sequence: random, trialTypes=36, nReps=1, seed=None
34.4994 	EXP 	New trial (rep=0, index=0): {'word': 'RED', 'color': 'red', 'correct': 'r'}
34.5278 	DATA 	Keypress: space
34.5323 	EXP 	text_3: autoDraw = False
34.5323 	EXP 	text_2: autoDraw = False
34.5323 	EXP 	text_4: autoDraw = False
34.5323 	EXP 	text_6: foreColor = <psychopy.colors.Color: red, alpha=1.0>
34.5323 	EXP 	text_6: height = 0.1
34.5323 	EXP 	text_6: height = 0.1
34.5323 	EXP 	text_6: height = 0.1
34.5323 	EXP 	text_6: text = 'RED'
34.5323 	EXP 	text_5: autoDraw = True
34.5323 	EXP 	stopb: autoDraw = True
34.5323 	EXP 	stopl: autoDraw = True
34.5323 	EXP 	stopr: autoDraw = True
34.5323 	EXP 	text_6: autoDraw = True
35.4193 	DATA 	Keypress: r
35.4338 	EXP 	New trial (rep=0, index=1): {'word': 'RED', 'color': 'red', 'correct': 'r'}
35.4503 	EXP 	text_5: autoDraw = False
35.4503 	EXP 	stopb: autoDraw = False
35.4503 	EXP 	stopl: autoDraw = False
35.4503 	EXP 	stopr: autoDraw = False
35.4503 	EXP 	text_6: autoDraw = False
35.4503 	EXP 	text_6: foreColor = <psychopy.colors.Color: red, alpha=1.0>
35.4503 	EXP 	text_6: text = 'RED'
35.4503 	EXP 	text_5: autoDraw = True
35.4503 	EXP 	stopb: autoDraw = True
35.4503 	EXP 	stopl: autoDraw = True
35.4503 	EXP 	stopr: autoDraw = True
35.4503 	EXP 	text_6: autoDraw = True
35.9324 	DATA 	Keypress: r
35.9489 	EXP 	New trial (rep=0, index=2): {'word': 'RED', 'color': 'blue', 'correct': 'b'}
35.9694 	EXP 	text_5: autoDraw = False
35.9694 	EXP 	stopb: autoDraw = False
35.9694 	EXP 	stopl: autoDraw = False
35.9694 	EXP 	stopr: autoDraw = False
35.9694 	EXP 	text_6: autoDraw = False
35.9694 	EXP 	text_6: foreColor = <psychopy.colors.Color: blue, alpha=1.0>
35.9694 	EXP 	text_6: text = 'RED'
35.9694 	EXP 	text_5: autoDraw = True
35.9694 	EXP 	stopb: autoDraw = True
35.9694 	EXP 	stopl: autoDraw = True
35.9694 	EXP 	stopr: autoDraw = True
35.9694 	EXP 	text_6: autoDraw = True
36.5420 	DATA 	Keypress: e
37.0352 	DATA 	Keypress: r
37.0544 	EXP 	New trial (rep=0, index=3): {'word': 'BLUE', 'color': 'red', 'correct': 'r'}
37.0806 	EXP 	text_5: autoDraw = False
37.0806 	EXP 	stopb: autoDraw = False
37.0806 	EXP 	stopl: autoDraw = False
37.0806 	EXP 	stopr: autoDraw = False
37.0806 	EXP 	text_6: autoDraw = False
37.0806 	EXP 	text_6: foreColor = <psychopy.colors.Color: red, alpha=1.0>
37.0806 	EXP 	text_6: height = 0.1
37.0806 	EXP 	text_6: height = 0.1
37.0806 	EXP 	text_6: height = 0.1
37.0806 	EXP 	text_6: text = 'BLUE'
37.0806 	EXP 	text_5: autoDraw = True
37.0806 	EXP 	stopb: autoDraw = True
37.0806 	EXP 	stopl: autoDraw = True
37.0806 	EXP 	stopr: autoDraw = True
37.0806 	EXP 	text_6: autoDraw = True
37.3941 	DATA 	Keypress: r
37.4082 	EXP 	New trial (rep=0, index=4): {'word': 'YELLOW', 'color': 'green', 'correct': 'g'}
37.4257 	EXP 	text_5: autoDraw = False
37.4257 	EXP 	stopb: autoDraw = False
37.4257 	EXP 	stopl: autoDraw = False
37.4257 	EXP 	stopr: autoDraw = False
37.4257 	EXP 	text_6: autoDraw = False
37.4257 	EXP 	text_6: foreColor = <psychopy.colors.Color: green, alpha=1.0>
37.4257 	EXP 	text_6: height = 0.1
37.4257 	EXP 	text_6: height = 0.1
37.4257 	EXP 	text_6: height = 0.1
37.4257 	EXP 	text_6: text = 'YELLOW'
37.4257 	EXP 	text_5: autoDraw = True
37.4257 	EXP 	stopb: autoDraw = True
37.4257 	EXP 	stopl: autoDraw = True
37.4257 	EXP 	stopr: autoDraw = True
37.4257 	EXP 	text_6: autoDraw = True
37.7891 	DATA 	Keypress: r
37.8034 	EXP 	New trial (rep=0, index=5): {'word': 'YELLOW', 'color': 'green', 'correct': 'g'}
37.8178 	EXP 	text_5: autoDraw = False
37.8178 	EXP 	stopb: autoDraw = False
37.8178 	EXP 	stopl: autoDraw = False
37.8178 	EXP 	stopr: autoDraw = False
37.8178 	EXP 	text_6: autoDraw = False
37.8178 	EXP 	text_6: foreColor = <psychopy.colors.Color: green, alpha=1.0>
37.8178 	EXP 	text_6: text = 'YELLOW'
37.8178 	EXP 	text_5: autoDraw = True
37.8178 	EXP 	stopb: autoDraw = True
37.8178 	EXP 	stopl: autoDraw = True
37.8178 	EXP 	stopr: autoDraw = True
37.8178 	EXP 	text_6: autoDraw = True
38.2081 	DATA 	Keypress: r
38.2293 	EXP 	New trial (rep=0, index=6): {'word': 'YELLOW', 'color': 'green', 'correct': 'g'}
38.2498 	EXP 	text_5: autoDraw = False
38.2498 	EXP 	stopb: autoDraw = False
38.2498 	EXP 	stopl: autoDraw = False
38.2498 	EXP 	stopr: autoDraw = False
38.2498 	EXP 	text_6: autoDraw = False
38.2498 	EXP 	text_6: foreColor = <psychopy.colors.Color: green, alpha=1.0>
38.2498 	EXP 	text_6: text = 'YELLOW'
38.2498 	EXP 	text_5: autoDraw = True
38.2498 	EXP 	stopb: autoDraw = True
38.2498 	EXP 	stopl: autoDraw = True
38.2498 	EXP 	stopr: autoDraw = True
38.2498 	EXP 	text_6: autoDraw = True
38.5926 	EXP 	New trial (rep=0, index=7): {'word': 'BLUE', 'color': 'blue', 'correct': 'b'}
38.6089 	DATA 	Keypress: r
38.6136 	EXP 	text_5: autoDraw = False
38.6136 	EXP 	stopb: autoDraw = False
38.6136 	EXP 	stopl: autoDraw = False
38.6136 	EXP 	stopr: autoDraw = False
38.6136 	EXP 	text_6: autoDraw = False
38.6136 	EXP 	text_6: foreColor = <psychopy.colors.Color: blue, alpha=1.0>
38.6136 	EXP 	text_6: height = 0.1
38.6136 	EXP 	text_6: height = 0.1
38.6136 	EXP 	text_6: height = 0.1
38.6136 	EXP 	text_6: text = 'BLUE'
38.6136 	EXP 	text_5: autoDraw = True
38.6136 	EXP 	stopb: autoDraw = True
38.6136 	EXP 	stopl: autoDraw = True
38.6136 	EXP 	stopr: autoDraw = True
38.6136 	EXP 	text_6: autoDraw = True
39.1080 	DATA 	Keypress: r
39.1280 	EXP 	New trial (rep=0, index=8): {'word': 'YELLOW', 'color': 'green', 'correct': 'g'}
39.1537 	EXP 	text_5: autoDraw = False
39.1537 	EXP 	stopb: autoDraw = False
39.1537 	EXP 	stopl: autoDraw = False
39.1537 	EXP 	stopr: autoDraw = False
39.1537 	EXP 	text_6: autoDraw = False
39.1537 	EXP 	text_6: foreColor = <psychopy.colors.Color: green, alpha=1.0>
39.1537 	EXP 	text_6: height = 0.1
39.1537 	EXP 	text_6: height = 0.1
39.1537 	EXP 	text_6: height = 0.1
39.1537 	EXP 	text_6: text = 'YELLOW'
39.1537 	EXP 	text_5: autoDraw = True
39.1537 	EXP 	stopb: autoDraw = True
39.1537 	EXP 	stopl: autoDraw = True
39.1537 	EXP 	stopr: autoDraw = True
39.1537 	EXP 	text_6: autoDraw = True
41.9413 	DATA 	Keypress: r
41.9598 	EXP 	New trial (rep=0, index=9): {'word': 'BLUE', 'color': 'blue', 'correct': 'b'}
41.9887 	EXP 	text_5: autoDraw = False
41.9887 	EXP 	stopb: autoDraw = False
41.9887 	EXP 	stopl: autoDraw = False
41.9887 	EXP 	stopr: autoDraw = False
41.9887 	EXP 	text_6: autoDraw = False
41.9887 	EXP 	text_6: foreColor = <psychopy.colors.Color: blue, alpha=1.0>
41.9887 	EXP 	text_6: height = 0.1
41.9887 	EXP 	text_6: height = 0.1
41.9887 	EXP 	text_6: height = 0.1
41.9887 	EXP 	text_6: text = 'BLUE'
41.9887 	EXP 	text_5: autoDraw = True
41.9887 	EXP 	stopb: autoDraw = True
41.9887 	EXP 	stopl: autoDraw = True
41.9887 	EXP 	stopr: autoDraw = True
41.9887 	EXP 	text_6: autoDraw = True
42.6333 	DATA 	Keypress: r
42.6533 	EXP 	New trial (rep=0, index=10): {'word': 'GREEN', 'color': 'yellow', 'correct': 'y'}
42.6843 	EXP 	text_5: autoDraw = False
42.6843 	EXP 	stopb: autoDraw = False
42.6843 	EXP 	stopl: autoDraw = False
42.6843 	EXP 	stopr: autoDraw = False
42.6843 	EXP 	text_6: autoDraw = False
42.6843 	EXP 	text_6: foreColor = <psychopy.colors.Color: yellow, alpha=1.0>
42.6843 	EXP 	text_6: height = 0.1
42.6843 	EXP 	text_6: height = 0.1
42.6843 	EXP 	text_6: height = 0.1
42.6843 	EXP 	text_6: text = 'GREEN'
42.6843 	EXP 	text_5: autoDraw = True
42.6843 	EXP 	stopb: autoDraw = True
42.6843 	EXP 	stopl: autoDraw = True
42.6843 	EXP 	stopr: autoDraw = True
42.6843 	EXP 	text_6: autoDraw = True
43.0782 	DATA 	Keypress: r
43.1003 	EXP 	New trial (rep=0, index=11): {'word': 'YELLOW', 'color': 'green', 'correct': 'g'}
43.1294 	EXP 	text_5: autoDraw = False
43.1294 	EXP 	stopb: autoDraw = False
43.1294 	EXP 	stopl: autoDraw = False
43.1294 	EXP 	stopr: autoDraw = False
43.1294 	EXP 	text_6: autoDraw = False
43.1294 	EXP 	text_6: foreColor = <psychopy.colors.Color: green, alpha=1.0>
43.1294 	EXP 	text_6: height = 0.1
43.1294 	EXP 	text_6: height = 0.1
43.1294 	EXP 	text_6: height = 0.1
43.1294 	EXP 	text_6: text = 'YELLOW'
43.1294 	EXP 	text_5: autoDraw = True
43.1294 	EXP 	stopb: autoDraw = True
43.1294 	EXP 	stopl: autoDraw = True
43.1294 	EXP 	stopr: autoDraw = True
43.1294 	EXP 	text_6: autoDraw = True
43.5447 	DATA 	Keypress: r
43.5638 	EXP 	New trial (rep=0, index=12): {'word': 'YELLOW', 'color': 'green', 'correct': 'g'}
43.5835 	EXP 	text_5: autoDraw = False
43.5835 	EXP 	stopb: autoDraw = False
43.5835 	EXP 	stopl: autoDraw = False
43.5835 	EXP 	stopr: autoDraw = False
43.5835 	EXP 	text_6: autoDraw = False
43.5835 	EXP 	text_6: foreColor = <psychopy.colors.Color: green, alpha=1.0>
43.5835 	EXP 	text_6: text = 'YELLOW'
43.5835 	EXP 	text_5: autoDraw = True
43.5835 	EXP 	stopb: autoDraw = True
43.5835 	EXP 	stopl: autoDraw = True
43.5835 	EXP 	stopr: autoDraw = True
43.5835 	EXP 	text_6: autoDraw = True
43.9052 	DATA 	Keypress: r
43.9209 	EXP 	New trial (rep=0, index=13): {'word': 'RED', 'color': 'red', 'correct': 'r'}
43.9418 	EXP 	text_5: autoDraw = False
43.9418 	EXP 	stopb: autoDraw = False
43.9418 	EXP 	stopl: autoDraw = False
43.9418 	EXP 	stopr: autoDraw = False
43.9418 	EXP 	text_6: autoDraw = False
43.9418 	EXP 	text_6: foreColor = <psychopy.colors.Color: red, alpha=1.0>
43.9418 	EXP 	text_6: height = 0.1
43.9418 	EXP 	text_6: height = 0.1
43.9418 	EXP 	text_6: height = 0.1
43.9418 	EXP 	text_6: text = 'RED'
43.9418 	EXP 	text_5: autoDraw = True
43.9418 	EXP 	stopb: autoDraw = True
43.9418 	EXP 	stopl: autoDraw = True
43.9418 	EXP 	stopr: autoDraw = True
43.9418 	EXP 	text_6: autoDraw = True
44.2757 	DATA 	Keypress: r
44.2965 	EXP 	New trial (rep=0, index=14): {'word': 'YELLOW', 'color': 'green', 'correct': 'g'}
44.3194 	EXP 	text_5: autoDraw = False
44.3194 	EXP 	stopb: autoDraw = False
44.3194 	EXP 	stopl: autoDraw = False
44.3194 	EXP 	stopr: autoDraw = False
44.3194 	EXP 	text_6: autoDraw = False
44.3194 	EXP 	text_6: foreColor = <psychopy.colors.Color: green, alpha=1.0>
44.3194 	EXP 	text_6: height = 0.1
44.3194 	EXP 	text_6: height = 0.1
44.3194 	EXP 	text_6: height = 0.1
44.3194 	EXP 	text_6: text = 'YELLOW'
44.3194 	EXP 	text_5: autoDraw = True
44.3194 	EXP 	stopb: autoDraw = True
44.3194 	EXP 	stopl: autoDraw = True
44.3194 	EXP 	stopr: autoDraw = True
44.3194 	EXP 	text_6: autoDraw = True
44.5933 	DATA 	Keypress: r
44.6066 	EXP 	New trial (rep=0, index=15): {'word': 'RED', 'color': 'red', 'correct': 'r'}
44.6268 	EXP 	text_5: autoDraw = False
44.6268 	EXP 	stopb: autoDraw = False
44.6268 	EXP 	stopl: autoDraw = False
44.6268 	EXP 	stopr: autoDraw = False
44.6268 	EXP 	text_6: autoDraw = False
44.6268 	EXP 	text_6: foreColor = <psychopy.colors.Color: red, alpha=1.0>
44.6268 	EXP 	text_6: height = 0.1
44.6268 	EXP 	text_6: height = 0.1
44.6268 	EXP 	text_6: height = 0.1
44.6268 	EXP 	text_6: text = 'RED'
44.6268 	EXP 	text_5: autoDraw = True
44.6268 	EXP 	stopb: autoDraw = True
44.6268 	EXP 	stopl: autoDraw = True
44.6268 	EXP 	stopr: autoDraw = True
44.6268 	EXP 	text_6: autoDraw = True
44.9332 	DATA 	Keypress: r
44.9500 	EXP 	New trial (rep=0, index=16): {'word': 'BLUE', 'color': 'red', 'correct': 'r'}
44.9710 	EXP 	text_5: autoDraw = False
44.9710 	EXP 	stopb: autoDraw = False
44.9710 	EXP 	stopl: autoDraw = False
44.9710 	EXP 	stopr: autoDraw = False
44.9710 	EXP 	text_6: autoDraw = False
44.9710 	EXP 	text_6: foreColor = <psychopy.colors.Color: red, alpha=1.0>
44.9710 	EXP 	text_6: height = 0.1
44.9710 	EXP 	text_6: height = 0.1
44.9710 	EXP 	text_6: height = 0.1
44.9710 	EXP 	text_6: text = 'BLUE'
44.9710 	EXP 	text_5: autoDraw = True
44.9710 	EXP 	stopb: autoDraw = True
44.9710 	EXP 	stopl: autoDraw = True
44.9710 	EXP 	stopr: autoDraw = True
44.9710 	EXP 	text_6: autoDraw = True
45.2238 	DATA 	Keypress: r
45.2458 	EXP 	New trial (rep=0, index=17): {'word': 'BLUE', 'color': 'blue', 'correct': 'b'}
45.2678 	EXP 	text_5: autoDraw = False
45.2678 	EXP 	stopb: autoDraw = False
45.2678 	EXP 	stopl: autoDraw = False
45.2678 	EXP 	stopr: autoDraw = False
45.2678 	EXP 	text_6: autoDraw = False
45.2678 	EXP 	text_6: foreColor = <psychopy.colors.Color: blue, alpha=1.0>
45.2678 	EXP 	text_6: text = 'BLUE'
45.2678 	EXP 	text_5: autoDraw = True
45.2678 	EXP 	stopb: autoDraw = True
45.2678 	EXP 	stopl: autoDraw = True
45.2678 	EXP 	stopr: autoDraw = True
45.2678 	EXP 	text_6: autoDraw = True
45.4631 	EXP 	New trial (rep=0, index=18): {'word': 'YELLOW', 'color': 'green', 'correct': 'g'}
45.4747 	DATA 	Keypress: r
45.4795 	EXP 	text_5: autoDraw = False
45.4795 	EXP 	stopb: autoDraw = False
45.4795 	EXP 	stopl: autoDraw = False
45.4795 	EXP 	stopr: autoDraw = False
45.4795 	EXP 	text_6: autoDraw = False
45.4795 	EXP 	text_6: foreColor = <psychopy.colors.Color: green, alpha=1.0>
45.4795 	EXP 	text_6: height = 0.1
45.4795 	EXP 	text_6: height = 0.1
45.4795 	EXP 	text_6: height = 0.1
45.4795 	EXP 	text_6: text = 'YELLOW'
45.4795 	EXP 	text_5: autoDraw = True
45.4795 	EXP 	stopb: autoDraw = True
45.4795 	EXP 	stopl: autoDraw = True
45.4795 	EXP 	stopr: autoDraw = True
45.4795 	EXP 	text_6: autoDraw = True
45.6774 	DATA 	Keypress: r
45.6985 	EXP 	New trial (rep=0, index=19): {'word': 'GREEN', 'color': 'yellow', 'correct': 'y'}
45.7289 	EXP 	text_5: autoDraw = False
45.7289 	EXP 	stopb: autoDraw = False
45.7289 	EXP 	stopl: autoDraw = False
45.7289 	EXP 	stopr: autoDraw = False
45.7289 	EXP 	text_6: autoDraw = False
45.7289 	EXP 	text_6: foreColor = <psychopy.colors.Color: yellow, alpha=1.0>
45.7289 	EXP 	text_6: height = 0.1
45.7289 	EXP 	text_6: height = 0.1
45.7289 	EXP 	text_6: height = 0.1
45.7289 	EXP 	text_6: text = 'GREEN'
45.7289 	EXP 	text_5: autoDraw = True
45.7289 	EXP 	stopb: autoDraw = True
45.7289 	EXP 	stopl: autoDraw = True
45.7289 	EXP 	stopr: autoDraw = True
45.7289 	EXP 	text_6: autoDraw = True
45.8735 	DATA 	Keypress: r
45.8934 	EXP 	New trial (rep=0, index=20): {'word': 'YELLOW', 'color': 'green', 'correct': 'g'}
45.9219 	EXP 	text_5: autoDraw = False
45.9219 	EXP 	stopb: autoDraw = False
45.9219 	EXP 	stopl: autoDraw = False
45.9219 	EXP 	stopr: autoDraw = False
45.9219 	EXP 	text_6: autoDraw = False
45.9219 	EXP 	text_6: foreColor = <psychopy.colors.Color: green, alpha=1.0>
45.9219 	EXP 	text_6: height = 0.1
45.9219 	EXP 	text_6: height = 0.1
45.9219 	EXP 	text_6: height = 0.1
45.9219 	EXP 	text_6: text = 'YELLOW'
45.9219 	EXP 	text_5: autoDraw = True
45.9219 	EXP 	stopb: autoDraw = True
45.9219 	EXP 	stopl: autoDraw = True
45.9219 	EXP 	stopr: autoDraw = True
45.9219 	EXP 	text_6: autoDraw = True
46.1001 	DATA 	Keypress: r
46.1204 	EXP 	New trial (rep=0, index=21): {'word': 'RED', 'color': 'red', 'correct': 'r'}
46.1407 	EXP 	text_5: autoDraw = False
46.1407 	EXP 	stopb: autoDraw = False
46.1407 	EXP 	stopl: autoDraw = False
46.1407 	EXP 	stopr: autoDraw = False
46.1407 	EXP 	text_6: autoDraw = False
46.1407 	EXP 	text_6: foreColor = <psychopy.colors.Color: red, alpha=1.0>
46.1407 	EXP 	text_6: height = 0.1
46.1407 	EXP 	text_6: height = 0.1
46.1407 	EXP 	text_6: height = 0.1
46.1407 	EXP 	text_6: text = 'RED'
46.1407 	EXP 	text_5: autoDraw = True
46.1407 	EXP 	stopb: autoDraw = True
46.1407 	EXP 	stopl: autoDraw = True
46.1407 	EXP 	stopr: autoDraw = True
46.1407 	EXP 	text_6: autoDraw = True
46.3312 	EXP 	New trial (rep=0, index=22): {'word': 'BLUE', 'color': 'blue', 'correct': 'b'}
46.3529 	DATA 	Keypress: r
46.3577 	EXP 	text_5: autoDraw = False
46.3577 	EXP 	stopb: autoDraw = False
46.3577 	EXP 	stopl: autoDraw = False
46.3577 	EXP 	stopr: autoDraw = False
46.3577 	EXP 	text_6: autoDraw = False
46.3577 	EXP 	text_6: foreColor = <psychopy.colors.Color: blue, alpha=1.0>
46.3577 	EXP 	text_6: height = 0.1
46.3577 	EXP 	text_6: height = 0.1
46.3577 	EXP 	text_6: height = 0.1
46.3577 	EXP 	text_6: text = 'BLUE'
46.3577 	EXP 	text_5: autoDraw = True
46.3577 	EXP 	stopb: autoDraw = True
46.3577 	EXP 	stopl: autoDraw = True
46.3577 	EXP 	stopr: autoDraw = True
46.3577 	EXP 	text_6: autoDraw = True
46.5267 	DATA 	Keypress: r
46.5454 	EXP 	New trial (rep=0, index=23): {'word': 'GREEN', 'color': 'yellow', 'correct': 'y'}
46.5649 	EXP 	text_5: autoDraw = False
46.5649 	EXP 	stopb: autoDraw = False
46.5649 	EXP 	stopl: autoDraw = False
46.5649 	EXP 	stopr: autoDraw = False
46.5649 	EXP 	text_6: autoDraw = False
46.5649 	EXP 	text_6: foreColor = <psychopy.colors.Color: yellow, alpha=1.0>
46.5649 	EXP 	text_6: height = 0.1
46.5649 	EXP 	text_6: height = 0.1
46.5649 	EXP 	text_6: height = 0.1
46.5649 	EXP 	text_6: text = 'GREEN'
46.5649 	EXP 	text_5: autoDraw = True
46.5649 	EXP 	stopb: autoDraw = True
46.5649 	EXP 	stopl: autoDraw = True
46.5649 	EXP 	stopr: autoDraw = True
46.5649 	EXP 	text_6: autoDraw = True
46.7362 	EXP 	New trial (rep=0, index=24): {'word': 'GREEN', 'color': 'yellow', 'correct': 'y'}
46.7479 	DATA 	Keypress: r
46.7525 	EXP 	text_5: autoDraw = False
46.7525 	EXP 	stopb: autoDraw = False
46.7525 	EXP 	stopl: autoDraw = False
46.7525 	EXP 	stopr: autoDraw = False
46.7525 	EXP 	text_6: autoDraw = False
46.7525 	EXP 	text_6: foreColor = <psychopy.colors.Color: yellow, alpha=1.0>
46.7525 	EXP 	text_6: text = 'GREEN'
46.7525 	EXP 	text_5: autoDraw = True
46.7525 	EXP 	stopb: autoDraw = True
46.7525 	EXP 	stopl: autoDraw = True
46.7525 	EXP 	stopr: autoDraw = True
46.7525 	EXP 	text_6: autoDraw = True
46.9463 	DATA 	Keypress: r
46.9638 	EXP 	New trial (rep=0, index=25): {'word': 'BLUE', 'color': 'blue', 'correct': 'b'}
46.9867 	EXP 	text_5: autoDraw = False
46.9867 	EXP 	stopb: autoDraw = False
46.9867 	EXP 	stopl: autoDraw = False
46.9867 	EXP 	stopr: autoDraw = False
46.9867 	EXP 	text_6: autoDraw = False
46.9867 	EXP 	text_6: foreColor = <psychopy.colors.Color: blue, alpha=1.0>
46.9867 	EXP 	text_6: height = 0.1
46.9867 	EXP 	text_6: height = 0.1
46.9867 	EXP 	text_6: height = 0.1
46.9867 	EXP 	text_6: text = 'BLUE'
46.9867 	EXP 	text_5: autoDraw = True
46.9867 	EXP 	stopb: autoDraw = True
46.9867 	EXP 	stopl: autoDraw = True
46.9867 	EXP 	stopr: autoDraw = True
46.9867 	EXP 	text_6: autoDraw = True
47.1920 	DATA 	Keypress: r
47.2141 	EXP 	New trial (rep=0, index=26): {'word': 'RED', 'color': 'red', 'correct': 'r'}
47.2379 	EXP 	text_5: autoDraw = False
47.2379 	EXP 	stopb: autoDraw = False
47.2379 	EXP 	stopl: autoDraw = False
47.2379 	EXP 	stopr: autoDraw = False
47.2379 	EXP 	text_6: autoDraw = False
47.2379 	EXP 	text_6: foreColor = <psychopy.colors.Color: red, alpha=1.0>
47.2379 	EXP 	text_6: height = 0.1
47.2379 	EXP 	text_6: height = 0.1
47.2379 	EXP 	text_6: height = 0.1
47.2379 	EXP 	text_6: text = 'RED'
47.2379 	EXP 	text_5: autoDraw = True
47.2379 	EXP 	stopb: autoDraw = True
47.2379 	EXP 	stopl: autoDraw = True
47.2379 	EXP 	stopr: autoDraw = True
47.2379 	EXP 	text_6: autoDraw = True
47.4344 	DATA 	Keypress: r
47.4471 	EXP 	New trial (rep=0, index=27): {'word': 'BLUE', 'color': 'red', 'correct': 'r'}
47.4657 	EXP 	text_5: autoDraw = False
47.4657 	EXP 	stopb: autoDraw = False
47.4657 	EXP 	stopl: autoDraw = False
47.4657 	EXP 	stopr: autoDraw = False
47.4657 	EXP 	text_6: autoDraw = False
47.4657 	EXP 	text_6: foreColor = <psychopy.colors.Color: red, alpha=1.0>
47.4657 	EXP 	text_6: height = 0.1
47.4657 	EXP 	text_6: height = 0.1
47.4657 	EXP 	text_6: height = 0.1
47.4657 	EXP 	text_6: text = 'BLUE'
47.4657 	EXP 	text_5: autoDraw = True
47.4657 	EXP 	stopb: autoDraw = True
47.4657 	EXP 	stopl: autoDraw = True
47.4657 	EXP 	stopr: autoDraw = True
47.4657 	EXP 	text_6: autoDraw = True
47.6774 	DATA 	Keypress: r
47.6903 	EXP 	New trial (rep=0, index=28): {'word': 'BLUE', 'color': 'red', 'correct': 'r'}
47.7047 	EXP 	text_5: autoDraw = False
47.7047 	EXP 	stopb: autoDraw = False
47.7047 	EXP 	stopl: autoDraw = False
47.7047 	EXP 	stopr: autoDraw = False
47.7047 	EXP 	text_6: autoDraw = False
47.7047 	EXP 	text_6: foreColor = <psychopy.colors.Color: red, alpha=1.0>
47.7047 	EXP 	text_6: text = 'BLUE'
47.7047 	EXP 	text_5: autoDraw = True
47.7047 	EXP 	stopb: autoDraw = True
47.7047 	EXP 	stopl: autoDraw = True
47.7047 	EXP 	stopr: autoDraw = True
47.7047 	EXP 	text_6: autoDraw = True
47.8970 	DATA 	Keypress: r
47.9137 	EXP 	New trial (rep=0, index=29): {'word': 'BLUE', 'color': 'blue', 'correct': 'b'}
47.9347 	EXP 	text_5: autoDraw = False
47.9347 	EXP 	stopb: autoDraw = False
47.9347 	EXP 	stopl: autoDraw = False
47.9347 	EXP 	stopr: autoDraw = False
47.9347 	EXP 	text_6: autoDraw = False
47.9347 	EXP 	text_6: foreColor = <psychopy.colors.Color: blue, alpha=1.0>
47.9347 	EXP 	text_6: text = 'BLUE'
47.9347 	EXP 	text_5: autoDraw = True
47.9347 	EXP 	stopb: autoDraw = True
47.9347 	EXP 	stopl: autoDraw = True
47.9347 	EXP 	stopr: autoDraw = True
47.9347 	EXP 	text_6: autoDraw = True
48.1174 	DATA 	Keypress: r
48.1349 	EXP 	New trial (rep=0, index=30): {'word': 'RED', 'color': 'blue', 'correct': 'b'}
48.1561 	EXP 	text_5: autoDraw = False
48.1561 	EXP 	stopb: autoDraw = False
48.1561 	EXP 	stopl: autoDraw = False
48.1561 	EXP 	stopr: autoDraw = False
48.1561 	EXP 	text_6: autoDraw = False
48.1561 	EXP 	text_6: foreColor = <psychopy.colors.Color: blue, alpha=1.0>
48.1561 	EXP 	text_6: height = 0.1
48.1561 	EXP 	text_6: height = 0.1
48.1561 	EXP 	text_6: height = 0.1
48.1561 	EXP 	text_6: text = 'RED'
48.1561 	EXP 	text_5: autoDraw = True
48.1561 	EXP 	stopb: autoDraw = True
48.1561 	EXP 	stopl: autoDraw = True
48.1561 	EXP 	stopr: autoDraw = True
48.1561 	EXP 	text_6: autoDraw = True
48.3463 	DATA 	Keypress: r
48.3635 	EXP 	New trial (rep=0, index=31): {'word': 'RED', 'color': 'red', 'correct': 'r'}
48.3821 	EXP 	text_5: autoDraw = False
48.3821 	EXP 	stopb: autoDraw = False
48.3821 	EXP 	stopl: autoDraw = False
48.3821 	EXP 	stopr: autoDraw = False
48.3821 	EXP 	text_6: autoDraw = False
48.3821 	EXP 	text_6: foreColor = <psychopy.colors.Color: red, alpha=1.0>
48.3821 	EXP 	text_6: text = 'RED'
48.3821 	EXP 	text_5: autoDraw = True
48.3821 	EXP 	stopb: autoDraw = True
48.3821 	EXP 	stopl: autoDraw = True
48.3821 	EXP 	stopr: autoDraw = True
48.3821 	EXP 	text_6: autoDraw = True
48.5432 	EXP 	New trial (rep=0, index=32): {'word': 'GREEN', 'color': 'yellow', 'correct': 'y'}
48.5572 	DATA 	Keypress: r
48.5618 	EXP 	text_5: autoDraw = False
48.5618 	EXP 	stopb: autoDraw = False
48.5618 	EXP 	stopl: autoDraw = False
48.5618 	EXP 	stopr: autoDraw = False
48.5618 	EXP 	text_6: autoDraw = False
48.5618 	EXP 	text_6: foreColor = <psychopy.colors.Color: yellow, alpha=1.0>
48.5618 	EXP 	text_6: height = 0.1
48.5618 	EXP 	text_6: height = 0.1
48.5618 	EXP 	text_6: height = 0.1
48.5618 	EXP 	text_6: text = 'GREEN'
48.5618 	EXP 	text_5: autoDraw = True
48.5618 	EXP 	stopb: autoDraw = True
48.5618 	EXP 	stopl: autoDraw = True
48.5618 	EXP 	stopr: autoDraw = True
48.5618 	EXP 	text_6: autoDraw = True
48.7561 	DATA 	Keypress: r
48.7775 	EXP 	New trial (rep=0, index=33): {'word': 'GREEN', 'color': 'yellow', 'correct': 'y'}
48.8017 	EXP 	text_5: autoDraw = False
48.8017 	EXP 	stopb: autoDraw = False
48.8017 	EXP 	stopl: autoDraw = False
48.8017 	EXP 	stopr: autoDraw = False
48.8017 	EXP 	text_6: autoDraw = False
48.8017 	EXP 	text_6: foreColor = <psychopy.colors.Color: yellow, alpha=1.0>
48.8017 	EXP 	text_6: text = 'GREEN'
48.8017 	EXP 	text_5: autoDraw = True
48.8017 	EXP 	stopb: autoDraw = True
48.8017 	EXP 	stopl: autoDraw = True
48.8017 	EXP 	stopr: autoDraw = True
48.8017 	EXP 	text_6: autoDraw = True
48.9443 	DATA 	Keypress: r
48.9652 	EXP 	New trial (rep=0, index=34): {'word': 'GREEN', 'color': 'yellow', 'correct': 'y'}
48.9899 	EXP 	text_5: autoDraw = False
48.9899 	EXP 	stopb: autoDraw = False
48.9899 	EXP 	stopl: autoDraw = False
48.9899 	EXP 	stopr: autoDraw = False
48.9899 	EXP 	text_6: autoDraw = False
48.9899 	EXP 	text_6: foreColor = <psychopy.colors.Color: yellow, alpha=1.0>
48.9899 	EXP 	text_6: text = 'GREEN'
48.9899 	EXP 	text_5: autoDraw = True
48.9899 	EXP 	stopb: autoDraw = True
48.9899 	EXP 	stopl: autoDraw = True
48.9899 	EXP 	stopr: autoDraw = True
48.9899 	EXP 	text_6: autoDraw = True
49.1056 	DATA 	Keypress: r
49.1187 	EXP 	New trial (rep=0, index=35): {'word': 'RED', 'color': 'red', 'correct': 'r'}
49.1356 	EXP 	text_5: autoDraw = False
49.1356 	EXP 	stopb: autoDraw = False
49.1356 	EXP 	stopl: autoDraw = False
49.1356 	EXP 	stopr: autoDraw = False
49.1356 	EXP 	text_6: autoDraw = False
49.1356 	EXP 	text_6: foreColor = <psychopy.colors.Color: red, alpha=1.0>
49.1356 	EXP 	text_6: height = 0.1
49.1356 	EXP 	text_6: height = 0.1
49.1356 	EXP 	text_6: height = 0.1
49.1356 	EXP 	text_6: text = 'RED'
49.1356 	EXP 	text_5: autoDraw = True
49.1356 	EXP 	stopb: autoDraw = True
49.1356 	EXP 	stopl: autoDraw = True
49.1356 	EXP 	stopr: autoDraw = True
49.1356 	EXP 	text_6: autoDraw = True
49.2443 	DATA 	Keypress: r
49.3518 	EXP 	Sound sound_1 set volume 1.000
49.3527 	EXP 	New trial (rep=0, index=2): OrderedDict([('Participant1', 30), ('Participant2', 30), ('Participant3', 30), ('Participant4', 105), ('Participant5', 105), ('Participant6', 60), ('Participant7', 120), ('Participant8', 120), ('Participant9', 120), ('Participant10', 105), ('Participant11', 60), ('Participant12', 105), ('Participant13', 60), ('Participant14', 30), ('Participant15', 60), ('Participant16', 120), ('Participant17', 30), ('Participant18', 30), ('Participant19', 30), ('Participant20', 105), ('Participant21', 105), ('Participant22', 60), ('Participant23', 120), ('Participant24', 120), ('Participant25', 120), ('Participant26', 105)])
49.3627 	EXP 	text_5: autoDraw = False
49.3627 	EXP 	stopb: autoDraw = False
49.3627 	EXP 	stopl: autoDraw = False
49.3627 	EXP 	stopr: autoDraw = False
49.3627 	EXP 	text_6: autoDraw = False
49.3627 	EXP 	text_2: height = 0.05
49.3627 	EXP 	text_2: height = 0.05
49.3627 	EXP 	text_2: height = 0.05
49.3627 	EXP 	text_2: text = 30
49.3627 	EXP 	text_3: autoDraw = True
49.3627 	EXP 	text_2: autoDraw = True
49.3627 	EXP 	text_4: autoDraw = True
49.4555 	DATA 	Keypress: r
49.9059 	DATA 	Keypress: r
50.2058 	DATA 	Keypress: r
56.8050 	DATA 	Keypress: escape
63.4984 	EXP 	window1: mouseVisible = True
