1.2598 	WARNING 	We strongly recommend you activate the PTB sound engine in PsychoPy prefs as the preferred audio engine. Its timing is vastly superior. Your prefs are currently set to use ['sounddevice', 'PTB', 'pyo', 'pygame'] (in that order).
4.6360 	WARNING 	User requested fullscreen with size [1024  768], but screen is actually [2560, 1440]. Using actual size
7.1788 	EXP 	Created window1 = Window(allowGUI=True, allowStencil=False, autoLog=True, backendConf=UNKNOWN, bitsMode=UNKNOWN, blendMode='avg', bpc=(8, 8, 8), color=array([0, 0, 0]), colorSpace='rgb', depthBits=8, fullscr=<method-wrapper '__getattribute__' of attributeSetter object at 0x00000282222B53D0>, gamma=None, gammaErrorPolicy='raise', lms=UNKNOWN, monitor=<psychopy.monitors.calibTools.Monitor object at 0x000002822418A6A0>, multiSample=False, name='window1', numSamples=2, pos=(0, 0), screen=0, size=array([2560, 1440]), stencilBits=0, stereo=False, units='height', useFBO=True, useRetina=False, viewOri=0.0, viewPos=None, viewScale=None, waitBlanking=True, winType='pyglet')
7.1791 	EXP 	window1: mouseVisible = True
7.1795 	EXP 	window1: mouseVisible = False
7.1795 	EXP 	window1: Attempting to measure frame rate of screen (0) ...
7.1796 	EXP 	window1: recordFrameIntervals = False
7.3436 	EXP 	window1: recordFrameIntervals = True
7.5266 	EXP 	Screen (0) actual frame rate measured at 60.09Hz
7.5267 	EXP 	window1: recordFrameIntervals = False
9.1590 	EXP 	Created text_instr = TextStim(__class__=<class 'psychopy.visual.text.TextStim'>, alignHoriz=method-wrapper(...), alignText='center', alignVert=method-wrapper(...), anchorHoriz='center', anchorVert='center', antialias=True, autoDraw=False, autoLog=True, bold=False, color=array([1, 1, 1]), colorSpace='rgb', contrast=1.0, depth=0.0, flipHoriz=False, flipVert=False, font='Comic Sans', fontFiles=[], height=0.04, italic=False, languageStyle='LTR', name='text_instr', opacity=1.0, ori=0.0, pos=array([0., 0.]), rgb=UNKNOWN, text=str(...), units='height', win=Window(...), wrapWidth=1)
9.1701 	EXP 	Created image_next = ImageStim(__class__=<class 'psychopy.visual.image.ImageStim'>, anchor=('center', 'center'), autoLog=True, color=array([1, 1, 1]), colorSpace='rgb', contrast=1.0, depth=-1.0, flipHoriz=False, flipVert=False, image='next.png', interpolate=True, mask=None, maskParams=None, name='image_next', opacity=1.0, ori=0.0, pos=array([ 0.6, -0.4]), size=array([0.11319444, 0.06736111]), texRes=128.0, units='height', win=Window(...))
9.1705 	EXP 	window1: mouseVisible = True
9.1905 	EXP 	Created text_3 = TextStim(__class__=<class 'psychopy.visual.text.TextStim'>, alignHoriz=method-wrapper(...), alignText='center', alignVert=method-wrapper(...), anchorHoriz='center', anchorVert='center', antialias=True, autoDraw=False, autoLog=True, bold=False, color=array([1, 1, 1]), colorSpace='rgb', contrast=1.0, depth=0.0, flipHoriz=False, flipVert=False, font='Open Sans', fontFiles=[], height=0.05, italic=False, languageStyle='LTR', name='text_3', opacity=1.0, ori=0.0, pos=array([0. , 0.3]), rgb=UNKNOWN, text=str(...), units='height', win=Window(...), wrapWidth=1)
9.1910 	EXP 	Created text_2 = TextStim(__class__=<class 'psychopy.visual.text.TextStim'>, alignHoriz=method-wrapper(...), alignText='center', alignVert=method-wrapper(...), anchorHoriz='center', anchorVert='center', antialias=True, autoDraw=False, autoLog=True, bold=False, color=array([1, 1, 1]), colorSpace='rgb', contrast=1.0, depth=-1.0, flipHoriz=False, flipVert=False, font='Open Sans', fontFiles=[], height=0.05, italic=False, languageStyle='LTR', name='text_2', opacity=1.0, ori=0.0, pos=array([0., 0.]), rgb=UNKNOWN, text='', units='height', win=Window(...), wrapWidth=1)
9.2015 	EXP 	Created text_4 = TextStim(__class__=<class 'psychopy.visual.text.TextStim'>, alignHoriz=method-wrapper(...), alignText='center', alignVert=method-wrapper(...), anchorHoriz='center', anchorVert='center', antialias=True, autoDraw=False, autoLog=True, bold=False, color=array([1, 1, 1]), colorSpace='rgb', contrast=1.0, depth=-3.0, flipHoriz=False, flipVert=False, font='Open Sans', fontFiles=[], height=0.05, italic=False, languageStyle='LTR', name='text_4', opacity=1.0, ori=0.0, pos=array([ 0. , -0.2]), rgb=UNKNOWN, text=str(...), units='height', win=Window(...), wrapWidth=1)
9.2026 	EXP 	Created text_5 = TextStim(__class__=<class 'psychopy.visual.text.TextStim'>, alignHoriz=method-wrapper(...), alignText='center', alignVert=method-wrapper(...), anchorHoriz='center', anchorVert='center', antialias=True, autoDraw=False, autoLog=True, bold=False, color=array([1, 1, 1]), colorSpace='rgb', contrast=1.0, depth=-2.0, flipHoriz=False, flipVert=False, font='Arial', fontFiles=[], height=0.1, italic=False, languageStyle='LTR', name='text_5', opacity=1.0, ori=0.0, pos=array([0. , 0.4]), rgb=UNKNOWN, text='', units='height', win=Window(...), wrapWidth=1)
9.2031 	EXP 	Created stopb = TextStim(__class__=<class 'psychopy.visual.text.TextStim'>, alignHoriz=method-wrapper(...), alignText='center', alignVert=method-wrapper(...), anchorHoriz='center', anchorVert='center', antialias=True, autoDraw=False, autoLog=True, bold=False, color=array([1, 1, 1]), colorSpace='rgb', contrast=1.0, depth=-3.0, flipHoriz=False, flipVert=False, font='Arial', fontFiles=[], height=0.1, italic=False, languageStyle='LTR', name='stopb', opacity=1.0, ori=0.0, pos=array([ 0. , -0.4]), rgb=UNKNOWN, text='', units='height', win=Window(...), wrapWidth=1)
9.2036 	EXP 	Created stopl = TextStim(__class__=<class 'psychopy.visual.text.TextStim'>, alignHoriz=method-wrapper(...), alignText='center', alignVert=method-wrapper(...), anchorHoriz='center', anchorVert='center', antialias=True, autoDraw=False, autoLog=True, bold=False, color=array([1, 1, 1]), colorSpace='rgb', contrast=1.0, depth=-4.0, flipHoriz=False, flipVert=False, font='Arial', fontFiles=[], height=0.1, italic=False, languageStyle='LTR', name='stopl', opacity=1.0, ori=90.0, pos=array([-0.75,  0.  ]), rgb=UNKNOWN, text='', units='height', win=Window(...), wrapWidth=1)
9.2042 	EXP 	Created stopr = TextStim(__class__=<class 'psychopy.visual.text.TextStim'>, alignHoriz=method-wrapper(...), alignText='center', alignVert=method-wrapper(...), anchorHoriz='center', anchorVert='center', antialias=True, autoDraw=False, autoLog=True, bold=False, color=array([1, 1, 1]), colorSpace='rgb', contrast=1.0, depth=-5.0, flipHoriz=False, flipVert=False, font='Arial', fontFiles=[], height=0.1, italic=False, languageStyle='LTR', name='stopr', opacity=1.0, ori=-90.0, pos=array([0.75, 0.  ]), rgb=UNKNOWN, text='', units='height', win=Window(...), wrapWidth=1)
9.2049 	EXP 	Created text_6 = TextStim(__class__=<class 'psychopy.visual.text.TextStim'>, alignHoriz=method-wrapper(...), alignText='center', alignVert=method-wrapper(...), anchorHoriz='center', anchorVert='center', antialias=True, autoDraw=False, autoLog=True, bold=False, color=array([1, 1, 1]), colorSpace='rgb', contrast=1.0, depth=-7.0, flipHoriz=False, flipVert=False, font='Open Sans', fontFiles=[], height=0.1, italic=False, languageStyle='LTR', name='text_6', opacity=1.0, ori=0.0, pos=array([0., 0.]), rgb=UNKNOWN, text='', units='height', win=Window(...), wrapWidth=1)
9.3013 	EXP 	Sound sound_1 set volume 1.000
9.3351 	EXP 	text_instr: autoDraw = True
9.3351 	EXP 	image_next: autoDraw = True
10.4942 	DATA 	Mouse: Left button down, pos=(2189,114)
10.5042 	EXP 	Imported C:/Users/carelab/Desktop/Erik/resources/Lsquare.csv as conditions, 16 conditions, 26 params
10.5046 	EXP 	Created sequence: sequential, trialTypes=16, nReps=1, seed=None
10.5051 	EXP 	New trial (rep=0, index=0): OrderedDict([('Participant1', 30), ('Participant2', 30), ('Participant3', 105), ('Participant4', 105), ('Participant5', 60), ('Participant6', 120), ('Participant7', 120), ('Participant8', 120), ('Participant9', 105), ('Participant10', 60), ('Participant11', 105), ('Participant12', 60), ('Participant13', 30), ('Participant14', 60), ('Participant15', 120), ('Participant16', 30), ('Participant17', 30), ('Participant18', 30), ('Participant19', 105), ('Participant20', 105), ('Participant21', 60), ('Participant22', 120), ('Participant23', 120), ('Participant24', 120), ('Participant25', 105), ('Participant26', 60)])
10.5175 	EXP 	text_instr: autoDraw = False
10.5175 	EXP 	image_next: autoDraw = False
10.5175 	EXP 	text_2: height = 0.05
10.5175 	EXP 	text_2: height = 0.05
10.5175 	EXP 	text_2: height = 0.05
10.5175 	EXP 	text_2: text = 30
10.5175 	EXP 	text_3: autoDraw = True
10.5175 	EXP 	text_2: autoDraw = True
10.5175 	EXP 	text_4: autoDraw = True
10.5791 	DATA 	Mouse:  Left button up, pos=(2189,118)
11.8025 	EXP 	Imported C:/Users/carelab/Desktop/Erik/resources/stroop.xlsx as conditions, 20 conditions, 3 params
11.8031 	EXP 	Created sequence: random, trialTypes=20, nReps=1, seed=None
11.8033 	EXP 	New trial (rep=0, index=0): {'word': 'RED', 'color': 'red', 'correct': 'r'}
11.8241 	DATA 	Keypress: space
11.8285 	EXP 	text_3: autoDraw = False
11.8285 	EXP 	text_2: autoDraw = False
11.8285 	EXP 	text_4: autoDraw = False
11.8285 	EXP 	text_6: foreColor = <psychopy.colors.Color: red, alpha=1.0>
11.8285 	EXP 	text_6: height = 0.1
11.8285 	EXP 	text_6: height = 0.1
11.8285 	EXP 	text_6: height = 0.1
11.8285 	EXP 	text_6: text = 'RED'
11.8285 	EXP 	text_5: autoDraw = True
11.8285 	EXP 	stopb: autoDraw = True
11.8285 	EXP 	stopl: autoDraw = True
11.8285 	EXP 	stopr: autoDraw = True
11.8285 	EXP 	text_6: autoDraw = True
12.9825 	EXP 	New trial (rep=0, index=1): {'word': 'BLUE', 'color': 'red', 'correct': 'r'}
12.9979 	DATA 	Keypress: r
13.0023 	EXP 	text_5: autoDraw = False
13.0023 	EXP 	stopb: autoDraw = False
13.0023 	EXP 	stopl: autoDraw = False
13.0023 	EXP 	stopr: autoDraw = False
13.0023 	EXP 	text_6: autoDraw = False
13.0023 	EXP 	text_6: foreColor = <psychopy.colors.Color: red, alpha=1.0>
13.0023 	EXP 	text_6: height = 0.1
13.0023 	EXP 	text_6: height = 0.1
13.0023 	EXP 	text_6: height = 0.1
13.0023 	EXP 	text_6: text = 'BLUE'
13.0023 	EXP 	text_5: autoDraw = True
13.0023 	EXP 	stopb: autoDraw = True
13.0023 	EXP 	stopl: autoDraw = True
13.0023 	EXP 	stopr: autoDraw = True
13.0023 	EXP 	text_6: autoDraw = True
13.6176 	DATA 	Keypress: r
13.6319 	EXP 	New trial (rep=0, index=2): {'word': 'RED', 'color': 'red', 'correct': 'r'}
13.6468 	EXP 	text_5: autoDraw = False
13.6468 	EXP 	stopb: autoDraw = False
13.6468 	EXP 	stopl: autoDraw = False
13.6468 	EXP 	stopr: autoDraw = False
13.6468 	EXP 	text_6: autoDraw = False
13.6468 	EXP 	text_6: foreColor = <psychopy.colors.Color: red, alpha=1.0>
13.6468 	EXP 	text_6: height = 0.1
13.6468 	EXP 	text_6: height = 0.1
13.6468 	EXP 	text_6: height = 0.1
13.6468 	EXP 	text_6: text = 'RED'
13.6468 	EXP 	text_5: autoDraw = True
13.6468 	EXP 	stopb: autoDraw = True
13.6468 	EXP 	stopl: autoDraw = True
13.6468 	EXP 	stopr: autoDraw = True
13.6468 	EXP 	text_6: autoDraw = True
13.8828 	EXP 	New trial (rep=0, index=3): {'word': 'RED', 'color': 'red', 'correct': 'r'}
13.8912 	DATA 	Keypress: b
13.8959 	EXP 	text_5: autoDraw = False
13.8959 	EXP 	stopb: autoDraw = False
13.8959 	EXP 	stopl: autoDraw = False
13.8959 	EXP 	stopr: autoDraw = False
13.8959 	EXP 	text_6: autoDraw = False
13.8959 	EXP 	text_6: foreColor = <psychopy.colors.Color: red, alpha=1.0>
13.8959 	EXP 	text_6: text = 'RED'
13.8959 	EXP 	text_5: autoDraw = True
13.8959 	EXP 	stopb: autoDraw = True
13.8959 	EXP 	stopl: autoDraw = True
13.8959 	EXP 	stopr: autoDraw = True
13.8959 	EXP 	text_6: autoDraw = True
14.0821 	EXP 	New trial (rep=0, index=4): {'word': 'BLUE', 'color': 'blue', 'correct': 'b'}
14.0927 	DATA 	Keypress: b
14.0978 	EXP 	text_5: autoDraw = False
14.0978 	EXP 	stopb: autoDraw = False
14.0978 	EXP 	stopl: autoDraw = False
14.0978 	EXP 	stopr: autoDraw = False
14.0978 	EXP 	text_6: autoDraw = False
14.0978 	EXP 	text_6: foreColor = <psychopy.colors.Color: blue, alpha=1.0>
14.0978 	EXP 	text_6: height = 0.1
14.0978 	EXP 	text_6: height = 0.1
14.0978 	EXP 	text_6: height = 0.1
14.0978 	EXP 	text_6: text = 'BLUE'
14.0978 	EXP 	text_5: autoDraw = True
14.0978 	EXP 	stopb: autoDraw = True
14.0978 	EXP 	stopl: autoDraw = True
14.0978 	EXP 	stopr: autoDraw = True
14.0978 	EXP 	text_6: autoDraw = True
14.4817 	EXP 	New trial (rep=0, index=5): {'word': 'RED', 'color': 'red', 'correct': 'r'}
14.4912 	DATA 	Keypress: r
14.4959 	EXP 	text_5: autoDraw = False
14.4959 	EXP 	stopb: autoDraw = False
14.4959 	EXP 	stopl: autoDraw = False
14.4959 	EXP 	stopr: autoDraw = False
14.4959 	EXP 	text_6: autoDraw = False
14.4959 	EXP 	text_6: foreColor = <psychopy.colors.Color: red, alpha=1.0>
14.4959 	EXP 	text_6: height = 0.1
14.4959 	EXP 	text_6: height = 0.1
14.4959 	EXP 	text_6: height = 0.1
14.4959 	EXP 	text_6: text = 'RED'
14.4959 	EXP 	text_5: autoDraw = True
14.4959 	EXP 	stopb: autoDraw = True
14.4959 	EXP 	stopl: autoDraw = True
14.4959 	EXP 	stopr: autoDraw = True
14.4959 	EXP 	text_6: autoDraw = True
14.8157 	EXP 	New trial (rep=0, index=6): {'word': 'BLUE', 'color': 'red', 'correct': 'r'}
14.8273 	DATA 	Keypress: b
14.8321 	EXP 	text_5: autoDraw = False
14.8321 	EXP 	stopb: autoDraw = False
14.8321 	EXP 	stopl: autoDraw = False
14.8321 	EXP 	stopr: autoDraw = False
14.8321 	EXP 	text_6: autoDraw = False
14.8321 	EXP 	text_6: foreColor = <psychopy.colors.Color: red, alpha=1.0>
14.8321 	EXP 	text_6: height = 0.1
14.8321 	EXP 	text_6: height = 0.1
14.8321 	EXP 	text_6: height = 0.1
14.8321 	EXP 	text_6: text = 'BLUE'
14.8321 	EXP 	text_5: autoDraw = True
14.8321 	EXP 	stopb: autoDraw = True
14.8321 	EXP 	stopl: autoDraw = True
14.8321 	EXP 	stopr: autoDraw = True
14.8321 	EXP 	text_6: autoDraw = True
15.1498 	EXP 	New trial (rep=0, index=7): {'word': 'BLUE', 'color': 'blue', 'correct': 'b'}
15.1587 	DATA 	Keypress: r
15.1637 	EXP 	text_5: autoDraw = False
15.1637 	EXP 	stopb: autoDraw = False
15.1637 	EXP 	stopl: autoDraw = False
15.1637 	EXP 	stopr: autoDraw = False
15.1637 	EXP 	text_6: autoDraw = False
15.1637 	EXP 	text_6: foreColor = <psychopy.colors.Color: blue, alpha=1.0>
15.1637 	EXP 	text_6: text = 'BLUE'
15.1637 	EXP 	text_5: autoDraw = True
15.1637 	EXP 	stopb: autoDraw = True
15.1637 	EXP 	stopl: autoDraw = True
15.1637 	EXP 	stopr: autoDraw = True
15.1637 	EXP 	text_6: autoDraw = True
15.3508 	DATA 	Keypress: b
15.3653 	EXP 	New trial (rep=0, index=8): {'word': 'BLUE', 'color': 'blue', 'correct': 'b'}
15.3779 	EXP 	text_5: autoDraw = False
15.3779 	EXP 	stopb: autoDraw = False
15.3779 	EXP 	stopl: autoDraw = False
15.3779 	EXP 	stopr: autoDraw = False
15.3779 	EXP 	text_6: autoDraw = False
15.3779 	EXP 	text_6: foreColor = <psychopy.colors.Color: blue, alpha=1.0>
15.3779 	EXP 	text_6: text = 'BLUE'
15.3779 	EXP 	text_5: autoDraw = True
15.3779 	EXP 	stopb: autoDraw = True
15.3779 	EXP 	stopl: autoDraw = True
15.3779 	EXP 	stopr: autoDraw = True
15.3779 	EXP 	text_6: autoDraw = True
15.7649 	EXP 	New trial (rep=0, index=9): {'word': 'BLUE', 'color': 'blue', 'correct': 'b'}
15.7736 	DATA 	Keypress: r
15.7786 	EXP 	text_5: autoDraw = False
15.7786 	EXP 	stopb: autoDraw = False
15.7786 	EXP 	stopl: autoDraw = False
15.7786 	EXP 	stopr: autoDraw = False
15.7786 	EXP 	text_6: autoDraw = False
15.7786 	EXP 	text_6: foreColor = <psychopy.colors.Color: blue, alpha=1.0>
15.7786 	EXP 	text_6: text = 'BLUE'
15.7786 	EXP 	text_5: autoDraw = True
15.7786 	EXP 	stopb: autoDraw = True
15.7786 	EXP 	stopl: autoDraw = True
15.7786 	EXP 	stopr: autoDraw = True
15.7786 	EXP 	text_6: autoDraw = True
16.0834 	DATA 	Keypress: b
16.0989 	EXP 	New trial (rep=0, index=10): {'word': 'RED', 'color': 'red', 'correct': 'r'}
16.1132 	EXP 	text_5: autoDraw = False
16.1132 	EXP 	stopb: autoDraw = False
16.1132 	EXP 	stopl: autoDraw = False
16.1132 	EXP 	stopr: autoDraw = False
16.1132 	EXP 	text_6: autoDraw = False
16.1132 	EXP 	text_6: foreColor = <psychopy.colors.Color: red, alpha=1.0>
16.1132 	EXP 	text_6: height = 0.1
16.1132 	EXP 	text_6: height = 0.1
16.1132 	EXP 	text_6: height = 0.1
16.1132 	EXP 	text_6: text = 'RED'
16.1132 	EXP 	text_5: autoDraw = True
16.1132 	EXP 	stopb: autoDraw = True
16.1132 	EXP 	stopl: autoDraw = True
16.1132 	EXP 	stopr: autoDraw = True
16.1132 	EXP 	text_6: autoDraw = True
16.3832 	DATA 	Keypress: r
16.3990 	EXP 	New trial (rep=0, index=11): {'word': 'RED', 'color': 'red', 'correct': 'r'}
16.4080 	DATA 	Keypress: b
16.4128 	EXP 	text_5: autoDraw = False
16.4128 	EXP 	stopb: autoDraw = False
16.4128 	EXP 	stopl: autoDraw = False
16.4128 	EXP 	stopr: autoDraw = False
16.4128 	EXP 	text_6: autoDraw = False
16.4128 	EXP 	text_6: foreColor = <psychopy.colors.Color: red, alpha=1.0>
16.4128 	EXP 	text_6: text = 'RED'
16.4128 	EXP 	text_5: autoDraw = True
16.4128 	EXP 	stopb: autoDraw = True
16.4128 	EXP 	stopl: autoDraw = True
16.4128 	EXP 	stopr: autoDraw = True
16.4128 	EXP 	text_6: autoDraw = True
16.7812 	EXP 	New trial (rep=0, index=12): {'word': 'RED', 'color': 'red', 'correct': 'r'}
16.7902 	DATA 	Keypress: r
16.7949 	EXP 	text_5: autoDraw = False
16.7949 	EXP 	stopb: autoDraw = False
16.7949 	EXP 	stopl: autoDraw = False
16.7949 	EXP 	stopr: autoDraw = False
16.7949 	EXP 	text_6: autoDraw = False
16.7949 	EXP 	text_6: foreColor = <psychopy.colors.Color: red, alpha=1.0>
16.7949 	EXP 	text_6: text = 'RED'
16.7949 	EXP 	text_5: autoDraw = True
16.7949 	EXP 	stopb: autoDraw = True
16.7949 	EXP 	stopl: autoDraw = True
16.7949 	EXP 	stopr: autoDraw = True
16.7949 	EXP 	text_6: autoDraw = True
17.0494 	DATA 	Keypress: b
17.0645 	EXP 	New trial (rep=0, index=13): {'word': 'RED', 'color': 'red', 'correct': 'r'}
17.0772 	EXP 	text_5: autoDraw = False
17.0772 	EXP 	stopb: autoDraw = False
17.0772 	EXP 	stopl: autoDraw = False
17.0772 	EXP 	stopr: autoDraw = False
17.0772 	EXP 	text_6: autoDraw = False
17.0772 	EXP 	text_6: foreColor = <psychopy.colors.Color: red, alpha=1.0>
17.0772 	EXP 	text_6: text = 'RED'
17.0772 	EXP 	text_5: autoDraw = True
17.0772 	EXP 	stopb: autoDraw = True
17.0772 	EXP 	stopl: autoDraw = True
17.0772 	EXP 	stopr: autoDraw = True
17.0772 	EXP 	text_6: autoDraw = True
17.4328 	DATA 	Keypress: b
17.4477 	EXP 	New trial (rep=0, index=14): {'word': 'RED', 'color': 'blue', 'correct': 'b'}
17.4609 	EXP 	text_5: autoDraw = False
17.4609 	EXP 	stopb: autoDraw = False
17.4609 	EXP 	stopl: autoDraw = False
17.4609 	EXP 	stopr: autoDraw = False
17.4609 	EXP 	text_6: autoDraw = False
17.4609 	EXP 	text_6: foreColor = <psychopy.colors.Color: blue, alpha=1.0>
17.4609 	EXP 	text_6: text = 'RED'
17.4609 	EXP 	text_5: autoDraw = True
17.4609 	EXP 	stopb: autoDraw = True
17.4609 	EXP 	stopl: autoDraw = True
17.4609 	EXP 	stopr: autoDraw = True
17.4609 	EXP 	text_6: autoDraw = True
17.8487 	DATA 	Keypress: b
17.8645 	EXP 	New trial (rep=0, index=15): {'word': 'BLUE', 'color': 'blue', 'correct': 'b'}
17.8803 	EXP 	text_5: autoDraw = False
17.8803 	EXP 	stopb: autoDraw = False
17.8803 	EXP 	stopl: autoDraw = False
17.8803 	EXP 	stopr: autoDraw = False
17.8803 	EXP 	text_6: autoDraw = False
17.8803 	EXP 	text_6: foreColor = <psychopy.colors.Color: blue, alpha=1.0>
17.8803 	EXP 	text_6: height = 0.1
17.8803 	EXP 	text_6: height = 0.1
17.8803 	EXP 	text_6: height = 0.1
17.8803 	EXP 	text_6: text = 'BLUE'
17.8803 	EXP 	text_5: autoDraw = True
17.8803 	EXP 	stopb: autoDraw = True
17.8803 	EXP 	stopl: autoDraw = True
17.8803 	EXP 	stopr: autoDraw = True
17.8803 	EXP 	text_6: autoDraw = True
18.2004 	DATA 	Keypress: b
18.2152 	EXP 	New trial (rep=0, index=16): {'word': 'BLUE', 'color': 'red', 'correct': 'r'}
18.2281 	EXP 	text_5: autoDraw = False
18.2281 	EXP 	stopb: autoDraw = False
18.2281 	EXP 	stopl: autoDraw = False
18.2281 	EXP 	stopr: autoDraw = False
18.2281 	EXP 	text_6: autoDraw = False
18.2281 	EXP 	text_6: foreColor = <psychopy.colors.Color: red, alpha=1.0>
18.2281 	EXP 	text_6: text = 'BLUE'
18.2281 	EXP 	text_5: autoDraw = True
18.2281 	EXP 	stopb: autoDraw = True
18.2281 	EXP 	stopl: autoDraw = True
18.2281 	EXP 	stopr: autoDraw = True
18.2281 	EXP 	text_6: autoDraw = True
18.5655 	DATA 	Keypress: b
18.5811 	EXP 	New trial (rep=0, index=17): {'word': 'RED', 'color': 'blue', 'correct': 'b'}
18.5962 	EXP 	text_5: autoDraw = False
18.5962 	EXP 	stopb: autoDraw = False
18.5962 	EXP 	stopl: autoDraw = False
18.5962 	EXP 	stopr: autoDraw = False
18.5962 	EXP 	text_6: autoDraw = False
18.5962 	EXP 	text_6: foreColor = <psychopy.colors.Color: blue, alpha=1.0>
18.5962 	EXP 	text_6: height = 0.1
18.5962 	EXP 	text_6: height = 0.1
18.5962 	EXP 	text_6: height = 0.1
18.5962 	EXP 	text_6: text = 'RED'
18.5962 	EXP 	text_5: autoDraw = True
18.5962 	EXP 	stopb: autoDraw = True
18.5962 	EXP 	stopl: autoDraw = True
18.5962 	EXP 	stopr: autoDraw = True
18.5962 	EXP 	text_6: autoDraw = True
18.9813 	EXP 	New trial (rep=0, index=18): {'word': 'BLUE', 'color': 'blue', 'correct': 'b'}
18.9925 	DATA 	Keypress: r
18.9972 	EXP 	text_5: autoDraw = False
18.9972 	EXP 	stopb: autoDraw = False
18.9972 	EXP 	stopl: autoDraw = False
18.9972 	EXP 	stopr: autoDraw = False
18.9972 	EXP 	text_6: autoDraw = False
18.9972 	EXP 	text_6: foreColor = <psychopy.colors.Color: blue, alpha=1.0>
18.9972 	EXP 	text_6: height = 0.1
18.9972 	EXP 	text_6: height = 0.1
18.9972 	EXP 	text_6: height = 0.1
18.9972 	EXP 	text_6: text = 'BLUE'
18.9972 	EXP 	text_5: autoDraw = True
18.9972 	EXP 	stopb: autoDraw = True
18.9972 	EXP 	stopl: autoDraw = True
18.9972 	EXP 	stopr: autoDraw = True
18.9972 	EXP 	text_6: autoDraw = True
19.3135 	EXP 	New trial (rep=0, index=19): {'word': 'BLUE', 'color': 'red', 'correct': 'r'}
19.3224 	DATA 	Keypress: b
19.3273 	EXP 	text_5: autoDraw = False
19.3273 	EXP 	stopb: autoDraw = False
19.3273 	EXP 	stopl: autoDraw = False
19.3273 	EXP 	stopr: autoDraw = False
19.3273 	EXP 	text_6: autoDraw = False
19.3273 	EXP 	text_6: foreColor = <psychopy.colors.Color: red, alpha=1.0>
19.3273 	EXP 	text_6: text = 'BLUE'
19.3273 	EXP 	text_5: autoDraw = True
19.3273 	EXP 	stopb: autoDraw = True
19.3273 	EXP 	stopl: autoDraw = True
19.3273 	EXP 	stopr: autoDraw = True
19.3273 	EXP 	text_6: autoDraw = True
19.9568 	EXP 	Sound sound_1 set volume 1.000
19.9575 	EXP 	New trial (rep=0, index=1): OrderedDict([('Participant1', 30), ('Participant2', 105), ('Participant3', 105), ('Participant4', 60), ('Participant5', 120), ('Participant6', 120), ('Participant7', 120), ('Participant8', 105), ('Participant9', 60), ('Participant10', 105), ('Participant11', 60), ('Participant12', 30), ('Participant13', 60), ('Participant14', 120), ('Participant15', 30), ('Participant16', 30), ('Participant17', 30), ('Participant18', 105), ('Participant19', 105), ('Participant20', 60), ('Participant21', 120), ('Participant22', 120), ('Participant23', 120), ('Participant24', 105), ('Participant25', 60), ('Participant26', 105)])
19.9649 	DATA 	Keypress: space
19.9707 	EXP 	text_5: autoDraw = False
19.9707 	EXP 	stopb: autoDraw = False
19.9707 	EXP 	stopl: autoDraw = False
19.9707 	EXP 	stopr: autoDraw = False
19.9707 	EXP 	text_6: autoDraw = False
19.9707 	EXP 	text_2: height = 0.05
19.9707 	EXP 	text_2: height = 0.05
19.9707 	EXP 	text_2: height = 0.05
19.9707 	EXP 	text_2: text = 30
19.9707 	EXP 	text_3: autoDraw = True
19.9707 	EXP 	text_2: autoDraw = True
19.9707 	EXP 	text_4: autoDraw = True
22.4969 	EXP 	Imported C:/Users/carelab/Desktop/Erik/resources/stroop.xlsx as conditions, 20 conditions, 3 params
22.4975 	EXP 	Created sequence: random, trialTypes=20, nReps=1, seed=None
22.4978 	EXP 	New trial (rep=0, index=0): {'word': 'BLUE', 'color': 'blue', 'correct': 'b'}
22.5073 	DATA 	Keypress: space
22.5117 	EXP 	text_3: autoDraw = False
22.5117 	EXP 	text_2: autoDraw = False
22.5117 	EXP 	text_4: autoDraw = False
22.5117 	EXP 	text_6: foreColor = <psychopy.colors.Color: blue, alpha=1.0>
22.5117 	EXP 	text_6: text = 'BLUE'
22.5117 	EXP 	text_5: autoDraw = True
22.5117 	EXP 	stopb: autoDraw = True
22.5117 	EXP 	stopl: autoDraw = True
22.5117 	EXP 	stopr: autoDraw = True
22.5117 	EXP 	text_6: autoDraw = True
23.5960 	EXP 	New trial (rep=0, index=1): {'word': 'RED', 'color': 'red', 'correct': 'r'}
23.6063 	DATA 	Keypress: r
23.6105 	EXP 	text_5: autoDraw = False
23.6105 	EXP 	stopb: autoDraw = False
23.6105 	EXP 	stopl: autoDraw = False
23.6105 	EXP 	stopr: autoDraw = False
23.6105 	EXP 	text_6: autoDraw = False
23.6105 	EXP 	text_6: foreColor = <psychopy.colors.Color: red, alpha=1.0>
23.6105 	EXP 	text_6: height = 0.1
23.6105 	EXP 	text_6: height = 0.1
23.6105 	EXP 	text_6: height = 0.1
23.6105 	EXP 	text_6: text = 'RED'
23.6105 	EXP 	text_5: autoDraw = True
23.6105 	EXP 	stopb: autoDraw = True
23.6105 	EXP 	stopl: autoDraw = True
23.6105 	EXP 	stopr: autoDraw = True
23.6105 	EXP 	text_6: autoDraw = True
23.8470 	EXP 	New trial (rep=0, index=2): {'word': 'BLUE', 'color': 'red', 'correct': 'r'}
23.8582 	DATA 	Keypress: b
23.8629 	EXP 	text_5: autoDraw = False
23.8629 	EXP 	stopb: autoDraw = False
23.8629 	EXP 	stopl: autoDraw = False
23.8629 	EXP 	stopr: autoDraw = False
23.8629 	EXP 	text_6: autoDraw = False
23.8629 	EXP 	text_6: foreColor = <psychopy.colors.Color: red, alpha=1.0>
23.8629 	EXP 	text_6: height = 0.1
23.8629 	EXP 	text_6: height = 0.1
23.8629 	EXP 	text_6: height = 0.1
23.8629 	EXP 	text_6: text = 'BLUE'
23.8629 	EXP 	text_5: autoDraw = True
23.8629 	EXP 	stopb: autoDraw = True
23.8629 	EXP 	stopl: autoDraw = True
23.8629 	EXP 	stopr: autoDraw = True
23.8629 	EXP 	text_6: autoDraw = True
24.1138 	DATA 	Keypress: r
24.1293 	EXP 	New trial (rep=0, index=3): {'word': 'RED', 'color': 'red', 'correct': 'r'}
24.1450 	EXP 	text_5: autoDraw = False
24.1450 	EXP 	stopb: autoDraw = False
24.1450 	EXP 	stopl: autoDraw = False
24.1450 	EXP 	stopr: autoDraw = False
24.1450 	EXP 	text_6: autoDraw = False
24.1450 	EXP 	text_6: foreColor = <psychopy.colors.Color: red, alpha=1.0>
24.1450 	EXP 	text_6: height = 0.1
24.1450 	EXP 	text_6: height = 0.1
24.1450 	EXP 	text_6: height = 0.1
24.1450 	EXP 	text_6: text = 'RED'
24.1450 	EXP 	text_5: autoDraw = True
24.1450 	EXP 	stopb: autoDraw = True
24.1450 	EXP 	stopl: autoDraw = True
24.1450 	EXP 	stopr: autoDraw = True
24.1450 	EXP 	text_6: autoDraw = True
24.3119 	EXP 	New trial (rep=0, index=4): {'word': 'BLUE', 'color': 'blue', 'correct': 'b'}
24.3230 	DATA 	Keypress: b
24.3281 	EXP 	text_5: autoDraw = False
24.3281 	EXP 	stopb: autoDraw = False
24.3281 	EXP 	stopl: autoDraw = False
24.3281 	EXP 	stopr: autoDraw = False
24.3281 	EXP 	text_6: autoDraw = False
24.3281 	EXP 	text_6: foreColor = <psychopy.colors.Color: blue, alpha=1.0>
24.3281 	EXP 	text_6: height = 0.1
24.3281 	EXP 	text_6: height = 0.1
24.3281 	EXP 	text_6: height = 0.1
24.3281 	EXP 	text_6: text = 'BLUE'
24.3281 	EXP 	text_5: autoDraw = True
24.3281 	EXP 	stopb: autoDraw = True
24.3281 	EXP 	stopl: autoDraw = True
24.3281 	EXP 	stopr: autoDraw = True
24.3281 	EXP 	text_6: autoDraw = True
24.5133 	DATA 	Keypress: r
24.5288 	EXP 	New trial (rep=0, index=5): {'word': 'RED', 'color': 'blue', 'correct': 'b'}
24.5434 	EXP 	text_5: autoDraw = False
24.5434 	EXP 	stopb: autoDraw = False
24.5434 	EXP 	stopl: autoDraw = False
24.5434 	EXP 	stopr: autoDraw = False
24.5434 	EXP 	text_6: autoDraw = False
24.5434 	EXP 	text_6: foreColor = <psychopy.colors.Color: blue, alpha=1.0>
24.5434 	EXP 	text_6: height = 0.1
24.5434 	EXP 	text_6: height = 0.1
24.5434 	EXP 	text_6: height = 0.1
24.5434 	EXP 	text_6: text = 'RED'
24.5434 	EXP 	text_5: autoDraw = True
24.5434 	EXP 	stopb: autoDraw = True
24.5434 	EXP 	stopl: autoDraw = True
24.5434 	EXP 	stopr: autoDraw = True
24.5434 	EXP 	text_6: autoDraw = True
24.6144 	DATA 	Keypress: b
24.6296 	EXP 	New trial (rep=0, index=6): {'word': 'RED', 'color': 'blue', 'correct': 'b'}
24.6430 	EXP 	text_5: autoDraw = False
24.6430 	EXP 	stopb: autoDraw = False
24.6430 	EXP 	stopl: autoDraw = False
24.6430 	EXP 	stopr: autoDraw = False
24.6430 	EXP 	text_6: autoDraw = False
24.6430 	EXP 	text_6: foreColor = <psychopy.colors.Color: blue, alpha=1.0>
24.6430 	EXP 	text_6: text = 'RED'
24.6430 	EXP 	text_5: autoDraw = True
24.6430 	EXP 	stopb: autoDraw = True
24.6430 	EXP 	stopl: autoDraw = True
24.6430 	EXP 	stopr: autoDraw = True
24.6430 	EXP 	text_6: autoDraw = True
24.8480 	DATA 	Keypress: b
24.8648 	EXP 	New trial (rep=0, index=7): {'word': 'BLUE', 'color': 'red', 'correct': 'r'}
24.8824 	EXP 	text_5: autoDraw = False
24.8824 	EXP 	stopb: autoDraw = False
24.8824 	EXP 	stopl: autoDraw = False
24.8824 	EXP 	stopr: autoDraw = False
24.8824 	EXP 	text_6: autoDraw = False
24.8824 	EXP 	text_6: foreColor = <psychopy.colors.Color: red, alpha=1.0>
24.8824 	EXP 	text_6: height = 0.1
24.8824 	EXP 	text_6: height = 0.1
24.8824 	EXP 	text_6: height = 0.1
24.8824 	EXP 	text_6: text = 'BLUE'
24.8824 	EXP 	text_5: autoDraw = True
24.8824 	EXP 	stopb: autoDraw = True
24.8824 	EXP 	stopl: autoDraw = True
24.8824 	EXP 	stopr: autoDraw = True
24.8824 	EXP 	text_6: autoDraw = True
25.1322 	DATA 	Keypress: r
25.1478 	EXP 	New trial (rep=0, index=8): {'word': 'BLUE', 'color': 'red', 'correct': 'r'}
25.1612 	EXP 	text_5: autoDraw = False
25.1612 	EXP 	stopb: autoDraw = False
25.1612 	EXP 	stopl: autoDraw = False
25.1612 	EXP 	stopr: autoDraw = False
25.1612 	EXP 	text_6: autoDraw = False
25.1612 	EXP 	text_6: foreColor = <psychopy.colors.Color: red, alpha=1.0>
25.1612 	EXP 	text_6: text = 'BLUE'
25.1612 	EXP 	text_5: autoDraw = True
25.1612 	EXP 	stopb: autoDraw = True
25.1612 	EXP 	stopl: autoDraw = True
25.1612 	EXP 	stopr: autoDraw = True
25.1612 	EXP 	text_6: autoDraw = True
25.3644 	DATA 	Keypress: b
25.3793 	EXP 	New trial (rep=0, index=9): {'word': 'RED', 'color': 'red', 'correct': 'r'}
25.3947 	EXP 	text_5: autoDraw = False
25.3947 	EXP 	stopb: autoDraw = False
25.3947 	EXP 	stopl: autoDraw = False
25.3947 	EXP 	stopr: autoDraw = False
25.3947 	EXP 	text_6: autoDraw = False
25.3947 	EXP 	text_6: foreColor = <psychopy.colors.Color: red, alpha=1.0>
25.3947 	EXP 	text_6: height = 0.1
25.3947 	EXP 	text_6: height = 0.1
25.3947 	EXP 	text_6: height = 0.1
25.3947 	EXP 	text_6: text = 'RED'
25.3947 	EXP 	text_5: autoDraw = True
25.3947 	EXP 	stopb: autoDraw = True
25.3947 	EXP 	stopl: autoDraw = True
25.3947 	EXP 	stopr: autoDraw = True
25.3947 	EXP 	text_6: autoDraw = True
25.5788 	EXP 	New trial (rep=0, index=10): {'word': 'BLUE', 'color': 'blue', 'correct': 'b'}
25.5899 	DATA 	Keypress: r
25.5948 	EXP 	text_5: autoDraw = False
25.5948 	EXP 	stopb: autoDraw = False
25.5948 	EXP 	stopl: autoDraw = False
25.5948 	EXP 	stopr: autoDraw = False
25.5948 	EXP 	text_6: autoDraw = False
25.5948 	EXP 	text_6: foreColor = <psychopy.colors.Color: blue, alpha=1.0>
25.5948 	EXP 	text_6: height = 0.1
25.5948 	EXP 	text_6: height = 0.1
25.5948 	EXP 	text_6: height = 0.1
25.5948 	EXP 	text_6: text = 'BLUE'
25.5948 	EXP 	text_5: autoDraw = True
25.5948 	EXP 	stopb: autoDraw = True
25.5948 	EXP 	stopl: autoDraw = True
25.5948 	EXP 	stopr: autoDraw = True
25.5948 	EXP 	text_6: autoDraw = True
25.9296 	EXP 	New trial (rep=0, index=11): {'word': 'RED', 'color': 'red', 'correct': 'r'}
25.9402 	DATA 	Keypress: b
25.9449 	EXP 	text_5: autoDraw = False
25.9449 	EXP 	stopb: autoDraw = False
25.9449 	EXP 	stopl: autoDraw = False
25.9449 	EXP 	stopr: autoDraw = False
25.9449 	EXP 	text_6: autoDraw = False
25.9449 	EXP 	text_6: foreColor = <psychopy.colors.Color: red, alpha=1.0>
25.9449 	EXP 	text_6: height = 0.1
25.9449 	EXP 	text_6: height = 0.1
25.9449 	EXP 	text_6: height = 0.1
25.9449 	EXP 	text_6: text = 'RED'
25.9449 	EXP 	text_5: autoDraw = True
25.9449 	EXP 	stopb: autoDraw = True
25.9449 	EXP 	stopl: autoDraw = True
25.9449 	EXP 	stopr: autoDraw = True
25.9449 	EXP 	text_6: autoDraw = True
26.3465 	DATA 	Keypress: space
26.5540 	EXP 	Sound sound_1 set volume 1.000
26.5547 	EXP 	New trial (rep=0, index=2): OrderedDict([('Participant1', 30), ('Participant2', 30), ('Participant3', 30), ('Participant4', 105), ('Participant5', 105), ('Participant6', 60), ('Participant7', 120), ('Participant8', 120), ('Participant9', 120), ('Participant10', 105), ('Participant11', 60), ('Participant12', 105), ('Participant13', 60), ('Participant14', 30), ('Participant15', 60), ('Participant16', 120), ('Participant17', 30), ('Participant18', 30), ('Participant19', 30), ('Participant20', 105), ('Participant21', 105), ('Participant22', 60), ('Participant23', 120), ('Participant24', 120), ('Participant25', 120), ('Participant26', 105)])
26.5640 	EXP 	text_5: autoDraw = False
26.5640 	EXP 	stopb: autoDraw = False
26.5640 	EXP 	stopl: autoDraw = False
26.5640 	EXP 	stopr: autoDraw = False
26.5640 	EXP 	text_6: autoDraw = False
26.5640 	EXP 	text_2: height = 0.05
26.5640 	EXP 	text_2: height = 0.05
26.5640 	EXP 	text_2: height = 0.05
26.5640 	EXP 	text_2: text = 30
26.5640 	EXP 	text_3: autoDraw = True
26.5640 	EXP 	text_2: autoDraw = True
26.5640 	EXP 	text_4: autoDraw = True
27.5905 	DATA 	Keypress: r
28.1623 	EXP 	Imported C:/Users/carelab/Desktop/Erik/resources/stroop.xlsx as conditions, 20 conditions, 3 params
28.1628 	EXP 	Created sequence: random, trialTypes=20, nReps=1, seed=None
28.1631 	EXP 	New trial (rep=0, index=0): {'word': 'RED', 'color': 'red', 'correct': 'r'}
28.1718 	DATA 	Keypress: space
28.1766 	EXP 	text_3: autoDraw = False
28.1766 	EXP 	text_2: autoDraw = False
28.1766 	EXP 	text_4: autoDraw = False
28.1766 	EXP 	text_6: foreColor = <psychopy.colors.Color: red, alpha=1.0>
28.1766 	EXP 	text_6: text = 'RED'
28.1766 	EXP 	text_5: autoDraw = True
28.1766 	EXP 	stopb: autoDraw = True
28.1766 	EXP 	stopl: autoDraw = True
28.1766 	EXP 	stopr: autoDraw = True
28.1766 	EXP 	text_6: autoDraw = True
28.6986 	DATA 	Keypress: r
28.7110 	EXP 	New trial (rep=0, index=1): {'word': 'BLUE', 'color': 'blue', 'correct': 'b'}
28.7282 	EXP 	text_5: autoDraw = False
28.7282 	EXP 	stopb: autoDraw = False
28.7282 	EXP 	stopl: autoDraw = False
28.7282 	EXP 	stopr: autoDraw = False
28.7282 	EXP 	text_6: autoDraw = False
28.7282 	EXP 	text_6: foreColor = <psychopy.colors.Color: blue, alpha=1.0>
28.7282 	EXP 	text_6: height = 0.1
28.7282 	EXP 	text_6: height = 0.1
28.7282 	EXP 	text_6: height = 0.1
28.7282 	EXP 	text_6: text = 'BLUE'
28.7282 	EXP 	text_5: autoDraw = True
28.7282 	EXP 	stopb: autoDraw = True
28.7282 	EXP 	stopl: autoDraw = True
28.7282 	EXP 	stopr: autoDraw = True
28.7282 	EXP 	text_6: autoDraw = True
28.9804 	DATA 	Keypress: b
28.9941 	EXP 	New trial (rep=0, index=2): {'word': 'BLUE', 'color': 'blue', 'correct': 'b'}
29.0079 	EXP 	text_5: autoDraw = False
29.0079 	EXP 	stopb: autoDraw = False
29.0079 	EXP 	stopl: autoDraw = False
29.0079 	EXP 	stopr: autoDraw = False
29.0079 	EXP 	text_6: autoDraw = False
29.0079 	EXP 	text_6: foreColor = <psychopy.colors.Color: blue, alpha=1.0>
29.0079 	EXP 	text_6: text = 'BLUE'
29.0079 	EXP 	text_5: autoDraw = True
29.0079 	EXP 	stopb: autoDraw = True
29.0079 	EXP 	stopl: autoDraw = True
29.0079 	EXP 	stopr: autoDraw = True
29.0079 	EXP 	text_6: autoDraw = True
29.1809 	DATA 	Keypress: r
29.1952 	EXP 	New trial (rep=0, index=3): {'word': 'BLUE', 'color': 'red', 'correct': 'r'}
29.2087 	EXP 	text_5: autoDraw = False
29.2087 	EXP 	stopb: autoDraw = False
29.2087 	EXP 	stopl: autoDraw = False
29.2087 	EXP 	stopr: autoDraw = False
29.2087 	EXP 	text_6: autoDraw = False
29.2087 	EXP 	text_6: foreColor = <psychopy.colors.Color: red, alpha=1.0>
29.2087 	EXP 	text_6: text = 'BLUE'
29.2087 	EXP 	text_5: autoDraw = True
29.2087 	EXP 	stopb: autoDraw = True
29.2087 	EXP 	stopl: autoDraw = True
29.2087 	EXP 	stopr: autoDraw = True
29.2087 	EXP 	text_6: autoDraw = True
29.3478 	DATA 	Keypress: b
29.3606 	EXP 	New trial (rep=0, index=4): {'word': 'RED', 'color': 'blue', 'correct': 'b'}
29.3776 	EXP 	text_5: autoDraw = False
29.3776 	EXP 	stopb: autoDraw = False
29.3776 	EXP 	stopl: autoDraw = False
29.3776 	EXP 	stopr: autoDraw = False
29.3776 	EXP 	text_6: autoDraw = False
29.3776 	EXP 	text_6: foreColor = <psychopy.colors.Color: blue, alpha=1.0>
29.3776 	EXP 	text_6: height = 0.1
29.3776 	EXP 	text_6: height = 0.1
29.3776 	EXP 	text_6: height = 0.1
29.3776 	EXP 	text_6: text = 'RED'
29.3776 	EXP 	text_5: autoDraw = True
29.3776 	EXP 	stopb: autoDraw = True
29.3776 	EXP 	stopl: autoDraw = True
29.3776 	EXP 	stopr: autoDraw = True
29.3776 	EXP 	text_6: autoDraw = True
29.6006 	EXP 	New trial (rep=0, index=5): {'word': 'BLUE', 'color': 'blue', 'correct': 'b'}
29.6122 	DATA 	Keypress: r
29.6172 	EXP 	text_5: autoDraw = False
29.6172 	EXP 	stopb: autoDraw = False
29.6172 	EXP 	stopl: autoDraw = False
29.6172 	EXP 	stopr: autoDraw = False
29.6172 	EXP 	text_6: autoDraw = False
29.6172 	EXP 	text_6: foreColor = <psychopy.colors.Color: blue, alpha=1.0>
29.6172 	EXP 	text_6: height = 0.1
29.6172 	EXP 	text_6: height = 0.1
29.6172 	EXP 	text_6: height = 0.1
29.6172 	EXP 	text_6: text = 'BLUE'
29.6172 	EXP 	text_5: autoDraw = True
29.6172 	EXP 	stopb: autoDraw = True
29.6172 	EXP 	stopl: autoDraw = True
29.6172 	EXP 	stopr: autoDraw = True
29.6172 	EXP 	text_6: autoDraw = True
29.6488 	EXP 	New trial (rep=0, index=6): {'word': 'RED', 'color': 'blue', 'correct': 'b'}
29.6627 	DATA 	Keypress: b
29.6684 	EXP 	text_5: autoDraw = False
29.6684 	EXP 	stopb: autoDraw = False
29.6684 	EXP 	stopl: autoDraw = False
29.6684 	EXP 	stopr: autoDraw = False
29.6684 	EXP 	text_6: autoDraw = False
29.6684 	EXP 	text_6: foreColor = <psychopy.colors.Color: blue, alpha=1.0>
29.6684 	EXP 	text_6: height = 0.1
29.6684 	EXP 	text_6: height = 0.1
29.6684 	EXP 	text_6: height = 0.1
29.6684 	EXP 	text_6: text = 'RED'
29.6684 	EXP 	text_5: autoDraw = True
29.6684 	EXP 	stopb: autoDraw = True
29.6684 	EXP 	stopl: autoDraw = True
29.6684 	EXP 	stopr: autoDraw = True
29.6684 	EXP 	text_6: autoDraw = True
30.2028 	DATA 	Keypress: space
30.3660 	EXP 	Sound sound_1 set volume 1.000
30.3667 	EXP 	New trial (rep=0, index=3): OrderedDict([('Participant1', 105), ('Participant2', 105), ('Participant3', 60), ('Participant4', 120), ('Participant5', 120), ('Participant6', 120), ('Participant7', 105), ('Participant8', 60), ('Participant9', 105), ('Participant10', 60), ('Participant11', 30), ('Participant12', 60), ('Participant13', 120), ('Participant14', 30), ('Participant15', 30), ('Participant16', 30), ('Participant17', 105), ('Participant18', 105), ('Participant19', 60), ('Participant20', 120), ('Participant21', 120), ('Participant22', 120), ('Participant23', 105), ('Participant24', 60), ('Participant25', 105), ('Participant26', 60)])
30.3781 	EXP 	text_5: autoDraw = False
30.3781 	EXP 	stopb: autoDraw = False
30.3781 	EXP 	stopl: autoDraw = False
30.3781 	EXP 	stopr: autoDraw = False
30.3781 	EXP 	text_6: autoDraw = False
30.3781 	EXP 	text_2: height = 0.05
30.3781 	EXP 	text_2: height = 0.05
30.3781 	EXP 	text_2: height = 0.05
30.3781 	EXP 	text_2: text = 105
30.3781 	EXP 	text_3: autoDraw = True
30.3781 	EXP 	text_2: autoDraw = True
30.3781 	EXP 	text_4: autoDraw = True
32.5444 	EXP 	Imported C:/Users/carelab/Desktop/Erik/resources/stroop.xlsx as conditions, 20 conditions, 3 params
32.5450 	EXP 	Created sequence: random, trialTypes=20, nReps=1, seed=None
32.5453 	EXP 	New trial (rep=0, index=0): {'word': 'RED', 'color': 'red', 'correct': 'r'}
32.5648 	DATA 	Keypress: space
32.5700 	EXP 	text_3: autoDraw = False
32.5700 	EXP 	text_2: autoDraw = False
32.5700 	EXP 	text_4: autoDraw = False
32.5700 	EXP 	text_6: foreColor = <psychopy.colors.Color: red, alpha=1.0>
32.5700 	EXP 	text_6: text = 'RED'
32.5700 	EXP 	text_5: autoDraw = True
32.5700 	EXP 	stopb: autoDraw = True
32.5700 	EXP 	stopl: autoDraw = True
32.5700 	EXP 	stopr: autoDraw = True
32.5700 	EXP 	text_6: autoDraw = True
33.2185 	DATA 	Keypress: r
33.2328 	EXP 	New trial (rep=0, index=1): {'word': 'BLUE', 'color': 'red', 'correct': 'r'}
33.2513 	EXP 	text_5: autoDraw = False
33.2513 	EXP 	stopb: autoDraw = False
33.2513 	EXP 	stopl: autoDraw = False
33.2513 	EXP 	stopr: autoDraw = False
33.2513 	EXP 	text_6: autoDraw = False
33.2513 	EXP 	text_6: foreColor = <psychopy.colors.Color: red, alpha=1.0>
33.2513 	EXP 	text_6: height = 0.1
33.2513 	EXP 	text_6: height = 0.1
33.2513 	EXP 	text_6: height = 0.1
33.2513 	EXP 	text_6: text = 'BLUE'
33.2513 	EXP 	text_5: autoDraw = True
33.2513 	EXP 	stopb: autoDraw = True
33.2513 	EXP 	stopl: autoDraw = True
33.2513 	EXP 	stopr: autoDraw = True
33.2513 	EXP 	text_6: autoDraw = True
33.4833 	EXP 	New trial (rep=0, index=2): {'word': 'BLUE', 'color': 'blue', 'correct': 'b'}
33.4959 	DATA 	Keypress: b
33.5010 	EXP 	text_5: autoDraw = False
33.5010 	EXP 	stopb: autoDraw = False
33.5010 	EXP 	stopl: autoDraw = False
33.5010 	EXP 	stopr: autoDraw = False
33.5010 	EXP 	text_6: autoDraw = False
33.5010 	EXP 	text_6: foreColor = <psychopy.colors.Color: blue, alpha=1.0>
33.5010 	EXP 	text_6: text = 'BLUE'
33.5010 	EXP 	text_5: autoDraw = True
33.5010 	EXP 	stopb: autoDraw = True
33.5010 	EXP 	stopl: autoDraw = True
33.5010 	EXP 	stopr: autoDraw = True
33.5010 	EXP 	text_6: autoDraw = True
33.8365 	EXP 	New trial (rep=0, index=3): {'word': 'RED', 'color': 'red', 'correct': 'r'}
33.8508 	DATA 	Keypress: r
33.8555 	EXP 	text_5: autoDraw = False
33.8555 	EXP 	stopb: autoDraw = False
33.8555 	EXP 	stopl: autoDraw = False
33.8555 	EXP 	stopr: autoDraw = False
33.8555 	EXP 	text_6: autoDraw = False
33.8555 	EXP 	text_6: foreColor = <psychopy.colors.Color: red, alpha=1.0>
33.8555 	EXP 	text_6: height = 0.1
33.8555 	EXP 	text_6: height = 0.1
33.8555 	EXP 	text_6: height = 0.1
33.8555 	EXP 	text_6: text = 'RED'
33.8555 	EXP 	text_5: autoDraw = True
33.8555 	EXP 	stopb: autoDraw = True
33.8555 	EXP 	stopl: autoDraw = True
33.8555 	EXP 	stopr: autoDraw = True
33.8555 	EXP 	text_6: autoDraw = True
33.9623 	DATA 	Keypress: b
33.9780 	EXP 	New trial (rep=0, index=4): {'word': 'RED', 'color': 'red', 'correct': 'r'}
33.9960 	EXP 	text_5: autoDraw = False
33.9960 	EXP 	stopb: autoDraw = False
33.9960 	EXP 	stopl: autoDraw = False
33.9960 	EXP 	stopr: autoDraw = False
33.9960 	EXP 	text_6: autoDraw = False
33.9960 	EXP 	text_6: foreColor = <psychopy.colors.Color: red, alpha=1.0>
33.9960 	EXP 	text_6: text = 'RED'
33.9960 	EXP 	text_5: autoDraw = True
33.9960 	EXP 	stopb: autoDraw = True
33.9960 	EXP 	stopl: autoDraw = True
33.9960 	EXP 	stopr: autoDraw = True
33.9960 	EXP 	text_6: autoDraw = True
34.1974 	DATA 	Keypress: b
34.1977 	DATA 	Keypress: r
34.2127 	EXP 	New trial (rep=0, index=5): {'word': 'BLUE', 'color': 'blue', 'correct': 'b'}
34.2303 	EXP 	text_5: autoDraw = False
34.2303 	EXP 	stopb: autoDraw = False
34.2303 	EXP 	stopl: autoDraw = False
34.2303 	EXP 	stopr: autoDraw = False
34.2303 	EXP 	text_6: autoDraw = False
34.2303 	EXP 	text_6: foreColor = <psychopy.colors.Color: blue, alpha=1.0>
34.2303 	EXP 	text_6: height = 0.1
34.2303 	EXP 	text_6: height = 0.1
34.2303 	EXP 	text_6: height = 0.1
34.2303 	EXP 	text_6: text = 'BLUE'
34.2303 	EXP 	text_5: autoDraw = True
34.2303 	EXP 	stopb: autoDraw = True
34.2303 	EXP 	stopl: autoDraw = True
34.2303 	EXP 	stopr: autoDraw = True
34.2303 	EXP 	text_6: autoDraw = True
34.6858 	DATA 	Keypress: space
34.9194 	EXP 	Sound sound_1 set volume 1.000
34.9201 	EXP 	New trial (rep=0, index=4): OrderedDict([('Participant1', 120), ('Participant2', 30), ('Participant3', 30), ('Participant4', 30), ('Participant5', 105), ('Participant6', 105), ('Participant7', 60), ('Participant8', 120), ('Participant9', 120), ('Participant10', 120), ('Participant11', 105), ('Participant12', 60), ('Participant13', 105), ('Participant14', 60), ('Participant15', 30), ('Participant16', 60), ('Participant17', 120), ('Participant18', 30), ('Participant19', 30), ('Participant20', 30), ('Participant21', 105), ('Participant22', 105), ('Participant23', 60), ('Participant24', 120), ('Participant25', 120), ('Participant26', 120)])
34.9312 	EXP 	text_5: autoDraw = False
34.9312 	EXP 	stopb: autoDraw = False
34.9312 	EXP 	stopl: autoDraw = False
34.9312 	EXP 	stopr: autoDraw = False
34.9312 	EXP 	text_6: autoDraw = False
34.9312 	EXP 	text_2: height = 0.05
34.9312 	EXP 	text_2: height = 0.05
34.9312 	EXP 	text_2: height = 0.05
34.9312 	EXP 	text_2: text = 120
34.9312 	EXP 	text_3: autoDraw = True
34.9312 	EXP 	text_2: autoDraw = True
34.9312 	EXP 	text_4: autoDraw = True
36.9542 	DATA 	Keypress: space
36.9764 	EXP 	Imported C:/Users/carelab/Desktop/Erik/resources/stroop.xlsx as conditions, 20 conditions, 3 params
36.9771 	EXP 	Created sequence: random, trialTypes=20, nReps=1, seed=None
36.9773 	EXP 	New trial (rep=0, index=0): {'word': 'BLUE', 'color': 'blue', 'correct': 'b'}
36.9948 	EXP 	text_3: autoDraw = False
36.9948 	EXP 	text_2: autoDraw = False
36.9948 	EXP 	text_4: autoDraw = False
36.9948 	EXP 	text_6: foreColor = <psychopy.colors.Color: blue, alpha=1.0>
36.9948 	EXP 	text_6: text = 'BLUE'
36.9948 	EXP 	text_5: autoDraw = True
36.9948 	EXP 	stopb: autoDraw = True
36.9948 	EXP 	stopl: autoDraw = True
36.9948 	EXP 	stopr: autoDraw = True
36.9948 	EXP 	text_6: autoDraw = True
39.2470 	DATA 	Keypress: space
39.3392 	EXP 	Sound sound_1 set volume 1.000
39.3398 	EXP 	New trial (rep=0, index=5): OrderedDict([('Participant1', 105), ('Participant2', 60), ('Participant3', 120), ('Participant4', 120), ('Participant5', 120), ('Participant6', 105), ('Participant7', 60), ('Participant8', 105), ('Participant9', 60), ('Participant10', 30), ('Participant11', 60), ('Participant12', 120), ('Participant13', 30), ('Participant14', 30), ('Participant15', 30), ('Participant16', 105), ('Participant17', 105), ('Participant18', 60), ('Participant19', 120), ('Participant20', 120), ('Participant21', 120), ('Participant22', 105), ('Participant23', 60), ('Participant24', 105), ('Participant25', 60), ('Participant26', 30)])
39.3490 	EXP 	text_5: autoDraw = False
39.3490 	EXP 	stopb: autoDraw = False
39.3490 	EXP 	stopl: autoDraw = False
39.3490 	EXP 	stopr: autoDraw = False
39.3490 	EXP 	text_6: autoDraw = False
39.3490 	EXP 	text_2: height = 0.05
39.3490 	EXP 	text_2: height = 0.05
39.3490 	EXP 	text_2: height = 0.05
39.3490 	EXP 	text_2: text = 105
39.3490 	EXP 	text_3: autoDraw = True
39.3490 	EXP 	text_2: autoDraw = True
39.3490 	EXP 	text_4: autoDraw = True
40.7366 	DATA 	Keypress: escape
45.8189 	EXP 	window1: mouseVisible = True
