1.7229 	WARNING 	We strongly recommend you activate the PTB sound engine in PsychoPy prefs as the preferred audio engine. Its timing is vastly superior. Your prefs are currently set to use ['sounddevice', 'PTB', 'pyo', 'pygame'] (in that order).
15.4923 	WARNING 	User requested fullscreen with size [1024  768], but screen is actually [2560, 1440]. Using actual size
18.2609 	EXP 	Created window1 = Window(allowGUI=True, allowStencil=False, autoLog=True, backendConf=UNKNOWN, bitsMode=UNKNOWN, blendMode='avg', bpc=(8, 8, 8), color=array([0, 0, 0]), colorSpace='rgb', depthBits=8, fullscr=<method-wrapper '__getattribute__' of attributeSetter object at 0x000001DCB43155B0>, gamma=None, gammaErrorPolicy='raise', lms=UNKNOWN, monitor=<psychopy.monitors.calibTools.Monitor object at 0x000001DCB61EB820>, multiSample=False, name='window1', numSamples=2, pos=(0, 0), screen=0, size=array([2560, 1440]), stencilBits=0, stereo=False, units='height', useFBO=True, useRetina=False, viewOri=0.0, viewPos=None, viewScale=None, waitBlanking=True, winType='pyglet')
18.2612 	EXP 	window1: mouseVisible = True
18.2615 	EXP 	window1: mouseVisible = False
18.2616 	EXP 	window1: Attempting to measure frame rate of screen (0) ...
18.2616 	EXP 	window1: recordFrameIntervals = False
18.4263 	EXP 	window1: recordFrameIntervals = True
18.6102 	EXP 	Screen (0) actual frame rate measured at 60.02Hz
18.6103 	EXP 	window1: recordFrameIntervals = False
20.6437 	EXP 	Created text_instr = TextStim(__class__=<class 'psychopy.visual.text.TextStim'>, alignHoriz=method-wrapper(...), alignText='center', alignVert=method-wrapper(...), anchorHoriz='center', anchorVert='center', antialias=True, autoDraw=False, autoLog=True, bold=False, color=array([1, 1, 1]), colorSpace='rgb', contrast=1.0, depth=0.0, flipHoriz=False, flipVert=False, font='Comic Sans', fontFiles=[], height=0.04, italic=False, languageStyle='LTR', name='text_instr', opacity=1.0, ori=0.0, pos=array([0., 0.]), rgb=UNKNOWN, text=str(...), units='height', win=Window(...), wrapWidth=1)
20.6603 	EXP 	Created image_next = ImageStim(__class__=<class 'psychopy.visual.image.ImageStim'>, anchor=('center', 'center'), autoLog=True, color=array([1, 1, 1]), colorSpace='rgb', contrast=1.0, depth=-1.0, flipHoriz=False, flipVert=False, image='next.png', interpolate=True, mask=None, maskParams=None, name='image_next', opacity=1.0, ori=0.0, pos=array([ 0.6, -0.4]), size=array([0.11319444, 0.06736111]), texRes=128.0, units='height', win=Window(...))
20.6607 	EXP 	window1: mouseVisible = True
20.6802 	EXP 	Created text_3 = TextStim(__class__=<class 'psychopy.visual.text.TextStim'>, alignHoriz=method-wrapper(...), alignText='center', alignVert=method-wrapper(...), anchorHoriz='center', anchorVert='center', antialias=True, autoDraw=False, autoLog=True, bold=False, color=array([1, 1, 1]), colorSpace='rgb', contrast=1.0, depth=0.0, flipHoriz=False, flipVert=False, font='Open Sans', fontFiles=[], height=0.05, italic=False, languageStyle='LTR', name='text_3', opacity=1.0, ori=0.0, pos=array([0. , 0.3]), rgb=UNKNOWN, text=str(...), units='height', win=Window(...), wrapWidth=1)
20.6808 	EXP 	Created text_2 = TextStim(__class__=<class 'psychopy.visual.text.TextStim'>, alignHoriz=method-wrapper(...), alignText='center', alignVert=method-wrapper(...), anchorHoriz='center', anchorVert='center', antialias=True, autoDraw=False, autoLog=True, bold=False, color=array([1, 1, 1]), colorSpace='rgb', contrast=1.0, depth=-1.0, flipHoriz=False, flipVert=False, font='Open Sans', fontFiles=[], height=0.05, italic=False, languageStyle='LTR', name='text_2', opacity=1.0, ori=0.0, pos=array([0., 0.]), rgb=UNKNOWN, text='', units='height', win=Window(...), wrapWidth=1)
20.6928 	EXP 	Created text_4 = TextStim(__class__=<class 'psychopy.visual.text.TextStim'>, alignHoriz=method-wrapper(...), alignText='center', alignVert=method-wrapper(...), anchorHoriz='center', anchorVert='center', antialias=True, autoDraw=False, autoLog=True, bold=False, color=array([1, 1, 1]), colorSpace='rgb', contrast=1.0, depth=-3.0, flipHoriz=False, flipVert=False, font='Open Sans', fontFiles=[], height=0.05, italic=False, languageStyle='LTR', name='text_4', opacity=1.0, ori=0.0, pos=array([ 0. , -0.2]), rgb=UNKNOWN, text=str(...), units='height', win=Window(...), wrapWidth=1)
20.6942 	EXP 	Created text_5 = TextStim(__class__=<class 'psychopy.visual.text.TextStim'>, alignHoriz=method-wrapper(...), alignText='center', alignVert=method-wrapper(...), anchorHoriz='center', anchorVert='center', antialias=True, autoDraw=False, autoLog=True, bold=False, color=array([1, 1, 1]), colorSpace='rgb', contrast=1.0, depth=-2.0, flipHoriz=False, flipVert=False, font='Arial', fontFiles=[], height=0.1, italic=False, languageStyle='LTR', name='text_5', opacity=1.0, ori=0.0, pos=array([0. , 0.4]), rgb=UNKNOWN, text='', units='height', win=Window(...), wrapWidth=1)
20.6948 	EXP 	Created stopb = TextStim(__class__=<class 'psychopy.visual.text.TextStim'>, alignHoriz=method-wrapper(...), alignText='center', alignVert=method-wrapper(...), anchorHoriz='center', anchorVert='center', antialias=True, autoDraw=False, autoLog=True, bold=False, color=array([1, 1, 1]), colorSpace='rgb', contrast=1.0, depth=-3.0, flipHoriz=False, flipVert=False, font='Arial', fontFiles=[], height=0.1, italic=False, languageStyle='LTR', name='stopb', opacity=1.0, ori=0.0, pos=array([ 0. , -0.4]), rgb=UNKNOWN, text='', units='height', win=Window(...), wrapWidth=1)
20.6955 	EXP 	Created stopl = TextStim(__class__=<class 'psychopy.visual.text.TextStim'>, alignHoriz=method-wrapper(...), alignText='center', alignVert=method-wrapper(...), anchorHoriz='center', anchorVert='center', antialias=True, autoDraw=False, autoLog=True, bold=False, color=array([1, 1, 1]), colorSpace='rgb', contrast=1.0, depth=-4.0, flipHoriz=False, flipVert=False, font='Arial', fontFiles=[], height=0.1, italic=False, languageStyle='LTR', name='stopl', opacity=1.0, ori=90.0, pos=array([-0.75,  0.  ]), rgb=UNKNOWN, text='', units='height', win=Window(...), wrapWidth=1)
20.6961 	EXP 	Created stopr = TextStim(__class__=<class 'psychopy.visual.text.TextStim'>, alignHoriz=method-wrapper(...), alignText='center', alignVert=method-wrapper(...), anchorHoriz='center', anchorVert='center', antialias=True, autoDraw=False, autoLog=True, bold=False, color=array([1, 1, 1]), colorSpace='rgb', contrast=1.0, depth=-5.0, flipHoriz=False, flipVert=False, font='Arial', fontFiles=[], height=0.1, italic=False, languageStyle='LTR', name='stopr', opacity=1.0, ori=-90.0, pos=array([0.75, 0.  ]), rgb=UNKNOWN, text='', units='height', win=Window(...), wrapWidth=1)
20.6970 	EXP 	Created text_6 = TextStim(__class__=<class 'psychopy.visual.text.TextStim'>, alignHoriz=method-wrapper(...), alignText='center', alignVert=method-wrapper(...), anchorHoriz='center', anchorVert='center', antialias=True, autoDraw=False, autoLog=True, bold=False, color=array([1, 1, 1]), colorSpace='rgb', contrast=1.0, depth=-7.0, flipHoriz=False, flipVert=False, font='Open Sans', fontFiles=[], height=0.1, italic=False, languageStyle='LTR', name='text_6', opacity=1.0, ori=0.0, pos=array([0., 0.]), rgb=UNKNOWN, text='', units='height', win=Window(...), wrapWidth=1)
21.0772 	EXP 	Sound sound_1 set volume 1.000
21.1175 	EXP 	text_instr: autoDraw = True
21.1175 	EXP 	image_next: autoDraw = True
22.9431 	DATA 	Mouse: Left button down, pos=(2171,164)
22.9756 	EXP 	Imported C:/Users/carelab/Desktop/Erik/resources/Lsquare.csv as conditions, 16 conditions, 26 params
22.9764 	EXP 	Created sequence: sequential, trialTypes=16, nReps=1, seed=None
22.9774 	EXP 	New trial (rep=0, index=0): OrderedDict([('Participant1', 30), ('Participant2', 30), ('Participant3', 105), ('Participant4', 105), ('Participant5', 60), ('Participant6', 120), ('Participant7', 120), ('Participant8', 120), ('Participant9', 105), ('Participant10', 60), ('Participant11', 105), ('Participant12', 60), ('Participant13', 30), ('Participant14', 60), ('Participant15', 120), ('Participant16', 30), ('Participant17', 30), ('Participant18', 30), ('Participant19', 105), ('Participant20', 105), ('Participant21', 60), ('Participant22', 120), ('Participant23', 120), ('Participant24', 120), ('Participant25', 105), ('Participant26', 60)])
22.9956 	EXP 	text_instr: autoDraw = False
22.9956 	EXP 	image_next: autoDraw = False
22.9956 	EXP 	text_2: height = 0.05
22.9956 	EXP 	text_2: height = 0.05
22.9956 	EXP 	text_2: height = 0.05
22.9956 	EXP 	text_2: text = 30
22.9956 	EXP 	text_3: autoDraw = True
22.9956 	EXP 	text_2: autoDraw = True
22.9956 	EXP 	text_4: autoDraw = True
23.0286 	DATA 	Mouse:  Left button up, pos=(2173,164)
29.3791 	DATA 	Keypress: space
29.4159 	EXP 	Imported C:/Users/carelab/Desktop/Erik/resources/stroop.xlsx as conditions, 36 conditions, 4 params
29.4175 	EXP 	Created sequence: random, trialTypes=36, nReps=1, seed=None
29.4181 	EXP 	New trial (rep=0, index=0): {'word': 'YELLOW', 'color': 'red', 'correct': 'r', 'rand': 0.3487272960875837}
29.4693 	EXP 	text_3: autoDraw = False
29.4693 	EXP 	text_2: autoDraw = False
29.4693 	EXP 	text_4: autoDraw = False
29.4693 	EXP 	text_6: foreColor = <psychopy.colors.Color: red, alpha=1.0>
29.4693 	EXP 	text_6: height = 0.1
29.4693 	EXP 	text_6: height = 0.1
29.4693 	EXP 	text_6: height = 0.1
29.4693 	EXP 	text_6: text = 'YELLOW'
29.4693 	EXP 	text_5: autoDraw = True
29.4693 	EXP 	stopb: autoDraw = True
29.4693 	EXP 	stopl: autoDraw = True
29.4693 	EXP 	stopr: autoDraw = True
29.4693 	EXP 	text_6: autoDraw = True
31.3644 	EXP 	New trial (rep=0, index=1): {'word': 'YELLOW', 'color': 'green', 'correct': 'g', 'rand': 0.059295667701959265}
31.3763 	DATA 	Keypress: r
31.3811 	EXP 	text_5: autoDraw = False
31.3811 	EXP 	stopb: autoDraw = False
31.3811 	EXP 	stopl: autoDraw = False
31.3811 	EXP 	stopr: autoDraw = False
31.3811 	EXP 	text_6: autoDraw = False
31.3811 	EXP 	text_6: foreColor = <psychopy.colors.Color: green, alpha=1.0>
31.3811 	EXP 	text_6: text = 'YELLOW'
31.3811 	EXP 	text_5: autoDraw = True
31.3811 	EXP 	stopb: autoDraw = True
31.3811 	EXP 	stopl: autoDraw = True
31.3811 	EXP 	stopr: autoDraw = True
31.3811 	EXP 	text_6: autoDraw = True
32.7792 	DATA 	Keypress: g
32.8003 	EXP 	New trial (rep=0, index=2): {'word': 'RED', 'color': 'green', 'correct': 'g', 'rand': 0.576527884204422}
32.8372 	EXP 	text_5: autoDraw = False
32.8372 	EXP 	stopb: autoDraw = False
32.8372 	EXP 	stopl: autoDraw = False
32.8372 	EXP 	stopr: autoDraw = False
32.8372 	EXP 	text_6: autoDraw = False
32.8372 	EXP 	text_6: foreColor = <psychopy.colors.Color: green, alpha=1.0>
32.8372 	EXP 	text_6: height = 0.1
32.8372 	EXP 	text_6: height = 0.1
32.8372 	EXP 	text_6: height = 0.1
32.8372 	EXP 	text_6: text = 'RED'
32.8372 	EXP 	text_5: autoDraw = True
32.8372 	EXP 	stopb: autoDraw = True
32.8372 	EXP 	stopl: autoDraw = True
32.8372 	EXP 	stopr: autoDraw = True
32.8372 	EXP 	text_6: autoDraw = True
33.7182 	DATA 	Keypress: g
33.7368 	EXP 	New trial (rep=0, index=3): {'word': 'YELLOW', 'color': 'yellow', 'correct': 'y', 'rand': 0.24234750429562224}
33.7658 	EXP 	text_5: autoDraw = False
33.7658 	EXP 	stopb: autoDraw = False
33.7658 	EXP 	stopl: autoDraw = False
33.7658 	EXP 	stopr: autoDraw = False
33.7658 	EXP 	text_6: autoDraw = False
33.7658 	EXP 	text_6: foreColor = <psychopy.colors.Color: yellow, alpha=1.0>
33.7658 	EXP 	text_6: height = 0.1
33.7658 	EXP 	text_6: height = 0.1
33.7658 	EXP 	text_6: height = 0.1
33.7658 	EXP 	text_6: text = 'YELLOW'
33.7658 	EXP 	text_5: autoDraw = True
33.7658 	EXP 	stopb: autoDraw = True
33.7658 	EXP 	stopl: autoDraw = True
33.7658 	EXP 	stopr: autoDraw = True
33.7658 	EXP 	text_6: autoDraw = True
35.2985 	DATA 	Keypress: y
35.3195 	EXP 	New trial (rep=0, index=4): {'word': 'YELLOW', 'color': 'green', 'correct': 'g', 'rand': 0.4491802613083087}
35.3427 	EXP 	text_5: autoDraw = False
35.3427 	EXP 	stopb: autoDraw = False
35.3427 	EXP 	stopl: autoDraw = False
35.3427 	EXP 	stopr: autoDraw = False
35.3427 	EXP 	text_6: autoDraw = False
35.3427 	EXP 	text_6: foreColor = <psychopy.colors.Color: green, alpha=1.0>
35.3427 	EXP 	text_6: text = 'YELLOW'
35.3427 	EXP 	text_5: autoDraw = True
35.3427 	EXP 	stopb: autoDraw = True
35.3427 	EXP 	stopl: autoDraw = True
35.3427 	EXP 	stopr: autoDraw = True
35.3427 	EXP 	text_6: autoDraw = True
36.6754 	DATA 	Keypress: g
36.6960 	EXP 	New trial (rep=0, index=5): {'word': 'GREEN', 'color': 'red', 'correct': 'r', 'rand': 0.9539760953513104}
36.7258 	EXP 	text_5: autoDraw = False
36.7258 	EXP 	stopb: autoDraw = False
36.7258 	EXP 	stopl: autoDraw = False
36.7258 	EXP 	stopr: autoDraw = False
36.7258 	EXP 	text_6: autoDraw = False
36.7258 	EXP 	text_6: foreColor = <psychopy.colors.Color: red, alpha=1.0>
36.7258 	EXP 	text_6: height = 0.1
36.7258 	EXP 	text_6: height = 0.1
36.7258 	EXP 	text_6: height = 0.1
36.7258 	EXP 	text_6: text = 'GREEN'
36.7258 	EXP 	text_5: autoDraw = True
36.7258 	EXP 	stopb: autoDraw = True
36.7258 	EXP 	stopl: autoDraw = True
36.7258 	EXP 	stopr: autoDraw = True
36.7258 	EXP 	text_6: autoDraw = True
37.9721 	DATA 	Keypress: r
37.9925 	EXP 	New trial (rep=0, index=6): {'word': 'YELLOW', 'color': 'red', 'correct': 'r', 'rand': 0.49453544456840004}
38.0181 	EXP 	text_5: autoDraw = False
38.0181 	EXP 	stopb: autoDraw = False
38.0181 	EXP 	stopl: autoDraw = False
38.0181 	EXP 	stopr: autoDraw = False
38.0181 	EXP 	text_6: autoDraw = False
38.0181 	EXP 	text_6: foreColor = <psychopy.colors.Color: red, alpha=1.0>
38.0181 	EXP 	text_6: height = 0.1
38.0181 	EXP 	text_6: height = 0.1
38.0181 	EXP 	text_6: height = 0.1
38.0181 	EXP 	text_6: text = 'YELLOW'
38.0181 	EXP 	text_5: autoDraw = True
38.0181 	EXP 	stopb: autoDraw = True
38.0181 	EXP 	stopl: autoDraw = True
38.0181 	EXP 	stopr: autoDraw = True
38.0181 	EXP 	text_6: autoDraw = True
40.3461 	DATA 	Keypress: r
40.3605 	EXP 	New trial (rep=0, index=7): {'word': 'RED', 'color': 'yellow', 'correct': 'y', 'rand': 0.16989222570905715}
40.3769 	EXP 	text_5: autoDraw = False
40.3769 	EXP 	stopb: autoDraw = False
40.3769 	EXP 	stopl: autoDraw = False
40.3769 	EXP 	stopr: autoDraw = False
40.3769 	EXP 	text_6: autoDraw = False
40.3769 	EXP 	text_6: foreColor = <psychopy.colors.Color: yellow, alpha=1.0>
40.3769 	EXP 	text_6: height = 0.1
40.3769 	EXP 	text_6: height = 0.1
40.3769 	EXP 	text_6: height = 0.1
40.3769 	EXP 	text_6: text = 'RED'
40.3769 	EXP 	text_5: autoDraw = True
40.3769 	EXP 	stopb: autoDraw = True
40.3769 	EXP 	stopl: autoDraw = True
40.3769 	EXP 	stopr: autoDraw = True
40.3769 	EXP 	text_6: autoDraw = True
41.6054 	DATA 	Keypress: y
41.6259 	EXP 	New trial (rep=0, index=8): {'word': 'RED', 'color': 'blue', 'correct': 'b', 'rand': 0.5782139250846439}
41.6491 	EXP 	text_5: autoDraw = False
41.6491 	EXP 	stopb: autoDraw = False
41.6491 	EXP 	stopl: autoDraw = False
41.6491 	EXP 	stopr: autoDraw = False
41.6491 	EXP 	text_6: autoDraw = False
41.6491 	EXP 	text_6: foreColor = <psychopy.colors.Color: blue, alpha=1.0>
41.6491 	EXP 	text_6: text = 'RED'
41.6491 	EXP 	text_5: autoDraw = True
41.6491 	EXP 	stopb: autoDraw = True
41.6491 	EXP 	stopl: autoDraw = True
41.6491 	EXP 	stopr: autoDraw = True
41.6491 	EXP 	text_6: autoDraw = True
46.9655 	DATA 	Keypress: space
47.0776 	EXP 	Sound sound_1 set volume 1.000
47.0785 	EXP 	New trial (rep=0, index=1): OrderedDict([('Participant1', 30), ('Participant2', 105), ('Participant3', 105), ('Participant4', 60), ('Participant5', 120), ('Participant6', 120), ('Participant7', 120), ('Participant8', 105), ('Participant9', 60), ('Participant10', 105), ('Participant11', 60), ('Participant12', 30), ('Participant13', 60), ('Participant14', 120), ('Participant15', 30), ('Participant16', 30), ('Participant17', 30), ('Participant18', 105), ('Participant19', 105), ('Participant20', 60), ('Participant21', 120), ('Participant22', 120), ('Participant23', 120), ('Participant24', 105), ('Participant25', 60), ('Participant26', 105)])
47.0901 	EXP 	text_5: autoDraw = False
47.0901 	EXP 	stopb: autoDraw = False
47.0901 	EXP 	stopl: autoDraw = False
47.0901 	EXP 	stopr: autoDraw = False
47.0901 	EXP 	text_6: autoDraw = False
47.0901 	EXP 	text_2: height = 0.05
47.0901 	EXP 	text_2: height = 0.05
47.0901 	EXP 	text_2: height = 0.05
47.0901 	EXP 	text_2: text = 30
47.0901 	EXP 	text_3: autoDraw = True
47.0901 	EXP 	text_2: autoDraw = True
47.0901 	EXP 	text_4: autoDraw = True
49.9378 	EXP 	Imported C:/Users/carelab/Desktop/Erik/resources/stroop.xlsx as conditions, 36 conditions, 4 params
49.9394 	EXP 	Created sequence: random, trialTypes=36, nReps=1, seed=None
49.9400 	EXP 	New trial (rep=0, index=0): {'word': 'RED', 'color': 'yellow', 'correct': 'y', 'rand': 0.7507150569606615}
49.9622 	DATA 	Keypress: space
49.9672 	EXP 	text_3: autoDraw = False
49.9672 	EXP 	text_2: autoDraw = False
49.9672 	EXP 	text_4: autoDraw = False
49.9672 	EXP 	text_6: foreColor = <psychopy.colors.Color: yellow, alpha=1.0>
49.9672 	EXP 	text_6: text = 'RED'
49.9672 	EXP 	text_5: autoDraw = True
49.9672 	EXP 	stopb: autoDraw = True
49.9672 	EXP 	stopl: autoDraw = True
49.9672 	EXP 	stopr: autoDraw = True
49.9672 	EXP 	text_6: autoDraw = True
53.1738 	DATA 	Keypress: y
53.1961 	EXP 	New trial (rep=0, index=1): {'word': 'GREEN', 'color': 'green', 'correct': 'g', 'rand': 0.8239976350495168}
53.2263 	EXP 	text_5: autoDraw = False
53.2263 	EXP 	stopb: autoDraw = False
53.2263 	EXP 	stopl: autoDraw = False
53.2263 	EXP 	stopr: autoDraw = False
53.2263 	EXP 	text_6: autoDraw = False
53.2263 	EXP 	text_6: foreColor = <psychopy.colors.Color: green, alpha=1.0>
53.2263 	EXP 	text_6: height = 0.1
53.2263 	EXP 	text_6: height = 0.1
53.2263 	EXP 	text_6: height = 0.1
53.2263 	EXP 	text_6: text = 'GREEN'
53.2263 	EXP 	text_5: autoDraw = True
53.2263 	EXP 	stopb: autoDraw = True
53.2263 	EXP 	stopl: autoDraw = True
53.2263 	EXP 	stopr: autoDraw = True
53.2263 	EXP 	text_6: autoDraw = True
54.0894 	EXP 	New trial (rep=0, index=2): {'word': 'BLUE', 'color': 'green', 'correct': 'g', 'rand': 0.17581902529411375}
54.1158 	DATA 	Keypress: g
54.1205 	EXP 	text_5: autoDraw = False
54.1205 	EXP 	stopb: autoDraw = False
54.1205 	EXP 	stopl: autoDraw = False
54.1205 	EXP 	stopr: autoDraw = False
54.1205 	EXP 	text_6: autoDraw = False
54.1205 	EXP 	text_6: foreColor = <psychopy.colors.Color: green, alpha=1.0>
54.1205 	EXP 	text_6: height = 0.1
54.1205 	EXP 	text_6: height = 0.1
54.1205 	EXP 	text_6: height = 0.1
54.1205 	EXP 	text_6: text = 'BLUE'
54.1205 	EXP 	text_5: autoDraw = True
54.1205 	EXP 	stopb: autoDraw = True
54.1205 	EXP 	stopl: autoDraw = True
54.1205 	EXP 	stopr: autoDraw = True
54.1205 	EXP 	text_6: autoDraw = True
56.3605 	DATA 	Keypress: g
56.3762 	EXP 	New trial (rep=0, index=3): {'word': 'YELLOW', 'color': 'green', 'correct': 'g', 'rand': 0.059295667701959265}
56.4011 	EXP 	text_5: autoDraw = False
56.4011 	EXP 	stopb: autoDraw = False
56.4011 	EXP 	stopl: autoDraw = False
56.4011 	EXP 	stopr: autoDraw = False
56.4011 	EXP 	text_6: autoDraw = False
56.4011 	EXP 	text_6: foreColor = <psychopy.colors.Color: green, alpha=1.0>
56.4011 	EXP 	text_6: height = 0.1
56.4011 	EXP 	text_6: height = 0.1
56.4011 	EXP 	text_6: height = 0.1
56.4011 	EXP 	text_6: text = 'YELLOW'
56.4011 	EXP 	text_5: autoDraw = True
56.4011 	EXP 	stopb: autoDraw = True
56.4011 	EXP 	stopl: autoDraw = True
56.4011 	EXP 	stopr: autoDraw = True
56.4011 	EXP 	text_6: autoDraw = True
62.9534 	EXP 	New trial (rep=0, index=4): {'word': 'RED', 'color': 'yellow', 'correct': 'y', 'rand': 0.9988156408155124}
62.9666 	DATA 	Keypress: g
62.9713 	EXP 	text_5: autoDraw = False
62.9713 	EXP 	stopb: autoDraw = False
62.9713 	EXP 	stopl: autoDraw = False
62.9713 	EXP 	stopr: autoDraw = False
62.9713 	EXP 	text_6: autoDraw = False
62.9713 	EXP 	text_6: foreColor = <psychopy.colors.Color: yellow, alpha=1.0>
62.9713 	EXP 	text_6: height = 0.1
62.9713 	EXP 	text_6: height = 0.1
62.9713 	EXP 	text_6: height = 0.1
62.9713 	EXP 	text_6: text = 'RED'
62.9713 	EXP 	text_5: autoDraw = True
62.9713 	EXP 	stopb: autoDraw = True
62.9713 	EXP 	stopl: autoDraw = True
62.9713 	EXP 	stopr: autoDraw = True
62.9713 	EXP 	text_6: autoDraw = True
64.6195 	EXP 	New trial (rep=0, index=5): {'word': 'RED', 'color': 'green', 'correct': 'g', 'rand': 0.7765700318356272}
64.6370 	DATA 	Keypress: y
64.6418 	EXP 	text_5: autoDraw = False
64.6418 	EXP 	stopb: autoDraw = False
64.6418 	EXP 	stopl: autoDraw = False
64.6418 	EXP 	stopr: autoDraw = False
64.6418 	EXP 	text_6: autoDraw = False
64.6418 	EXP 	text_6: foreColor = <psychopy.colors.Color: green, alpha=1.0>
64.6418 	EXP 	text_6: text = 'RED'
64.6418 	EXP 	text_5: autoDraw = True
64.6418 	EXP 	stopb: autoDraw = True
64.6418 	EXP 	stopl: autoDraw = True
64.6418 	EXP 	stopr: autoDraw = True
64.6418 	EXP 	text_6: autoDraw = True
65.6387 	DATA 	Keypress: g
65.6584 	EXP 	New trial (rep=0, index=6): {'word': 'GREEN', 'color': 'red', 'correct': 'r', 'rand': 0.7118145476615149}
65.6860 	EXP 	text_5: autoDraw = False
65.6860 	EXP 	stopb: autoDraw = False
65.6860 	EXP 	stopl: autoDraw = False
65.6860 	EXP 	stopr: autoDraw = False
65.6860 	EXP 	text_6: autoDraw = False
65.6860 	EXP 	text_6: foreColor = <psychopy.colors.Color: red, alpha=1.0>
65.6860 	EXP 	text_6: height = 0.1
65.6860 	EXP 	text_6: height = 0.1
65.6860 	EXP 	text_6: height = 0.1
65.6860 	EXP 	text_6: text = 'GREEN'
65.6860 	EXP 	text_5: autoDraw = True
65.6860 	EXP 	stopb: autoDraw = True
65.6860 	EXP 	stopl: autoDraw = True
65.6860 	EXP 	stopr: autoDraw = True
65.6860 	EXP 	text_6: autoDraw = True
66.6140 	DATA 	Keypress: r
66.6288 	EXP 	New trial (rep=0, index=7): {'word': 'GREEN', 'color': 'yellow', 'correct': 'y', 'rand': 0.6087413551838851}
66.6445 	EXP 	text_5: autoDraw = False
66.6445 	EXP 	stopb: autoDraw = False
66.6445 	EXP 	stopl: autoDraw = False
66.6445 	EXP 	stopr: autoDraw = False
66.6445 	EXP 	text_6: autoDraw = False
66.6445 	EXP 	text_6: foreColor = <psychopy.colors.Color: yellow, alpha=1.0>
66.6445 	EXP 	text_6: text = 'GREEN'
66.6445 	EXP 	text_5: autoDraw = True
66.6445 	EXP 	stopb: autoDraw = True
66.6445 	EXP 	stopl: autoDraw = True
66.6445 	EXP 	stopr: autoDraw = True
66.6445 	EXP 	text_6: autoDraw = True
67.5780 	DATA 	Keypress: y
67.5915 	EXP 	New trial (rep=0, index=8): {'word': 'YELLOW', 'color': 'yellow', 'correct': 'y', 'rand': 0.24234750429562224}
67.6107 	EXP 	text_5: autoDraw = False
67.6107 	EXP 	stopb: autoDraw = False
67.6107 	EXP 	stopl: autoDraw = False
67.6107 	EXP 	stopr: autoDraw = False
67.6107 	EXP 	text_6: autoDraw = False
67.6107 	EXP 	text_6: foreColor = <psychopy.colors.Color: yellow, alpha=1.0>
67.6107 	EXP 	text_6: height = 0.1
67.6107 	EXP 	text_6: height = 0.1
67.6107 	EXP 	text_6: height = 0.1
67.6107 	EXP 	text_6: text = 'YELLOW'
67.6107 	EXP 	text_5: autoDraw = True
67.6107 	EXP 	stopb: autoDraw = True
67.6107 	EXP 	stopl: autoDraw = True
67.6107 	EXP 	stopr: autoDraw = True
67.6107 	EXP 	text_6: autoDraw = True
68.5509 	DATA 	Keypress: y
68.5707 	EXP 	New trial (rep=0, index=9): {'word': 'BLUE', 'color': 'green', 'correct': 'g', 'rand': 0.048954153275658774}
68.6011 	EXP 	text_5: autoDraw = False
68.6011 	EXP 	stopb: autoDraw = False
68.6011 	EXP 	stopl: autoDraw = False
68.6011 	EXP 	stopr: autoDraw = False
68.6011 	EXP 	text_6: autoDraw = False
68.6011 	EXP 	text_6: foreColor = <psychopy.colors.Color: green, alpha=1.0>
68.6011 	EXP 	text_6: height = 0.1
68.6011 	EXP 	text_6: height = 0.1
68.6011 	EXP 	text_6: height = 0.1
68.6011 	EXP 	text_6: text = 'BLUE'
68.6011 	EXP 	text_5: autoDraw = True
68.6011 	EXP 	stopb: autoDraw = True
68.6011 	EXP 	stopl: autoDraw = True
68.6011 	EXP 	stopr: autoDraw = True
68.6011 	EXP 	text_6: autoDraw = True
70.5871 	EXP 	Sound sound_1 set volume 1.000
70.5880 	EXP 	New trial (rep=0, index=2): OrderedDict([('Participant1', 30), ('Participant2', 30), ('Participant3', 30), ('Participant4', 105), ('Participant5', 105), ('Participant6', 60), ('Participant7', 120), ('Participant8', 120), ('Participant9', 120), ('Participant10', 105), ('Participant11', 60), ('Participant12', 105), ('Participant13', 60), ('Participant14', 30), ('Participant15', 60), ('Participant16', 120), ('Participant17', 30), ('Participant18', 30), ('Participant19', 30), ('Participant20', 105), ('Participant21', 105), ('Participant22', 60), ('Participant23', 120), ('Participant24', 120), ('Participant25', 120), ('Participant26', 105)])
70.5922 	DATA 	Keypress: space
70.5975 	EXP 	text_5: autoDraw = False
70.5975 	EXP 	stopb: autoDraw = False
70.5975 	EXP 	stopl: autoDraw = False
70.5975 	EXP 	stopr: autoDraw = False
70.5975 	EXP 	text_6: autoDraw = False
70.5975 	EXP 	text_2: height = 0.05
70.5975 	EXP 	text_2: height = 0.05
70.5975 	EXP 	text_2: height = 0.05
70.5975 	EXP 	text_2: text = 30
70.5975 	EXP 	text_3: autoDraw = True
70.5975 	EXP 	text_2: autoDraw = True
70.5975 	EXP 	text_4: autoDraw = True
72.2485 	DATA 	Keypress: space
72.2873 	EXP 	Imported C:/Users/carelab/Desktop/Erik/resources/stroop.xlsx as conditions, 36 conditions, 4 params
72.2892 	EXP 	Created sequence: random, trialTypes=36, nReps=1, seed=None
72.2901 	EXP 	New trial (rep=0, index=0): {'word': 'BLUE', 'color': 'red', 'correct': 'r', 'rand': 0.32572133980326934}
72.3196 	EXP 	text_3: autoDraw = False
72.3196 	EXP 	text_2: autoDraw = False
72.3196 	EXP 	text_4: autoDraw = False
72.3196 	EXP 	text_6: foreColor = <psychopy.colors.Color: red, alpha=1.0>
72.3196 	EXP 	text_6: text = 'BLUE'
72.3196 	EXP 	text_5: autoDraw = True
72.3196 	EXP 	stopb: autoDraw = True
72.3196 	EXP 	stopl: autoDraw = True
72.3196 	EXP 	stopr: autoDraw = True
72.3196 	EXP 	text_6: autoDraw = True
74.6988 	DATA 	Keypress: r
74.7204 	EXP 	New trial (rep=0, index=1): {'word': 'GREEN', 'color': 'green', 'correct': 'g', 'rand': 0.8239976350495168}
74.7501 	EXP 	text_5: autoDraw = False
74.7501 	EXP 	stopb: autoDraw = False
74.7501 	EXP 	stopl: autoDraw = False
74.7501 	EXP 	stopr: autoDraw = False
74.7501 	EXP 	text_6: autoDraw = False
74.7501 	EXP 	text_6: foreColor = <psychopy.colors.Color: green, alpha=1.0>
74.7501 	EXP 	text_6: height = 0.1
74.7501 	EXP 	text_6: height = 0.1
74.7501 	EXP 	text_6: height = 0.1
74.7501 	EXP 	text_6: text = 'GREEN'
74.7501 	EXP 	text_5: autoDraw = True
74.7501 	EXP 	stopb: autoDraw = True
74.7501 	EXP 	stopl: autoDraw = True
74.7501 	EXP 	stopr: autoDraw = True
74.7501 	EXP 	text_6: autoDraw = True
76.4779 	DATA 	Keypress: g
76.4943 	EXP 	New trial (rep=0, index=2): {'word': 'YELLOW', 'color': 'red', 'correct': 'r', 'rand': 0.687938958824732}
76.5195 	EXP 	text_5: autoDraw = False
76.5195 	EXP 	stopb: autoDraw = False
76.5195 	EXP 	stopl: autoDraw = False
76.5195 	EXP 	stopr: autoDraw = False
76.5195 	EXP 	text_6: autoDraw = False
76.5195 	EXP 	text_6: foreColor = <psychopy.colors.Color: red, alpha=1.0>
76.5195 	EXP 	text_6: height = 0.1
76.5195 	EXP 	text_6: height = 0.1
76.5195 	EXP 	text_6: height = 0.1
76.5195 	EXP 	text_6: text = 'YELLOW'
76.5195 	EXP 	text_5: autoDraw = True
76.5195 	EXP 	stopb: autoDraw = True
76.5195 	EXP 	stopl: autoDraw = True
76.5195 	EXP 	stopr: autoDraw = True
76.5195 	EXP 	text_6: autoDraw = True
77.7276 	EXP 	New trial (rep=0, index=3): {'word': 'BLUE', 'color': 'blue', 'correct': 'b', 'rand': 0.23256609109083048}
77.7538 	DATA 	Keypress: r
77.7582 	EXP 	text_5: autoDraw = False
77.7582 	EXP 	stopb: autoDraw = False
77.7582 	EXP 	stopl: autoDraw = False
77.7582 	EXP 	stopr: autoDraw = False
77.7582 	EXP 	text_6: autoDraw = False
77.7582 	EXP 	text_6: foreColor = <psychopy.colors.Color: blue, alpha=1.0>
77.7582 	EXP 	text_6: height = 0.1
77.7582 	EXP 	text_6: height = 0.1
77.7582 	EXP 	text_6: height = 0.1
77.7582 	EXP 	text_6: text = 'BLUE'
77.7582 	EXP 	text_5: autoDraw = True
77.7582 	EXP 	stopb: autoDraw = True
77.7582 	EXP 	stopl: autoDraw = True
77.7582 	EXP 	stopr: autoDraw = True
77.7582 	EXP 	text_6: autoDraw = True
78.7348 	DATA 	Keypress: b
78.7482 	EXP 	New trial (rep=0, index=4): {'word': 'BLUE', 'color': 'green', 'correct': 'g', 'rand': 0.048954153275658774}
78.7669 	EXP 	text_5: autoDraw = False
78.7669 	EXP 	stopb: autoDraw = False
78.7669 	EXP 	stopl: autoDraw = False
78.7669 	EXP 	stopr: autoDraw = False
78.7669 	EXP 	text_6: autoDraw = False
78.7669 	EXP 	text_6: foreColor = <psychopy.colors.Color: green, alpha=1.0>
78.7669 	EXP 	text_6: text = 'BLUE'
78.7669 	EXP 	text_5: autoDraw = True
78.7669 	EXP 	stopb: autoDraw = True
78.7669 	EXP 	stopl: autoDraw = True
78.7669 	EXP 	stopr: autoDraw = True
78.7669 	EXP 	text_6: autoDraw = True
80.6019 	DATA 	Keypress: g
80.6160 	EXP 	New trial (rep=0, index=5): {'word': 'GREEN', 'color': 'red', 'correct': 'r', 'rand': 0.9539760953513104}
80.6370 	EXP 	text_5: autoDraw = False
80.6370 	EXP 	stopb: autoDraw = False
80.6370 	EXP 	stopl: autoDraw = False
80.6370 	EXP 	stopr: autoDraw = False
80.6370 	EXP 	text_6: autoDraw = False
80.6370 	EXP 	text_6: foreColor = <psychopy.colors.Color: red, alpha=1.0>
80.6370 	EXP 	text_6: height = 0.1
80.6370 	EXP 	text_6: height = 0.1
80.6370 	EXP 	text_6: height = 0.1
80.6370 	EXP 	text_6: text = 'GREEN'
80.6370 	EXP 	text_5: autoDraw = True
80.6370 	EXP 	stopb: autoDraw = True
80.6370 	EXP 	stopl: autoDraw = True
80.6370 	EXP 	stopr: autoDraw = True
80.6370 	EXP 	text_6: autoDraw = True
82.5156 	DATA 	Keypress: space
82.6301 	EXP 	Sound sound_1 set volume 1.000
82.6310 	EXP 	New trial (rep=0, index=3): OrderedDict([('Participant1', 105), ('Participant2', 105), ('Participant3', 60), ('Participant4', 120), ('Participant5', 120), ('Participant6', 120), ('Participant7', 105), ('Participant8', 60), ('Participant9', 105), ('Participant10', 60), ('Participant11', 30), ('Participant12', 60), ('Participant13', 120), ('Participant14', 30), ('Participant15', 30), ('Participant16', 30), ('Participant17', 105), ('Participant18', 105), ('Participant19', 60), ('Participant20', 120), ('Participant21', 120), ('Participant22', 120), ('Participant23', 105), ('Participant24', 60), ('Participant25', 105), ('Participant26', 60)])
82.6431 	EXP 	text_5: autoDraw = False
82.6431 	EXP 	stopb: autoDraw = False
82.6431 	EXP 	stopl: autoDraw = False
82.6431 	EXP 	stopr: autoDraw = False
82.6431 	EXP 	text_6: autoDraw = False
82.6431 	EXP 	text_2: height = 0.05
82.6431 	EXP 	text_2: height = 0.05
82.6431 	EXP 	text_2: height = 0.05
82.6431 	EXP 	text_2: text = 105
82.6431 	EXP 	text_3: autoDraw = True
82.6431 	EXP 	text_2: autoDraw = True
82.6431 	EXP 	text_4: autoDraw = True
85.4278 	DATA 	Keypress: escape
98.3669 	EXP 	window1: mouseVisible = True
