11.5494 	WARNING 	User requested fullscreen with size [1024  768], but screen is actually [2560, 1440]. Using actual size
14.2393 	EXP 	Created window1 = Window(allowGUI=True, allowStencil=False, autoLog=True, backendConf=UNKNOWN, bitsMode=UNKNOWN, blendMode='avg', bpc=(8, 8, 8), color=array([0, 0, 0]), colorSpace='rgb', depthBits=8, fullscr=<method-wrapper '__getattribute__' of attributeSetter object at 0x000002A2C24FE310>, gamma=None, gammaErrorPolicy='raise', lms=UNKNOWN, monitor=<psychopy.monitors.calibTools.Monitor object at 0x000002A2C43C25E0>, multiSample=False, name='window1', numSamples=2, pos=(0, 0), screen=0, size=array([2560, 1440]), stencilBits=0, stereo=False, units='height', useFBO=True, useRetina=False, viewOri=0.0, viewPos=None, viewScale=None, waitBlanking=True, winType='pyglet')
14.2397 	EXP 	window1: mouseVisible = True
14.2400 	EXP 	window1: mouseVisible = False
14.2401 	EXP 	window1: Attempting to measure frame rate of screen (0) ...
14.2401 	EXP 	window1: recordFrameIntervals = False
14.4051 	EXP 	window1: recordFrameIntervals = True
14.5886 	EXP 	Screen (0) actual frame rate measured at 59.89Hz
14.5887 	EXP 	window1: recordFrameIntervals = False
16.7330 	EXP 	Created text_instr = TextStim(__class__=<class 'psychopy.visual.text.TextStim'>, alignHoriz=method-wrapper(...), alignText='center', alignVert=method-wrapper(...), anchorHoriz='center', anchorVert='center', antialias=True, autoDraw=False, autoLog=True, bold=False, color=array([1, 1, 1]), colorSpace='rgb', contrast=1.0, depth=0.0, flipHoriz=False, flipVert=False, font='Comic Sans', fontFiles=[], height=0.04, italic=False, languageStyle='LTR', name='text_instr', opacity=1.0, ori=0.0, pos=array([0., 0.]), rgb=UNKNOWN, text=str(...), units='height', win=Window(...), wrapWidth=1)
16.7449 	EXP 	Created image_next = ImageStim(__class__=<class 'psychopy.visual.image.ImageStim'>, anchor=('center', 'center'), autoLog=True, color=array([1, 1, 1]), colorSpace='rgb', contrast=1.0, depth=-1.0, flipHoriz=False, flipVert=False, image='next.png', interpolate=True, mask=None, maskParams=None, name='image_next', opacity=1.0, ori=0.0, pos=array([ 0.6, -0.4]), size=array([0.11319444, 0.06736111]), texRes=128.0, units='height', win=Window(...))
16.7453 	EXP 	window1: mouseVisible = True
16.7635 	EXP 	Created text_3 = TextStim(__class__=<class 'psychopy.visual.text.TextStim'>, alignHoriz=method-wrapper(...), alignText='center', alignVert=method-wrapper(...), anchorHoriz='center', anchorVert='center', antialias=True, autoDraw=False, autoLog=True, bold=False, color=array([1, 1, 1]), colorSpace='rgb', contrast=1.0, depth=0.0, flipHoriz=False, flipVert=False, font='Open Sans', fontFiles=[], height=0.05, italic=False, languageStyle='LTR', name='text_3', opacity=1.0, ori=0.0, pos=array([0. , 0.3]), rgb=UNKNOWN, text=str(...), units='height', win=Window(...), wrapWidth=1)
16.7641 	EXP 	Created text_2 = TextStim(__class__=<class 'psychopy.visual.text.TextStim'>, alignHoriz=method-wrapper(...), alignText='center', alignVert=method-wrapper(...), anchorHoriz='center', anchorVert='center', antialias=True, autoDraw=False, autoLog=True, bold=False, color=array([1, 1, 1]), colorSpace='rgb', contrast=1.0, depth=-1.0, flipHoriz=False, flipVert=False, font='Open Sans', fontFiles=[], height=0.05, italic=False, languageStyle='LTR', name='text_2', opacity=1.0, ori=0.0, pos=array([0., 0.]), rgb=UNKNOWN, text='', units='height', win=Window(...), wrapWidth=1)
16.7748 	EXP 	Created text_4 = TextStim(__class__=<class 'psychopy.visual.text.TextStim'>, alignHoriz=method-wrapper(...), alignText='center', alignVert=method-wrapper(...), anchorHoriz='center', anchorVert='center', antialias=True, autoDraw=False, autoLog=True, bold=False, color=array([1, 1, 1]), colorSpace='rgb', contrast=1.0, depth=-3.0, flipHoriz=False, flipVert=False, font='Open Sans', fontFiles=[], height=0.05, italic=False, languageStyle='LTR', name='text_4', opacity=1.0, ori=0.0, pos=array([ 0. , -0.2]), rgb=UNKNOWN, text=str(...), units='height', win=Window(...), wrapWidth=1)
16.7759 	EXP 	Created text_5 = TextStim(__class__=<class 'psychopy.visual.text.TextStim'>, alignHoriz=method-wrapper(...), alignText='center', alignVert=method-wrapper(...), anchorHoriz='center', anchorVert='center', antialias=True, autoDraw=False, autoLog=True, bold=False, color=array([1, 1, 1]), colorSpace='rgb', contrast=1.0, depth=-2.0, flipHoriz=False, flipVert=False, font='Arial', fontFiles=[], height=0.1, italic=False, languageStyle='LTR', name='text_5', opacity=1.0, ori=0.0, pos=array([0. , 0.4]), rgb=UNKNOWN, text='', units='height', win=Window(...), wrapWidth=1)
16.7764 	EXP 	Created stopb = TextStim(__class__=<class 'psychopy.visual.text.TextStim'>, alignHoriz=method-wrapper(...), alignText='center', alignVert=method-wrapper(...), anchorHoriz='center', anchorVert='center', antialias=True, autoDraw=False, autoLog=True, bold=False, color=array([1, 1, 1]), colorSpace='rgb', contrast=1.0, depth=-3.0, flipHoriz=False, flipVert=False, font='Arial', fontFiles=[], height=0.1, italic=False, languageStyle='LTR', name='stopb', opacity=1.0, ori=0.0, pos=array([ 0. , -0.4]), rgb=UNKNOWN, text='', units='height', win=Window(...), wrapWidth=1)
16.7770 	EXP 	Created stopl = TextStim(__class__=<class 'psychopy.visual.text.TextStim'>, alignHoriz=method-wrapper(...), alignText='center', alignVert=method-wrapper(...), anchorHoriz='center', anchorVert='center', antialias=True, autoDraw=False, autoLog=True, bold=False, color=array([1, 1, 1]), colorSpace='rgb', contrast=1.0, depth=-4.0, flipHoriz=False, flipVert=False, font='Arial', fontFiles=[], height=0.1, italic=False, languageStyle='LTR', name='stopl', opacity=1.0, ori=90.0, pos=array([-0.75,  0.  ]), rgb=UNKNOWN, text='', units='height', win=Window(...), wrapWidth=1)
16.7775 	EXP 	Created stopr = TextStim(__class__=<class 'psychopy.visual.text.TextStim'>, alignHoriz=method-wrapper(...), alignText='center', alignVert=method-wrapper(...), anchorHoriz='center', anchorVert='center', antialias=True, autoDraw=False, autoLog=True, bold=False, color=array([1, 1, 1]), colorSpace='rgb', contrast=1.0, depth=-5.0, flipHoriz=False, flipVert=False, font='Arial', fontFiles=[], height=0.1, italic=False, languageStyle='LTR', name='stopr', opacity=1.0, ori=-90.0, pos=array([0.75, 0.  ]), rgb=UNKNOWN, text='', units='height', win=Window(...), wrapWidth=1)
16.7780 	EXP 	Created text_6 = TextStim(__class__=<class 'psychopy.visual.text.TextStim'>, alignHoriz=method-wrapper(...), alignText='center', alignVert=method-wrapper(...), anchorHoriz='center', anchorVert='center', antialias=True, autoDraw=False, autoLog=True, bold=False, color=array([1, 1, 1]), colorSpace='rgb', contrast=1.0, depth=-7.0, flipHoriz=False, flipVert=False, font='Arial', fontFiles=[], height=0.1, italic=False, languageStyle='LTR', name='text_6', opacity=1.0, ori=0.0, pos=array([0., 0.]), rgb=UNKNOWN, text='', units='height', win=Window(...), wrapWidth=1)
18.7165 	EXP 	Sound sound_1 set volume 1.000
18.7541 	EXP 	text_instr: autoDraw = True
18.7541 	EXP 	image_next: autoDraw = True
22.7529 	DATA 	Mouse: Left button down, pos=(2125,174)
22.7659 	EXP 	Imported C:/Users/carelab/Desktop/Erik/resources/Lsquare.csv as conditions, 16 conditions, 26 params
22.7664 	EXP 	Created sequence: sequential, trialTypes=16, nReps=1, seed=None
22.7670 	EXP 	New trial (rep=0, index=0): OrderedDict([('Participant1', 30), ('Participant2', 30), ('Participant3', 105), ('Participant4', 105), ('Participant5', 60), ('Participant6', 120), ('Participant7', 120), ('Participant8', 120), ('Participant9', 105), ('Participant10', 60), ('Participant11', 105), ('Participant12', 60), ('Participant13', 30), ('Participant14', 60), ('Participant15', 120), ('Participant16', 30), ('Participant17', 30), ('Participant18', 30), ('Participant19', 105), ('Participant20', 105), ('Participant21', 60), ('Participant22', 120), ('Participant23', 120), ('Participant24', 120), ('Participant25', 105), ('Participant26', 60)])
22.7808 	EXP 	text_instr: autoDraw = False
22.7808 	EXP 	image_next: autoDraw = False
22.7808 	EXP 	text_2: height = 0.05
22.7808 	EXP 	text_2: height = 0.05
22.7808 	EXP 	text_2: height = 0.05
22.7808 	EXP 	text_2: text = 30
22.7808 	EXP 	text_3: autoDraw = True
22.7808 	EXP 	text_2: autoDraw = True
22.7808 	EXP 	text_4: autoDraw = True
22.8209 	DATA 	Mouse:  Left button up, pos=(2125,174)
23.4992 	EXP 	Imported C:/Users/carelab/Desktop/Erik/resources/stroop.xlsx as conditions, 36 conditions, 4 params
23.5003 	EXP 	Created sequence: random, trialTypes=36, nReps=20, seed=None
23.5006 	EXP 	New trial (rep=0, index=0): {'word': 'GREEN', 'color': 'blue', 'correct': 'b', 'rand': 0.5878835647764916}
23.5192 	EXP 	Sound sound_1 started
23.5243 	EXP 	text_3: autoDraw = False
23.5243 	EXP 	text_2: autoDraw = False
23.5243 	EXP 	text_4: autoDraw = False
23.5243 	EXP 	text_6: foreColor = <psychopy.colors.Color: blue, alpha=1.0>
23.5243 	EXP 	text_6: height = 0.1
23.5243 	EXP 	text_6: height = 0.1
23.5243 	EXP 	text_6: height = 0.1
23.5243 	EXP 	text_6: text = 'GREEN'
23.5243 	EXP 	text_5: autoDraw = True
23.5243 	EXP 	stopb: autoDraw = True
23.5243 	EXP 	stopl: autoDraw = True
23.5243 	EXP 	stopr: autoDraw = True
23.5243 	EXP 	text_6: autoDraw = True
23.5443 	DATA 	Keypress: space
24.4585 	EXP 	New trial (rep=0, index=1): {'word': 'BLUE', 'color': 'green', 'correct': 'g', 'rand': 0.17581902529411375}
24.4777 	EXP 	text_5: autoDraw = False
24.4777 	EXP 	stopb: autoDraw = False
24.4777 	EXP 	stopl: autoDraw = False
24.4777 	EXP 	stopr: autoDraw = False
24.4777 	EXP 	text_6: autoDraw = False
24.4777 	EXP 	text_6: foreColor = <psychopy.colors.Color: green, alpha=1.0>
24.4777 	EXP 	text_6: height = 0.1
24.4777 	EXP 	text_6: height = 0.1
24.4777 	EXP 	text_6: height = 0.1
24.4777 	EXP 	text_6: text = 'BLUE'
24.4777 	EXP 	text_5: autoDraw = True
24.4777 	EXP 	stopb: autoDraw = True
24.4777 	EXP 	stopl: autoDraw = True
24.4777 	EXP 	stopr: autoDraw = True
24.4777 	EXP 	text_6: autoDraw = True
24.4852 	DATA 	Keypress: r
24.5099 	EXP 	New trial (rep=0, index=2): {'word': 'YELLOW', 'color': 'red', 'correct': 'r', 'rand': 0.3487272960875837}
24.5292 	EXP 	text_5: autoDraw = False
24.5292 	EXP 	stopb: autoDraw = False
24.5292 	EXP 	stopl: autoDraw = False
24.5292 	EXP 	stopr: autoDraw = False
24.5292 	EXP 	text_6: autoDraw = False
24.5292 	EXP 	text_6: foreColor = <psychopy.colors.Color: red, alpha=1.0>
24.5292 	EXP 	text_6: height = 0.1
24.5292 	EXP 	text_6: height = 0.1
24.5292 	EXP 	text_6: height = 0.1
24.5292 	EXP 	text_6: text = 'YELLOW'
24.5292 	EXP 	text_5: autoDraw = True
24.5292 	EXP 	stopb: autoDraw = True
24.5292 	EXP 	stopl: autoDraw = True
24.5292 	EXP 	stopr: autoDraw = True
24.5292 	EXP 	text_6: autoDraw = True
24.5371 	DATA 	Keypress: g
24.7081 	EXP 	New trial (rep=0, index=3): {'word': 'YELLOW', 'color': 'green', 'correct': 'g', 'rand': 0.4491802613083087}
24.7203 	EXP 	text_5: autoDraw = False
24.7203 	EXP 	stopb: autoDraw = False
24.7203 	EXP 	stopl: autoDraw = False
24.7203 	EXP 	stopr: autoDraw = False
24.7203 	EXP 	text_6: autoDraw = False
24.7203 	EXP 	text_6: foreColor = <psychopy.colors.Color: green, alpha=1.0>
24.7203 	EXP 	text_6: text = 'YELLOW'
24.7203 	EXP 	text_5: autoDraw = True
24.7203 	EXP 	stopb: autoDraw = True
24.7203 	EXP 	stopl: autoDraw = True
24.7203 	EXP 	stopr: autoDraw = True
24.7203 	EXP 	text_6: autoDraw = True
24.7282 	DATA 	Keypress: r
24.7747 	EXP 	New trial (rep=0, index=4): {'word': 'YELLOW', 'color': 'green', 'correct': 'g', 'rand': 0.059295667701959265}
24.7829 	DATA 	Keypress: g
24.7874 	EXP 	text_5: autoDraw = False
24.7874 	EXP 	stopb: autoDraw = False
24.7874 	EXP 	stopl: autoDraw = False
24.7874 	EXP 	stopr: autoDraw = False
24.7874 	EXP 	text_6: autoDraw = False
24.7874 	EXP 	text_6: foreColor = <psychopy.colors.Color: green, alpha=1.0>
24.7874 	EXP 	text_6: text = 'YELLOW'
24.7874 	EXP 	text_5: autoDraw = True
24.7874 	EXP 	stopb: autoDraw = True
24.7874 	EXP 	stopl: autoDraw = True
24.7874 	EXP 	stopr: autoDraw = True
24.7874 	EXP 	text_6: autoDraw = True
25.1021 	EXP 	Sound sound_1 stopped
26.5622 	EXP 	window1: mouseVisible = True
