3.9490 	WARNING 	User requested fullscreen with size [1024  768], but screen is actually [2560, 1440]. Using actual size
6.5363 	EXP 	Created window1 = Window(allowGUI=True, allowStencil=False, autoLog=True, backendConf=UNKNOWN, bitsMode=UNKNOWN, blendMode='avg', bpc=(8, 8, 8), color=array([0, 0, 0]), colorSpace='rgb', depthBits=8, fullscr=<method-wrapper '__getattribute__' of attributeSetter object at 0x000001B4A37CF430>, gamma=None, gammaErrorPolicy='raise', lms=UNKNOWN, monitor=<psychopy.monitors.calibTools.Monitor object at 0x000001B4A46C8760>, multiSample=False, name='window1', numSamples=2, pos=(0, 0), screen=0, size=array([2560, 1440]), stencilBits=0, stereo=False, units='height', useFBO=True, useRetina=False, viewOri=0.0, viewPos=None, viewScale=None, waitBlanking=True, winType='pyglet')
6.5365 	EXP 	window1: mouseVisible = True
6.5368 	EXP 	window1: mouseVisible = False
6.5368 	EXP 	window1: Attempting to measure frame rate of screen (0) ...
6.5368 	EXP 	window1: recordFrameIntervals = False
6.7022 	EXP 	window1: recordFrameIntervals = True
6.8864 	EXP 	Screen (0) actual frame rate measured at 59.93Hz
6.8865 	EXP 	window1: recordFrameIntervals = False
8.4507 	EXP 	Created text = TextStim(__class__=<class 'psychopy.visual.text.TextStim'>, alignHoriz=method-wrapper(...), alignText='center', alignVert=method-wrapper(...), anchorHoriz='center', anchorVert='center', antialias=True, autoDraw=False, autoLog=True, bold=False, color=array([1, 1, 1]), colorSpace='rgb', contrast=1.0, depth=0.0, flipHoriz=False, flipVert=False, font='Open Sans', fontFiles=[], height=0.05, italic=False, languageStyle='LTR', name='text', opacity=1.0, ori=0.0, pos=array([0., 0.]), rgb=UNKNOWN, text='Welcome !', units='height', win=Window(...), wrapWidth=1)
8.5353 	EXP 	Created text_instr = TextStim(__class__=<class 'psychopy.visual.text.TextStim'>, alignHoriz=method-wrapper(...), alignText='center', alignVert=method-wrapper(...), anchorHoriz='center', anchorVert='center', antialias=True, autoDraw=False, autoLog=True, bold=False, color=array([1, 1, 1]), colorSpace='rgb', contrast=1.0, depth=-2.0, flipHoriz=False, flipVert=False, font='Comic Sans', fontFiles=[], height=0.04, italic=False, languageStyle='LTR', name='text_instr', opacity=1.0, ori=0.0, pos=array([0., 0.]), rgb=UNKNOWN, text=str(...), units='height', win=Window(...), wrapWidth=1)
8.5510 	EXP 	Created text_3 = TextStim(__class__=<class 'psychopy.visual.text.TextStim'>, alignHoriz=method-wrapper(...), alignText='center', alignVert=method-wrapper(...), anchorHoriz='center', anchorVert='center', antialias=True, autoDraw=False, autoLog=True, bold=False, color=array([1, 1, 1]), colorSpace='rgb', contrast=1.0, depth=0.0, flipHoriz=False, flipVert=False, font='Open Sans', fontFiles=[], height=0.05, italic=False, languageStyle='LTR', name='text_3', opacity=1.0, ori=0.0, pos=array([0. , 0.3]), rgb=UNKNOWN, text=str(...), units='height', win=Window(...), wrapWidth=1)
8.5516 	EXP 	Created text_2 = TextStim(__class__=<class 'psychopy.visual.text.TextStim'>, alignHoriz=method-wrapper(...), alignText='center', alignVert=method-wrapper(...), anchorHoriz='center', anchorVert='center', antialias=True, autoDraw=False, autoLog=True, bold=False, color=array([1, 1, 1]), colorSpace='rgb', contrast=1.0, depth=-1.0, flipHoriz=False, flipVert=False, font='Open Sans', fontFiles=[], height=0.05, italic=False, languageStyle='LTR', name='text_2', opacity=1.0, ori=0.0, pos=array([0., 0.]), rgb=UNKNOWN, text='', units='height', win=Window(...), wrapWidth=1)
8.5628 	EXP 	Created text_4 = TextStim(__class__=<class 'psychopy.visual.text.TextStim'>, alignHoriz=method-wrapper(...), alignText='center', alignVert=method-wrapper(...), anchorHoriz='center', anchorVert='center', antialias=True, autoDraw=False, autoLog=True, bold=False, color=array([1, 1, 1]), colorSpace='rgb', contrast=1.0, depth=-3.0, flipHoriz=False, flipVert=False, font='Open Sans', fontFiles=[], height=0.05, italic=False, languageStyle='LTR', name='text_4', opacity=1.0, ori=0.0, pos=array([ 0. , -0.2]), rgb=UNKNOWN, text=str(...), units='height', win=Window(...), wrapWidth=1)
8.5639 	EXP 	Created text_5 = TextStim(__class__=<class 'psychopy.visual.text.TextStim'>, alignHoriz=method-wrapper(...), alignText='center', alignVert=method-wrapper(...), anchorHoriz='center', anchorVert='center', antialias=True, autoDraw=False, autoLog=True, bold=False, color=array([1, 1, 1]), colorSpace='rgb', contrast=1.0, depth=-2.0, flipHoriz=False, flipVert=False, font='Arial', fontFiles=[], height=0.1, italic=False, languageStyle='LTR', name='text_5', opacity=1.0, ori=0.0, pos=array([0. , 0.4]), rgb=UNKNOWN, text='', units='height', win=Window(...), wrapWidth=1)
8.5646 	EXP 	Created stopb = TextStim(__class__=<class 'psychopy.visual.text.TextStim'>, alignHoriz=method-wrapper(...), alignText='center', alignVert=method-wrapper(...), anchorHoriz='center', anchorVert='center', antialias=True, autoDraw=False, autoLog=True, bold=False, color=array([1, 1, 1]), colorSpace='rgb', contrast=1.0, depth=-3.0, flipHoriz=False, flipVert=False, font='Arial', fontFiles=[], height=0.1, italic=False, languageStyle='LTR', name='stopb', opacity=1.0, ori=0.0, pos=array([ 0. , -0.4]), rgb=UNKNOWN, text='', units='height', win=Window(...), wrapWidth=1)
8.5652 	EXP 	Created stopl = TextStim(__class__=<class 'psychopy.visual.text.TextStim'>, alignHoriz=method-wrapper(...), alignText='center', alignVert=method-wrapper(...), anchorHoriz='center', anchorVert='center', antialias=True, autoDraw=False, autoLog=True, bold=False, color=array([1, 1, 1]), colorSpace='rgb', contrast=1.0, depth=-4.0, flipHoriz=False, flipVert=False, font='Arial', fontFiles=[], height=0.1, italic=False, languageStyle='LTR', name='stopl', opacity=1.0, ori=90.0, pos=array([-0.75,  0.  ]), rgb=UNKNOWN, text='', units='height', win=Window(...), wrapWidth=1)
8.5658 	EXP 	Created stopr = TextStim(__class__=<class 'psychopy.visual.text.TextStim'>, alignHoriz=method-wrapper(...), alignText='center', alignVert=method-wrapper(...), anchorHoriz='center', anchorVert='center', antialias=True, autoDraw=False, autoLog=True, bold=False, color=array([1, 1, 1]), colorSpace='rgb', contrast=1.0, depth=-5.0, flipHoriz=False, flipVert=False, font='Arial', fontFiles=[], height=0.1, italic=False, languageStyle='LTR', name='stopr', opacity=1.0, ori=-90.0, pos=array([0.75, 0.  ]), rgb=UNKNOWN, text='', units='height', win=Window(...), wrapWidth=1)
8.5667 	EXP 	Created text_6 = TextStim(__class__=<class 'psychopy.visual.text.TextStim'>, alignHoriz=method-wrapper(...), alignText='center', alignVert=method-wrapper(...), anchorHoriz='center', anchorVert='center', antialias=True, autoDraw=False, autoLog=True, bold=False, color=array([1, 1, 1]), colorSpace='rgb', contrast=1.0, depth=-7.0, flipHoriz=False, flipVert=False, font='Arial', fontFiles=[], height=1.0, italic=False, languageStyle='LTR', name='text_6', opacity=0.0, ori=0.0, pos=array([0., 0.]), rgb=UNKNOWN, text='', units='height', win=Window(...), wrapWidth=1)
10.3362 	EXP 	Sound sound_1 set volume 1.000
10.3449 	EXP 	Created text = TextStim(__class__=<class 'psychopy.visual.text.TextStim'>, alignHoriz=method-wrapper(...), alignText='center', alignVert=method-wrapper(...), anchorHoriz='center', anchorVert='center', antialias=True, autoDraw=False, autoLog=True, bold=False, color=array([1, 1, 1]), colorSpace='rgb', contrast=1.0, depth=0.0, flipHoriz=False, flipVert=False, font='Open Sans', fontFiles=[], height=0.05, italic=False, languageStyle='LTR', name='text', opacity=1.0, ori=0.0, pos=array([0., 0.]), rgb=UNKNOWN, text='Welcome !', units='height', win=Window(...), wrapWidth=1)
10.3530 	EXP 	text: autoDraw = True
13.3673 	EXP 	text: autoDraw = False
13.3673 	EXP 	text_instr: autoDraw = True
19.7209 	EXP 	Imported C:/Users/carelab/Desktop/Erik/resources/p1.csv as conditions, 32 conditions, 5 params
19.7214 	EXP 	Created sequence: sequential, trialTypes=32, nReps=1, seed=None
19.7216 	EXP 	New trial (rep=0, index=0): OrderedDict([('Psubj', 1), ('Attribute', 'est1'), ('Value', 105), ('cond', 0.0), ('Unique', None)])
19.7298 	DATA 	Keypress: space
19.7348 	EXP 	text_instr: autoDraw = False
19.7348 	EXP 	text_2: height = 0.05
19.7348 	EXP 	text_2: height = 0.05
19.7348 	EXP 	text_2: height = 0.05
19.7348 	EXP 	text_2: text = 105
19.7348 	EXP 	text_3: autoDraw = True
19.7348 	EXP 	text_2: autoDraw = True
19.7348 	EXP 	text_4: autoDraw = True
23.2478 	EXP 	Imported C:/Users/carelab/Desktop/Erik/resources/stroop.xlsx as conditions, 72 conditions, 4 params
23.2493 	EXP 	Created sequence: random, trialTypes=72, nReps=20, seed=None
23.2496 	EXP 	New trial (rep=0, index=0): {'word': 'YELLOW', 'color': 'red', 'correct': 'r', 'rand': 0.14027814160498253}
23.8131 	EXP 	Sound sound_1 started
23.8189 	DATA 	Keypress: space
23.8231 	EXP 	text_3: autoDraw = False
23.8231 	EXP 	text_2: autoDraw = False
23.8231 	EXP 	text_4: autoDraw = False
23.8231 	EXP 	text_6: foreColor = <psychopy.colors.Color: red, alpha=1.0>
23.8231 	EXP 	text_6: height = 1.0
23.8231 	EXP 	text_6: height = 1.0
23.8231 	EXP 	text_6: height = 1.0
23.8231 	EXP 	text_6: text = 'YELLOW'
23.8231 	EXP 	text_6: height = 0.0
23.8231 	EXP 	text_5: autoDraw = True
23.8231 	EXP 	stopb: autoDraw = True
23.8231 	EXP 	stopl: autoDraw = True
23.8231 	EXP 	stopr: autoDraw = True
23.8231 	EXP 	text_6: autoDraw = True
23.8231 	EXP 	text_6: height = 0.0
23.8231 	EXP 	text_6: height = 0.0
23.8231 	EXP 	text_6: height = 0.0
23.8231 	EXP 	text_6: text = 'YELLOW'
25.2389 	DATA 	Keypress: space
25.3096 	EXP 	Sound sound_1 stopped
25.4590 	EXP 	Sound sound_1 set volume 1.000
25.4598 	EXP 	New trial (rep=0, index=1): OrderedDict([('Psubj', 1), ('Attribute', 'est2'), ('Value', 30), ('cond', 0.1), ('Unique', None)])
25.4714 	EXP 	text_5: autoDraw = False
25.4714 	EXP 	stopb: autoDraw = False
25.4714 	EXP 	stopl: autoDraw = False
25.4714 	EXP 	stopr: autoDraw = False
25.4714 	EXP 	text_6: autoDraw = False
25.4714 	EXP 	text_2: height = 0.05
25.4714 	EXP 	text_2: height = 0.05
25.4714 	EXP 	text_2: height = 0.05
25.4714 	EXP 	text_2: text = 30
25.4714 	EXP 	text_3: autoDraw = True
25.4714 	EXP 	text_2: autoDraw = True
25.4714 	EXP 	text_4: autoDraw = True
25.9464 	EXP 	Imported C:/Users/carelab/Desktop/Erik/resources/stroop.xlsx as conditions, 72 conditions, 4 params
25.9480 	EXP 	Created sequence: random, trialTypes=72, nReps=20, seed=None
25.9483 	EXP 	New trial (rep=0, index=0): {'word': 'BLUE', 'color': 'red', 'correct': 'r', 'rand': 0.5366056757250153}
25.9638 	EXP 	Sound sound_1 started
25.9703 	DATA 	Keypress: space
25.9742 	EXP 	text_3: autoDraw = False
25.9742 	EXP 	text_2: autoDraw = False
25.9742 	EXP 	text_4: autoDraw = False
25.9742 	EXP 	text_6: foreColor = <psychopy.colors.Color: red, alpha=1.0>
25.9742 	EXP 	text_6: height = 0.0
25.9742 	EXP 	text_6: height = 0.0
25.9742 	EXP 	text_6: height = 0.0
25.9742 	EXP 	text_6: text = 'BLUE'
25.9742 	EXP 	text_6: height = 0.1
25.9742 	EXP 	text_5: autoDraw = True
25.9742 	EXP 	stopb: autoDraw = True
25.9742 	EXP 	stopl: autoDraw = True
25.9742 	EXP 	stopr: autoDraw = True
25.9742 	EXP 	text_6: autoDraw = True
25.9742 	EXP 	text_6: height = 0.1
25.9742 	EXP 	text_6: height = 0.1
25.9742 	EXP 	text_6: height = 0.1
25.9742 	EXP 	text_6: text = 'BLUE'
27.2766 	EXP 	New trial (rep=0, index=1): {'word': 'YELLOW', 'color': 'blue', 'correct': 'b', 'rand': 0.01118403874071372}
27.2947 	DATA 	Keypress: r
27.2994 	EXP 	text_5: autoDraw = False
27.2994 	EXP 	stopb: autoDraw = False
27.2994 	EXP 	stopl: autoDraw = False
27.2994 	EXP 	stopr: autoDraw = False
27.2994 	EXP 	text_6: autoDraw = False
27.2994 	EXP 	text_6: foreColor = <psychopy.colors.Color: blue, alpha=1.0>
27.2994 	EXP 	text_6: height = 0.1
27.2994 	EXP 	text_6: height = 0.1
27.2994 	EXP 	text_6: height = 0.1
27.2994 	EXP 	text_6: text = 'YELLOW'
27.2994 	EXP 	text_6: height = 0.1
27.2994 	EXP 	text_5: autoDraw = True
27.2994 	EXP 	stopb: autoDraw = True
27.2994 	EXP 	stopl: autoDraw = True
27.2994 	EXP 	stopr: autoDraw = True
27.2994 	EXP 	text_6: autoDraw = True
27.2994 	EXP 	text_6: height = 0.1
27.2994 	EXP 	text_6: height = 0.1
27.2994 	EXP 	text_6: height = 0.1
27.2994 	EXP 	text_6: text = 'YELLOW'
27.5573 	DATA 	Keypress: g
27.5701 	EXP 	New trial (rep=0, index=2): {'word': 'BLUE', 'color': 'red', 'correct': 'r', 'rand': 0.942838271285997}
27.5881 	EXP 	text_5: autoDraw = False
27.5881 	EXP 	stopb: autoDraw = False
27.5881 	EXP 	stopl: autoDraw = False
27.5881 	EXP 	stopr: autoDraw = False
27.5881 	EXP 	text_6: autoDraw = False
27.5881 	EXP 	text_6: foreColor = <psychopy.colors.Color: red, alpha=1.0>
27.5881 	EXP 	text_6: height = 0.1
27.5881 	EXP 	text_6: height = 0.1
27.5881 	EXP 	text_6: height = 0.1
27.5881 	EXP 	text_6: text = 'BLUE'
27.5881 	EXP 	text_6: height = 0.1
27.5881 	EXP 	text_5: autoDraw = True
27.5881 	EXP 	stopb: autoDraw = True
27.5881 	EXP 	stopl: autoDraw = True
27.5881 	EXP 	stopr: autoDraw = True
27.5881 	EXP 	text_6: autoDraw = True
27.5881 	EXP 	text_6: height = 0.1
27.5881 	EXP 	text_6: height = 0.1
27.5881 	EXP 	text_6: height = 0.1
27.5881 	EXP 	text_6: text = 'BLUE'
27.7062 	DATA 	Keypress: r
27.7212 	EXP 	New trial (rep=0, index=3): {'word': 'RED', 'color': 'blue', 'correct': 'b', 'rand': 0.8797810252148379}
27.7423 	EXP 	text_5: autoDraw = False
27.7423 	EXP 	stopb: autoDraw = False
27.7423 	EXP 	stopl: autoDraw = False
27.7423 	EXP 	stopr: autoDraw = False
27.7423 	EXP 	text_6: autoDraw = False
27.7423 	EXP 	text_6: foreColor = <psychopy.colors.Color: blue, alpha=1.0>
27.7423 	EXP 	text_6: height = 0.1
27.7423 	EXP 	text_6: height = 0.1
27.7423 	EXP 	text_6: height = 0.1
27.7423 	EXP 	text_6: text = 'RED'
27.7423 	EXP 	text_6: height = 0.1
27.7423 	EXP 	text_5: autoDraw = True
27.7423 	EXP 	stopb: autoDraw = True
27.7423 	EXP 	stopl: autoDraw = True
27.7423 	EXP 	stopr: autoDraw = True
27.7423 	EXP 	text_6: autoDraw = True
27.7423 	EXP 	text_6: height = 0.1
27.7423 	EXP 	text_6: height = 0.1
27.7423 	EXP 	text_6: height = 0.1
27.7423 	EXP 	text_6: text = 'RED'
27.8555 	EXP 	New trial (rep=0, index=4): {'word': 'YELLOW', 'color': 'red', 'correct': 'r', 'rand': 0.7120983550332111}
27.8701 	DATA 	Keypress: g
27.8745 	EXP 	text_5: autoDraw = False
27.8745 	EXP 	stopb: autoDraw = False
27.8745 	EXP 	stopl: autoDraw = False
27.8745 	EXP 	stopr: autoDraw = False
27.8745 	EXP 	text_6: autoDraw = False
27.8745 	EXP 	text_6: foreColor = <psychopy.colors.Color: red, alpha=1.0>
27.8745 	EXP 	text_6: height = 0.1
27.8745 	EXP 	text_6: height = 0.1
27.8745 	EXP 	text_6: height = 0.1
27.8745 	EXP 	text_6: text = 'YELLOW'
27.8745 	EXP 	text_6: height = 0.1
27.8745 	EXP 	text_5: autoDraw = True
27.8745 	EXP 	stopb: autoDraw = True
27.8745 	EXP 	stopl: autoDraw = True
27.8745 	EXP 	stopr: autoDraw = True
27.8745 	EXP 	text_6: autoDraw = True
27.8745 	EXP 	text_6: height = 0.1
27.8745 	EXP 	text_6: height = 0.1
27.8745 	EXP 	text_6: height = 0.1
27.8745 	EXP 	text_6: text = 'YELLOW'
27.9875 	EXP 	New trial (rep=0, index=5): {'word': 'RED', 'color': 'blue', 'correct': 'b', 'rand': 0.6261340356483289}
28.0005 	DATA 	Keypress: r
28.0049 	EXP 	text_5: autoDraw = False
28.0049 	EXP 	stopb: autoDraw = False
28.0049 	EXP 	stopl: autoDraw = False
28.0049 	EXP 	stopr: autoDraw = False
28.0049 	EXP 	text_6: autoDraw = False
28.0049 	EXP 	text_6: foreColor = <psychopy.colors.Color: blue, alpha=1.0>
28.0049 	EXP 	text_6: height = 0.1
28.0049 	EXP 	text_6: height = 0.1
28.0049 	EXP 	text_6: height = 0.1
28.0049 	EXP 	text_6: text = 'RED'
28.0049 	EXP 	text_6: height = 0.1
28.0049 	EXP 	text_5: autoDraw = True
28.0049 	EXP 	stopb: autoDraw = True
28.0049 	EXP 	stopl: autoDraw = True
28.0049 	EXP 	stopr: autoDraw = True
28.0049 	EXP 	text_6: autoDraw = True
28.0049 	EXP 	text_6: height = 0.1
28.0049 	EXP 	text_6: height = 0.1
28.0049 	EXP 	text_6: height = 0.1
28.0049 	EXP 	text_6: text = 'RED'
28.0580 	DATA 	Keypress: g
28.0703 	EXP 	New trial (rep=0, index=6): {'word': 'YELLOW', 'color': 'red', 'correct': 'r', 'rand': 0.026920070545067287}
28.0883 	EXP 	text_5: autoDraw = False
28.0883 	EXP 	stopb: autoDraw = False
28.0883 	EXP 	stopl: autoDraw = False
28.0883 	EXP 	stopr: autoDraw = False
28.0883 	EXP 	text_6: autoDraw = False
28.0883 	EXP 	text_6: foreColor = <psychopy.colors.Color: red, alpha=1.0>
28.0883 	EXP 	text_6: height = 0.1
28.0883 	EXP 	text_6: height = 0.1
28.0883 	EXP 	text_6: height = 0.1
28.0883 	EXP 	text_6: text = 'YELLOW'
28.0883 	EXP 	text_6: height = 0.1
28.0883 	EXP 	text_5: autoDraw = True
28.0883 	EXP 	stopb: autoDraw = True
28.0883 	EXP 	stopl: autoDraw = True
28.0883 	EXP 	stopr: autoDraw = True
28.0883 	EXP 	text_6: autoDraw = True
28.0883 	EXP 	text_6: height = 0.1
28.0883 	EXP 	text_6: height = 0.1
28.0883 	EXP 	text_6: height = 0.1
28.0883 	EXP 	text_6: text = 'YELLOW'
28.6596 	EXP 	Sound sound_1 stopped
28.8044 	EXP 	Sound sound_1 set volume 1.000
28.8051 	EXP 	New trial (rep=0, index=2): OrderedDict([('Psubj', 1), ('Attribute', 'est3'), ('Value', 120), ('cond', 0.1), ('Unique', None)])
28.8106 	DATA 	Keypress: space
28.8164 	EXP 	text_5: autoDraw = False
28.8164 	EXP 	stopb: autoDraw = False
28.8164 	EXP 	stopl: autoDraw = False
28.8164 	EXP 	stopr: autoDraw = False
28.8164 	EXP 	text_6: autoDraw = False
28.8164 	EXP 	text_2: height = 0.05
28.8164 	EXP 	text_2: height = 0.05
28.8164 	EXP 	text_2: height = 0.05
28.8164 	EXP 	text_2: text = 120
28.8164 	EXP 	text_3: autoDraw = True
28.8164 	EXP 	text_2: autoDraw = True
28.8164 	EXP 	text_4: autoDraw = True
30.2945 	EXP 	Imported C:/Users/carelab/Desktop/Erik/resources/stroop.xlsx as conditions, 72 conditions, 4 params
30.2961 	EXP 	Created sequence: random, trialTypes=72, nReps=20, seed=None
30.2964 	EXP 	New trial (rep=0, index=0): {'word': 'RED', 'color': 'yellow', 'correct': 'y', 'rand': 0.02700978295652301}
30.3125 	EXP 	Sound sound_1 started
30.3126 	DATA 	Keypress: space
30.3170 	EXP 	text_3: autoDraw = False
30.3170 	EXP 	text_2: autoDraw = False
30.3170 	EXP 	text_4: autoDraw = False
30.3170 	EXP 	text_6: foreColor = <psychopy.colors.Color: yellow, alpha=1.0>
30.3170 	EXP 	text_6: height = 0.1
30.3170 	EXP 	text_6: height = 0.1
30.3170 	EXP 	text_6: height = 0.1
30.3170 	EXP 	text_6: text = 'RED'
30.3170 	EXP 	text_6: height = 0.1
30.3170 	EXP 	text_5: autoDraw = True
30.3170 	EXP 	stopb: autoDraw = True
30.3170 	EXP 	stopl: autoDraw = True
30.3170 	EXP 	stopr: autoDraw = True
30.3170 	EXP 	text_6: autoDraw = True
30.3170 	EXP 	text_6: height = 0.1
30.3170 	EXP 	text_6: height = 0.1
30.3170 	EXP 	text_6: height = 0.1
30.3170 	EXP 	text_6: text = 'RED'
31.4838 	DATA 	Keypress: r
31.5089 	EXP 	New trial (rep=0, index=1): {'word': 'GREEN', 'color': 'green', 'correct': 'g', 'rand': 0.8068495475687187}
31.5345 	EXP 	text_5: autoDraw = False
31.5345 	EXP 	stopb: autoDraw = False
31.5345 	EXP 	stopl: autoDraw = False
31.5345 	EXP 	stopr: autoDraw = False
31.5345 	EXP 	text_6: autoDraw = False
31.5345 	EXP 	text_6: foreColor = <psychopy.colors.Color: green, alpha=1.0>
31.5345 	EXP 	text_6: height = 0.1
31.5345 	EXP 	text_6: height = 0.1
31.5345 	EXP 	text_6: height = 0.1
31.5345 	EXP 	text_6: text = 'GREEN'
31.5345 	EXP 	text_6: height = 0.1
31.5345 	EXP 	text_5: autoDraw = True
31.5345 	EXP 	stopb: autoDraw = True
31.5345 	EXP 	stopl: autoDraw = True
31.5345 	EXP 	stopr: autoDraw = True
31.5345 	EXP 	text_6: autoDraw = True
31.5345 	EXP 	text_6: height = 0.1
31.5345 	EXP 	text_6: height = 0.1
31.5345 	EXP 	text_6: height = 0.1
31.5345 	EXP 	text_6: text = 'GREEN'
31.6475 	DATA 	Keypress: g
31.6609 	EXP 	New trial (rep=0, index=2): {'word': 'RED', 'color': 'blue', 'correct': 'b', 'rand': 0.8797810252148379}
31.6780 	EXP 	text_5: autoDraw = False
31.6780 	EXP 	stopb: autoDraw = False
31.6780 	EXP 	stopl: autoDraw = False
31.6780 	EXP 	stopr: autoDraw = False
31.6780 	EXP 	text_6: autoDraw = False
31.6780 	EXP 	text_6: foreColor = <psychopy.colors.Color: blue, alpha=1.0>
31.6780 	EXP 	text_6: height = 0.1
31.6780 	EXP 	text_6: height = 0.1
31.6780 	EXP 	text_6: height = 0.1
31.6780 	EXP 	text_6: text = 'RED'
31.6780 	EXP 	text_6: height = 0.1
31.6780 	EXP 	text_5: autoDraw = True
31.6780 	EXP 	stopb: autoDraw = True
31.6780 	EXP 	stopl: autoDraw = True
31.6780 	EXP 	stopr: autoDraw = True
31.6780 	EXP 	text_6: autoDraw = True
31.6780 	EXP 	text_6: height = 0.1
31.6780 	EXP 	text_6: height = 0.1
31.6780 	EXP 	text_6: height = 0.1
31.6780 	EXP 	text_6: text = 'RED'
31.8065 	DATA 	Keypress: r
31.8189 	EXP 	New trial (rep=0, index=3): {'word': 'RED', 'color': 'green', 'correct': 'g', 'rand': 0.2760429847547615}
31.8350 	EXP 	text_5: autoDraw = False
31.8350 	EXP 	stopb: autoDraw = False
31.8350 	EXP 	stopl: autoDraw = False
31.8350 	EXP 	stopr: autoDraw = False
31.8350 	EXP 	text_6: autoDraw = False
31.8350 	EXP 	text_6: foreColor = <psychopy.colors.Color: green, alpha=1.0>
31.8350 	EXP 	text_6: text = 'RED'
31.8350 	EXP 	text_6: height = 0.1
31.8350 	EXP 	text_5: autoDraw = True
31.8350 	EXP 	stopb: autoDraw = True
31.8350 	EXP 	stopl: autoDraw = True
31.8350 	EXP 	stopr: autoDraw = True
31.8350 	EXP 	text_6: autoDraw = True
31.8350 	EXP 	text_6: height = 0.1
31.8350 	EXP 	text_6: height = 0.1
31.8350 	EXP 	text_6: height = 0.1
31.8350 	EXP 	text_6: text = 'RED'
31.9193 	DATA 	Keypress: g
31.9437 	EXP 	New trial (rep=0, index=4): {'word': 'YELLOW', 'color': 'green', 'correct': 'g', 'rand': 0.6369033815986452}
31.9658 	EXP 	text_5: autoDraw = False
31.9658 	EXP 	stopb: autoDraw = False
31.9658 	EXP 	stopl: autoDraw = False
31.9658 	EXP 	stopr: autoDraw = False
31.9658 	EXP 	text_6: autoDraw = False
31.9658 	EXP 	text_6: foreColor = <psychopy.colors.Color: green, alpha=1.0>
31.9658 	EXP 	text_6: height = 0.1
31.9658 	EXP 	text_6: height = 0.1
31.9658 	EXP 	text_6: height = 0.1
31.9658 	EXP 	text_6: text = 'YELLOW'
31.9658 	EXP 	text_6: height = 0.1
31.9658 	EXP 	text_5: autoDraw = True
31.9658 	EXP 	stopb: autoDraw = True
31.9658 	EXP 	stopl: autoDraw = True
31.9658 	EXP 	stopr: autoDraw = True
31.9658 	EXP 	text_6: autoDraw = True
31.9658 	EXP 	text_6: height = 0.1
31.9658 	EXP 	text_6: height = 0.1
31.9658 	EXP 	text_6: height = 0.1
31.9658 	EXP 	text_6: text = 'YELLOW'
32.8264 	DATA 	Keypress: r
32.8391 	EXP 	New trial (rep=0, index=5): {'word': 'YELLOW', 'color': 'green', 'correct': 'g', 'rand': 0.7266879439974213}
32.8564 	EXP 	text_5: autoDraw = False
32.8564 	EXP 	stopb: autoDraw = False
32.8564 	EXP 	stopl: autoDraw = False
32.8564 	EXP 	stopr: autoDraw = False
32.8564 	EXP 	text_6: autoDraw = False
32.8564 	EXP 	text_6: foreColor = <psychopy.colors.Color: green, alpha=1.0>
32.8564 	EXP 	text_6: text = 'YELLOW'
32.8564 	EXP 	text_6: height = 0.1
32.8564 	EXP 	text_5: autoDraw = True
32.8564 	EXP 	stopb: autoDraw = True
32.8564 	EXP 	stopl: autoDraw = True
32.8564 	EXP 	stopr: autoDraw = True
32.8564 	EXP 	text_6: autoDraw = True
32.8564 	EXP 	text_6: height = 0.1
32.8564 	EXP 	text_6: height = 0.1
32.8564 	EXP 	text_6: height = 0.1
32.8564 	EXP 	text_6: text = 'YELLOW'
33.0408 	DATA 	Keypress: r
33.0636 	EXP 	New trial (rep=0, index=6): {'word': 'GREEN', 'color': 'red', 'correct': 'r', 'rand': 0.5031340074260082}
33.0861 	EXP 	text_5: autoDraw = False
33.0861 	EXP 	stopb: autoDraw = False
33.0861 	EXP 	stopl: autoDraw = False
33.0861 	EXP 	stopr: autoDraw = False
33.0861 	EXP 	text_6: autoDraw = False
33.0861 	EXP 	text_6: foreColor = <psychopy.colors.Color: red, alpha=1.0>
33.0861 	EXP 	text_6: height = 0.1
33.0861 	EXP 	text_6: height = 0.1
33.0861 	EXP 	text_6: height = 0.1
33.0861 	EXP 	text_6: text = 'GREEN'
33.0861 	EXP 	text_6: height = 0.1
33.0861 	EXP 	text_5: autoDraw = True
33.0861 	EXP 	stopb: autoDraw = True
33.0861 	EXP 	stopl: autoDraw = True
33.0861 	EXP 	stopr: autoDraw = True
33.0861 	EXP 	text_6: autoDraw = True
33.0861 	EXP 	text_6: height = 0.1
33.0861 	EXP 	text_6: height = 0.1
33.0861 	EXP 	text_6: height = 0.1
33.0861 	EXP 	text_6: text = 'GREEN'
33.2515 	DATA 	Keypress: g
33.2638 	EXP 	New trial (rep=0, index=7): {'word': 'RED', 'color': 'red', 'correct': 'r', 'rand': 0.2568878061282698}
33.2812 	EXP 	text_5: autoDraw = False
33.2812 	EXP 	stopb: autoDraw = False
33.2812 	EXP 	stopl: autoDraw = False
33.2812 	EXP 	stopr: autoDraw = False
33.2812 	EXP 	text_6: autoDraw = False
33.2812 	EXP 	text_6: foreColor = <psychopy.colors.Color: red, alpha=1.0>
33.2812 	EXP 	text_6: height = 0.1
33.2812 	EXP 	text_6: height = 0.1
33.2812 	EXP 	text_6: height = 0.1
33.2812 	EXP 	text_6: text = 'RED'
33.2812 	EXP 	text_6: height = 0.1
33.2812 	EXP 	text_5: autoDraw = True
33.2812 	EXP 	stopb: autoDraw = True
33.2812 	EXP 	stopl: autoDraw = True
33.2812 	EXP 	stopr: autoDraw = True
33.2812 	EXP 	text_6: autoDraw = True
33.2812 	EXP 	text_6: height = 0.1
33.2812 	EXP 	text_6: height = 0.1
33.2812 	EXP 	text_6: height = 0.1
33.2812 	EXP 	text_6: text = 'RED'
33.4138 	EXP 	New trial (rep=0, index=8): {'word': 'RED', 'color': 'green', 'correct': 'g', 'rand': 0.3574410811547245}
33.4288 	DATA 	Keypress: r
33.4335 	EXP 	text_5: autoDraw = False
33.4335 	EXP 	stopb: autoDraw = False
33.4335 	EXP 	stopl: autoDraw = False
33.4335 	EXP 	stopr: autoDraw = False
33.4335 	EXP 	text_6: autoDraw = False
33.4335 	EXP 	text_6: foreColor = <psychopy.colors.Color: green, alpha=1.0>
33.4335 	EXP 	text_6: text = 'RED'
33.4335 	EXP 	text_6: height = 0.1
33.4335 	EXP 	text_5: autoDraw = True
33.4335 	EXP 	stopb: autoDraw = True
33.4335 	EXP 	stopl: autoDraw = True
33.4335 	EXP 	stopr: autoDraw = True
33.4335 	EXP 	text_6: autoDraw = True
33.4335 	EXP 	text_6: height = 0.1
33.4335 	EXP 	text_6: height = 0.1
33.4335 	EXP 	text_6: height = 0.1
33.4335 	EXP 	text_6: text = 'RED'
33.5982 	DATA 	Keypress: g
33.6109 	EXP 	New trial (rep=0, index=9): {'word': 'GREEN', 'color': 'red', 'correct': 'r', 'rand': 0.44101927638488736}
33.6293 	EXP 	text_5: autoDraw = False
33.6293 	EXP 	stopb: autoDraw = False
33.6293 	EXP 	stopl: autoDraw = False
33.6293 	EXP 	stopr: autoDraw = False
33.6293 	EXP 	text_6: autoDraw = False
33.6293 	EXP 	text_6: foreColor = <psychopy.colors.Color: red, alpha=1.0>
33.6293 	EXP 	text_6: height = 0.1
33.6293 	EXP 	text_6: height = 0.1
33.6293 	EXP 	text_6: height = 0.1
33.6293 	EXP 	text_6: text = 'GREEN'
33.6293 	EXP 	text_6: height = 0.1
33.6293 	EXP 	text_5: autoDraw = True
33.6293 	EXP 	stopb: autoDraw = True
33.6293 	EXP 	stopl: autoDraw = True
33.6293 	EXP 	stopr: autoDraw = True
33.6293 	EXP 	text_6: autoDraw = True
33.6293 	EXP 	text_6: height = 0.1
33.6293 	EXP 	text_6: height = 0.1
33.6293 	EXP 	text_6: height = 0.1
33.6293 	EXP 	text_6: text = 'GREEN'
34.3431 	DATA 	Keypress: space
34.3687 	EXP 	Sound sound_1 stopped
34.5202 	EXP 	Sound sound_1 set volume 1.000
34.5211 	EXP 	New trial (rep=0, index=3): OrderedDict([('Psubj', 1), ('Attribute', 'est4'), ('Value', 30), ('cond', 0.1), ('Unique', None)])
34.5297 	EXP 	text_5: autoDraw = False
34.5297 	EXP 	stopb: autoDraw = False
34.5297 	EXP 	stopl: autoDraw = False
34.5297 	EXP 	stopr: autoDraw = False
34.5297 	EXP 	text_6: autoDraw = False
34.5297 	EXP 	text_2: height = 0.05
34.5297 	EXP 	text_2: height = 0.05
34.5297 	EXP 	text_2: height = 0.05
34.5297 	EXP 	text_2: text = 30
34.5297 	EXP 	text_3: autoDraw = True
34.5297 	EXP 	text_2: autoDraw = True
34.5297 	EXP 	text_4: autoDraw = True
35.2088 	EXP 	Imported C:/Users/carelab/Desktop/Erik/resources/stroop.xlsx as conditions, 72 conditions, 4 params
35.2102 	EXP 	Created sequence: random, trialTypes=72, nReps=20, seed=None
35.2105 	EXP 	New trial (rep=0, index=0): {'word': 'RED', 'color': 'yellow', 'correct': 'y', 'rand': 0.796029677549436}
35.2274 	EXP 	Sound sound_1 started
35.2248 	DATA 	Keypress: space
35.2293 	EXP 	text_3: autoDraw = False
35.2293 	EXP 	text_2: autoDraw = False
35.2293 	EXP 	text_4: autoDraw = False
35.2293 	EXP 	text_6: foreColor = <psychopy.colors.Color: yellow, alpha=1.0>
35.2293 	EXP 	text_6: height = 0.1
35.2293 	EXP 	text_6: height = 0.1
35.2293 	EXP 	text_6: height = 0.1
35.2293 	EXP 	text_6: text = 'RED'
35.2293 	EXP 	text_6: height = 0.1
35.2293 	EXP 	text_5: autoDraw = True
35.2293 	EXP 	stopb: autoDraw = True
35.2293 	EXP 	stopl: autoDraw = True
35.2293 	EXP 	stopr: autoDraw = True
35.2293 	EXP 	text_6: autoDraw = True
35.2293 	EXP 	text_6: height = 0.1
35.2293 	EXP 	text_6: height = 0.1
35.2293 	EXP 	text_6: height = 0.1
35.2293 	EXP 	text_6: text = 'RED'
35.7536 	DATA 	Keypress: space
35.8107 	EXP 	Sound sound_1 stopped
35.9594 	EXP 	Sound sound_1 set volume 1.000
35.9601 	EXP 	New trial (rep=0, index=4): OrderedDict([('Psubj', 1), ('Attribute', 'est5'), ('Value', 105), ('cond', 0.0), ('Unique', None)])
35.9694 	EXP 	text_5: autoDraw = False
35.9694 	EXP 	stopb: autoDraw = False
35.9694 	EXP 	stopl: autoDraw = False
35.9694 	EXP 	stopr: autoDraw = False
35.9694 	EXP 	text_6: autoDraw = False
35.9694 	EXP 	text_2: height = 0.05
35.9694 	EXP 	text_2: height = 0.05
35.9694 	EXP 	text_2: height = 0.05
35.9694 	EXP 	text_2: text = 105
35.9694 	EXP 	text_3: autoDraw = True
35.9694 	EXP 	text_2: autoDraw = True
35.9694 	EXP 	text_4: autoDraw = True
36.3945 	EXP 	Imported C:/Users/carelab/Desktop/Erik/resources/stroop.xlsx as conditions, 72 conditions, 4 params
36.3961 	EXP 	Created sequence: random, trialTypes=72, nReps=20, seed=None
36.3964 	EXP 	New trial (rep=0, index=0): {'word': 'BLUE', 'color': 'green', 'correct': 'g', 'rand': 0.067132979650672}
36.4104 	EXP 	Sound sound_1 started
36.4178 	DATA 	Keypress: space
36.4225 	EXP 	text_3: autoDraw = False
36.4225 	EXP 	text_2: autoDraw = False
36.4225 	EXP 	text_4: autoDraw = False
36.4225 	EXP 	text_6: foreColor = <psychopy.colors.Color: green, alpha=1.0>
36.4225 	EXP 	text_6: height = 0.1
36.4225 	EXP 	text_6: height = 0.1
36.4225 	EXP 	text_6: height = 0.1
36.4225 	EXP 	text_6: text = 'BLUE'
36.4225 	EXP 	text_6: height = 0.0
36.4225 	EXP 	text_5: autoDraw = True
36.4225 	EXP 	stopb: autoDraw = True
36.4225 	EXP 	stopl: autoDraw = True
36.4225 	EXP 	stopr: autoDraw = True
36.4225 	EXP 	text_6: autoDraw = True
36.4225 	EXP 	text_6: height = 0.0
36.4225 	EXP 	text_6: height = 0.0
36.4225 	EXP 	text_6: height = 0.0
36.4225 	EXP 	text_6: text = 'BLUE'
38.4021 	DATA 	Keypress: space
38.4756 	EXP 	Sound sound_1 stopped
38.6319 	EXP 	Sound sound_1 set volume 1.000
38.6326 	EXP 	New trial (rep=0, index=5): OrderedDict([('Psubj', 1), ('Attribute', 'est6'), ('Value', 120), ('cond', 0.1), ('Unique', None)])
38.6439 	EXP 	text_5: autoDraw = False
38.6439 	EXP 	stopb: autoDraw = False
38.6439 	EXP 	stopl: autoDraw = False
38.6439 	EXP 	stopr: autoDraw = False
38.6439 	EXP 	text_6: autoDraw = False
38.6439 	EXP 	text_2: height = 0.05
38.6439 	EXP 	text_2: height = 0.05
38.6439 	EXP 	text_2: height = 0.05
38.6439 	EXP 	text_2: text = 120
38.6439 	EXP 	text_3: autoDraw = True
38.6439 	EXP 	text_2: autoDraw = True
38.6439 	EXP 	text_4: autoDraw = True
38.8956 	DATA 	Keypress: space
38.9264 	EXP 	Imported C:/Users/carelab/Desktop/Erik/resources/stroop.xlsx as conditions, 72 conditions, 4 params
38.9278 	EXP 	Created sequence: random, trialTypes=72, nReps=20, seed=None
38.9281 	EXP 	New trial (rep=0, index=0): {'word': 'YELLOW', 'color': 'yellow', 'correct': 'y', 'rand': 0.8548585351904575}
38.9428 	EXP 	Sound sound_1 started
38.9546 	EXP 	text_3: autoDraw = False
38.9546 	EXP 	text_2: autoDraw = False
38.9546 	EXP 	text_4: autoDraw = False
38.9546 	EXP 	text_6: foreColor = <psychopy.colors.Color: yellow, alpha=1.0>
38.9546 	EXP 	text_6: height = 0.0
38.9546 	EXP 	text_6: height = 0.0
38.9546 	EXP 	text_6: height = 0.0
38.9546 	EXP 	text_6: text = 'YELLOW'
38.9546 	EXP 	text_6: height = 0.1
38.9546 	EXP 	text_5: autoDraw = True
38.9546 	EXP 	stopb: autoDraw = True
38.9546 	EXP 	stopl: autoDraw = True
38.9546 	EXP 	stopr: autoDraw = True
38.9546 	EXP 	text_6: autoDraw = True
38.9546 	EXP 	text_6: height = 0.1
38.9546 	EXP 	text_6: height = 0.1
38.9546 	EXP 	text_6: height = 0.1
38.9546 	EXP 	text_6: text = 'YELLOW'
39.3531 	DATA 	Keypress: space
39.3875 	EXP 	Sound sound_1 stopped
39.5326 	EXP 	Sound sound_1 set volume 1.000
39.5334 	EXP 	New trial (rep=0, index=6): OrderedDict([('Psubj', 1), ('Attribute', 'est7'), ('Value', 120), ('cond', 0.0), ('Unique', None)])
39.5426 	EXP 	text_5: autoDraw = False
39.5426 	EXP 	stopb: autoDraw = False
39.5426 	EXP 	stopl: autoDraw = False
39.5426 	EXP 	stopr: autoDraw = False
39.5426 	EXP 	text_6: autoDraw = False
39.5426 	EXP 	text_2: height = 0.05
39.5426 	EXP 	text_2: height = 0.05
39.5426 	EXP 	text_2: height = 0.05
39.5426 	EXP 	text_2: text = 120
39.5426 	EXP 	text_3: autoDraw = True
39.5426 	EXP 	text_2: autoDraw = True
39.5426 	EXP 	text_4: autoDraw = True
39.8404 	EXP 	Imported C:/Users/carelab/Desktop/Erik/resources/stroop.xlsx as conditions, 72 conditions, 4 params
39.8417 	EXP 	Created sequence: random, trialTypes=72, nReps=20, seed=None
39.8420 	EXP 	New trial (rep=0, index=0): {'word': 'GREEN', 'color': 'red', 'correct': 'r', 'rand': 0.5031340074260082}
39.8593 	EXP 	Sound sound_1 started
39.8650 	DATA 	Keypress: space
39.8688 	EXP 	text_3: autoDraw = False
39.8688 	EXP 	text_2: autoDraw = False
39.8688 	EXP 	text_4: autoDraw = False
39.8688 	EXP 	text_6: foreColor = <psychopy.colors.Color: red, alpha=1.0>
39.8688 	EXP 	text_6: height = 0.1
39.8688 	EXP 	text_6: height = 0.1
39.8688 	EXP 	text_6: height = 0.1
39.8688 	EXP 	text_6: text = 'GREEN'
39.8688 	EXP 	text_6: height = 0.0
39.8688 	EXP 	text_5: autoDraw = True
39.8688 	EXP 	stopb: autoDraw = True
39.8688 	EXP 	stopl: autoDraw = True
39.8688 	EXP 	stopr: autoDraw = True
39.8688 	EXP 	text_6: autoDraw = True
39.8688 	EXP 	text_6: height = 0.0
39.8688 	EXP 	text_6: height = 0.0
39.8688 	EXP 	text_6: height = 0.0
39.8688 	EXP 	text_6: text = 'GREEN'
40.4508 	DATA 	Keypress: space
40.5271 	EXP 	Sound sound_1 stopped
40.6775 	EXP 	Sound sound_1 set volume 1.000
40.6782 	EXP 	New trial (rep=0, index=7): OrderedDict([('Psubj', 1), ('Attribute', 'est8'), ('Value', 60), ('cond', 0.0), ('Unique', None)])
40.6902 	EXP 	text_5: autoDraw = False
40.6902 	EXP 	stopb: autoDraw = False
40.6902 	EXP 	stopl: autoDraw = False
40.6902 	EXP 	stopr: autoDraw = False
40.6902 	EXP 	text_6: autoDraw = False
40.6902 	EXP 	text_2: height = 0.05
40.6902 	EXP 	text_2: height = 0.05
40.6902 	EXP 	text_2: height = 0.05
40.6902 	EXP 	text_2: text = 60
40.6902 	EXP 	text_3: autoDraw = True
40.6902 	EXP 	text_2: autoDraw = True
40.6902 	EXP 	text_4: autoDraw = True
40.9279 	DATA 	Keypress: space
40.9568 	EXP 	Imported C:/Users/carelab/Desktop/Erik/resources/stroop.xlsx as conditions, 72 conditions, 4 params
40.9581 	EXP 	Created sequence: random, trialTypes=72, nReps=20, seed=None
40.9585 	EXP 	New trial (rep=0, index=0): {'word': 'RED', 'color': 'yellow', 'correct': 'y', 'rand': 0.6103908603094943}
40.9759 	EXP 	Sound sound_1 started
40.9794 	EXP 	text_3: autoDraw = False
40.9794 	EXP 	text_2: autoDraw = False
40.9794 	EXP 	text_4: autoDraw = False
40.9794 	EXP 	text_6: foreColor = <psychopy.colors.Color: yellow, alpha=1.0>
40.9794 	EXP 	text_6: height = 0.0
40.9794 	EXP 	text_6: height = 0.0
40.9794 	EXP 	text_6: height = 0.0
40.9794 	EXP 	text_6: text = 'RED'
40.9794 	EXP 	text_6: height = 0.0
40.9794 	EXP 	text_5: autoDraw = True
40.9794 	EXP 	stopb: autoDraw = True
40.9794 	EXP 	stopl: autoDraw = True
40.9794 	EXP 	stopr: autoDraw = True
40.9794 	EXP 	text_6: autoDraw = True
40.9794 	EXP 	text_6: height = 0.0
40.9794 	EXP 	text_6: height = 0.0
40.9794 	EXP 	text_6: height = 0.0
40.9794 	EXP 	text_6: text = 'RED'
41.5086 	DATA 	Keypress: space
41.5888 	EXP 	Sound sound_1 stopped
41.7537 	EXP 	Sound sound_1 set volume 1.000
41.7546 	EXP 	New trial (rep=0, index=8): OrderedDict([('Psubj', 1), ('Attribute', 'est9'), ('Value', 30), ('cond', 0.0), ('Unique', None)])
41.7644 	EXP 	text_5: autoDraw = False
41.7644 	EXP 	stopb: autoDraw = False
41.7644 	EXP 	stopl: autoDraw = False
41.7644 	EXP 	stopr: autoDraw = False
41.7644 	EXP 	text_6: autoDraw = False
41.7644 	EXP 	text_2: height = 0.05
41.7644 	EXP 	text_2: height = 0.05
41.7644 	EXP 	text_2: height = 0.05
41.7644 	EXP 	text_2: text = 30
41.7644 	EXP 	text_3: autoDraw = True
41.7644 	EXP 	text_2: autoDraw = True
41.7644 	EXP 	text_4: autoDraw = True
41.8048 	EXP 	Imported C:/Users/carelab/Desktop/Erik/resources/stroop.xlsx as conditions, 72 conditions, 4 params
41.8061 	EXP 	Created sequence: random, trialTypes=72, nReps=20, seed=None
41.8064 	EXP 	New trial (rep=0, index=0): {'word': 'RED', 'color': 'blue', 'correct': 'b', 'rand': 0.3419212477383132}
41.8090 	EXP 	Sound sound_1 started
41.8201 	DATA 	Keypress: space
41.8253 	EXP 	text_3: autoDraw = False
41.8253 	EXP 	text_2: autoDraw = False
41.8253 	EXP 	text_4: autoDraw = False
41.8253 	EXP 	text_6: foreColor = <psychopy.colors.Color: blue, alpha=1.0>
41.8253 	EXP 	text_6: text = 'RED'
41.8253 	EXP 	text_6: height = 0.0
41.8253 	EXP 	text_5: autoDraw = True
41.8253 	EXP 	stopb: autoDraw = True
41.8253 	EXP 	stopl: autoDraw = True
41.8253 	EXP 	stopr: autoDraw = True
41.8253 	EXP 	text_6: autoDraw = True
41.8253 	EXP 	text_6: height = 0.0
41.8253 	EXP 	text_6: height = 0.0
41.8253 	EXP 	text_6: height = 0.0
41.8253 	EXP 	text_6: text = 'RED'
42.2681 	DATA 	Keypress: space
42.3489 	EXP 	Sound sound_1 stopped
42.5008 	EXP 	Sound sound_1 set volume 1.000
42.5016 	EXP 	New trial (rep=0, index=9): OrderedDict([('Psubj', 1), ('Attribute', 'est10'), ('Value', 60), ('cond', 0.0), ('Unique', None)])
42.5112 	EXP 	text_5: autoDraw = False
42.5112 	EXP 	stopb: autoDraw = False
42.5112 	EXP 	stopl: autoDraw = False
42.5112 	EXP 	stopr: autoDraw = False
42.5112 	EXP 	text_6: autoDraw = False
42.5112 	EXP 	text_2: height = 0.05
42.5112 	EXP 	text_2: height = 0.05
42.5112 	EXP 	text_2: height = 0.05
42.5112 	EXP 	text_2: text = 60
42.5112 	EXP 	text_3: autoDraw = True
42.5112 	EXP 	text_2: autoDraw = True
42.5112 	EXP 	text_4: autoDraw = True
42.8565 	EXP 	Imported C:/Users/carelab/Desktop/Erik/resources/stroop.xlsx as conditions, 72 conditions, 4 params
42.8579 	EXP 	Created sequence: random, trialTypes=72, nReps=20, seed=None
42.8582 	EXP 	New trial (rep=0, index=0): {'word': 'GREEN', 'color': 'yellow', 'correct': 'y', 'rand': 0.8995740733459063}
42.8750 	EXP 	Sound sound_1 started
42.8717 	DATA 	Keypress: space
42.8764 	EXP 	text_3: autoDraw = False
42.8764 	EXP 	text_2: autoDraw = False
42.8764 	EXP 	text_4: autoDraw = False
42.8764 	EXP 	text_6: foreColor = <psychopy.colors.Color: yellow, alpha=1.0>
42.8764 	EXP 	text_6: height = 0.0
42.8764 	EXP 	text_6: height = 0.0
42.8764 	EXP 	text_6: height = 0.0
42.8764 	EXP 	text_6: text = 'GREEN'
42.8764 	EXP 	text_6: height = 0.0
42.8764 	EXP 	text_5: autoDraw = True
42.8764 	EXP 	stopb: autoDraw = True
42.8764 	EXP 	stopl: autoDraw = True
42.8764 	EXP 	stopr: autoDraw = True
42.8764 	EXP 	text_6: autoDraw = True
42.8764 	EXP 	text_6: height = 0.0
42.8764 	EXP 	text_6: height = 0.0
42.8764 	EXP 	text_6: height = 0.0
42.8764 	EXP 	text_6: text = 'GREEN'
43.3014 	DATA 	Keypress: space
43.3356 	EXP 	Sound sound_1 stopped
43.5187 	EXP 	Sound sound_1 set volume 1.000
43.5195 	EXP 	New trial (rep=0, index=10): OrderedDict([('Psubj', 1), ('Attribute', 'est11'), ('Value', 105), ('cond', 0.1), ('Unique', None)])
43.5298 	EXP 	text_5: autoDraw = False
43.5298 	EXP 	stopb: autoDraw = False
43.5298 	EXP 	stopl: autoDraw = False
43.5298 	EXP 	stopr: autoDraw = False
43.5298 	EXP 	text_6: autoDraw = False
43.5298 	EXP 	text_2: height = 0.05
43.5298 	EXP 	text_2: height = 0.05
43.5298 	EXP 	text_2: height = 0.05
43.5298 	EXP 	text_2: text = 105
43.5298 	EXP 	text_3: autoDraw = True
43.5298 	EXP 	text_2: autoDraw = True
43.5298 	EXP 	text_4: autoDraw = True
43.6057 	EXP 	Imported C:/Users/carelab/Desktop/Erik/resources/stroop.xlsx as conditions, 72 conditions, 4 params
43.6070 	EXP 	Created sequence: random, trialTypes=72, nReps=20, seed=None
43.6073 	EXP 	New trial (rep=0, index=0): {'word': 'BLUE', 'color': 'red', 'correct': 'r', 'rand': 0.5366056757250153}
43.6249 	EXP 	Sound sound_1 started
43.6270 	DATA 	Keypress: space
43.6313 	EXP 	text_3: autoDraw = False
43.6313 	EXP 	text_2: autoDraw = False
43.6313 	EXP 	text_4: autoDraw = False
43.6313 	EXP 	text_6: foreColor = <psychopy.colors.Color: red, alpha=1.0>
43.6313 	EXP 	text_6: height = 0.0
43.6313 	EXP 	text_6: height = 0.0
43.6313 	EXP 	text_6: height = 0.0
43.6313 	EXP 	text_6: text = 'BLUE'
43.6313 	EXP 	text_6: height = 0.1
43.6313 	EXP 	text_5: autoDraw = True
43.6313 	EXP 	stopb: autoDraw = True
43.6313 	EXP 	stopl: autoDraw = True
43.6313 	EXP 	stopr: autoDraw = True
43.6313 	EXP 	text_6: autoDraw = True
43.6313 	EXP 	text_6: height = 0.1
43.6313 	EXP 	text_6: height = 0.1
43.6313 	EXP 	text_6: height = 0.1
43.6313 	EXP 	text_6: text = 'BLUE'
44.7091 	EXP 	Sound sound_1 stopped
44.9119 	EXP 	Sound sound_1 set volume 1.000
44.9125 	EXP 	New trial (rep=0, index=11): OrderedDict([('Psubj', 1), ('Attribute', 'est12'), ('Value', 30), ('cond', 0.0), ('Unique', None)])
44.9157 	DATA 	Keypress: space
44.9211 	EXP 	text_5: autoDraw = False
44.9211 	EXP 	stopb: autoDraw = False
44.9211 	EXP 	stopl: autoDraw = False
44.9211 	EXP 	stopr: autoDraw = False
44.9211 	EXP 	text_6: autoDraw = False
44.9211 	EXP 	text_2: height = 0.05
44.9211 	EXP 	text_2: height = 0.05
44.9211 	EXP 	text_2: height = 0.05
44.9211 	EXP 	text_2: text = 30
44.9211 	EXP 	text_3: autoDraw = True
44.9211 	EXP 	text_2: autoDraw = True
44.9211 	EXP 	text_4: autoDraw = True
45.4118 	DATA 	Keypress: escape
48.2271 	EXP 	window1: mouseVisible = True
