4.2298 	WARNING 	User requested fullscreen with size [1024  768], but screen is actually [2560, 1440]. Using actual size
6.7769 	EXP 	Created window1 = Window(allowGUI=True, allowStencil=False, autoLog=True, backendConf=UNKNOWN, bitsMode=UNKNOWN, blendMode='avg', bpc=(8, 8, 8), color=array([0, 0, 0]), colorSpace='rgb', depthBits=8, fullscr=<method-wrapper '__getattribute__' of attributeSetter object at 0x00000251EC219490>, gamma=None, gammaErrorPolicy='raise', lms=UNKNOWN, monitor=<psychopy.monitors.calibTools.Monitor object at 0x00000251ED137790>, multiSample=False, name='window1', numSamples=2, pos=(0, 0), screen=0, size=array([2560, 1440]), stencilBits=0, stereo=False, units='height', useFBO=True, useRetina=False, viewOri=0.0, viewPos=None, viewScale=None, waitBlanking=True, winType='pyglet')
6.7772 	EXP 	window1: mouseVisible = True
6.7776 	EXP 	window1: mouseVisible = False
6.7776 	EXP 	window1: Attempting to measure frame rate of screen (0) ...
6.7777 	EXP 	window1: recordFrameIntervals = False
6.9422 	EXP 	window1: recordFrameIntervals = True
7.1258 	EXP 	Screen (0) actual frame rate measured at 60.06Hz
7.1260 	EXP 	window1: recordFrameIntervals = False
8.8642 	EXP 	Created text_instr = TextStim(__class__=<class 'psychopy.visual.text.TextStim'>, alignHoriz=method-wrapper(...), alignText='center', alignVert=method-wrapper(...), anchorHoriz='center', anchorVert='center', antialias=True, autoDraw=False, autoLog=True, bold=False, color=array([1, 1, 1]), colorSpace='rgb', contrast=1.0, depth=0.0, flipHoriz=False, flipVert=False, font='Comic Sans', fontFiles=[], height=0.04, italic=False, languageStyle='LTR', name='text_instr', opacity=1.0, ori=0.0, pos=array([0., 0.]), rgb=UNKNOWN, text=str(...), units='height', win=Window(...), wrapWidth=1)
8.8822 	EXP 	Created text_3 = TextStim(__class__=<class 'psychopy.visual.text.TextStim'>, alignHoriz=method-wrapper(...), alignText='center', alignVert=method-wrapper(...), anchorHoriz='center', anchorVert='center', antialias=True, autoDraw=False, autoLog=True, bold=False, color=array([1, 1, 1]), colorSpace='rgb', contrast=1.0, depth=0.0, flipHoriz=False, flipVert=False, font='Open Sans', fontFiles=[], height=0.05, italic=False, languageStyle='LTR', name='text_3', opacity=1.0, ori=0.0, pos=array([0. , 0.3]), rgb=UNKNOWN, text=str(...), units='height', win=Window(...), wrapWidth=1)
8.8827 	EXP 	Created text_2 = TextStim(__class__=<class 'psychopy.visual.text.TextStim'>, alignHoriz=method-wrapper(...), alignText='center', alignVert=method-wrapper(...), anchorHoriz='center', anchorVert='center', antialias=True, autoDraw=False, autoLog=True, bold=False, color=array([1, 1, 1]), colorSpace='rgb', contrast=1.0, depth=-1.0, flipHoriz=False, flipVert=False, font='Open Sans', fontFiles=[], height=0.05, italic=False, languageStyle='LTR', name='text_2', opacity=1.0, ori=0.0, pos=array([0., 0.]), rgb=UNKNOWN, text='', units='height', win=Window(...), wrapWidth=1)
8.8935 	EXP 	Created text_4 = TextStim(__class__=<class 'psychopy.visual.text.TextStim'>, alignHoriz=method-wrapper(...), alignText='center', alignVert=method-wrapper(...), anchorHoriz='center', anchorVert='center', antialias=True, autoDraw=False, autoLog=True, bold=False, color=array([1, 1, 1]), colorSpace='rgb', contrast=1.0, depth=-3.0, flipHoriz=False, flipVert=False, font='Open Sans', fontFiles=[], height=0.05, italic=False, languageStyle='LTR', name='text_4', opacity=1.0, ori=0.0, pos=array([ 0. , -0.2]), rgb=UNKNOWN, text=str(...), units='height', win=Window(...), wrapWidth=1)
8.8946 	EXP 	Created text_5 = TextStim(__class__=<class 'psychopy.visual.text.TextStim'>, alignHoriz=method-wrapper(...), alignText='center', alignVert=method-wrapper(...), anchorHoriz='center', anchorVert='center', antialias=True, autoDraw=False, autoLog=True, bold=False, color=array([1, 1, 1]), colorSpace='rgb', contrast=1.0, depth=-2.0, flipHoriz=False, flipVert=False, font='Arial', fontFiles=[], height=0.1, italic=False, languageStyle='LTR', name='text_5', opacity=1.0, ori=0.0, pos=array([0. , 0.4]), rgb=UNKNOWN, text='', units='height', win=Window(...), wrapWidth=1)
8.8952 	EXP 	Created stopb = TextStim(__class__=<class 'psychopy.visual.text.TextStim'>, alignHoriz=method-wrapper(...), alignText='center', alignVert=method-wrapper(...), anchorHoriz='center', anchorVert='center', antialias=True, autoDraw=False, autoLog=True, bold=False, color=array([1, 1, 1]), colorSpace='rgb', contrast=1.0, depth=-3.0, flipHoriz=False, flipVert=False, font='Arial', fontFiles=[], height=0.1, italic=False, languageStyle='LTR', name='stopb', opacity=1.0, ori=0.0, pos=array([ 0. , -0.4]), rgb=UNKNOWN, text='', units='height', win=Window(...), wrapWidth=1)
8.8957 	EXP 	Created stopl = TextStim(__class__=<class 'psychopy.visual.text.TextStim'>, alignHoriz=method-wrapper(...), alignText='center', alignVert=method-wrapper(...), anchorHoriz='center', anchorVert='center', antialias=True, autoDraw=False, autoLog=True, bold=False, color=array([1, 1, 1]), colorSpace='rgb', contrast=1.0, depth=-4.0, flipHoriz=False, flipVert=False, font='Arial', fontFiles=[], height=0.1, italic=False, languageStyle='LTR', name='stopl', opacity=1.0, ori=90.0, pos=array([-0.75,  0.  ]), rgb=UNKNOWN, text='', units='height', win=Window(...), wrapWidth=1)
8.8962 	EXP 	Created stopr = TextStim(__class__=<class 'psychopy.visual.text.TextStim'>, alignHoriz=method-wrapper(...), alignText='center', alignVert=method-wrapper(...), anchorHoriz='center', anchorVert='center', antialias=True, autoDraw=False, autoLog=True, bold=False, color=array([1, 1, 1]), colorSpace='rgb', contrast=1.0, depth=-5.0, flipHoriz=False, flipVert=False, font='Arial', fontFiles=[], height=0.1, italic=False, languageStyle='LTR', name='stopr', opacity=1.0, ori=-90.0, pos=array([0.75, 0.  ]), rgb=UNKNOWN, text='', units='height', win=Window(...), wrapWidth=1)
8.8967 	EXP 	Created text_6 = TextStim(__class__=<class 'psychopy.visual.text.TextStim'>, alignHoriz=method-wrapper(...), alignText='center', alignVert=method-wrapper(...), anchorHoriz='center', anchorVert='center', antialias=True, autoDraw=False, autoLog=True, bold=False, color=array([1, 1, 1]), colorSpace='rgb', contrast=1.0, depth=-7.0, flipHoriz=False, flipVert=False, font='Arial', fontFiles=[], height=0.1, italic=False, languageStyle='LTR', name='text_6', opacity=1.0, ori=0.0, pos=array([0., 0.]), rgb=UNKNOWN, text='', units='height', win=Window(...), wrapWidth=1)
10.6992 	EXP 	Sound sound_1 set volume 1.000
10.7083 	EXP 	text_instr: autoDraw = True
15.6145 	EXP 	Imported C:/Users/carelab/Desktop/Erik/resources/p1.csv as conditions, 32 conditions, 5 params
15.6149 	EXP 	Created sequence: sequential, trialTypes=32, nReps=1, seed=None
15.6152 	EXP 	New trial (rep=0, index=0): OrderedDict([('Psubj', 1), ('Attribute', 'est1'), ('Value', 105), ('cond', 2), ('Unique', None)])
15.6255 	DATA 	Keypress: space
15.6310 	EXP 	text_instr: autoDraw = False
15.6310 	EXP 	text_2: height = 0.05
15.6310 	EXP 	text_2: height = 0.05
15.6310 	EXP 	text_2: height = 0.05
15.6310 	EXP 	text_2: text = 105
15.6310 	EXP 	text_3: autoDraw = True
15.6310 	EXP 	text_2: autoDraw = True
15.6310 	EXP 	text_4: autoDraw = True
18.0543 	EXP 	Imported C:/Users/carelab/Desktop/Erik/resources/stroop.xlsx as conditions, 72 conditions, 4 params
18.0557 	EXP 	Created sequence: random, trialTypes=72, nReps=20, seed=None
18.0560 	EXP 	New trial (rep=0, index=0): {'word': 'YELLOW', 'color': 'blue', 'correct': 'b', 'rand': 0.01118403874071372}
18.0723 	EXP 	Sound sound_1 started
18.0817 	DATA 	Keypress: space
18.0862 	EXP 	text_3: autoDraw = False
18.0862 	EXP 	text_2: autoDraw = False
18.0862 	EXP 	text_4: autoDraw = False
18.0862 	EXP 	text_6: foreColor = <psychopy.colors.Color: blue, alpha=1.0>
18.0862 	EXP 	text_6: height = 0.1
18.0862 	EXP 	text_6: height = 0.1
18.0862 	EXP 	text_6: height = 0.1
18.0862 	EXP 	text_6: text = 'YELLOW'
18.0862 	EXP 	text_5: autoDraw = True
18.0862 	EXP 	stopb: autoDraw = True
18.0862 	EXP 	stopl: autoDraw = True
18.0862 	EXP 	stopr: autoDraw = True
18.0862 	EXP 	text_6: autoDraw = True
20.1372 	DATA 	Keypress: space
20.2151 	EXP 	Sound sound_1 stopped
20.4056 	EXP 	Sound sound_1 set volume 1.000
20.4064 	EXP 	New trial (rep=0, index=1): OrderedDict([('Psubj', 1), ('Attribute', 'est2'), ('Value', 30), ('cond', 1), ('Unique', None)])
20.4178 	EXP 	text_5: autoDraw = False
20.4178 	EXP 	stopb: autoDraw = False
20.4178 	EXP 	stopl: autoDraw = False
20.4178 	EXP 	stopr: autoDraw = False
20.4178 	EXP 	text_6: autoDraw = False
20.4178 	EXP 	text_2: height = 0.05
20.4178 	EXP 	text_2: height = 0.05
20.4178 	EXP 	text_2: height = 0.05
20.4178 	EXP 	text_2: text = 30
20.4178 	EXP 	text_3: autoDraw = True
20.4178 	EXP 	text_2: autoDraw = True
20.4178 	EXP 	text_4: autoDraw = True
23.4857 	EXP 	Imported C:/Users/carelab/Desktop/Erik/resources/stroop.xlsx as conditions, 72 conditions, 4 params
23.4871 	EXP 	Created sequence: random, trialTypes=72, nReps=20, seed=None
23.4874 	EXP 	New trial (rep=0, index=0): {'word': 'RED', 'color': 'red', 'correct': 'r', 'rand': 0.2568878061282698}
23.5043 	EXP 	Sound sound_1 started
23.5077 	DATA 	Keypress: space
23.5123 	EXP 	text_3: autoDraw = False
23.5123 	EXP 	text_2: autoDraw = False
23.5123 	EXP 	text_4: autoDraw = False
23.5123 	EXP 	text_6: foreColor = <psychopy.colors.Color: red, alpha=1.0>
23.5123 	EXP 	text_6: height = 0.1
23.5123 	EXP 	text_6: height = 0.1
23.5123 	EXP 	text_6: height = 0.1
23.5123 	EXP 	text_6: text = 'RED'
23.5123 	EXP 	text_5: autoDraw = True
23.5123 	EXP 	stopb: autoDraw = True
23.5123 	EXP 	stopl: autoDraw = True
23.5123 	EXP 	stopr: autoDraw = True
23.5123 	EXP 	text_6: autoDraw = True
24.5793 	EXP 	New trial (rep=0, index=1): {'word': 'BLUE', 'color': 'red', 'correct': 'r', 'rand': 0.5366056757250153}
24.6037 	DATA 	Keypress: r
24.6085 	EXP 	text_5: autoDraw = False
24.6085 	EXP 	stopb: autoDraw = False
24.6085 	EXP 	stopl: autoDraw = False
24.6085 	EXP 	stopr: autoDraw = False
24.6085 	EXP 	text_6: autoDraw = False
24.6085 	EXP 	text_6: foreColor = <psychopy.colors.Color: red, alpha=1.0>
24.6085 	EXP 	text_6: height = 0.1
24.6085 	EXP 	text_6: height = 0.1
24.6085 	EXP 	text_6: height = 0.1
24.6085 	EXP 	text_6: text = 'BLUE'
24.6085 	EXP 	text_5: autoDraw = True
24.6085 	EXP 	stopb: autoDraw = True
24.6085 	EXP 	stopl: autoDraw = True
24.6085 	EXP 	stopr: autoDraw = True
24.6085 	EXP 	text_6: autoDraw = True
24.9310 	EXP 	New trial (rep=0, index=2): {'word': 'BLUE', 'color': 'green', 'correct': 'g', 'rand': 0.067132979650672}
24.9412 	DATA 	Keypress: g
24.9458 	EXP 	text_5: autoDraw = False
24.9458 	EXP 	stopb: autoDraw = False
24.9458 	EXP 	stopl: autoDraw = False
24.9458 	EXP 	stopr: autoDraw = False
24.9458 	EXP 	text_6: autoDraw = False
24.9458 	EXP 	text_6: foreColor = <psychopy.colors.Color: green, alpha=1.0>
24.9458 	EXP 	text_6: text = 'BLUE'
24.9458 	EXP 	text_5: autoDraw = True
24.9458 	EXP 	stopb: autoDraw = True
24.9458 	EXP 	stopl: autoDraw = True
24.9458 	EXP 	stopr: autoDraw = True
24.9458 	EXP 	text_6: autoDraw = True
25.2505 	DATA 	Keypress: r
25.2641 	EXP 	New trial (rep=0, index=3): {'word': 'RED', 'color': 'yellow', 'correct': 'y', 'rand': 0.6103908603094943}
25.2807 	EXP 	text_5: autoDraw = False
25.2807 	EXP 	stopb: autoDraw = False
25.2807 	EXP 	stopl: autoDraw = False
25.2807 	EXP 	stopr: autoDraw = False
25.2807 	EXP 	text_6: autoDraw = False
25.2807 	EXP 	text_6: foreColor = <psychopy.colors.Color: yellow, alpha=1.0>
25.2807 	EXP 	text_6: height = 0.1
25.2807 	EXP 	text_6: height = 0.1
25.2807 	EXP 	text_6: height = 0.1
25.2807 	EXP 	text_6: text = 'RED'
25.2807 	EXP 	text_5: autoDraw = True
25.2807 	EXP 	stopb: autoDraw = True
25.2807 	EXP 	stopl: autoDraw = True
25.2807 	EXP 	stopr: autoDraw = True
25.2807 	EXP 	text_6: autoDraw = True
25.4353 	DATA 	Keypress: g
25.4467 	EXP 	New trial (rep=0, index=4): {'word': 'RED', 'color': 'green', 'correct': 'g', 'rand': 0.11961469589149154}
25.4606 	EXP 	text_5: autoDraw = False
25.4606 	EXP 	stopb: autoDraw = False
25.4606 	EXP 	stopl: autoDraw = False
25.4606 	EXP 	stopr: autoDraw = False
25.4606 	EXP 	text_6: autoDraw = False
25.4606 	EXP 	text_6: foreColor = <psychopy.colors.Color: green, alpha=1.0>
25.4606 	EXP 	text_6: text = 'RED'
25.4606 	EXP 	text_5: autoDraw = True
25.4606 	EXP 	stopb: autoDraw = True
25.4606 	EXP 	stopl: autoDraw = True
25.4606 	EXP 	stopr: autoDraw = True
25.4606 	EXP 	text_6: autoDraw = True
25.6617 	DATA 	Keypress: r
25.6745 	EXP 	New trial (rep=0, index=5): {'word': 'RED', 'color': 'green', 'correct': 'g', 'rand': 0.3824820377633562}
25.6891 	EXP 	text_5: autoDraw = False
25.6891 	EXP 	stopb: autoDraw = False
25.6891 	EXP 	stopl: autoDraw = False
25.6891 	EXP 	stopr: autoDraw = False
25.6891 	EXP 	text_6: autoDraw = False
25.6891 	EXP 	text_6: foreColor = <psychopy.colors.Color: green, alpha=1.0>
25.6891 	EXP 	text_6: text = 'RED'
25.6891 	EXP 	text_5: autoDraw = True
25.6891 	EXP 	stopb: autoDraw = True
25.6891 	EXP 	stopl: autoDraw = True
25.6891 	EXP 	stopr: autoDraw = True
25.6891 	EXP 	text_6: autoDraw = True
25.8442 	DATA 	Keypress: g
25.8666 	EXP 	New trial (rep=0, index=6): {'word': 'RED', 'color': 'green', 'correct': 'g', 'rand': 0.2760429847547615}
25.8836 	EXP 	text_5: autoDraw = False
25.8836 	EXP 	stopb: autoDraw = False
25.8836 	EXP 	stopl: autoDraw = False
25.8836 	EXP 	stopr: autoDraw = False
25.8836 	EXP 	text_6: autoDraw = False
25.8836 	EXP 	text_6: foreColor = <psychopy.colors.Color: green, alpha=1.0>
25.8836 	EXP 	text_6: text = 'RED'
25.8836 	EXP 	text_5: autoDraw = True
25.8836 	EXP 	stopb: autoDraw = True
25.8836 	EXP 	stopl: autoDraw = True
25.8836 	EXP 	stopr: autoDraw = True
25.8836 	EXP 	text_6: autoDraw = True
26.0205 	DATA 	Keypress: r
26.0324 	EXP 	New trial (rep=0, index=7): {'word': 'RED', 'color': 'green', 'correct': 'g', 'rand': 0.3574410811547245}
26.0480 	EXP 	text_5: autoDraw = False
26.0480 	EXP 	stopb: autoDraw = False
26.0480 	EXP 	stopl: autoDraw = False
26.0480 	EXP 	stopr: autoDraw = False
26.0480 	EXP 	text_6: autoDraw = False
26.0480 	EXP 	text_6: foreColor = <psychopy.colors.Color: green, alpha=1.0>
26.0480 	EXP 	text_6: text = 'RED'
26.0480 	EXP 	text_5: autoDraw = True
26.0480 	EXP 	stopb: autoDraw = True
26.0480 	EXP 	stopl: autoDraw = True
26.0480 	EXP 	stopr: autoDraw = True
26.0480 	EXP 	text_6: autoDraw = True
26.1169 	EXP 	New trial (rep=0, index=8): {'word': 'YELLOW', 'color': 'red', 'correct': 'r', 'rand': 0.5298133430473698}
26.1321 	DATA 	Keypress: g
26.1371 	EXP 	text_5: autoDraw = False
26.1371 	EXP 	stopb: autoDraw = False
26.1371 	EXP 	stopl: autoDraw = False
26.1371 	EXP 	stopr: autoDraw = False
26.1371 	EXP 	text_6: autoDraw = False
26.1371 	EXP 	text_6: foreColor = <psychopy.colors.Color: red, alpha=1.0>
26.1371 	EXP 	text_6: height = 0.1
26.1371 	EXP 	text_6: height = 0.1
26.1371 	EXP 	text_6: height = 0.1
26.1371 	EXP 	text_6: text = 'YELLOW'
26.1371 	EXP 	text_5: autoDraw = True
26.1371 	EXP 	stopb: autoDraw = True
26.1371 	EXP 	stopl: autoDraw = True
26.1371 	EXP 	stopr: autoDraw = True
26.1371 	EXP 	text_6: autoDraw = True
26.5059 	DATA 	Keypress: r
26.5182 	EXP 	New trial (rep=0, index=9): {'word': 'YELLOW', 'color': 'red', 'correct': 'r', 'rand': 0.14027814160498253}
26.5353 	EXP 	text_5: autoDraw = False
26.5353 	EXP 	stopb: autoDraw = False
26.5353 	EXP 	stopl: autoDraw = False
26.5353 	EXP 	stopr: autoDraw = False
26.5353 	EXP 	text_6: autoDraw = False
26.5353 	EXP 	text_6: foreColor = <psychopy.colors.Color: red, alpha=1.0>
26.5353 	EXP 	text_6: text = 'YELLOW'
26.5353 	EXP 	text_5: autoDraw = True
26.5353 	EXP 	stopb: autoDraw = True
26.5353 	EXP 	stopl: autoDraw = True
26.5353 	EXP 	stopr: autoDraw = True
26.5353 	EXP 	text_6: autoDraw = True
26.8534 	EXP 	New trial (rep=0, index=10): {'word': 'GREEN', 'color': 'green', 'correct': 'g', 'rand': 0.8068495475687187}
26.8781 	DATA 	Keypress: r
26.8825 	EXP 	text_5: autoDraw = False
26.8825 	EXP 	stopb: autoDraw = False
26.8825 	EXP 	stopl: autoDraw = False
26.8825 	EXP 	stopr: autoDraw = False
26.8825 	EXP 	text_6: autoDraw = False
26.8825 	EXP 	text_6: foreColor = <psychopy.colors.Color: green, alpha=1.0>
26.8825 	EXP 	text_6: height = 0.1
26.8825 	EXP 	text_6: height = 0.1
26.8825 	EXP 	text_6: height = 0.1
26.8825 	EXP 	text_6: text = 'GREEN'
26.8825 	EXP 	text_5: autoDraw = True
26.8825 	EXP 	stopb: autoDraw = True
26.8825 	EXP 	stopl: autoDraw = True
26.8825 	EXP 	stopr: autoDraw = True
26.8825 	EXP 	text_6: autoDraw = True
27.2003 	DATA 	Keypress: r
27.2121 	EXP 	New trial (rep=0, index=11): {'word': 'RED', 'color': 'blue', 'correct': 'b', 'rand': 0.8797810252148379}
27.2289 	EXP 	text_5: autoDraw = False
27.2289 	EXP 	stopb: autoDraw = False
27.2289 	EXP 	stopl: autoDraw = False
27.2289 	EXP 	stopr: autoDraw = False
27.2289 	EXP 	text_6: autoDraw = False
27.2289 	EXP 	text_6: foreColor = <psychopy.colors.Color: blue, alpha=1.0>
27.2289 	EXP 	text_6: height = 0.1
27.2289 	EXP 	text_6: height = 0.1
27.2289 	EXP 	text_6: height = 0.1
27.2289 	EXP 	text_6: text = 'RED'
27.2289 	EXP 	text_5: autoDraw = True
27.2289 	EXP 	stopb: autoDraw = True
27.2289 	EXP 	stopl: autoDraw = True
27.2289 	EXP 	stopr: autoDraw = True
27.2289 	EXP 	text_6: autoDraw = True
27.5226 	DATA 	Keypress: g
27.5475 	EXP 	New trial (rep=0, index=12): {'word': 'GREEN', 'color': 'blue', 'correct': 'b', 'rand': 0.8912647805065999}
27.5696 	EXP 	text_5: autoDraw = False
27.5696 	EXP 	stopb: autoDraw = False
27.5696 	EXP 	stopl: autoDraw = False
27.5696 	EXP 	stopr: autoDraw = False
27.5696 	EXP 	text_6: autoDraw = False
27.5696 	EXP 	text_6: foreColor = <psychopy.colors.Color: blue, alpha=1.0>
27.5696 	EXP 	text_6: height = 0.1
27.5696 	EXP 	text_6: height = 0.1
27.5696 	EXP 	text_6: height = 0.1
27.5696 	EXP 	text_6: text = 'GREEN'
27.5696 	EXP 	text_5: autoDraw = True
27.5696 	EXP 	stopb: autoDraw = True
27.5696 	EXP 	stopl: autoDraw = True
27.5696 	EXP 	stopr: autoDraw = True
27.5696 	EXP 	text_6: autoDraw = True
27.7390 	DATA 	Keypress: r
27.7514 	EXP 	New trial (rep=0, index=13): {'word': 'YELLOW', 'color': 'green', 'correct': 'g', 'rand': 0.2795821467919768}
27.7722 	EXP 	text_5: autoDraw = False
27.7722 	EXP 	stopb: autoDraw = False
27.7722 	EXP 	stopl: autoDraw = False
27.7722 	EXP 	stopr: autoDraw = False
27.7722 	EXP 	text_6: autoDraw = False
27.7722 	EXP 	text_6: foreColor = <psychopy.colors.Color: green, alpha=1.0>
27.7722 	EXP 	text_6: height = 0.1
27.7722 	EXP 	text_6: height = 0.1
27.7722 	EXP 	text_6: height = 0.1
27.7722 	EXP 	text_6: text = 'YELLOW'
27.7722 	EXP 	text_5: autoDraw = True
27.7722 	EXP 	stopb: autoDraw = True
27.7722 	EXP 	stopl: autoDraw = True
27.7722 	EXP 	stopr: autoDraw = True
27.7722 	EXP 	text_6: autoDraw = True
27.9775 	DATA 	Keypress: g
28.0012 	EXP 	New trial (rep=0, index=14): {'word': 'GREEN', 'color': 'red', 'correct': 'r', 'rand': 0.5206885223573439}
28.0259 	EXP 	text_5: autoDraw = False
28.0259 	EXP 	stopb: autoDraw = False
28.0259 	EXP 	stopl: autoDraw = False
28.0259 	EXP 	stopr: autoDraw = False
28.0259 	EXP 	text_6: autoDraw = False
28.0259 	EXP 	text_6: foreColor = <psychopy.colors.Color: red, alpha=1.0>
28.0259 	EXP 	text_6: height = 0.1
28.0259 	EXP 	text_6: height = 0.1
28.0259 	EXP 	text_6: height = 0.1
28.0259 	EXP 	text_6: text = 'GREEN'
28.0259 	EXP 	text_5: autoDraw = True
28.0259 	EXP 	stopb: autoDraw = True
28.0259 	EXP 	stopl: autoDraw = True
28.0259 	EXP 	stopr: autoDraw = True
28.0259 	EXP 	text_6: autoDraw = True
28.2159 	DATA 	Keypress: g
28.2276 	EXP 	New trial (rep=0, index=15): {'word': 'RED', 'color': 'blue', 'correct': 'b', 'rand': 0.16149260709460955}
28.2450 	EXP 	text_5: autoDraw = False
28.2450 	EXP 	stopb: autoDraw = False
28.2450 	EXP 	stopl: autoDraw = False
28.2450 	EXP 	stopr: autoDraw = False
28.2450 	EXP 	text_6: autoDraw = False
28.2450 	EXP 	text_6: foreColor = <psychopy.colors.Color: blue, alpha=1.0>
28.2450 	EXP 	text_6: height = 0.1
28.2450 	EXP 	text_6: height = 0.1
28.2450 	EXP 	text_6: height = 0.1
28.2450 	EXP 	text_6: text = 'RED'
28.2450 	EXP 	text_5: autoDraw = True
28.2450 	EXP 	stopb: autoDraw = True
28.2450 	EXP 	stopl: autoDraw = True
28.2450 	EXP 	stopr: autoDraw = True
28.2450 	EXP 	text_6: autoDraw = True
28.9865 	DATA 	Keypress: space
29.0659 	EXP 	Sound sound_1 stopped
29.2676 	EXP 	Sound sound_1 set volume 1.000
29.2684 	EXP 	New trial (rep=0, index=2): OrderedDict([('Psubj', 1), ('Attribute', 'est3'), ('Value', 120), ('cond', 1), ('Unique', None)])
29.2792 	EXP 	text_5: autoDraw = False
29.2792 	EXP 	stopb: autoDraw = False
29.2792 	EXP 	stopl: autoDraw = False
29.2792 	EXP 	stopr: autoDraw = False
29.2792 	EXP 	text_6: autoDraw = False
29.2792 	EXP 	text_2: height = 0.05
29.2792 	EXP 	text_2: height = 0.05
29.2792 	EXP 	text_2: height = 0.05
29.2792 	EXP 	text_2: text = 120
29.2792 	EXP 	text_3: autoDraw = True
29.2792 	EXP 	text_2: autoDraw = True
29.2792 	EXP 	text_4: autoDraw = True
35.1885 	EXP 	Imported C:/Users/carelab/Desktop/Erik/resources/stroop.xlsx as conditions, 72 conditions, 4 params
35.1899 	EXP 	Created sequence: random, trialTypes=72, nReps=20, seed=None
35.1902 	EXP 	New trial (rep=0, index=0): {'word': 'GREEN', 'color': 'blue', 'correct': 'b', 'rand': 0.9647293709393782}
35.2009 	EXP 	Sound sound_1 started
35.2088 	DATA 	Keypress: space
35.2136 	EXP 	text_3: autoDraw = False
35.2136 	EXP 	text_2: autoDraw = False
35.2136 	EXP 	text_4: autoDraw = False
35.2136 	EXP 	text_6: foreColor = <psychopy.colors.Color: blue, alpha=1.0>
35.2136 	EXP 	text_6: height = 0.1
35.2136 	EXP 	text_6: height = 0.1
35.2136 	EXP 	text_6: height = 0.1
35.2136 	EXP 	text_6: text = 'GREEN'
35.2136 	EXP 	text_5: autoDraw = True
35.2136 	EXP 	stopb: autoDraw = True
35.2136 	EXP 	stopl: autoDraw = True
35.2136 	EXP 	stopr: autoDraw = True
35.2136 	EXP 	text_6: autoDraw = True
36.1007 	EXP 	New trial (rep=0, index=1): {'word': 'YELLOW', 'color': 'blue', 'correct': 'b', 'rand': 0.7966929943770187}
36.1177 	DATA 	Keypress: r
36.1225 	EXP 	text_5: autoDraw = False
36.1225 	EXP 	stopb: autoDraw = False
36.1225 	EXP 	stopl: autoDraw = False
36.1225 	EXP 	stopr: autoDraw = False
36.1225 	EXP 	text_6: autoDraw = False
36.1225 	EXP 	text_6: foreColor = <psychopy.colors.Color: blue, alpha=1.0>
36.1225 	EXP 	text_6: height = 0.1
36.1225 	EXP 	text_6: height = 0.1
36.1225 	EXP 	text_6: height = 0.1
36.1225 	EXP 	text_6: text = 'YELLOW'
36.1225 	EXP 	text_5: autoDraw = True
36.1225 	EXP 	stopb: autoDraw = True
36.1225 	EXP 	stopl: autoDraw = True
36.1225 	EXP 	stopr: autoDraw = True
36.1225 	EXP 	text_6: autoDraw = True
36.9564 	EXP 	New trial (rep=0, index=2): {'word': 'GREEN', 'color': 'yellow', 'correct': 'y', 'rand': 0.8995740733459063}
36.9716 	DATA 	Keypress: g
36.9761 	EXP 	text_5: autoDraw = False
36.9761 	EXP 	stopb: autoDraw = False
36.9761 	EXP 	stopl: autoDraw = False
36.9761 	EXP 	stopr: autoDraw = False
36.9761 	EXP 	text_6: autoDraw = False
36.9761 	EXP 	text_6: foreColor = <psychopy.colors.Color: yellow, alpha=1.0>
36.9761 	EXP 	text_6: height = 0.1
36.9761 	EXP 	text_6: height = 0.1
36.9761 	EXP 	text_6: height = 0.1
36.9761 	EXP 	text_6: text = 'GREEN'
36.9761 	EXP 	text_5: autoDraw = True
36.9761 	EXP 	stopb: autoDraw = True
36.9761 	EXP 	stopl: autoDraw = True
36.9761 	EXP 	stopr: autoDraw = True
36.9761 	EXP 	text_6: autoDraw = True
37.1306 	DATA 	Keypress: r
37.1565 	EXP 	New trial (rep=0, index=3): {'word': 'GREEN', 'color': 'red', 'correct': 'r', 'rand': 0.5031340074260082}
37.1762 	EXP 	text_5: autoDraw = False
37.1762 	EXP 	stopb: autoDraw = False
37.1762 	EXP 	stopl: autoDraw = False
37.1762 	EXP 	stopr: autoDraw = False
37.1762 	EXP 	text_6: autoDraw = False
37.1762 	EXP 	text_6: foreColor = <psychopy.colors.Color: red, alpha=1.0>
37.1762 	EXP 	text_6: text = 'GREEN'
37.1762 	EXP 	text_5: autoDraw = True
37.1762 	EXP 	stopb: autoDraw = True
37.1762 	EXP 	stopl: autoDraw = True
37.1762 	EXP 	stopr: autoDraw = True
37.1762 	EXP 	text_6: autoDraw = True
37.2339 	DATA 	Keypress: g
37.2622 	EXP 	New trial (rep=0, index=4): {'word': 'RED', 'color': 'red', 'correct': 'r', 'rand': 0.8730392208486326}
37.2826 	EXP 	text_5: autoDraw = False
37.2826 	EXP 	stopb: autoDraw = False
37.2826 	EXP 	stopl: autoDraw = False
37.2826 	EXP 	stopr: autoDraw = False
37.2826 	EXP 	text_6: autoDraw = False
37.2826 	EXP 	text_6: foreColor = <psychopy.colors.Color: red, alpha=1.0>
37.2826 	EXP 	text_6: height = 0.1
37.2826 	EXP 	text_6: height = 0.1
37.2826 	EXP 	text_6: height = 0.1
37.2826 	EXP 	text_6: text = 'RED'
37.2826 	EXP 	text_5: autoDraw = True
37.2826 	EXP 	stopb: autoDraw = True
37.2826 	EXP 	stopl: autoDraw = True
37.2826 	EXP 	stopr: autoDraw = True
37.2826 	EXP 	text_6: autoDraw = True
37.3405 	DATA 	Keypress: r
37.3674 	EXP 	New trial (rep=0, index=5): {'word': 'GREEN', 'color': 'red', 'correct': 'r', 'rand': 0.44101927638488736}
37.3898 	EXP 	text_5: autoDraw = False
37.3898 	EXP 	stopb: autoDraw = False
37.3898 	EXP 	stopl: autoDraw = False
37.3898 	EXP 	stopr: autoDraw = False
37.3898 	EXP 	text_6: autoDraw = False
37.3898 	EXP 	text_6: foreColor = <psychopy.colors.Color: red, alpha=1.0>
37.3898 	EXP 	text_6: height = 0.1
37.3898 	EXP 	text_6: height = 0.1
37.3898 	EXP 	text_6: height = 0.1
37.3898 	EXP 	text_6: text = 'GREEN'
37.3898 	EXP 	text_5: autoDraw = True
37.3898 	EXP 	stopb: autoDraw = True
37.3898 	EXP 	stopl: autoDraw = True
37.3898 	EXP 	stopr: autoDraw = True
37.3898 	EXP 	text_6: autoDraw = True
37.4217 	DATA 	Keypress: g
37.4475 	EXP 	New trial (rep=0, index=6): {'word': 'YELLOW', 'color': 'green', 'correct': 'g', 'rand': 0.2795821467919768}
37.4711 	EXP 	text_5: autoDraw = False
37.4711 	EXP 	stopb: autoDraw = False
37.4711 	EXP 	stopl: autoDraw = False
37.4711 	EXP 	stopr: autoDraw = False
37.4711 	EXP 	text_6: autoDraw = False
37.4711 	EXP 	text_6: foreColor = <psychopy.colors.Color: green, alpha=1.0>
37.4711 	EXP 	text_6: height = 0.1
37.4711 	EXP 	text_6: height = 0.1
37.4711 	EXP 	text_6: height = 0.1
37.4711 	EXP 	text_6: text = 'YELLOW'
37.4711 	EXP 	text_5: autoDraw = True
37.4711 	EXP 	stopb: autoDraw = True
37.4711 	EXP 	stopl: autoDraw = True
37.4711 	EXP 	stopr: autoDraw = True
37.4711 	EXP 	text_6: autoDraw = True
37.5979 	EXP 	New trial (rep=0, index=7): {'word': 'YELLOW', 'color': 'red', 'correct': 'r', 'rand': 0.9662292671790624}
37.6127 	DATA 	Keypress: r
37.6176 	EXP 	text_5: autoDraw = False
37.6176 	EXP 	stopb: autoDraw = False
37.6176 	EXP 	stopl: autoDraw = False
37.6176 	EXP 	stopr: autoDraw = False
37.6176 	EXP 	text_6: autoDraw = False
37.6176 	EXP 	text_6: foreColor = <psychopy.colors.Color: red, alpha=1.0>
37.6176 	EXP 	text_6: text = 'YELLOW'
37.6176 	EXP 	text_5: autoDraw = True
37.6176 	EXP 	stopb: autoDraw = True
37.6176 	EXP 	stopl: autoDraw = True
37.6176 	EXP 	stopr: autoDraw = True
37.6176 	EXP 	text_6: autoDraw = True
37.6927 	DATA 	Keypress: g
37.7074 	EXP 	New trial (rep=0, index=8): {'word': 'BLUE', 'color': 'red', 'correct': 'r', 'rand': 0.5366056757250153}
37.7273 	EXP 	text_5: autoDraw = False
37.7273 	EXP 	stopb: autoDraw = False
37.7273 	EXP 	stopl: autoDraw = False
37.7273 	EXP 	stopr: autoDraw = False
37.7273 	EXP 	text_6: autoDraw = False
37.7273 	EXP 	text_6: foreColor = <psychopy.colors.Color: red, alpha=1.0>
37.7273 	EXP 	text_6: height = 0.1
37.7273 	EXP 	text_6: height = 0.1
37.7273 	EXP 	text_6: height = 0.1
37.7273 	EXP 	text_6: text = 'BLUE'
37.7273 	EXP 	text_5: autoDraw = True
37.7273 	EXP 	stopb: autoDraw = True
37.7273 	EXP 	stopl: autoDraw = True
37.7273 	EXP 	stopr: autoDraw = True
37.7273 	EXP 	text_6: autoDraw = True
37.8162 	DATA 	Keypress: r
37.8313 	EXP 	New trial (rep=0, index=9): {'word': 'GREEN', 'color': 'red', 'correct': 'r', 'rand': 0.29508985178613967}
37.8565 	EXP 	text_5: autoDraw = False
37.8565 	EXP 	stopb: autoDraw = False
37.8565 	EXP 	stopl: autoDraw = False
37.8565 	EXP 	stopr: autoDraw = False
37.8565 	EXP 	text_6: autoDraw = False
37.8565 	EXP 	text_6: foreColor = <psychopy.colors.Color: red, alpha=1.0>
37.8565 	EXP 	text_6: height = 0.1
37.8565 	EXP 	text_6: height = 0.1
37.8565 	EXP 	text_6: height = 0.1
37.8565 	EXP 	text_6: text = 'GREEN'
37.8565 	EXP 	text_5: autoDraw = True
37.8565 	EXP 	stopb: autoDraw = True
37.8565 	EXP 	stopl: autoDraw = True
37.8565 	EXP 	stopr: autoDraw = True
37.8565 	EXP 	text_6: autoDraw = True
37.9178 	DATA 	Keypress: g
37.9323 	EXP 	New trial (rep=0, index=10): {'word': 'YELLOW', 'color': 'red', 'correct': 'r', 'rand': 0.14027814160498253}
37.9560 	EXP 	text_5: autoDraw = False
37.9560 	EXP 	stopb: autoDraw = False
37.9560 	EXP 	stopl: autoDraw = False
37.9560 	EXP 	stopr: autoDraw = False
37.9560 	EXP 	text_6: autoDraw = False
37.9560 	EXP 	text_6: foreColor = <psychopy.colors.Color: red, alpha=1.0>
37.9560 	EXP 	text_6: height = 0.1
37.9560 	EXP 	text_6: height = 0.1
37.9560 	EXP 	text_6: height = 0.1
37.9560 	EXP 	text_6: text = 'YELLOW'
37.9560 	EXP 	text_5: autoDraw = True
37.9560 	EXP 	stopb: autoDraw = True
37.9560 	EXP 	stopl: autoDraw = True
37.9560 	EXP 	stopr: autoDraw = True
37.9560 	EXP 	text_6: autoDraw = True
37.9648 	EXP 	New trial (rep=0, index=11): {'word': 'RED', 'color': 'green', 'correct': 'g', 'rand': 0.3574410811547245}
37.9865 	DATA 	Keypress: r
37.9911 	EXP 	text_5: autoDraw = False
37.9911 	EXP 	stopb: autoDraw = False
37.9911 	EXP 	stopl: autoDraw = False
37.9911 	EXP 	stopr: autoDraw = False
37.9911 	EXP 	text_6: autoDraw = False
37.9911 	EXP 	text_6: foreColor = <psychopy.colors.Color: green, alpha=1.0>
37.9911 	EXP 	text_6: height = 0.1
37.9911 	EXP 	text_6: height = 0.1
37.9911 	EXP 	text_6: height = 0.1
37.9911 	EXP 	text_6: text = 'RED'
37.9911 	EXP 	text_5: autoDraw = True
37.9911 	EXP 	stopb: autoDraw = True
37.9911 	EXP 	stopl: autoDraw = True
37.9911 	EXP 	stopr: autoDraw = True
37.9911 	EXP 	text_6: autoDraw = True
38.1935 	DATA 	Keypress: r
38.2078 	EXP 	New trial (rep=0, index=12): {'word': 'YELLOW', 'color': 'red', 'correct': 'r', 'rand': 0.16317623495334865}
38.2280 	EXP 	text_5: autoDraw = False
38.2280 	EXP 	stopb: autoDraw = False
38.2280 	EXP 	stopl: autoDraw = False
38.2280 	EXP 	stopr: autoDraw = False
38.2280 	EXP 	text_6: autoDraw = False
38.2280 	EXP 	text_6: foreColor = <psychopy.colors.Color: red, alpha=1.0>
38.2280 	EXP 	text_6: height = 0.1
38.2280 	EXP 	text_6: height = 0.1
38.2280 	EXP 	text_6: height = 0.1
38.2280 	EXP 	text_6: text = 'YELLOW'
38.2280 	EXP 	text_5: autoDraw = True
38.2280 	EXP 	stopb: autoDraw = True
38.2280 	EXP 	stopl: autoDraw = True
38.2280 	EXP 	stopr: autoDraw = True
38.2280 	EXP 	text_6: autoDraw = True
38.3114 	DATA 	Keypress: g
38.3368 	EXP 	New trial (rep=0, index=13): {'word': 'YELLOW', 'color': 'red', 'correct': 'r', 'rand': 0.026920070545067287}
38.3604 	EXP 	text_5: autoDraw = False
38.3604 	EXP 	stopb: autoDraw = False
38.3604 	EXP 	stopl: autoDraw = False
38.3604 	EXP 	stopr: autoDraw = False
38.3604 	EXP 	text_6: autoDraw = False
38.3604 	EXP 	text_6: foreColor = <psychopy.colors.Color: red, alpha=1.0>
38.3604 	EXP 	text_6: text = 'YELLOW'
38.3604 	EXP 	text_5: autoDraw = True
38.3604 	EXP 	stopb: autoDraw = True
38.3604 	EXP 	stopl: autoDraw = True
38.3604 	EXP 	stopr: autoDraw = True
38.3604 	EXP 	text_6: autoDraw = True
38.4738 	DATA 	Keypress: r
38.4878 	EXP 	New trial (rep=0, index=14): {'word': 'BLUE', 'color': 'red', 'correct': 'r', 'rand': 0.20644192159915542}
38.5132 	EXP 	text_5: autoDraw = False
38.5132 	EXP 	stopb: autoDraw = False
38.5132 	EXP 	stopl: autoDraw = False
38.5132 	EXP 	stopr: autoDraw = False
38.5132 	EXP 	text_6: autoDraw = False
38.5132 	EXP 	text_6: foreColor = <psychopy.colors.Color: red, alpha=1.0>
38.5132 	EXP 	text_6: height = 0.1
38.5132 	EXP 	text_6: height = 0.1
38.5132 	EXP 	text_6: height = 0.1
38.5132 	EXP 	text_6: text = 'BLUE'
38.5132 	EXP 	text_5: autoDraw = True
38.5132 	EXP 	stopb: autoDraw = True
38.5132 	EXP 	stopl: autoDraw = True
38.5132 	EXP 	stopr: autoDraw = True
38.5132 	EXP 	text_6: autoDraw = True
38.7073 	EXP 	New trial (rep=0, index=15): {'word': 'RED', 'color': 'yellow', 'correct': 'y', 'rand': 0.7972310674780825}
38.7233 	DATA 	Keypress: r
38.7278 	EXP 	text_5: autoDraw = False
38.7278 	EXP 	stopb: autoDraw = False
38.7278 	EXP 	stopl: autoDraw = False
38.7278 	EXP 	stopr: autoDraw = False
38.7278 	EXP 	text_6: autoDraw = False
38.7278 	EXP 	text_6: foreColor = <psychopy.colors.Color: yellow, alpha=1.0>
38.7278 	EXP 	text_6: height = 0.1
38.7278 	EXP 	text_6: height = 0.1
38.7278 	EXP 	text_6: height = 0.1
38.7278 	EXP 	text_6: text = 'RED'
38.7278 	EXP 	text_5: autoDraw = True
38.7278 	EXP 	stopb: autoDraw = True
38.7278 	EXP 	stopl: autoDraw = True
38.7278 	EXP 	stopr: autoDraw = True
38.7278 	EXP 	text_6: autoDraw = True
38.8963 	EXP 	New trial (rep=0, index=16): {'word': 'BLUE', 'color': 'green', 'correct': 'g', 'rand': 0.15603936871830648}
38.9149 	DATA 	Keypress: g
38.9194 	EXP 	text_5: autoDraw = False
38.9194 	EXP 	stopb: autoDraw = False
38.9194 	EXP 	stopl: autoDraw = False
38.9194 	EXP 	stopr: autoDraw = False
38.9194 	EXP 	text_6: autoDraw = False
38.9194 	EXP 	text_6: foreColor = <psychopy.colors.Color: green, alpha=1.0>
38.9194 	EXP 	text_6: height = 0.1
38.9194 	EXP 	text_6: height = 0.1
38.9194 	EXP 	text_6: height = 0.1
38.9194 	EXP 	text_6: text = 'BLUE'
38.9194 	EXP 	text_5: autoDraw = True
38.9194 	EXP 	stopb: autoDraw = True
38.9194 	EXP 	stopl: autoDraw = True
38.9194 	EXP 	stopr: autoDraw = True
38.9194 	EXP 	text_6: autoDraw = True
39.1106 	DATA 	Keypress: r
39.1238 	EXP 	New trial (rep=0, index=17): {'word': 'BLUE', 'color': 'red', 'correct': 'r', 'rand': 0.942838271285997}
39.1425 	EXP 	text_5: autoDraw = False
39.1425 	EXP 	stopb: autoDraw = False
39.1425 	EXP 	stopl: autoDraw = False
39.1425 	EXP 	stopr: autoDraw = False
39.1425 	EXP 	text_6: autoDraw = False
39.1425 	EXP 	text_6: foreColor = <psychopy.colors.Color: red, alpha=1.0>
39.1425 	EXP 	text_6: text = 'BLUE'
39.1425 	EXP 	text_5: autoDraw = True
39.1425 	EXP 	stopb: autoDraw = True
39.1425 	EXP 	stopl: autoDraw = True
39.1425 	EXP 	stopr: autoDraw = True
39.1425 	EXP 	text_6: autoDraw = True
39.1940 	DATA 	Keypress: r
39.2075 	EXP 	New trial (rep=0, index=18): {'word': 'GREEN', 'color': 'yellow', 'correct': 'y', 'rand': 0.8922009947813813}
39.2305 	EXP 	text_5: autoDraw = False
39.2305 	EXP 	stopb: autoDraw = False
39.2305 	EXP 	stopl: autoDraw = False
39.2305 	EXP 	stopr: autoDraw = False
39.2305 	EXP 	text_6: autoDraw = False
39.2305 	EXP 	text_6: foreColor = <psychopy.colors.Color: yellow, alpha=1.0>
39.2305 	EXP 	text_6: height = 0.1
39.2305 	EXP 	text_6: height = 0.1
39.2305 	EXP 	text_6: height = 0.1
39.2305 	EXP 	text_6: text = 'GREEN'
39.2305 	EXP 	text_5: autoDraw = True
39.2305 	EXP 	stopb: autoDraw = True
39.2305 	EXP 	stopl: autoDraw = True
39.2305 	EXP 	stopr: autoDraw = True
39.2305 	EXP 	text_6: autoDraw = True
39.2593 	DATA 	Keypress: g
39.2733 	EXP 	New trial (rep=0, index=19): {'word': 'RED', 'color': 'blue', 'correct': 'b', 'rand': 0.3419212477383132}
39.2947 	EXP 	text_5: autoDraw = False
39.2947 	EXP 	stopb: autoDraw = False
39.2947 	EXP 	stopl: autoDraw = False
39.2947 	EXP 	stopr: autoDraw = False
39.2947 	EXP 	text_6: autoDraw = False
39.2947 	EXP 	text_6: foreColor = <psychopy.colors.Color: blue, alpha=1.0>
39.2947 	EXP 	text_6: height = 0.1
39.2947 	EXP 	text_6: height = 0.1
39.2947 	EXP 	text_6: height = 0.1
39.2947 	EXP 	text_6: text = 'RED'
39.2947 	EXP 	text_5: autoDraw = True
39.2947 	EXP 	stopb: autoDraw = True
39.2947 	EXP 	stopl: autoDraw = True
39.2947 	EXP 	stopr: autoDraw = True
39.2947 	EXP 	text_6: autoDraw = True
39.4574 	DATA 	Keypress: g
39.4705 	EXP 	New trial (rep=0, index=20): {'word': 'YELLOW', 'color': 'green', 'correct': 'g', 'rand': 0.7266879439974213}
39.4926 	EXP 	text_5: autoDraw = False
39.4926 	EXP 	stopb: autoDraw = False
39.4926 	EXP 	stopl: autoDraw = False
39.4926 	EXP 	stopr: autoDraw = False
39.4926 	EXP 	text_6: autoDraw = False
39.4926 	EXP 	text_6: foreColor = <psychopy.colors.Color: green, alpha=1.0>
39.4926 	EXP 	text_6: height = 0.1
39.4926 	EXP 	text_6: height = 0.1
39.4926 	EXP 	text_6: height = 0.1
39.4926 	EXP 	text_6: text = 'YELLOW'
39.4926 	EXP 	text_5: autoDraw = True
39.4926 	EXP 	stopb: autoDraw = True
39.4926 	EXP 	stopl: autoDraw = True
39.4926 	EXP 	stopr: autoDraw = True
39.4926 	EXP 	text_6: autoDraw = True
39.6104 	EXP 	New trial (rep=0, index=21): {'word': 'GREEN', 'color': 'green', 'correct': 'g', 'rand': 0.8664353592626745}
39.6243 	DATA 	Keypress: g
39.6244 	DATA 	Keypress: r
39.6295 	EXP 	text_5: autoDraw = False
39.6295 	EXP 	stopb: autoDraw = False
39.6295 	EXP 	stopl: autoDraw = False
39.6295 	EXP 	stopr: autoDraw = False
39.6295 	EXP 	text_6: autoDraw = False
39.6295 	EXP 	text_6: foreColor = <psychopy.colors.Color: green, alpha=1.0>
39.6295 	EXP 	text_6: height = 0.1
39.6295 	EXP 	text_6: height = 0.1
39.6295 	EXP 	text_6: height = 0.1
39.6295 	EXP 	text_6: text = 'GREEN'
39.6295 	EXP 	text_5: autoDraw = True
39.6295 	EXP 	stopb: autoDraw = True
39.6295 	EXP 	stopl: autoDraw = True
39.6295 	EXP 	stopr: autoDraw = True
39.6295 	EXP 	text_6: autoDraw = True
40.1369 	DATA 	Keypress: space
40.1849 	EXP 	Sound sound_1 stopped
40.3954 	EXP 	Sound sound_1 set volume 1.000
40.3962 	EXP 	New trial (rep=0, index=3): OrderedDict([('Psubj', 1), ('Attribute', 'est4'), ('Value', 30), ('cond', 1), ('Unique', None)])
40.4052 	EXP 	text_5: autoDraw = False
40.4052 	EXP 	stopb: autoDraw = False
40.4052 	EXP 	stopl: autoDraw = False
40.4052 	EXP 	stopr: autoDraw = False
40.4052 	EXP 	text_6: autoDraw = False
40.4052 	EXP 	text_2: height = 0.05
40.4052 	EXP 	text_2: height = 0.05
40.4052 	EXP 	text_2: height = 0.05
40.4052 	EXP 	text_2: text = 30
40.4052 	EXP 	text_3: autoDraw = True
40.4052 	EXP 	text_2: autoDraw = True
40.4052 	EXP 	text_4: autoDraw = True
43.7184 	EXP 	Imported C:/Users/carelab/Desktop/Erik/resources/stroop.xlsx as conditions, 72 conditions, 4 params
43.7200 	EXP 	Created sequence: random, trialTypes=72, nReps=20, seed=None
43.7203 	EXP 	New trial (rep=0, index=0): {'word': 'YELLOW', 'color': 'red', 'correct': 'r', 'rand': 0.9662292671790624}
43.7313 	EXP 	Sound sound_1 started
43.7355 	DATA 	Keypress: space
43.7402 	EXP 	text_3: autoDraw = False
43.7402 	EXP 	text_2: autoDraw = False
43.7402 	EXP 	text_4: autoDraw = False
43.7402 	EXP 	text_6: foreColor = <psychopy.colors.Color: red, alpha=1.0>
43.7402 	EXP 	text_6: height = 0.1
43.7402 	EXP 	text_6: height = 0.1
43.7402 	EXP 	text_6: height = 0.1
43.7402 	EXP 	text_6: text = 'YELLOW'
43.7402 	EXP 	text_5: autoDraw = True
43.7402 	EXP 	stopb: autoDraw = True
43.7402 	EXP 	stopl: autoDraw = True
43.7402 	EXP 	stopr: autoDraw = True
43.7402 	EXP 	text_6: autoDraw = True
45.0679 	EXP 	Sound sound_1 stopped
45.2957 	EXP 	Sound sound_1 set volume 1.000
45.2966 	EXP 	New trial (rep=0, index=4): OrderedDict([('Psubj', 1), ('Attribute', 'est5'), ('Value', 105), ('cond', 2), ('Unique', None)])
45.3006 	DATA 	Keypress: space
45.3058 	EXP 	text_5: autoDraw = False
45.3058 	EXP 	stopb: autoDraw = False
45.3058 	EXP 	stopl: autoDraw = False
45.3058 	EXP 	stopr: autoDraw = False
45.3058 	EXP 	text_6: autoDraw = False
45.3058 	EXP 	text_2: height = 0.05
45.3058 	EXP 	text_2: height = 0.05
45.3058 	EXP 	text_2: height = 0.05
45.3058 	EXP 	text_2: text = 105
45.3058 	EXP 	text_3: autoDraw = True
45.3058 	EXP 	text_2: autoDraw = True
45.3058 	EXP 	text_4: autoDraw = True
76.6861 	EXP 	Imported C:/Users/carelab/Desktop/Erik/resources/stroop.xlsx as conditions, 72 conditions, 4 params
76.6874 	EXP 	Created sequence: random, trialTypes=72, nReps=20, seed=None
76.6876 	EXP 	New trial (rep=0, index=0): {'word': 'RED', 'color': 'blue', 'correct': 'b', 'rand': 0.6261340356483289}
76.7042 	EXP 	Sound sound_1 started
76.7007 	DATA 	Keypress: space
76.7052 	EXP 	text_3: autoDraw = False
76.7052 	EXP 	text_2: autoDraw = False
76.7052 	EXP 	text_4: autoDraw = False
76.7052 	EXP 	text_6: foreColor = <psychopy.colors.Color: blue, alpha=1.0>
76.7052 	EXP 	text_6: height = 0.1
76.7052 	EXP 	text_6: height = 0.1
76.7052 	EXP 	text_6: height = 0.1
76.7052 	EXP 	text_6: text = 'RED'
76.7052 	EXP 	text_5: autoDraw = True
76.7052 	EXP 	stopb: autoDraw = True
76.7052 	EXP 	stopl: autoDraw = True
76.7052 	EXP 	stopr: autoDraw = True
76.7052 	EXP 	text_6: autoDraw = True
77.3496 	DATA 	Keypress: space
77.4099 	EXP 	Sound sound_1 stopped
77.5953 	EXP 	Sound sound_1 set volume 1.000
77.5960 	EXP 	New trial (rep=0, index=5): OrderedDict([('Psubj', 1), ('Attribute', 'est6'), ('Value', 120), ('cond', 1), ('Unique', None)])
77.6052 	EXP 	text_5: autoDraw = False
77.6052 	EXP 	stopb: autoDraw = False
77.6052 	EXP 	stopl: autoDraw = False
77.6052 	EXP 	stopr: autoDraw = False
77.6052 	EXP 	text_6: autoDraw = False
77.6052 	EXP 	text_2: height = 0.05
77.6052 	EXP 	text_2: height = 0.05
77.6052 	EXP 	text_2: height = 0.05
77.6052 	EXP 	text_2: text = 120
77.6052 	EXP 	text_3: autoDraw = True
77.6052 	EXP 	text_2: autoDraw = True
77.6052 	EXP 	text_4: autoDraw = True
78.1841 	EXP 	Imported C:/Users/carelab/Desktop/Erik/resources/stroop.xlsx as conditions, 72 conditions, 4 params
78.1854 	EXP 	Created sequence: random, trialTypes=72, nReps=20, seed=None
78.1857 	EXP 	New trial (rep=0, index=0): {'word': 'YELLOW', 'color': 'red', 'correct': 'r', 'rand': 0.9662292671790624}
78.2043 	EXP 	Sound sound_1 started
78.2020 	DATA 	Keypress: space
78.2067 	EXP 	text_3: autoDraw = False
78.2067 	EXP 	text_2: autoDraw = False
78.2067 	EXP 	text_4: autoDraw = False
78.2067 	EXP 	text_6: foreColor = <psychopy.colors.Color: red, alpha=1.0>
78.2067 	EXP 	text_6: height = 0.1
78.2067 	EXP 	text_6: height = 0.1
78.2067 	EXP 	text_6: height = 0.1
78.2067 	EXP 	text_6: text = 'YELLOW'
78.2067 	EXP 	text_5: autoDraw = True
78.2067 	EXP 	stopb: autoDraw = True
78.2067 	EXP 	stopl: autoDraw = True
78.2067 	EXP 	stopr: autoDraw = True
78.2067 	EXP 	text_6: autoDraw = True
78.5327 	DATA 	Keypress: space
78.5518 	EXP 	Sound sound_1 stopped
78.7349 	EXP 	Sound sound_1 set volume 1.000
78.7356 	EXP 	New trial (rep=0, index=6): OrderedDict([('Psubj', 1), ('Attribute', 'est7'), ('Value', 120), ('cond', 2), ('Unique', None)])
78.7448 	EXP 	text_5: autoDraw = False
78.7448 	EXP 	stopb: autoDraw = False
78.7448 	EXP 	stopl: autoDraw = False
78.7448 	EXP 	stopr: autoDraw = False
78.7448 	EXP 	text_6: autoDraw = False
78.7448 	EXP 	text_2: height = 0.05
78.7448 	EXP 	text_2: height = 0.05
78.7448 	EXP 	text_2: height = 0.05
78.7448 	EXP 	text_2: text = 120
78.7448 	EXP 	text_3: autoDraw = True
78.7448 	EXP 	text_2: autoDraw = True
78.7448 	EXP 	text_4: autoDraw = True
79.4773 	EXP 	Imported C:/Users/carelab/Desktop/Erik/resources/stroop.xlsx as conditions, 72 conditions, 4 params
79.4789 	EXP 	Created sequence: random, trialTypes=72, nReps=20, seed=None
79.4793 	EXP 	New trial (rep=0, index=0): {'word': 'RED', 'color': 'blue', 'correct': 'b', 'rand': 0.16149260709460955}
79.4870 	EXP 	Sound sound_1 started
79.4987 	DATA 	Keypress: space
79.5035 	EXP 	text_3: autoDraw = False
79.5035 	EXP 	text_2: autoDraw = False
79.5035 	EXP 	text_4: autoDraw = False
79.5035 	EXP 	text_6: foreColor = <psychopy.colors.Color: blue, alpha=1.0>
79.5035 	EXP 	text_6: height = 0.1
79.5035 	EXP 	text_6: height = 0.1
79.5035 	EXP 	text_6: height = 0.1
79.5035 	EXP 	text_6: text = 'RED'
79.5035 	EXP 	text_5: autoDraw = True
79.5035 	EXP 	stopb: autoDraw = True
79.5035 	EXP 	stopl: autoDraw = True
79.5035 	EXP 	stopr: autoDraw = True
79.5035 	EXP 	text_6: autoDraw = True
80.0695 	DATA 	Keypress: space
80.1590 	EXP 	Sound sound_1 stopped
80.3714 	EXP 	Sound sound_1 set volume 1.000
80.3722 	EXP 	New trial (rep=0, index=7): OrderedDict([('Psubj', 1), ('Attribute', 'est8'), ('Value', 60), ('cond', 2), ('Unique', None)])
80.3838 	EXP 	text_5: autoDraw = False
80.3838 	EXP 	stopb: autoDraw = False
80.3838 	EXP 	stopl: autoDraw = False
80.3838 	EXP 	stopr: autoDraw = False
80.3838 	EXP 	text_6: autoDraw = False
80.3838 	EXP 	text_2: height = 0.05
80.3838 	EXP 	text_2: height = 0.05
80.3838 	EXP 	text_2: height = 0.05
80.3838 	EXP 	text_2: text = 60
80.3838 	EXP 	text_3: autoDraw = True
80.3838 	EXP 	text_2: autoDraw = True
80.3838 	EXP 	text_4: autoDraw = True
82.0508 	EXP 	Imported C:/Users/carelab/Desktop/Erik/resources/stroop.xlsx as conditions, 72 conditions, 4 params
82.0521 	EXP 	Created sequence: random, trialTypes=72, nReps=20, seed=None
82.0524 	EXP 	New trial (rep=0, index=0): {'word': 'YELLOW', 'color': 'red', 'correct': 'r', 'rand': 0.17439998922396605}
82.0699 	EXP 	Sound sound_1 started
82.0713 	DATA 	Keypress: space
82.0759 	EXP 	text_3: autoDraw = False
82.0759 	EXP 	text_2: autoDraw = False
82.0759 	EXP 	text_4: autoDraw = False
82.0759 	EXP 	text_6: foreColor = <psychopy.colors.Color: red, alpha=1.0>
82.0759 	EXP 	text_6: height = 0.1
82.0759 	EXP 	text_6: height = 0.1
82.0759 	EXP 	text_6: height = 0.1
82.0759 	EXP 	text_6: text = 'YELLOW'
82.0759 	EXP 	text_5: autoDraw = True
82.0759 	EXP 	stopb: autoDraw = True
82.0759 	EXP 	stopl: autoDraw = True
82.0759 	EXP 	stopr: autoDraw = True
82.0759 	EXP 	text_6: autoDraw = True
82.5799 	DATA 	Keypress: space
82.6144 	EXP 	Sound sound_1 stopped
82.8368 	EXP 	Sound sound_1 set volume 1.000
82.8376 	EXP 	New trial (rep=0, index=8): OrderedDict([('Psubj', 1), ('Attribute', 'est9'), ('Value', 30), ('cond', 2), ('Unique', None)])
82.8462 	EXP 	text_5: autoDraw = False
82.8462 	EXP 	stopb: autoDraw = False
82.8462 	EXP 	stopl: autoDraw = False
82.8462 	EXP 	stopr: autoDraw = False
82.8462 	EXP 	text_6: autoDraw = False
82.8462 	EXP 	text_2: height = 0.05
82.8462 	EXP 	text_2: height = 0.05
82.8462 	EXP 	text_2: height = 0.05
82.8462 	EXP 	text_2: text = 30
82.8462 	EXP 	text_3: autoDraw = True
82.8462 	EXP 	text_2: autoDraw = True
82.8462 	EXP 	text_4: autoDraw = True
83.4513 	EXP 	Imported C:/Users/carelab/Desktop/Erik/resources/stroop.xlsx as conditions, 72 conditions, 4 params
83.4527 	EXP 	Created sequence: random, trialTypes=72, nReps=20, seed=None
83.4530 	EXP 	New trial (rep=0, index=0): {'word': 'GREEN', 'color': 'yellow', 'correct': 'y', 'rand': 0.8922009947813813}
83.4687 	EXP 	Sound sound_1 started
83.4735 	DATA 	Keypress: space
83.4779 	EXP 	text_3: autoDraw = False
83.4779 	EXP 	text_2: autoDraw = False
83.4779 	EXP 	text_4: autoDraw = False
83.4779 	EXP 	text_6: foreColor = <psychopy.colors.Color: yellow, alpha=1.0>
83.4779 	EXP 	text_6: height = 0.1
83.4779 	EXP 	text_6: height = 0.1
83.4779 	EXP 	text_6: height = 0.1
83.4779 	EXP 	text_6: text = 'GREEN'
83.4779 	EXP 	text_5: autoDraw = True
83.4779 	EXP 	stopb: autoDraw = True
83.4779 	EXP 	stopl: autoDraw = True
83.4779 	EXP 	stopr: autoDraw = True
83.4779 	EXP 	text_6: autoDraw = True
84.0465 	DATA 	Keypress: space
84.1144 	EXP 	Sound sound_1 stopped
84.3177 	EXP 	Sound sound_1 set volume 1.000
84.3185 	EXP 	New trial (rep=0, index=9): OrderedDict([('Psubj', 1), ('Attribute', 'est10'), ('Value', 60), ('cond', 2), ('Unique', None)])
84.3273 	EXP 	text_5: autoDraw = False
84.3273 	EXP 	stopb: autoDraw = False
84.3273 	EXP 	stopl: autoDraw = False
84.3273 	EXP 	stopr: autoDraw = False
84.3273 	EXP 	text_6: autoDraw = False
84.3273 	EXP 	text_2: height = 0.05
84.3273 	EXP 	text_2: height = 0.05
84.3273 	EXP 	text_2: height = 0.05
84.3273 	EXP 	text_2: text = 60
84.3273 	EXP 	text_3: autoDraw = True
84.3273 	EXP 	text_2: autoDraw = True
84.3273 	EXP 	text_4: autoDraw = True
85.5993 	EXP 	Imported C:/Users/carelab/Desktop/Erik/resources/stroop.xlsx as conditions, 72 conditions, 4 params
85.6005 	EXP 	Created sequence: random, trialTypes=72, nReps=20, seed=None
85.6008 	EXP 	New trial (rep=0, index=0): {'word': 'RED', 'color': 'blue', 'correct': 'b', 'rand': 0.6261340356483289}
85.6184 	EXP 	Sound sound_1 started
85.6139 	DATA 	Keypress: space
85.6185 	EXP 	text_3: autoDraw = False
85.6185 	EXP 	text_2: autoDraw = False
85.6185 	EXP 	text_4: autoDraw = False
85.6185 	EXP 	text_6: foreColor = <psychopy.colors.Color: blue, alpha=1.0>
85.6185 	EXP 	text_6: height = 0.1
85.6185 	EXP 	text_6: height = 0.1
85.6185 	EXP 	text_6: height = 0.1
85.6185 	EXP 	text_6: text = 'RED'
85.6185 	EXP 	text_5: autoDraw = True
85.6185 	EXP 	stopb: autoDraw = True
85.6185 	EXP 	stopl: autoDraw = True
85.6185 	EXP 	stopr: autoDraw = True
85.6185 	EXP 	text_6: autoDraw = True
86.7745 	EXP 	Sound sound_1 stopped
86.9751 	EXP 	Sound sound_1 set volume 1.000
86.9759 	EXP 	New trial (rep=0, index=10): OrderedDict([('Psubj', 1), ('Attribute', 'est11'), ('Value', 105), ('cond', 1), ('Unique', None)])
86.9802 	DATA 	Keypress: space
86.9866 	EXP 	text_5: autoDraw = False
86.9866 	EXP 	stopb: autoDraw = False
86.9866 	EXP 	stopl: autoDraw = False
86.9866 	EXP 	stopr: autoDraw = False
86.9866 	EXP 	text_6: autoDraw = False
86.9866 	EXP 	text_2: height = 0.05
86.9866 	EXP 	text_2: height = 0.05
86.9866 	EXP 	text_2: height = 0.05
86.9866 	EXP 	text_2: text = 105
86.9866 	EXP 	text_3: autoDraw = True
86.9866 	EXP 	text_2: autoDraw = True
86.9866 	EXP 	text_4: autoDraw = True
87.5040 	DATA 	Keypress: space
87.5367 	EXP 	Imported C:/Users/carelab/Desktop/Erik/resources/stroop.xlsx as conditions, 72 conditions, 4 params
87.5382 	EXP 	Created sequence: random, trialTypes=72, nReps=20, seed=None
87.5385 	EXP 	New trial (rep=0, index=0): {'word': 'YELLOW', 'color': 'green', 'correct': 'g', 'rand': 0.016620941506003017}
87.5510 	EXP 	Sound sound_1 started
87.5596 	EXP 	text_3: autoDraw = False
87.5596 	EXP 	text_2: autoDraw = False
87.5596 	EXP 	text_4: autoDraw = False
87.5596 	EXP 	text_6: foreColor = <psychopy.colors.Color: green, alpha=1.0>
87.5596 	EXP 	text_6: height = 0.1
87.5596 	EXP 	text_6: height = 0.1
87.5596 	EXP 	text_6: height = 0.1
87.5596 	EXP 	text_6: text = 'YELLOW'
87.5596 	EXP 	text_5: autoDraw = True
87.5596 	EXP 	stopb: autoDraw = True
87.5596 	EXP 	stopl: autoDraw = True
87.5596 	EXP 	stopr: autoDraw = True
87.5596 	EXP 	text_6: autoDraw = True
88.0788 	DATA 	Keypress: space
88.1439 	EXP 	Sound sound_1 stopped
88.3529 	EXP 	Sound sound_1 set volume 1.000
88.3538 	EXP 	New trial (rep=0, index=11): OrderedDict([('Psubj', 1), ('Attribute', 'est12'), ('Value', 30), ('cond', 2), ('Unique', None)])
88.3643 	EXP 	text_5: autoDraw = False
88.3643 	EXP 	stopb: autoDraw = False
88.3643 	EXP 	stopl: autoDraw = False
88.3643 	EXP 	stopr: autoDraw = False
88.3643 	EXP 	text_6: autoDraw = False
88.3643 	EXP 	text_2: height = 0.05
88.3643 	EXP 	text_2: height = 0.05
88.3643 	EXP 	text_2: height = 0.05
88.3643 	EXP 	text_2: text = 30
88.3643 	EXP 	text_3: autoDraw = True
88.3643 	EXP 	text_2: autoDraw = True
88.3643 	EXP 	text_4: autoDraw = True
89.0344 	EXP 	Imported C:/Users/carelab/Desktop/Erik/resources/stroop.xlsx as conditions, 72 conditions, 4 params
89.0360 	EXP 	Created sequence: random, trialTypes=72, nReps=20, seed=None
89.0363 	EXP 	New trial (rep=0, index=0): {'word': 'GREEN', 'color': 'red', 'correct': 'r', 'rand': 0.5206885223573439}
89.0505 	EXP 	Sound sound_1 started
89.0513 	DATA 	Keypress: space
89.0556 	EXP 	text_3: autoDraw = False
89.0556 	EXP 	text_2: autoDraw = False
89.0556 	EXP 	text_4: autoDraw = False
89.0556 	EXP 	text_6: foreColor = <psychopy.colors.Color: red, alpha=1.0>
89.0556 	EXP 	text_6: height = 0.1
89.0556 	EXP 	text_6: height = 0.1
89.0556 	EXP 	text_6: height = 0.1
89.0556 	EXP 	text_6: text = 'GREEN'
89.0556 	EXP 	text_5: autoDraw = True
89.0556 	EXP 	stopb: autoDraw = True
89.0556 	EXP 	stopl: autoDraw = True
89.0556 	EXP 	stopr: autoDraw = True
89.0556 	EXP 	text_6: autoDraw = True
89.7305 	DATA 	Keypress: space
89.8187 	EXP 	Sound sound_1 stopped
90.0119 	EXP 	Sound sound_1 set volume 1.000
90.0127 	EXP 	New trial (rep=0, index=12): OrderedDict([('Psubj', 1), ('Attribute', 'est13'), ('Value', 60), ('cond', 1), ('Unique', None)])
90.0214 	EXP 	text_5: autoDraw = False
90.0214 	EXP 	stopb: autoDraw = False
90.0214 	EXP 	stopl: autoDraw = False
90.0214 	EXP 	stopr: autoDraw = False
90.0214 	EXP 	text_6: autoDraw = False
90.0214 	EXP 	text_2: height = 0.05
90.0214 	EXP 	text_2: height = 0.05
90.0214 	EXP 	text_2: height = 0.05
90.0214 	EXP 	text_2: text = 60
90.0214 	EXP 	text_3: autoDraw = True
90.0214 	EXP 	text_2: autoDraw = True
90.0214 	EXP 	text_4: autoDraw = True
91.0528 	DATA 	Keypress: space
91.0826 	EXP 	Imported C:/Users/carelab/Desktop/Erik/resources/stroop.xlsx as conditions, 72 conditions, 4 params
91.0841 	EXP 	Created sequence: random, trialTypes=72, nReps=20, seed=None
91.0844 	EXP 	New trial (rep=0, index=0): {'word': 'YELLOW', 'color': 'red', 'correct': 'r', 'rand': 0.026920070545067287}
91.0998 	EXP 	Sound sound_1 started
91.1037 	EXP 	text_3: autoDraw = False
91.1037 	EXP 	text_2: autoDraw = False
91.1037 	EXP 	text_4: autoDraw = False
91.1037 	EXP 	text_6: foreColor = <psychopy.colors.Color: red, alpha=1.0>
91.1037 	EXP 	text_6: height = 0.1
91.1037 	EXP 	text_6: height = 0.1
91.1037 	EXP 	text_6: height = 0.1
91.1037 	EXP 	text_6: text = 'YELLOW'
91.1037 	EXP 	text_5: autoDraw = True
91.1037 	EXP 	stopb: autoDraw = True
91.1037 	EXP 	stopl: autoDraw = True
91.1037 	EXP 	stopr: autoDraw = True
91.1037 	EXP 	text_6: autoDraw = True
91.4706 	DATA 	Keypress: space
91.5682 	EXP 	Sound sound_1 stopped
91.7619 	EXP 	Sound sound_1 set volume 1.000
91.7626 	EXP 	New trial (rep=0, index=13): OrderedDict([('Psubj', 1), ('Attribute', 'est14'), ('Value', 105), ('cond', 2), ('Unique', None)])
91.7709 	EXP 	text_5: autoDraw = False
91.7709 	EXP 	stopb: autoDraw = False
91.7709 	EXP 	stopl: autoDraw = False
91.7709 	EXP 	stopr: autoDraw = False
91.7709 	EXP 	text_6: autoDraw = False
91.7709 	EXP 	text_2: height = 0.05
91.7709 	EXP 	text_2: height = 0.05
91.7709 	EXP 	text_2: height = 0.05
91.7709 	EXP 	text_2: text = 105
91.7709 	EXP 	text_3: autoDraw = True
91.7709 	EXP 	text_2: autoDraw = True
91.7709 	EXP 	text_4: autoDraw = True
92.3326 	EXP 	Imported C:/Users/carelab/Desktop/Erik/resources/stroop.xlsx as conditions, 72 conditions, 4 params
92.3340 	EXP 	Created sequence: random, trialTypes=72, nReps=20, seed=None
92.3343 	EXP 	New trial (rep=0, index=0): {'word': 'RED', 'color': 'green', 'correct': 'g', 'rand': 0.11961469589149154}
92.3496 	EXP 	Sound sound_1 started
92.3499 	DATA 	Keypress: space
92.3546 	EXP 	text_3: autoDraw = False
92.3546 	EXP 	text_2: autoDraw = False
92.3546 	EXP 	text_4: autoDraw = False
92.3546 	EXP 	text_6: foreColor = <psychopy.colors.Color: green, alpha=1.0>
92.3546 	EXP 	text_6: height = 0.1
92.3546 	EXP 	text_6: height = 0.1
92.3546 	EXP 	text_6: height = 0.1
92.3546 	EXP 	text_6: text = 'RED'
92.3546 	EXP 	text_5: autoDraw = True
92.3546 	EXP 	stopb: autoDraw = True
92.3546 	EXP 	stopl: autoDraw = True
92.3546 	EXP 	stopr: autoDraw = True
92.3546 	EXP 	text_6: autoDraw = True
92.6047 	DATA 	Keypress: space
92.6367 	EXP 	Sound sound_1 stopped
92.8296 	EXP 	Sound sound_1 set volume 1.000
92.8304 	EXP 	New trial (rep=0, index=14): OrderedDict([('Psubj', 1), ('Attribute', 'est15'), ('Value', 105), ('cond', 1), ('Unique', None)])
92.8391 	EXP 	text_5: autoDraw = False
92.8391 	EXP 	stopb: autoDraw = False
92.8391 	EXP 	stopl: autoDraw = False
92.8391 	EXP 	stopr: autoDraw = False
92.8391 	EXP 	text_6: autoDraw = False
92.8391 	EXP 	text_2: height = 0.05
92.8391 	EXP 	text_2: height = 0.05
92.8391 	EXP 	text_2: height = 0.05
92.8391 	EXP 	text_2: text = 105
92.8391 	EXP 	text_3: autoDraw = True
92.8391 	EXP 	text_2: autoDraw = True
92.8391 	EXP 	text_4: autoDraw = True
93.3144 	EXP 	Imported C:/Users/carelab/Desktop/Erik/resources/stroop.xlsx as conditions, 72 conditions, 4 params
93.3158 	EXP 	Created sequence: random, trialTypes=72, nReps=20, seed=None
93.3161 	EXP 	New trial (rep=0, index=0): {'word': 'GREEN', 'color': 'green', 'correct': 'g', 'rand': 0.5674331709343124}
93.3330 	EXP 	Sound sound_1 started
93.3348 	DATA 	Keypress: space
93.3397 	EXP 	text_3: autoDraw = False
93.3397 	EXP 	text_2: autoDraw = False
93.3397 	EXP 	text_4: autoDraw = False
93.3397 	EXP 	text_6: foreColor = <psychopy.colors.Color: green, alpha=1.0>
93.3397 	EXP 	text_6: height = 0.1
93.3397 	EXP 	text_6: height = 0.1
93.3397 	EXP 	text_6: height = 0.1
93.3397 	EXP 	text_6: text = 'GREEN'
93.3397 	EXP 	text_5: autoDraw = True
93.3397 	EXP 	stopb: autoDraw = True
93.3397 	EXP 	stopl: autoDraw = True
93.3397 	EXP 	stopr: autoDraw = True
93.3397 	EXP 	text_6: autoDraw = True
93.6270 	EXP 	Sound sound_1 stopped
93.8270 	EXP 	Sound sound_1 set volume 1.000
93.8278 	EXP 	New trial (rep=0, index=15): OrderedDict([('Psubj', 1), ('Attribute', 'est16'), ('Value', 120), ('cond', 2), ('Unique', None)])
93.8315 	DATA 	Keypress: space
93.8366 	EXP 	text_5: autoDraw = False
93.8366 	EXP 	stopb: autoDraw = False
93.8366 	EXP 	stopl: autoDraw = False
93.8366 	EXP 	stopr: autoDraw = False
93.8366 	EXP 	text_6: autoDraw = False
93.8366 	EXP 	text_2: height = 0.05
93.8366 	EXP 	text_2: height = 0.05
93.8366 	EXP 	text_2: height = 0.05
93.8366 	EXP 	text_2: text = 120
93.8366 	EXP 	text_3: autoDraw = True
93.8366 	EXP 	text_2: autoDraw = True
93.8366 	EXP 	text_4: autoDraw = True
94.2972 	EXP 	Imported C:/Users/carelab/Desktop/Erik/resources/stroop.xlsx as conditions, 72 conditions, 4 params
94.2988 	EXP 	Created sequence: random, trialTypes=72, nReps=20, seed=None
94.2991 	EXP 	New trial (rep=0, index=0): {'word': 'RED', 'color': 'yellow', 'correct': 'y', 'rand': 0.1307721019336724}
94.3156 	EXP 	Sound sound_1 started
94.3173 	DATA 	Keypress: space
94.3222 	EXP 	text_3: autoDraw = False
94.3222 	EXP 	text_2: autoDraw = False
94.3222 	EXP 	text_4: autoDraw = False
94.3222 	EXP 	text_6: foreColor = <psychopy.colors.Color: yellow, alpha=1.0>
94.3222 	EXP 	text_6: height = 0.1
94.3222 	EXP 	text_6: height = 0.1
94.3222 	EXP 	text_6: height = 0.1
94.3222 	EXP 	text_6: text = 'RED'
94.3222 	EXP 	text_5: autoDraw = True
94.3222 	EXP 	stopb: autoDraw = True
94.3222 	EXP 	stopl: autoDraw = True
94.3222 	EXP 	stopr: autoDraw = True
94.3222 	EXP 	text_6: autoDraw = True
94.5810 	DATA 	Keypress: space
94.6170 	EXP 	Sound sound_1 stopped
94.8302 	EXP 	Sound sound_1 set volume 1.000
94.8310 	EXP 	New trial (rep=0, index=16): OrderedDict([('Psubj', 1), ('Attribute', 'est17'), ('Value', 120), ('cond', 1), ('Unique', None)])
94.8402 	EXP 	text_5: autoDraw = False
94.8402 	EXP 	stopb: autoDraw = False
94.8402 	EXP 	stopl: autoDraw = False
94.8402 	EXP 	stopr: autoDraw = False
94.8402 	EXP 	text_6: autoDraw = False
94.8402 	EXP 	text_2: height = 0.05
94.8402 	EXP 	text_2: height = 0.05
94.8402 	EXP 	text_2: height = 0.05
94.8402 	EXP 	text_2: text = 120
94.8402 	EXP 	text_3: autoDraw = True
94.8402 	EXP 	text_2: autoDraw = True
94.8402 	EXP 	text_4: autoDraw = True
96.6189 	EXP 	Imported C:/Users/carelab/Desktop/Erik/resources/stroop.xlsx as conditions, 72 conditions, 4 params
96.6206 	EXP 	Created sequence: random, trialTypes=72, nReps=20, seed=None
96.6210 	EXP 	New trial (rep=0, index=0): {'word': 'GREEN', 'color': 'green', 'correct': 'g', 'rand': 0.5674331709343124}
96.6316 	EXP 	Sound sound_1 started
96.6402 	DATA 	Keypress: space
96.6454 	EXP 	text_3: autoDraw = False
96.6454 	EXP 	text_2: autoDraw = False
96.6454 	EXP 	text_4: autoDraw = False
96.6454 	EXP 	text_6: foreColor = <psychopy.colors.Color: green, alpha=1.0>
96.6454 	EXP 	text_6: height = 0.1
96.6454 	EXP 	text_6: height = 0.1
96.6454 	EXP 	text_6: height = 0.1
96.6454 	EXP 	text_6: text = 'GREEN'
96.6454 	EXP 	text_5: autoDraw = True
96.6454 	EXP 	stopb: autoDraw = True
96.6454 	EXP 	stopl: autoDraw = True
96.6454 	EXP 	stopr: autoDraw = True
96.6454 	EXP 	text_6: autoDraw = True
99.1621 	DATA 	Keypress: space
99.1847 	EXP 	Sound sound_1 stopped
99.3752 	EXP 	Sound sound_1 set volume 1.000
99.3760 	EXP 	New trial (rep=0, index=17): OrderedDict([('Psubj', 1), ('Attribute', 'est18'), ('Value', 105), ('cond', 2), ('Unique', None)])
99.3853 	EXP 	text_5: autoDraw = False
99.3853 	EXP 	stopb: autoDraw = False
99.3853 	EXP 	stopl: autoDraw = False
99.3853 	EXP 	stopr: autoDraw = False
99.3853 	EXP 	text_6: autoDraw = False
99.3853 	EXP 	text_2: height = 0.05
99.3853 	EXP 	text_2: height = 0.05
99.3853 	EXP 	text_2: height = 0.05
99.3853 	EXP 	text_2: text = 105
99.3853 	EXP 	text_3: autoDraw = True
99.3853 	EXP 	text_2: autoDraw = True
99.3853 	EXP 	text_4: autoDraw = True
99.6815 	EXP 	Imported C:/Users/carelab/Desktop/Erik/resources/stroop.xlsx as conditions, 72 conditions, 4 params
99.6831 	EXP 	Created sequence: random, trialTypes=72, nReps=20, seed=None
99.6834 	EXP 	New trial (rep=0, index=0): {'word': 'BLUE', 'color': 'yellow', 'correct': 'y', 'rand': 0.06396215500435876}
99.6975 	EXP 	Sound sound_1 started
99.7002 	DATA 	Keypress: space
99.7048 	EXP 	text_3: autoDraw = False
99.7048 	EXP 	text_2: autoDraw = False
99.7048 	EXP 	text_4: autoDraw = False
99.7048 	EXP 	text_6: foreColor = <psychopy.colors.Color: yellow, alpha=1.0>
99.7048 	EXP 	text_6: height = 0.1
99.7048 	EXP 	text_6: height = 0.1
99.7048 	EXP 	text_6: height = 0.1
99.7048 	EXP 	text_6: text = 'BLUE'
99.7048 	EXP 	text_5: autoDraw = True
99.7048 	EXP 	stopb: autoDraw = True
99.7048 	EXP 	stopl: autoDraw = True
99.7048 	EXP 	stopr: autoDraw = True
99.7048 	EXP 	text_6: autoDraw = True
99.9831 	DATA 	Keypress: space
100.0234 	EXP 	Sound sound_1 stopped
100.2318 	EXP 	Sound sound_1 set volume 1.000
100.2326 	EXP 	New trial (rep=0, index=18): OrderedDict([('Psubj', 1), ('Attribute', 'est19'), ('Value', 60), ('cond', 1), ('Unique', None)])
100.2415 	EXP 	text_5: autoDraw = False
100.2415 	EXP 	stopb: autoDraw = False
100.2415 	EXP 	stopl: autoDraw = False
100.2415 	EXP 	stopr: autoDraw = False
100.2415 	EXP 	text_6: autoDraw = False
100.2415 	EXP 	text_2: height = 0.05
100.2415 	EXP 	text_2: height = 0.05
100.2415 	EXP 	text_2: height = 0.05
100.2415 	EXP 	text_2: text = 60
100.2415 	EXP 	text_3: autoDraw = True
100.2415 	EXP 	text_2: autoDraw = True
100.2415 	EXP 	text_4: autoDraw = True
100.5466 	EXP 	Imported C:/Users/carelab/Desktop/Erik/resources/stroop.xlsx as conditions, 72 conditions, 4 params
100.5481 	EXP 	Created sequence: random, trialTypes=72, nReps=20, seed=None
100.5484 	EXP 	New trial (rep=0, index=0): {'word': 'BLUE', 'color': 'red', 'correct': 'r', 'rand': 0.06407532486309186}
100.5638 	EXP 	Sound sound_1 started
100.5611 	DATA 	Keypress: space
100.5660 	EXP 	text_3: autoDraw = False
100.5660 	EXP 	text_2: autoDraw = False
100.5660 	EXP 	text_4: autoDraw = False
100.5660 	EXP 	text_6: foreColor = <psychopy.colors.Color: red, alpha=1.0>
100.5660 	EXP 	text_6: text = 'BLUE'
100.5660 	EXP 	text_5: autoDraw = True
100.5660 	EXP 	stopb: autoDraw = True
100.5660 	EXP 	stopl: autoDraw = True
100.5660 	EXP 	stopr: autoDraw = True
100.5660 	EXP 	text_6: autoDraw = True
100.7308 	DATA 	Keypress: space
100.7838 	EXP 	Sound sound_1 stopped
100.9628 	EXP 	Sound sound_1 set volume 1.000
100.9635 	EXP 	New trial (rep=0, index=19): OrderedDict([('Psubj', 1), ('Attribute', 'est20'), ('Value', 60), ('cond', 1), ('Unique', None)])
100.9723 	EXP 	text_5: autoDraw = False
100.9723 	EXP 	stopb: autoDraw = False
100.9723 	EXP 	stopl: autoDraw = False
100.9723 	EXP 	stopr: autoDraw = False
100.9723 	EXP 	text_6: autoDraw = False
100.9723 	EXP 	text_2: height = 0.05
100.9723 	EXP 	text_2: height = 0.05
100.9723 	EXP 	text_2: height = 0.05
100.9723 	EXP 	text_2: text = 60
100.9723 	EXP 	text_3: autoDraw = True
100.9723 	EXP 	text_2: autoDraw = True
100.9723 	EXP 	text_4: autoDraw = True
101.2425 	EXP 	Imported C:/Users/carelab/Desktop/Erik/resources/stroop.xlsx as conditions, 72 conditions, 4 params
101.2441 	EXP 	Created sequence: random, trialTypes=72, nReps=20, seed=None
101.2444 	EXP 	New trial (rep=0, index=0): {'word': 'BLUE', 'color': 'green', 'correct': 'g', 'rand': 0.15603936871830648}
101.2466 	EXP 	Sound sound_1 started
101.2555 	DATA 	Keypress: space
101.2608 	EXP 	text_3: autoDraw = False
101.2608 	EXP 	text_2: autoDraw = False
101.2608 	EXP 	text_4: autoDraw = False
101.2608 	EXP 	text_6: foreColor = <psychopy.colors.Color: green, alpha=1.0>
101.2608 	EXP 	text_6: text = 'BLUE'
101.2608 	EXP 	text_5: autoDraw = True
101.2608 	EXP 	stopb: autoDraw = True
101.2608 	EXP 	stopl: autoDraw = True
101.2608 	EXP 	stopr: autoDraw = True
101.2608 	EXP 	text_6: autoDraw = True
101.4714 	EXP 	Sound sound_1 stopped
101.6505 	EXP 	Sound sound_1 set volume 1.000
101.6513 	EXP 	New trial (rep=0, index=20): OrderedDict([('Psubj', 1), ('Attribute', 'est21'), ('Value', 120), ('cond', 1), ('Unique', None)])
101.6553 	DATA 	Keypress: space
101.6613 	EXP 	text_5: autoDraw = False
101.6613 	EXP 	stopb: autoDraw = False
101.6613 	EXP 	stopl: autoDraw = False
101.6613 	EXP 	stopr: autoDraw = False
101.6613 	EXP 	text_6: autoDraw = False
101.6613 	EXP 	text_2: height = 0.05
101.6613 	EXP 	text_2: height = 0.05
101.6613 	EXP 	text_2: height = 0.05
101.6613 	EXP 	text_2: text = 120
101.6613 	EXP 	text_3: autoDraw = True
101.6613 	EXP 	text_2: autoDraw = True
101.6613 	EXP 	text_4: autoDraw = True
101.9320 	DATA 	Keypress: space
101.9611 	EXP 	Imported C:/Users/carelab/Desktop/Erik/resources/stroop.xlsx as conditions, 72 conditions, 4 params
101.9626 	EXP 	Created sequence: random, trialTypes=72, nReps=20, seed=None
101.9629 	EXP 	New trial (rep=0, index=0): {'word': 'BLUE', 'color': 'red', 'correct': 'r', 'rand': 0.8128958267552191}
101.9634 	EXP 	Sound sound_1 started
101.9818 	EXP 	text_3: autoDraw = False
101.9818 	EXP 	text_2: autoDraw = False
101.9818 	EXP 	text_4: autoDraw = False
101.9818 	EXP 	text_6: foreColor = <psychopy.colors.Color: red, alpha=1.0>
101.9818 	EXP 	text_6: text = 'BLUE'
101.9818 	EXP 	text_5: autoDraw = True
101.9818 	EXP 	stopb: autoDraw = True
101.9818 	EXP 	stopl: autoDraw = True
101.9818 	EXP 	stopr: autoDraw = True
101.9818 	EXP 	text_6: autoDraw = True
102.1131 	DATA 	Keypress: space
102.1579 	EXP 	Sound sound_1 stopped
102.3426 	EXP 	Sound sound_1 set volume 1.000
102.3433 	EXP 	New trial (rep=0, index=21): OrderedDict([('Psubj', 1), ('Attribute', 'est22'), ('Value', 120), ('cond', 2), ('Unique', None)])
102.3516 	EXP 	text_5: autoDraw = False
102.3516 	EXP 	stopb: autoDraw = False
102.3516 	EXP 	stopl: autoDraw = False
102.3516 	EXP 	stopr: autoDraw = False
102.3516 	EXP 	text_6: autoDraw = False
102.3516 	EXP 	text_2: height = 0.05
102.3516 	EXP 	text_2: height = 0.05
102.3516 	EXP 	text_2: height = 0.05
102.3516 	EXP 	text_2: text = 120
102.3516 	EXP 	text_3: autoDraw = True
102.3516 	EXP 	text_2: autoDraw = True
102.3516 	EXP 	text_4: autoDraw = True
102.4513 	EXP 	Imported C:/Users/carelab/Desktop/Erik/resources/stroop.xlsx as conditions, 72 conditions, 4 params
102.4529 	EXP 	Created sequence: random, trialTypes=72, nReps=20, seed=None
102.4533 	EXP 	New trial (rep=0, index=0): {'word': 'RED', 'color': 'green', 'correct': 'g', 'rand': 0.3574410811547245}
102.4632 	EXP 	Sound sound_1 started
102.4703 	DATA 	Keypress: space
102.4750 	EXP 	text_3: autoDraw = False
102.4750 	EXP 	text_2: autoDraw = False
102.4750 	EXP 	text_4: autoDraw = False
102.4750 	EXP 	text_6: foreColor = <psychopy.colors.Color: green, alpha=1.0>
102.4750 	EXP 	text_6: height = 0.1
102.4750 	EXP 	text_6: height = 0.1
102.4750 	EXP 	text_6: height = 0.1
102.4750 	EXP 	text_6: text = 'RED'
102.4750 	EXP 	text_5: autoDraw = True
102.4750 	EXP 	stopb: autoDraw = True
102.4750 	EXP 	stopl: autoDraw = True
102.4750 	EXP 	stopr: autoDraw = True
102.4750 	EXP 	text_6: autoDraw = True
102.6938 	EXP 	Sound sound_1 stopped
102.8682 	EXP 	Sound sound_1 set volume 1.000
102.8689 	EXP 	New trial (rep=0, index=22): OrderedDict([('Psubj', 1), ('Attribute', 'est23'), ('Value', 30), ('cond', 2), ('Unique', None)])
102.8728 	DATA 	Keypress: space
102.8784 	EXP 	text_5: autoDraw = False
102.8784 	EXP 	stopb: autoDraw = False
102.8784 	EXP 	stopl: autoDraw = False
102.8784 	EXP 	stopr: autoDraw = False
102.8784 	EXP 	text_6: autoDraw = False
102.8784 	EXP 	text_2: height = 0.05
102.8784 	EXP 	text_2: height = 0.05
102.8784 	EXP 	text_2: height = 0.05
102.8784 	EXP 	text_2: text = 30
102.8784 	EXP 	text_3: autoDraw = True
102.8784 	EXP 	text_2: autoDraw = True
102.8784 	EXP 	text_4: autoDraw = True
103.0279 	EXP 	Imported C:/Users/carelab/Desktop/Erik/resources/stroop.xlsx as conditions, 72 conditions, 4 params
103.0293 	EXP 	Created sequence: random, trialTypes=72, nReps=20, seed=None
103.0296 	EXP 	New trial (rep=0, index=0): {'word': 'YELLOW', 'color': 'green', 'correct': 'g', 'rand': 0.06591400966360883}
103.0467 	EXP 	Sound sound_1 started
103.0453 	DATA 	Keypress: space
103.0497 	EXP 	text_3: autoDraw = False
103.0497 	EXP 	text_2: autoDraw = False
103.0497 	EXP 	text_4: autoDraw = False
103.0497 	EXP 	text_6: foreColor = <psychopy.colors.Color: green, alpha=1.0>
103.0497 	EXP 	text_6: height = 0.1
103.0497 	EXP 	text_6: height = 0.1
103.0497 	EXP 	text_6: height = 0.1
103.0497 	EXP 	text_6: text = 'YELLOW'
103.0497 	EXP 	text_5: autoDraw = True
103.0497 	EXP 	stopb: autoDraw = True
103.0497 	EXP 	stopl: autoDraw = True
103.0497 	EXP 	stopr: autoDraw = True
103.0497 	EXP 	text_6: autoDraw = True
103.1890 	DATA 	Keypress: space
103.2274 	EXP 	Sound sound_1 stopped
103.4016 	EXP 	Sound sound_1 set volume 1.000
103.4023 	EXP 	New trial (rep=0, index=23): OrderedDict([('Psubj', 1), ('Attribute', 'est24'), ('Value', 105), ('cond', 1), ('Unique', None)])
103.4112 	EXP 	text_5: autoDraw = False
103.4112 	EXP 	stopb: autoDraw = False
103.4112 	EXP 	stopl: autoDraw = False
103.4112 	EXP 	stopr: autoDraw = False
103.4112 	EXP 	text_6: autoDraw = False
103.4112 	EXP 	text_2: height = 0.05
103.4112 	EXP 	text_2: height = 0.05
103.4112 	EXP 	text_2: height = 0.05
103.4112 	EXP 	text_2: text = 105
103.4112 	EXP 	text_3: autoDraw = True
103.4112 	EXP 	text_2: autoDraw = True
103.4112 	EXP 	text_4: autoDraw = True
103.5853 	EXP 	Imported C:/Users/carelab/Desktop/Erik/resources/stroop.xlsx as conditions, 72 conditions, 4 params
103.5869 	EXP 	Created sequence: random, trialTypes=72, nReps=20, seed=None
103.5873 	EXP 	New trial (rep=0, index=0): {'word': 'RED', 'color': 'blue', 'correct': 'b', 'rand': 0.6261340356483289}
103.5962 	EXP 	Sound sound_1 started
103.6035 	DATA 	Keypress: space
103.6084 	EXP 	text_3: autoDraw = False
103.6084 	EXP 	text_2: autoDraw = False
103.6084 	EXP 	text_4: autoDraw = False
103.6084 	EXP 	text_6: foreColor = <psychopy.colors.Color: blue, alpha=1.0>
103.6084 	EXP 	text_6: height = 0.1
103.6084 	EXP 	text_6: height = 0.1
103.6084 	EXP 	text_6: height = 0.1
103.6084 	EXP 	text_6: text = 'RED'
103.6084 	EXP 	text_5: autoDraw = True
103.6084 	EXP 	stopb: autoDraw = True
103.6084 	EXP 	stopl: autoDraw = True
103.6084 	EXP 	stopr: autoDraw = True
103.6084 	EXP 	text_6: autoDraw = True
103.7117 	DATA 	Keypress: space
103.7606 	EXP 	Sound sound_1 stopped
103.9255 	EXP 	Sound sound_1 set volume 1.000
103.9263 	EXP 	New trial (rep=0, index=24): OrderedDict([('Psubj', 1), ('Attribute', 'est25'), ('Value', 30), ('cond', 1), ('Unique', None)])
103.9356 	EXP 	text_5: autoDraw = False
103.9356 	EXP 	stopb: autoDraw = False
103.9356 	EXP 	stopl: autoDraw = False
103.9356 	EXP 	stopr: autoDraw = False
103.9356 	EXP 	text_6: autoDraw = False
103.9356 	EXP 	text_2: height = 0.05
103.9356 	EXP 	text_2: height = 0.05
103.9356 	EXP 	text_2: height = 0.05
103.9356 	EXP 	text_2: text = 30
103.9356 	EXP 	text_3: autoDraw = True
103.9356 	EXP 	text_2: autoDraw = True
103.9356 	EXP 	text_4: autoDraw = True
104.1265 	EXP 	Imported C:/Users/carelab/Desktop/Erik/resources/stroop.xlsx as conditions, 72 conditions, 4 params
104.1279 	EXP 	Created sequence: random, trialTypes=72, nReps=20, seed=None
104.1282 	EXP 	New trial (rep=0, index=0): {'word': 'YELLOW', 'color': 'green', 'correct': 'g', 'rand': 0.7266879439974213}
104.1459 	EXP 	Sound sound_1 started
104.1422 	DATA 	Keypress: space
104.1472 	EXP 	text_3: autoDraw = False
104.1472 	EXP 	text_2: autoDraw = False
104.1472 	EXP 	text_4: autoDraw = False
104.1472 	EXP 	text_6: foreColor = <psychopy.colors.Color: green, alpha=1.0>
104.1472 	EXP 	text_6: height = 0.1
104.1472 	EXP 	text_6: height = 0.1
104.1472 	EXP 	text_6: height = 0.1
104.1472 	EXP 	text_6: text = 'YELLOW'
104.1472 	EXP 	text_5: autoDraw = True
104.1472 	EXP 	stopb: autoDraw = True
104.1472 	EXP 	stopl: autoDraw = True
104.1472 	EXP 	stopr: autoDraw = True
104.1472 	EXP 	text_6: autoDraw = True
104.2929 	EXP 	Sound sound_1 stopped
104.4559 	EXP 	Sound sound_1 set volume 1.000
104.4566 	EXP 	New trial (rep=0, index=25): OrderedDict([('Psubj', 1), ('Attribute', 'est26'), ('Value', 60), ('cond', 2), ('Unique', None)])
104.4602 	DATA 	Keypress: space
104.4656 	EXP 	text_5: autoDraw = False
104.4656 	EXP 	stopb: autoDraw = False
104.4656 	EXP 	stopl: autoDraw = False
104.4656 	EXP 	stopr: autoDraw = False
104.4656 	EXP 	text_6: autoDraw = False
104.4656 	EXP 	text_2: height = 0.05
104.4656 	EXP 	text_2: height = 0.05
104.4656 	EXP 	text_2: height = 0.05
104.4656 	EXP 	text_2: text = 60
104.4656 	EXP 	text_3: autoDraw = True
104.4656 	EXP 	text_2: autoDraw = True
104.4656 	EXP 	text_4: autoDraw = True
104.6273 	EXP 	Imported C:/Users/carelab/Desktop/Erik/resources/stroop.xlsx as conditions, 72 conditions, 4 params
104.6288 	EXP 	Created sequence: random, trialTypes=72, nReps=20, seed=None
104.6291 	EXP 	New trial (rep=0, index=0): {'word': 'RED', 'color': 'yellow', 'correct': 'y', 'rand': 0.7972310674780825}
104.6459 	EXP 	Sound sound_1 started
104.6434 	DATA 	Keypress: space
104.6483 	EXP 	text_3: autoDraw = False
104.6483 	EXP 	text_2: autoDraw = False
104.6483 	EXP 	text_4: autoDraw = False
104.6483 	EXP 	text_6: foreColor = <psychopy.colors.Color: yellow, alpha=1.0>
104.6483 	EXP 	text_6: height = 0.1
104.6483 	EXP 	text_6: height = 0.1
104.6483 	EXP 	text_6: height = 0.1
104.6483 	EXP 	text_6: text = 'RED'
104.6483 	EXP 	text_5: autoDraw = True
104.6483 	EXP 	stopb: autoDraw = True
104.6483 	EXP 	stopl: autoDraw = True
104.6483 	EXP 	stopr: autoDraw = True
104.6483 	EXP 	text_6: autoDraw = True
104.7663 	DATA 	Keypress: space
104.8255 	EXP 	Sound sound_1 stopped
104.9883 	EXP 	Sound sound_1 set volume 1.000
104.9890 	EXP 	New trial (rep=0, index=26): OrderedDict([('Psubj', 1), ('Attribute', 'est27'), ('Value', 105), ('cond', 1), ('Unique', None)])
104.9979 	EXP 	text_5: autoDraw = False
104.9979 	EXP 	stopb: autoDraw = False
104.9979 	EXP 	stopl: autoDraw = False
104.9979 	EXP 	stopr: autoDraw = False
104.9979 	EXP 	text_6: autoDraw = False
104.9979 	EXP 	text_2: height = 0.05
104.9979 	EXP 	text_2: height = 0.05
104.9979 	EXP 	text_2: height = 0.05
104.9979 	EXP 	text_2: text = 105
104.9979 	EXP 	text_3: autoDraw = True
104.9979 	EXP 	text_2: autoDraw = True
104.9979 	EXP 	text_4: autoDraw = True
105.1436 	EXP 	Imported C:/Users/carelab/Desktop/Erik/resources/stroop.xlsx as conditions, 72 conditions, 4 params
105.1448 	EXP 	Created sequence: random, trialTypes=72, nReps=20, seed=None
105.1451 	EXP 	New trial (rep=0, index=0): {'word': 'BLUE', 'color': 'blue', 'correct': 'b', 'rand': 0.4687000222767358}
105.1622 	EXP 	Sound sound_1 started
105.1589 	DATA 	Keypress: space
105.1640 	EXP 	text_3: autoDraw = False
105.1640 	EXP 	text_2: autoDraw = False
105.1640 	EXP 	text_4: autoDraw = False
105.1640 	EXP 	text_6: foreColor = <psychopy.colors.Color: blue, alpha=1.0>
105.1640 	EXP 	text_6: height = 0.1
105.1640 	EXP 	text_6: height = 0.1
105.1640 	EXP 	text_6: height = 0.1
105.1640 	EXP 	text_6: text = 'BLUE'
105.1640 	EXP 	text_5: autoDraw = True
105.1640 	EXP 	stopb: autoDraw = True
105.1640 	EXP 	stopl: autoDraw = True
105.1640 	EXP 	stopr: autoDraw = True
105.1640 	EXP 	text_6: autoDraw = True
105.3585 	EXP 	Sound sound_1 stopped
105.5272 	EXP 	Sound sound_1 set volume 1.000
105.5280 	EXP 	New trial (rep=0, index=27): OrderedDict([('Psubj', 1), ('Attribute', 'est28'), ('Value', 60), ('cond', 1), ('Unique', None)])
105.5321 	DATA 	Keypress: space
105.5380 	EXP 	text_5: autoDraw = False
105.5380 	EXP 	stopb: autoDraw = False
105.5380 	EXP 	stopl: autoDraw = False
105.5380 	EXP 	stopr: autoDraw = False
105.5380 	EXP 	text_6: autoDraw = False
105.5380 	EXP 	text_2: height = 0.05
105.5380 	EXP 	text_2: height = 0.05
105.5380 	EXP 	text_2: height = 0.05
105.5380 	EXP 	text_2: text = 60
105.5380 	EXP 	text_3: autoDraw = True
105.5380 	EXP 	text_2: autoDraw = True
105.5380 	EXP 	text_4: autoDraw = True
105.7269 	EXP 	Imported C:/Users/carelab/Desktop/Erik/resources/stroop.xlsx as conditions, 72 conditions, 4 params
105.7283 	EXP 	Created sequence: random, trialTypes=72, nReps=20, seed=None
105.7286 	EXP 	New trial (rep=0, index=0): {'word': 'RED', 'color': 'yellow', 'correct': 'y', 'rand': 0.6614545898133373}
105.7458 	EXP 	Sound sound_1 started
105.7417 	DATA 	Keypress: space
105.7461 	EXP 	text_3: autoDraw = False
105.7461 	EXP 	text_2: autoDraw = False
105.7461 	EXP 	text_4: autoDraw = False
105.7461 	EXP 	text_6: foreColor = <psychopy.colors.Color: yellow, alpha=1.0>
105.7461 	EXP 	text_6: height = 0.1
105.7461 	EXP 	text_6: height = 0.1
105.7461 	EXP 	text_6: height = 0.1
105.7461 	EXP 	text_6: text = 'RED'
105.7461 	EXP 	text_5: autoDraw = True
105.7461 	EXP 	stopb: autoDraw = True
105.7461 	EXP 	stopl: autoDraw = True
105.7461 	EXP 	stopr: autoDraw = True
105.7461 	EXP 	text_6: autoDraw = True
105.8439 	DATA 	Keypress: space
105.8916 	EXP 	Sound sound_1 stopped
106.0593 	EXP 	Sound sound_1 set volume 1.000
106.0601 	EXP 	New trial (rep=0, index=28): OrderedDict([('Psubj', 1), ('Attribute', 'est29'), ('Value', 120), ('cond', 2), ('Unique', None)])
106.0691 	EXP 	text_5: autoDraw = False
106.0691 	EXP 	stopb: autoDraw = False
106.0691 	EXP 	stopl: autoDraw = False
106.0691 	EXP 	stopr: autoDraw = False
106.0691 	EXP 	text_6: autoDraw = False
106.0691 	EXP 	text_2: height = 0.05
106.0691 	EXP 	text_2: height = 0.05
106.0691 	EXP 	text_2: height = 0.05
106.0691 	EXP 	text_2: text = 120
106.0691 	EXP 	text_3: autoDraw = True
106.0691 	EXP 	text_2: autoDraw = True
106.0691 	EXP 	text_4: autoDraw = True
106.3125 	EXP 	Imported C:/Users/carelab/Desktop/Erik/resources/stroop.xlsx as conditions, 72 conditions, 4 params
106.3141 	EXP 	Created sequence: random, trialTypes=72, nReps=20, seed=None
106.3144 	EXP 	New trial (rep=0, index=0): {'word': 'RED', 'color': 'green', 'correct': 'g', 'rand': 0.2760429847547615}
106.3285 	EXP 	Sound sound_1 started
106.3295 	DATA 	Keypress: space
106.3340 	EXP 	text_3: autoDraw = False
106.3340 	EXP 	text_2: autoDraw = False
106.3340 	EXP 	text_4: autoDraw = False
106.3340 	EXP 	text_6: foreColor = <psychopy.colors.Color: green, alpha=1.0>
106.3340 	EXP 	text_6: text = 'RED'
106.3340 	EXP 	text_5: autoDraw = True
106.3340 	EXP 	stopb: autoDraw = True
106.3340 	EXP 	stopl: autoDraw = True
106.3340 	EXP 	stopr: autoDraw = True
106.3340 	EXP 	text_6: autoDraw = True
106.4777 	DATA 	Keypress: space
106.5237 	EXP 	Sound sound_1 stopped
106.6964 	EXP 	Sound sound_1 set volume 1.000
106.6971 	EXP 	New trial (rep=0, index=29): OrderedDict([('Psubj', 1), ('Attribute', 'est30'), ('Value', 30), ('cond', 2), ('Unique', None)])
106.7062 	EXP 	text_5: autoDraw = False
106.7062 	EXP 	stopb: autoDraw = False
106.7062 	EXP 	stopl: autoDraw = False
106.7062 	EXP 	stopr: autoDraw = False
106.7062 	EXP 	text_6: autoDraw = False
106.7062 	EXP 	text_2: height = 0.05
106.7062 	EXP 	text_2: height = 0.05
106.7062 	EXP 	text_2: height = 0.05
106.7062 	EXP 	text_2: text = 30
106.7062 	EXP 	text_3: autoDraw = True
106.7062 	EXP 	text_2: autoDraw = True
106.7062 	EXP 	text_4: autoDraw = True
106.9974 	DATA 	Keypress: space
107.0267 	EXP 	Imported C:/Users/carelab/Desktop/Erik/resources/stroop.xlsx as conditions, 72 conditions, 4 params
107.0282 	EXP 	Created sequence: random, trialTypes=72, nReps=20, seed=None
107.0285 	EXP 	New trial (rep=0, index=0): {'word': 'RED', 'color': 'green', 'correct': 'g', 'rand': 0.11961469589149154}
107.0455 	EXP 	Sound sound_1 started
107.0455 	EXP 	text_3: autoDraw = False
107.0455 	EXP 	text_2: autoDraw = False
107.0455 	EXP 	text_4: autoDraw = False
107.0455 	EXP 	text_6: foreColor = <psychopy.colors.Color: green, alpha=1.0>
107.0455 	EXP 	text_6: text = 'RED'
107.0455 	EXP 	text_5: autoDraw = True
107.0455 	EXP 	stopb: autoDraw = True
107.0455 	EXP 	stopl: autoDraw = True
107.0455 	EXP 	stopr: autoDraw = True
107.0455 	EXP 	text_6: autoDraw = True
107.1522 	DATA 	Keypress: space
107.1879 	EXP 	Sound sound_1 stopped
107.3704 	EXP 	Sound sound_1 set volume 1.000
107.3712 	EXP 	New trial (rep=0, index=30): OrderedDict([('Psubj', 1), ('Attribute', 'est31'), ('Value', 60), ('cond', 2), ('Unique', None)])
107.3800 	EXP 	text_5: autoDraw = False
107.3800 	EXP 	stopb: autoDraw = False
107.3800 	EXP 	stopl: autoDraw = False
107.3800 	EXP 	stopr: autoDraw = False
107.3800 	EXP 	text_6: autoDraw = False
107.3800 	EXP 	text_2: height = 0.05
107.3800 	EXP 	text_2: height = 0.05
107.3800 	EXP 	text_2: height = 0.05
107.3800 	EXP 	text_2: text = 60
107.3800 	EXP 	text_3: autoDraw = True
107.3800 	EXP 	text_2: autoDraw = True
107.3800 	EXP 	text_4: autoDraw = True
107.6762 	EXP 	Imported C:/Users/carelab/Desktop/Erik/resources/stroop.xlsx as conditions, 72 conditions, 4 params
107.6775 	EXP 	Created sequence: random, trialTypes=72, nReps=20, seed=None
107.6778 	EXP 	New trial (rep=0, index=0): {'word': 'RED', 'color': 'blue', 'correct': 'b', 'rand': 0.6261340356483289}
107.6782 	EXP 	Sound sound_1 started
107.6890 	DATA 	Keypress: space
107.6937 	EXP 	text_3: autoDraw = False
107.6937 	EXP 	text_2: autoDraw = False
107.6937 	EXP 	text_4: autoDraw = False
107.6937 	EXP 	text_6: foreColor = <psychopy.colors.Color: blue, alpha=1.0>
107.6937 	EXP 	text_6: text = 'RED'
107.6937 	EXP 	text_5: autoDraw = True
107.6937 	EXP 	stopb: autoDraw = True
107.6937 	EXP 	stopl: autoDraw = True
107.6937 	EXP 	stopr: autoDraw = True
107.6937 	EXP 	text_6: autoDraw = True
107.8102 	DATA 	Keypress: space
107.8738 	EXP 	Sound sound_1 stopped
108.0683 	EXP 	Sound sound_1 set volume 1.000
108.0692 	EXP 	New trial (rep=0, index=31): OrderedDict([('Psubj', 1), ('Attribute', 'est32'), ('Value', 30), ('cond', 1), ('Unique', None)])
108.0775 	EXP 	text_5: autoDraw = False
108.0775 	EXP 	stopb: autoDraw = False
108.0775 	EXP 	stopl: autoDraw = False
108.0775 	EXP 	stopr: autoDraw = False
108.0775 	EXP 	text_6: autoDraw = False
108.0775 	EXP 	text_2: height = 0.05
108.0775 	EXP 	text_2: height = 0.05
108.0775 	EXP 	text_2: height = 0.05
108.0775 	EXP 	text_2: text = 30
108.0775 	EXP 	text_3: autoDraw = True
108.0775 	EXP 	text_2: autoDraw = True
108.0775 	EXP 	text_4: autoDraw = True
108.3425 	EXP 	Imported C:/Users/carelab/Desktop/Erik/resources/stroop.xlsx as conditions, 72 conditions, 4 params
108.3439 	EXP 	Created sequence: random, trialTypes=72, nReps=20, seed=None
108.3443 	EXP 	New trial (rep=0, index=0): {'word': 'RED', 'color': 'green', 'correct': 'g', 'rand': 0.3574410811547245}
108.3450 	EXP 	Sound sound_1 started
108.3556 	DATA 	Keypress: space
108.3601 	EXP 	text_3: autoDraw = False
108.3601 	EXP 	text_2: autoDraw = False
108.3601 	EXP 	text_4: autoDraw = False
108.3601 	EXP 	text_6: foreColor = <psychopy.colors.Color: green, alpha=1.0>
108.3601 	EXP 	text_6: text = 'RED'
108.3601 	EXP 	text_5: autoDraw = True
108.3601 	EXP 	stopb: autoDraw = True
108.3601 	EXP 	stopl: autoDraw = True
108.3601 	EXP 	stopr: autoDraw = True
108.3601 	EXP 	text_6: autoDraw = True
108.4777 	DATA 	Keypress: space
108.5598 	EXP 	Sound sound_1 stopped
108.7272 	EXP 	Sound sound_1 set volume 1.000
108.7325 	EXP 	text_5: autoDraw = False
108.7325 	EXP 	stopb: autoDraw = False
108.7325 	EXP 	stopl: autoDraw = False
108.7325 	EXP 	stopr: autoDraw = False
108.7325 	EXP 	text_6: autoDraw = False
112.4370 	EXP 	window1: mouseVisible = True
