18.4568 	WARNING 	User requested fullscreen with size [1024  768], but screen is actually [2560, 1440]. Using actual size
21.2844 	EXP 	Created window1 = Window(allowGUI=True, allowStencil=False, autoLog=True, backendConf=UNKNOWN, bitsMode=UNKNOWN, blendMode='avg', bpc=(8, 8, 8), color=array([0, 0, 0]), colorSpace='rgb', depthBits=8, fullscr=<method-wrapper '__getattribute__' of attributeSetter object at 0x0000028F68DE23D0>, gamma=None, gammaErrorPolicy='raise', lms=UNKNOWN, monitor=<psychopy.monitors.calibTools.Monitor object at 0x0000028F69CDA6A0>, multiSample=False, name='window1', numSamples=2, pos=(0, 0), screen=0, size=array([2560, 1440]), stencilBits=0, stereo=False, units='height', useFBO=True, useRetina=False, viewOri=0.0, viewPos=None, viewScale=None, waitBlanking=True, winType='pyglet')
21.2848 	EXP 	window1: mouseVisible = True
21.2851 	EXP 	window1: mouseVisible = False
21.2852 	EXP 	window1: Attempting to measure frame rate of screen (0) ...
21.2852 	EXP 	window1: recordFrameIntervals = False
21.4499 	EXP 	window1: recordFrameIntervals = True
21.6331 	EXP 	Screen (0) actual frame rate measured at 60.17Hz
21.6332 	EXP 	window1: recordFrameIntervals = False
23.9700 	EXP 	Created polygon = ShapeStim(__class__=<class 'psychopy.visual.shape.ShapeStim'>, anchor=('center', 'center'), autoDraw=False, autoLog=True, closeShape=True, color=method-wrapper(...), colorSpace='rgb', contrast=None, depth=-2.0, fillColor=array([1, 1, 1]), fillColorSpace='rgb', fillRGB=array([1, 1, 1]), interpolate=True, lineColor=array([1, 1, 1]), lineColorSpace='rgb', lineRGB=array([1, 1, 1]), lineWidth=0.6, name='polygon', opacity=1.0, ori=0.0, pos=array([0., 0.]), size=array([0.1, 0.1]), units='height', vertices=ndarray(...), win=Window(...), windingRule=None)
24.4673 	WARNING 	Font b'Hiragino Sans GB' was requested. No similar font found.
24.6099 	EXP 	textbox: autoLog = True
24.6099 	EXP 	textbox_2: autoLog = True
24.6099 	EXP 	textbox_3: autoLog = True
24.6099 	EXP 	text_4: autoLog = True
24.6099 	EXP 	text_2: autoLog = True
24.6099 	EXP 	text_3: autoLog = True
24.6099 	EXP 	text_6: autoLog = True
24.6099 	EXP 	text_5: autoLog = True
24.6099 	EXP 	stopl: autoLog = True
24.6099 	EXP 	stopr: autoLog = True
24.6099 	EXP 	textbox: autoLog = True
24.6099 	EXP 	textbox: autoDraw = True
27.2848 	DATA 	Keypress: space
29.6132 	EXP 	textbox: autoDraw = False
29.6132 	EXP 	textbox_2: autoDraw = True
29.6132 	EXP 	polygon: autoDraw = True
30.4966 	DATA 	Keypress: space
30.5018 	EXP 	textbox_2: autoDraw = False
30.5018 	EXP 	polygon: autoDraw = False
30.5018 	EXP 	textbox_3: autoDraw = True
34.2738 	EXP 	Imported C:/Users/carelab/Desktop/Erik/resources/p1.csv as conditions, 32 conditions, 5 params
34.2744 	EXP 	Created sequence: sequential, trialTypes=32, nReps=1, seed=None
34.2748 	EXP 	New trial (rep=0, index=0): OrderedDict([('Psubj', 1), ('Attribute', 'est1'), ('Value', 105), ('cond', 0.0), ('Unique', None)])
34.3009 	DATA 	Keypress: space
34.3076 	EXP 	textbox_3: autoDraw = False
34.3076 	EXP 	text_4: autoDraw = True
34.3076 	EXP 	text_2: autoDraw = True
34.3076 	EXP 	text_3: autoDraw = True
34.9058 	DATA 	Keypress: space
35.8224 	EXP 	Imported C:/Users/carelab/Desktop/Erik/resources/stroop.xlsx as conditions, 72 conditions, 4 params
35.8241 	EXP 	Created sequence: random, trialTypes=72, nReps=25, seed=None
35.8245 	EXP 	New trial (rep=0, index=0): {'word': 'RED', 'color': 'red', 'correct': 'r', 'rand': 0.80318762675704}
35.9620 	EXP 	text_4: autoDraw = False
35.9620 	EXP 	text_2: autoDraw = False
35.9620 	EXP 	text_3: autoDraw = False
35.9620 	EXP 	text_6: foreColor = <psychopy.colors.Color: red, alpha=1.0>
35.9620 	EXP 	text_6: autoDraw = True
35.9620 	EXP 	text_5: autoDraw = True
35.9620 	EXP 	stopl: autoDraw = True
35.9620 	EXP 	stopr: autoDraw = True
36.8646 	DATA 	Keypress: space
36.8733 	EXP 	New trial (rep=0, index=1): OrderedDict([('Psubj', 1), ('Attribute', 'est2'), ('Value', 30), ('cond', 0.1), ('Unique', None)])
36.8953 	EXP 	text_6: autoDraw = False
36.8953 	EXP 	text_5: autoDraw = False
36.8953 	EXP 	stopl: autoDraw = False
36.8953 	EXP 	stopr: autoDraw = False
36.8953 	EXP 	text_4: autoDraw = True
36.8953 	EXP 	text_2: autoDraw = True
36.8953 	EXP 	text_3: autoDraw = True
37.4669 	EXP 	Sound sound_1 set volume 1.000
37.4785 	EXP 	Sound sound_1 started
37.4800 	EXP 	Imported C:/Users/carelab/Desktop/Erik/resources/stroop.xlsx as conditions, 72 conditions, 4 params
37.4816 	EXP 	Created sequence: random, trialTypes=72, nReps=25, seed=None
37.4819 	EXP 	New trial (rep=0, index=0): {'word': 'YELLOW', 'color': 'blue', 'correct': 'b', 'rand': 0.734490529891253}
37.6372 	DATA 	Keypress: space
37.6459 	EXP 	text_4: autoDraw = False
37.6459 	EXP 	text_2: autoDraw = False
37.6459 	EXP 	text_3: autoDraw = False
37.6459 	EXP 	text_6: foreColor = <psychopy.colors.Color: blue, alpha=1.0>
37.6459 	EXP 	text_6: autoDraw = True
37.6459 	EXP 	text_5: autoDraw = True
37.6459 	EXP 	stopl: autoDraw = True
37.6459 	EXP 	stopr: autoDraw = True
39.6354 	EXP 	New trial (rep=0, index=1): {'word': 'RED', 'color': 'green', 'correct': 'g', 'rand': 0.8474446088913444}
39.6550 	DATA 	Keypress: r
39.6597 	EXP 	text_6: autoDraw = False
39.6597 	EXP 	text_5: autoDraw = False
39.6597 	EXP 	stopl: autoDraw = False
39.6597 	EXP 	stopr: autoDraw = False
39.6597 	EXP 	text_6: foreColor = <psychopy.colors.Color: green, alpha=1.0>
39.6597 	EXP 	text_6: autoDraw = True
39.6597 	EXP 	text_5: autoDraw = True
39.6597 	EXP 	stopl: autoDraw = True
39.6597 	EXP 	stopr: autoDraw = True
39.9805 	EXP 	New trial (rep=0, index=2): {'word': 'GREEN', 'color': 'blue', 'correct': 'b', 'rand': 0.824610974852888}
40.0742 	DATA 	Keypress: g
40.0804 	EXP 	text_6: autoDraw = False
40.0804 	EXP 	text_5: autoDraw = False
40.0804 	EXP 	stopl: autoDraw = False
40.0804 	EXP 	stopr: autoDraw = False
40.0804 	EXP 	text_6: foreColor = <psychopy.colors.Color: blue, alpha=1.0>
40.0804 	EXP 	text_6: autoDraw = True
40.0804 	EXP 	text_5: autoDraw = True
40.0804 	EXP 	stopl: autoDraw = True
40.0804 	EXP 	stopr: autoDraw = True
40.2782 	DATA 	Keypress: r
40.2849 	EXP 	New trial (rep=0, index=3): {'word': 'RED', 'color': 'yellow', 'correct': 'y', 'rand': 0.0931447913253739}
40.3062 	EXP 	text_6: autoDraw = False
40.3062 	EXP 	text_5: autoDraw = False
40.3062 	EXP 	stopl: autoDraw = False
40.3062 	EXP 	stopr: autoDraw = False
40.3062 	EXP 	text_6: foreColor = <psychopy.colors.Color: yellow, alpha=1.0>
40.3062 	EXP 	text_6: autoDraw = True
40.3062 	EXP 	text_5: autoDraw = True
40.3062 	EXP 	stopl: autoDraw = True
40.3062 	EXP 	stopr: autoDraw = True
40.5179 	DATA 	Keypress: g
40.5254 	EXP 	New trial (rep=0, index=4): {'word': 'BLUE', 'color': 'yellow', 'correct': 'y', 'rand': 0.18799302094368442}
40.6126 	EXP 	text_6: autoDraw = False
40.6126 	EXP 	text_5: autoDraw = False
40.6126 	EXP 	stopl: autoDraw = False
40.6126 	EXP 	stopr: autoDraw = False
40.6126 	EXP 	text_6: foreColor = <psychopy.colors.Color: yellow, alpha=1.0>
40.6126 	EXP 	text_6: autoDraw = True
40.6126 	EXP 	text_5: autoDraw = True
40.6126 	EXP 	stopl: autoDraw = True
40.6126 	EXP 	stopr: autoDraw = True
40.7095 	DATA 	Keypress: g
40.7177 	EXP 	New trial (rep=0, index=5): {'word': 'YELLOW', 'color': 'red', 'correct': 'r', 'rand': 0.7146732388624983}
40.7433 	EXP 	text_6: autoDraw = False
40.7433 	EXP 	text_5: autoDraw = False
40.7433 	EXP 	stopl: autoDraw = False
40.7433 	EXP 	stopr: autoDraw = False
40.7433 	EXP 	text_6: foreColor = <psychopy.colors.Color: red, alpha=1.0>
40.7433 	EXP 	text_6: autoDraw = True
40.7433 	EXP 	text_5: autoDraw = True
40.7433 	EXP 	stopl: autoDraw = True
40.7433 	EXP 	stopr: autoDraw = True
41.3088 	EXP 	New trial (rep=0, index=6): {'word': 'GREEN', 'color': 'green', 'correct': 'g', 'rand': 0.8435719763308759}
41.3242 	DATA 	Keypress: y
41.3289 	EXP 	text_6: autoDraw = False
41.3289 	EXP 	text_5: autoDraw = False
41.3289 	EXP 	stopl: autoDraw = False
41.3289 	EXP 	stopr: autoDraw = False
41.3289 	EXP 	text_6: foreColor = <psychopy.colors.Color: green, alpha=1.0>
41.3289 	EXP 	text_6: autoDraw = True
41.3289 	EXP 	text_5: autoDraw = True
41.3289 	EXP 	stopl: autoDraw = True
41.3289 	EXP 	stopr: autoDraw = True
41.4428 	EXP 	New trial (rep=0, index=7): {'word': 'BLUE', 'color': 'blue', 'correct': 'b', 'rand': 0.2428716630626575}
41.4617 	DATA 	Keypress: g
41.4664 	EXP 	text_6: autoDraw = False
41.4664 	EXP 	text_5: autoDraw = False
41.4664 	EXP 	stopl: autoDraw = False
41.4664 	EXP 	stopr: autoDraw = False
41.4664 	EXP 	text_6: foreColor = <psychopy.colors.Color: blue, alpha=1.0>
41.4664 	EXP 	text_6: autoDraw = True
41.4664 	EXP 	text_5: autoDraw = True
41.4664 	EXP 	stopl: autoDraw = True
41.4664 	EXP 	stopr: autoDraw = True
41.6091 	EXP 	New trial (rep=0, index=8): {'word': 'BLUE', 'color': 'blue', 'correct': 'b', 'rand': 0.5333334761316173}
41.6328 	DATA 	Keypress: y
41.6378 	EXP 	text_6: autoDraw = False
41.6378 	EXP 	text_5: autoDraw = False
41.6378 	EXP 	stopl: autoDraw = False
41.6378 	EXP 	stopr: autoDraw = False
41.6378 	EXP 	text_6: foreColor = <psychopy.colors.Color: blue, alpha=1.0>
41.6378 	EXP 	text_6: autoDraw = True
41.6378 	EXP 	text_5: autoDraw = True
41.6378 	EXP 	stopl: autoDraw = True
41.6378 	EXP 	stopr: autoDraw = True
41.6896 	DATA 	Keypress: g
41.6980 	EXP 	New trial (rep=0, index=9): {'word': 'BLUE', 'color': 'red', 'correct': 'r', 'rand': 0.7221006556924136}
41.7263 	EXP 	text_6: autoDraw = False
41.7263 	EXP 	text_5: autoDraw = False
41.7263 	EXP 	stopl: autoDraw = False
41.7263 	EXP 	stopr: autoDraw = False
41.7263 	EXP 	text_6: foreColor = <psychopy.colors.Color: red, alpha=1.0>
41.7263 	EXP 	text_6: autoDraw = True
41.7263 	EXP 	text_5: autoDraw = True
41.7263 	EXP 	stopl: autoDraw = True
41.7263 	EXP 	stopr: autoDraw = True
41.8013 	DATA 	Keypress: y
41.8116 	EXP 	New trial (rep=0, index=10): {'word': 'BLUE', 'color': 'yellow', 'correct': 'y', 'rand': 0.2872343763379803}
41.8329 	EXP 	text_6: autoDraw = False
41.8329 	EXP 	text_5: autoDraw = False
41.8329 	EXP 	stopl: autoDraw = False
41.8329 	EXP 	stopr: autoDraw = False
41.8329 	EXP 	text_6: foreColor = <psychopy.colors.Color: yellow, alpha=1.0>
41.8329 	EXP 	text_6: autoDraw = True
41.8329 	EXP 	text_5: autoDraw = True
41.8329 	EXP 	stopl: autoDraw = True
41.8329 	EXP 	stopr: autoDraw = True
41.9024 	DATA 	Keypress: g
41.9094 	EXP 	New trial (rep=0, index=11): {'word': 'BLUE', 'color': 'red', 'correct': 'r', 'rand': 0.9278917101778449}
41.9308 	EXP 	text_6: autoDraw = False
41.9308 	EXP 	text_5: autoDraw = False
41.9308 	EXP 	stopl: autoDraw = False
41.9308 	EXP 	stopr: autoDraw = False
41.9308 	EXP 	text_6: foreColor = <psychopy.colors.Color: red, alpha=1.0>
41.9308 	EXP 	text_6: autoDraw = True
41.9308 	EXP 	text_5: autoDraw = True
41.9308 	EXP 	stopl: autoDraw = True
41.9308 	EXP 	stopr: autoDraw = True
41.9913 	DATA 	Keypress: y
42.0025 	EXP 	New trial (rep=0, index=12): {'word': 'YELLOW', 'color': 'green', 'correct': 'g', 'rand': 0.557922392608305}
42.0360 	EXP 	text_6: autoDraw = False
42.0360 	EXP 	text_5: autoDraw = False
42.0360 	EXP 	stopl: autoDraw = False
42.0360 	EXP 	stopr: autoDraw = False
42.0360 	EXP 	text_6: foreColor = <psychopy.colors.Color: green, alpha=1.0>
42.0360 	EXP 	text_6: autoDraw = True
42.0360 	EXP 	text_5: autoDraw = True
42.0360 	EXP 	stopl: autoDraw = True
42.0360 	EXP 	stopr: autoDraw = True
42.2394 	DATA 	Keypress: y
42.2496 	EXP 	New trial (rep=0, index=13): {'word': 'BLUE', 'color': 'red', 'correct': 'r', 'rand': 0.5686268512077378}
42.2894 	EXP 	text_6: autoDraw = False
42.2894 	EXP 	text_5: autoDraw = False
42.2894 	EXP 	stopl: autoDraw = False
42.2894 	EXP 	stopr: autoDraw = False
42.2894 	EXP 	text_6: foreColor = <psychopy.colors.Color: red, alpha=1.0>
42.2894 	EXP 	text_6: autoDraw = True
42.2894 	EXP 	text_5: autoDraw = True
42.2894 	EXP 	stopl: autoDraw = True
42.2894 	EXP 	stopr: autoDraw = True
42.4390 	DATA 	Keypress: y
42.4467 	EXP 	New trial (rep=0, index=14): {'word': 'YELLOW', 'color': 'yellow', 'correct': 'y', 'rand': 0.6007167790447655}
42.4725 	EXP 	text_6: autoDraw = False
42.4725 	EXP 	text_5: autoDraw = False
42.4725 	EXP 	stopl: autoDraw = False
42.4725 	EXP 	stopr: autoDraw = False
42.4725 	EXP 	text_6: foreColor = <psychopy.colors.Color: yellow, alpha=1.0>
42.4725 	EXP 	text_6: autoDraw = True
42.4725 	EXP 	text_5: autoDraw = True
42.4725 	EXP 	stopl: autoDraw = True
42.4725 	EXP 	stopr: autoDraw = True
42.5643 	EXP 	New trial (rep=0, index=15): {'word': 'BLUE', 'color': 'red', 'correct': 'r', 'rand': 0.07361650732216685}
42.5913 	DATA 	Keypress: g
42.5960 	EXP 	text_6: autoDraw = False
42.5960 	EXP 	text_5: autoDraw = False
42.5960 	EXP 	stopl: autoDraw = False
42.5960 	EXP 	stopr: autoDraw = False
42.5960 	EXP 	text_6: foreColor = <psychopy.colors.Color: red, alpha=1.0>
42.5960 	EXP 	text_6: autoDraw = True
42.5960 	EXP 	text_5: autoDraw = True
42.5960 	EXP 	stopl: autoDraw = True
42.5960 	EXP 	stopr: autoDraw = True
42.7114 	DATA 	Keypress: y
42.7204 	EXP 	New trial (rep=0, index=16): {'word': 'YELLOW', 'color': 'yellow', 'correct': 'y', 'rand': 0.2711164724031814}
42.7533 	EXP 	text_6: autoDraw = False
42.7533 	EXP 	text_5: autoDraw = False
42.7533 	EXP 	stopl: autoDraw = False
42.7533 	EXP 	stopr: autoDraw = False
42.7533 	EXP 	text_6: foreColor = <psychopy.colors.Color: yellow, alpha=1.0>
42.7533 	EXP 	text_6: autoDraw = True
42.7533 	EXP 	text_5: autoDraw = True
42.7533 	EXP 	stopl: autoDraw = True
42.7533 	EXP 	stopr: autoDraw = True
42.7989 	EXP 	New trial (rep=0, index=17): {'word': 'RED', 'color': 'green', 'correct': 'g', 'rand': 0.9862391246911979}
42.8283 	DATA 	Keypress: g
42.8333 	EXP 	text_6: autoDraw = False
42.8333 	EXP 	text_5: autoDraw = False
42.8333 	EXP 	stopl: autoDraw = False
42.8333 	EXP 	stopr: autoDraw = False
42.8333 	EXP 	text_6: foreColor = <psychopy.colors.Color: green, alpha=1.0>
42.8333 	EXP 	text_6: autoDraw = True
42.8333 	EXP 	text_5: autoDraw = True
42.8333 	EXP 	stopl: autoDraw = True
42.8333 	EXP 	stopr: autoDraw = True
42.9172 	DATA 	Keypress: y
42.9258 	EXP 	New trial (rep=0, index=18): {'word': 'RED', 'color': 'red', 'correct': 'r', 'rand': 0.25592210451755715}
42.9524 	EXP 	text_6: autoDraw = False
42.9524 	EXP 	text_5: autoDraw = False
42.9524 	EXP 	stopl: autoDraw = False
42.9524 	EXP 	stopr: autoDraw = False
42.9524 	EXP 	text_6: foreColor = <psychopy.colors.Color: red, alpha=1.0>
42.9524 	EXP 	text_6: autoDraw = True
42.9524 	EXP 	text_5: autoDraw = True
42.9524 	EXP 	stopl: autoDraw = True
42.9524 	EXP 	stopr: autoDraw = True
43.0360 	DATA 	Keypress: g
43.0429 	EXP 	New trial (rep=0, index=19): {'word': 'GREEN', 'color': 'green', 'correct': 'g', 'rand': 0.8354354575487383}
43.0630 	EXP 	text_6: autoDraw = False
43.0630 	EXP 	text_5: autoDraw = False
43.0630 	EXP 	stopl: autoDraw = False
43.0630 	EXP 	stopr: autoDraw = False
43.0630 	EXP 	text_6: foreColor = <psychopy.colors.Color: green, alpha=1.0>
43.0630 	EXP 	text_6: autoDraw = True
43.0630 	EXP 	text_5: autoDraw = True
43.0630 	EXP 	stopl: autoDraw = True
43.0630 	EXP 	stopr: autoDraw = True
43.1374 	DATA 	Keypress: y
43.1456 	EXP 	New trial (rep=0, index=20): {'word': 'RED', 'color': 'yellow', 'correct': 'y', 'rand': 0.34446592250373875}
43.1705 	EXP 	text_6: autoDraw = False
43.1705 	EXP 	text_5: autoDraw = False
43.1705 	EXP 	stopl: autoDraw = False
43.1705 	EXP 	stopr: autoDraw = False
43.1705 	EXP 	text_6: foreColor = <psychopy.colors.Color: yellow, alpha=1.0>
43.1705 	EXP 	text_6: autoDraw = True
43.1705 	EXP 	text_5: autoDraw = True
43.1705 	EXP 	stopl: autoDraw = True
43.1705 	EXP 	stopr: autoDraw = True
43.2386 	DATA 	Keypress: g
43.2461 	EXP 	New trial (rep=0, index=21): {'word': 'YELLOW', 'color': 'yellow', 'correct': 'y', 'rand': 0.408172509243504}
43.2708 	EXP 	text_6: autoDraw = False
43.2708 	EXP 	text_5: autoDraw = False
43.2708 	EXP 	stopl: autoDraw = False
43.2708 	EXP 	stopr: autoDraw = False
43.2708 	EXP 	text_6: foreColor = <psychopy.colors.Color: yellow, alpha=1.0>
43.2708 	EXP 	text_6: autoDraw = True
43.2708 	EXP 	text_5: autoDraw = True
43.2708 	EXP 	stopl: autoDraw = True
43.2708 	EXP 	stopr: autoDraw = True
43.3172 	DATA 	Keypress: y
43.3248 	EXP 	New trial (rep=0, index=22): {'word': 'GREEN', 'color': 'green', 'correct': 'g', 'rand': 0.6945599490169226}
43.3465 	EXP 	text_6: autoDraw = False
43.3465 	EXP 	text_5: autoDraw = False
43.3465 	EXP 	stopl: autoDraw = False
43.3465 	EXP 	stopr: autoDraw = False
43.3465 	EXP 	text_6: foreColor = <psychopy.colors.Color: green, alpha=1.0>
43.3465 	EXP 	text_6: autoDraw = True
43.3465 	EXP 	text_5: autoDraw = True
43.3465 	EXP 	stopl: autoDraw = True
43.3465 	EXP 	stopr: autoDraw = True
43.3792 	DATA 	Keypress: g
43.3863 	EXP 	New trial (rep=0, index=23): {'word': 'GREEN', 'color': 'blue', 'correct': 'b', 'rand': 0.19795486748994306}
43.4117 	EXP 	text_6: autoDraw = False
43.4117 	EXP 	text_5: autoDraw = False
43.4117 	EXP 	stopl: autoDraw = False
43.4117 	EXP 	stopr: autoDraw = False
43.4117 	EXP 	text_6: foreColor = <psychopy.colors.Color: blue, alpha=1.0>
43.4117 	EXP 	text_6: autoDraw = True
43.4117 	EXP 	text_5: autoDraw = True
43.4117 	EXP 	stopl: autoDraw = True
43.4117 	EXP 	stopr: autoDraw = True
43.4949 	EXP 	New trial (rep=0, index=24): {'word': 'YELLOW', 'color': 'yellow', 'correct': 'y', 'rand': 0.04528805364018251}
43.5123 	DATA 	Keypress: y
43.5168 	EXP 	text_6: autoDraw = False
43.5168 	EXP 	text_5: autoDraw = False
43.5168 	EXP 	stopl: autoDraw = False
43.5168 	EXP 	stopr: autoDraw = False
43.5168 	EXP 	text_6: foreColor = <psychopy.colors.Color: yellow, alpha=1.0>
43.5168 	EXP 	text_6: autoDraw = True
43.5168 	EXP 	text_5: autoDraw = True
43.5168 	EXP 	stopl: autoDraw = True
43.5168 	EXP 	stopr: autoDraw = True
43.6362 	DATA 	Keypress: y
43.6451 	EXP 	New trial (rep=0, index=25): {'word': 'RED', 'color': 'blue', 'correct': 'b', 'rand': 0.6075543325869368}
43.6703 	EXP 	text_6: autoDraw = False
43.6703 	EXP 	text_5: autoDraw = False
43.6703 	EXP 	stopl: autoDraw = False
43.6703 	EXP 	stopr: autoDraw = False
43.6703 	EXP 	text_6: foreColor = <psychopy.colors.Color: blue, alpha=1.0>
43.6703 	EXP 	text_6: autoDraw = True
43.6703 	EXP 	text_5: autoDraw = True
43.6703 	EXP 	stopl: autoDraw = True
43.6703 	EXP 	stopr: autoDraw = True
44.0760 	DATA 	Keypress: y
44.0833 	EXP 	New trial (rep=0, index=26): {'word': 'BLUE', 'color': 'red', 'correct': 'r', 'rand': 0.5265264298771956}
44.1171 	EXP 	text_6: autoDraw = False
44.1171 	EXP 	text_5: autoDraw = False
44.1171 	EXP 	stopl: autoDraw = False
44.1171 	EXP 	stopr: autoDraw = False
44.1171 	EXP 	text_6: foreColor = <psychopy.colors.Color: red, alpha=1.0>
44.1171 	EXP 	text_6: autoDraw = True
44.1171 	EXP 	text_5: autoDraw = True
44.1171 	EXP 	stopl: autoDraw = True
44.1171 	EXP 	stopr: autoDraw = True
44.2552 	DATA 	Keypress: g
44.2626 	EXP 	New trial (rep=0, index=27): {'word': 'GREEN', 'color': 'yellow', 'correct': 'y', 'rand': 0.21078651124033343}
44.2801 	EXP 	text_6: autoDraw = False
44.2801 	EXP 	text_5: autoDraw = False
44.2801 	EXP 	stopl: autoDraw = False
44.2801 	EXP 	stopr: autoDraw = False
44.2801 	EXP 	text_6: foreColor = <psychopy.colors.Color: yellow, alpha=1.0>
44.2801 	EXP 	text_6: autoDraw = True
44.2801 	EXP 	text_5: autoDraw = True
44.2801 	EXP 	stopl: autoDraw = True
44.2801 	EXP 	stopr: autoDraw = True
44.4158 	DATA 	Keypress: y
44.4236 	EXP 	New trial (rep=0, index=28): {'word': 'YELLOW', 'color': 'blue', 'correct': 'b', 'rand': 0.8702549056290255}
44.4444 	EXP 	text_6: autoDraw = False
44.4444 	EXP 	text_5: autoDraw = False
44.4444 	EXP 	stopl: autoDraw = False
44.4444 	EXP 	stopr: autoDraw = False
44.4444 	EXP 	text_6: foreColor = <psychopy.colors.Color: blue, alpha=1.0>
44.4444 	EXP 	text_6: autoDraw = True
44.4444 	EXP 	text_5: autoDraw = True
44.4444 	EXP 	stopl: autoDraw = True
44.4444 	EXP 	stopr: autoDraw = True
44.5345 	EXP 	New trial (rep=0, index=29): {'word': 'YELLOW', 'color': 'green', 'correct': 'g', 'rand': 0.23206704470430572}
44.5551 	DATA 	Keypress: g
44.5600 	EXP 	text_6: autoDraw = False
44.5600 	EXP 	text_5: autoDraw = False
44.5600 	EXP 	stopl: autoDraw = False
44.5600 	EXP 	stopr: autoDraw = False
44.5600 	EXP 	text_6: foreColor = <psychopy.colors.Color: green, alpha=1.0>
44.5600 	EXP 	text_6: autoDraw = True
44.5600 	EXP 	text_5: autoDraw = True
44.5600 	EXP 	stopl: autoDraw = True
44.5600 	EXP 	stopr: autoDraw = True
44.6754 	DATA 	Keypress: y
44.6819 	EXP 	New trial (rep=0, index=30): {'word': 'YELLOW', 'color': 'yellow', 'correct': 'y', 'rand': 0.11646385491494626}
44.7013 	EXP 	text_6: autoDraw = False
44.7013 	EXP 	text_5: autoDraw = False
44.7013 	EXP 	stopl: autoDraw = False
44.7013 	EXP 	stopr: autoDraw = False
44.7013 	EXP 	text_6: foreColor = <psychopy.colors.Color: yellow, alpha=1.0>
44.7013 	EXP 	text_6: autoDraw = True
44.7013 	EXP 	text_5: autoDraw = True
44.7013 	EXP 	stopl: autoDraw = True
44.7013 	EXP 	stopr: autoDraw = True
44.8234 	DATA 	Keypress: g
44.8307 	EXP 	New trial (rep=0, index=31): {'word': 'GREEN', 'color': 'red', 'correct': 'r', 'rand': 0.8577731160575034}
44.8521 	EXP 	text_6: autoDraw = False
44.8521 	EXP 	text_5: autoDraw = False
44.8521 	EXP 	stopl: autoDraw = False
44.8521 	EXP 	stopr: autoDraw = False
44.8521 	EXP 	text_6: foreColor = <psychopy.colors.Color: red, alpha=1.0>
44.8521 	EXP 	text_6: autoDraw = True
44.8521 	EXP 	text_5: autoDraw = True
44.8521 	EXP 	stopl: autoDraw = True
44.8521 	EXP 	stopr: autoDraw = True
44.9657 	DATA 	Keypress: y
44.9751 	EXP 	New trial (rep=0, index=32): {'word': 'RED', 'color': 'green', 'correct': 'g', 'rand': 0.8330389460395536}
45.0282 	EXP 	text_6: autoDraw = False
45.0282 	EXP 	text_5: autoDraw = False
45.0282 	EXP 	stopl: autoDraw = False
45.0282 	EXP 	stopr: autoDraw = False
45.0282 	EXP 	text_6: foreColor = <psychopy.colors.Color: green, alpha=1.0>
45.0282 	EXP 	text_6: autoDraw = True
45.0282 	EXP 	text_5: autoDraw = True
45.0282 	EXP 	stopl: autoDraw = True
45.0282 	EXP 	stopr: autoDraw = True
46.2063 	DATA 	Keypress: y
46.2193 	EXP 	New trial (rep=0, index=33): {'word': 'RED', 'color': 'yellow', 'correct': 'y', 'rand': 0.4402838688822577}
46.2876 	EXP 	text_6: autoDraw = False
46.2876 	EXP 	text_5: autoDraw = False
46.2876 	EXP 	stopl: autoDraw = False
46.2876 	EXP 	stopr: autoDraw = False
46.2876 	EXP 	text_6: foreColor = <psychopy.colors.Color: yellow, alpha=1.0>
46.2876 	EXP 	text_6: autoDraw = True
46.2876 	EXP 	text_5: autoDraw = True
46.2876 	EXP 	stopl: autoDraw = True
46.2876 	EXP 	stopr: autoDraw = True
46.5534 	DATA 	Keypress: y
46.5620 	EXP 	New trial (rep=0, index=34): {'word': 'BLUE', 'color': 'green', 'correct': 'g', 'rand': 0.2200899851331911}
46.6026 	EXP 	text_6: autoDraw = False
46.6026 	EXP 	text_5: autoDraw = False
46.6026 	EXP 	stopl: autoDraw = False
46.6026 	EXP 	stopr: autoDraw = False
46.6026 	EXP 	text_6: foreColor = <psychopy.colors.Color: green, alpha=1.0>
46.6026 	EXP 	text_6: autoDraw = True
46.6026 	EXP 	text_5: autoDraw = True
46.6026 	EXP 	stopl: autoDraw = True
46.6026 	EXP 	stopr: autoDraw = True
47.1163 	EXP 	New trial (rep=0, index=35): {'word': 'YELLOW', 'color': 'red', 'correct': 'r', 'rand': 0.430807417156414}
47.1517 	DATA 	Keypress: y
47.1565 	EXP 	text_6: autoDraw = False
47.1565 	EXP 	text_5: autoDraw = False
47.1565 	EXP 	stopl: autoDraw = False
47.1565 	EXP 	stopr: autoDraw = False
47.1565 	EXP 	text_6: foreColor = <psychopy.colors.Color: red, alpha=1.0>
47.1565 	EXP 	text_6: autoDraw = True
47.1565 	EXP 	text_5: autoDraw = True
47.1565 	EXP 	stopl: autoDraw = True
47.1565 	EXP 	stopr: autoDraw = True
48.6287 	DATA 	Keypress: r
48.6398 	EXP 	New trial (rep=0, index=36): {'word': 'RED', 'color': 'red', 'correct': 'r', 'rand': 0.18793391056818876}
48.6841 	EXP 	text_6: autoDraw = False
48.6841 	EXP 	text_5: autoDraw = False
48.6841 	EXP 	stopl: autoDraw = False
48.6841 	EXP 	stopr: autoDraw = False
48.6841 	EXP 	text_6: foreColor = <psychopy.colors.Color: red, alpha=1.0>
48.6841 	EXP 	text_6: autoDraw = True
48.6841 	EXP 	text_5: autoDraw = True
48.6841 	EXP 	stopl: autoDraw = True
48.6841 	EXP 	stopr: autoDraw = True
49.1846 	DATA 	Keypress: r
49.1928 	EXP 	New trial (rep=0, index=37): {'word': 'YELLOW', 'color': 'yellow', 'correct': 'y', 'rand': 0.8710361214715363}
49.2332 	EXP 	text_6: autoDraw = False
49.2332 	EXP 	text_5: autoDraw = False
49.2332 	EXP 	stopl: autoDraw = False
49.2332 	EXP 	stopr: autoDraw = False
49.2332 	EXP 	text_6: foreColor = <psychopy.colors.Color: yellow, alpha=1.0>
49.2332 	EXP 	text_6: autoDraw = True
49.2332 	EXP 	text_5: autoDraw = True
49.2332 	EXP 	stopl: autoDraw = True
49.2332 	EXP 	stopr: autoDraw = True
50.3213 	DATA 	Keypress: y
50.3289 	EXP 	New trial (rep=0, index=38): {'word': 'GREEN', 'color': 'yellow', 'correct': 'y', 'rand': 0.21700233089842735}
50.3505 	EXP 	text_6: autoDraw = False
50.3505 	EXP 	text_5: autoDraw = False
50.3505 	EXP 	stopl: autoDraw = False
50.3505 	EXP 	stopr: autoDraw = False
50.3505 	EXP 	text_6: foreColor = <psychopy.colors.Color: yellow, alpha=1.0>
50.3505 	EXP 	text_6: autoDraw = True
50.3505 	EXP 	text_5: autoDraw = True
50.3505 	EXP 	stopl: autoDraw = True
50.3505 	EXP 	stopr: autoDraw = True
51.1210 	DATA 	Keypress: y
51.1271 	EXP 	New trial (rep=0, index=39): {'word': 'BLUE', 'color': 'blue', 'correct': 'b', 'rand': 0.7938362060182352}
51.1442 	EXP 	text_6: autoDraw = False
51.1442 	EXP 	text_5: autoDraw = False
51.1442 	EXP 	stopl: autoDraw = False
51.1442 	EXP 	stopr: autoDraw = False
51.1442 	EXP 	text_6: foreColor = <psychopy.colors.Color: blue, alpha=1.0>
51.1442 	EXP 	text_6: autoDraw = True
51.1442 	EXP 	text_5: autoDraw = True
51.1442 	EXP 	stopl: autoDraw = True
51.1442 	EXP 	stopr: autoDraw = True
51.9746 	DATA 	Keypress: b
51.9829 	EXP 	New trial (rep=0, index=40): {'word': 'GREEN', 'color': 'blue', 'correct': 'b', 'rand': 0.5183412798704737}
52.0117 	EXP 	text_6: autoDraw = False
52.0117 	EXP 	text_5: autoDraw = False
52.0117 	EXP 	stopl: autoDraw = False
52.0117 	EXP 	stopr: autoDraw = False
52.0117 	EXP 	text_6: foreColor = <psychopy.colors.Color: blue, alpha=1.0>
52.0117 	EXP 	text_6: autoDraw = True
52.0117 	EXP 	text_5: autoDraw = True
52.0117 	EXP 	stopl: autoDraw = True
52.0117 	EXP 	stopr: autoDraw = True
53.6233 	EXP 	New trial (rep=0, index=41): {'word': 'GREEN', 'color': 'green', 'correct': 'g', 'rand': 0.22405821601442855}
53.6526 	DATA 	Keypress: b
53.6573 	EXP 	text_6: autoDraw = False
53.6573 	EXP 	text_5: autoDraw = False
53.6573 	EXP 	stopl: autoDraw = False
53.6573 	EXP 	stopr: autoDraw = False
53.6573 	EXP 	text_6: foreColor = <psychopy.colors.Color: green, alpha=1.0>
53.6573 	EXP 	text_6: autoDraw = True
53.6573 	EXP 	text_5: autoDraw = True
53.6573 	EXP 	stopl: autoDraw = True
53.6573 	EXP 	stopr: autoDraw = True
55.3761 	DATA 	Keypress: g
55.3843 	EXP 	New trial (rep=0, index=42): {'word': 'GREEN', 'color': 'blue', 'correct': 'b', 'rand': 0.4631655943003722}
55.4146 	EXP 	text_6: autoDraw = False
55.4146 	EXP 	text_5: autoDraw = False
55.4146 	EXP 	stopl: autoDraw = False
55.4146 	EXP 	stopr: autoDraw = False
55.4146 	EXP 	text_6: foreColor = <psychopy.colors.Color: blue, alpha=1.0>
55.4146 	EXP 	text_6: autoDraw = True
55.4146 	EXP 	text_5: autoDraw = True
55.4146 	EXP 	stopl: autoDraw = True
55.4146 	EXP 	stopr: autoDraw = True
56.2849 	DATA 	Keypress: b
56.2918 	EXP 	New trial (rep=0, index=43): {'word': 'GREEN', 'color': 'red', 'correct': 'r', 'rand': 0.7466922922071954}
56.3181 	EXP 	text_6: autoDraw = False
56.3181 	EXP 	text_5: autoDraw = False
56.3181 	EXP 	stopl: autoDraw = False
56.3181 	EXP 	stopr: autoDraw = False
56.3181 	EXP 	text_6: foreColor = <psychopy.colors.Color: red, alpha=1.0>
56.3181 	EXP 	text_6: autoDraw = True
56.3181 	EXP 	text_5: autoDraw = True
56.3181 	EXP 	stopl: autoDraw = True
56.3181 	EXP 	stopr: autoDraw = True
57.6441 	EXP 	New trial (rep=0, index=44): {'word': 'RED', 'color': 'red', 'correct': 'r', 'rand': 0.6230563244774595}
57.6583 	DATA 	Keypress: r
57.6631 	EXP 	text_6: autoDraw = False
57.6631 	EXP 	text_5: autoDraw = False
57.6631 	EXP 	stopl: autoDraw = False
57.6631 	EXP 	stopr: autoDraw = False
57.6631 	EXP 	text_6: foreColor = <psychopy.colors.Color: red, alpha=1.0>
57.6631 	EXP 	text_6: autoDraw = True
57.6631 	EXP 	text_5: autoDraw = True
57.6631 	EXP 	stopl: autoDraw = True
57.6631 	EXP 	stopr: autoDraw = True
62.0689 	DATA 	Keypress: r
62.0745 	EXP 	New trial (rep=0, index=45): {'word': 'BLUE', 'color': 'blue', 'correct': 'b', 'rand': 0.7006469269121671}
62.0938 	EXP 	text_6: autoDraw = False
62.0938 	EXP 	text_5: autoDraw = False
62.0938 	EXP 	stopl: autoDraw = False
62.0938 	EXP 	stopr: autoDraw = False
62.0938 	EXP 	text_6: foreColor = <psychopy.colors.Color: blue, alpha=1.0>
62.0938 	EXP 	text_6: autoDraw = True
62.0938 	EXP 	text_5: autoDraw = True
62.0938 	EXP 	stopl: autoDraw = True
62.0938 	EXP 	stopr: autoDraw = True
63.1773 	DATA 	Keypress: b
63.1879 	EXP 	New trial (rep=0, index=46): {'word': 'BLUE', 'color': 'red', 'correct': 'r', 'rand': 0.5631215397837893}
63.2381 	EXP 	text_6: autoDraw = False
63.2381 	EXP 	text_5: autoDraw = False
63.2381 	EXP 	stopl: autoDraw = False
63.2381 	EXP 	stopr: autoDraw = False
63.2381 	EXP 	text_6: foreColor = <psychopy.colors.Color: red, alpha=1.0>
63.2381 	EXP 	text_6: autoDraw = True
63.2381 	EXP 	text_5: autoDraw = True
63.2381 	EXP 	stopl: autoDraw = True
63.2381 	EXP 	stopr: autoDraw = True
64.1652 	DATA 	Keypress: r
64.1724 	EXP 	New trial (rep=0, index=47): {'word': 'BLUE', 'color': 'blue', 'correct': 'b', 'rand': 0.8117239198664777}
64.1982 	EXP 	text_6: autoDraw = False
64.1982 	EXP 	text_5: autoDraw = False
64.1982 	EXP 	stopl: autoDraw = False
64.1982 	EXP 	stopr: autoDraw = False
64.1982 	EXP 	text_6: foreColor = <psychopy.colors.Color: blue, alpha=1.0>
64.1982 	EXP 	text_6: autoDraw = True
64.1982 	EXP 	text_5: autoDraw = True
64.1982 	EXP 	stopl: autoDraw = True
64.1982 	EXP 	stopr: autoDraw = True
64.9250 	DATA 	Keypress: b
64.9346 	EXP 	New trial (rep=0, index=48): {'word': 'BLUE', 'color': 'red', 'correct': 'r', 'rand': 0.45281526645097336}
64.9776 	EXP 	text_6: autoDraw = False
64.9776 	EXP 	text_5: autoDraw = False
64.9776 	EXP 	stopl: autoDraw = False
64.9776 	EXP 	stopr: autoDraw = False
64.9776 	EXP 	text_6: foreColor = <psychopy.colors.Color: red, alpha=1.0>
64.9776 	EXP 	text_6: autoDraw = True
64.9776 	EXP 	text_5: autoDraw = True
64.9776 	EXP 	stopl: autoDraw = True
64.9776 	EXP 	stopr: autoDraw = True
65.5064 	DATA 	Keypress: r
65.5149 	EXP 	New trial (rep=0, index=49): {'word': 'YELLOW', 'color': 'red', 'correct': 'r', 'rand': 0.1436934197931079}
65.5619 	EXP 	text_6: autoDraw = False
65.5619 	EXP 	text_5: autoDraw = False
65.5619 	EXP 	stopl: autoDraw = False
65.5619 	EXP 	stopr: autoDraw = False
65.5619 	EXP 	text_6: foreColor = <psychopy.colors.Color: red, alpha=1.0>
65.5619 	EXP 	text_6: autoDraw = True
65.5619 	EXP 	text_5: autoDraw = True
65.5619 	EXP 	stopl: autoDraw = True
65.5619 	EXP 	stopr: autoDraw = True
66.5393 	DATA 	Keypress: r
66.5476 	EXP 	New trial (rep=0, index=50): {'word': 'YELLOW', 'color': 'green', 'correct': 'g', 'rand': 0.6149310308571599}
66.5908 	EXP 	text_6: autoDraw = False
66.5908 	EXP 	text_5: autoDraw = False
66.5908 	EXP 	stopl: autoDraw = False
66.5908 	EXP 	stopr: autoDraw = False
66.5908 	EXP 	text_6: foreColor = <psychopy.colors.Color: green, alpha=1.0>
66.5908 	EXP 	text_6: autoDraw = True
66.5908 	EXP 	text_5: autoDraw = True
66.5908 	EXP 	stopl: autoDraw = True
66.5908 	EXP 	stopr: autoDraw = True
68.0810 	DATA 	Keypress: g
68.0911 	EXP 	New trial (rep=0, index=51): {'word': 'BLUE', 'color': 'green', 'correct': 'g', 'rand': 0.10226013230401498}
68.1374 	EXP 	text_6: autoDraw = False
68.1374 	EXP 	text_5: autoDraw = False
68.1374 	EXP 	stopl: autoDraw = False
68.1374 	EXP 	stopr: autoDraw = False
68.1374 	EXP 	text_6: foreColor = <psychopy.colors.Color: green, alpha=1.0>
68.1374 	EXP 	text_6: autoDraw = True
68.1374 	EXP 	text_5: autoDraw = True
68.1374 	EXP 	stopl: autoDraw = True
68.1374 	EXP 	stopr: autoDraw = True
71.1649 	DATA 	Keypress: g
71.1725 	EXP 	New trial (rep=0, index=52): {'word': 'RED', 'color': 'green', 'correct': 'g', 'rand': 0.9349624421999134}
71.1933 	EXP 	text_6: autoDraw = False
71.1933 	EXP 	text_5: autoDraw = False
71.1933 	EXP 	stopl: autoDraw = False
71.1933 	EXP 	stopr: autoDraw = False
71.1933 	EXP 	text_6: foreColor = <psychopy.colors.Color: green, alpha=1.0>
71.1933 	EXP 	text_6: autoDraw = True
71.1933 	EXP 	text_5: autoDraw = True
71.1933 	EXP 	stopl: autoDraw = True
71.1933 	EXP 	stopr: autoDraw = True
72.0066 	DATA 	Keypress: g
72.0149 	EXP 	New trial (rep=0, index=53): {'word': 'RED', 'color': 'green', 'correct': 'g', 'rand': 0.8936778529118247}
72.0449 	EXP 	text_6: autoDraw = False
72.0449 	EXP 	text_5: autoDraw = False
72.0449 	EXP 	stopl: autoDraw = False
72.0449 	EXP 	stopr: autoDraw = False
72.0449 	EXP 	text_6: foreColor = <psychopy.colors.Color: green, alpha=1.0>
72.0449 	EXP 	text_6: autoDraw = True
72.0449 	EXP 	text_5: autoDraw = True
72.0449 	EXP 	stopl: autoDraw = True
72.0449 	EXP 	stopr: autoDraw = True
72.4497 	DATA 	Keypress: g
72.4573 	EXP 	New trial (rep=0, index=54): {'word': 'BLUE', 'color': 'blue', 'correct': 'b', 'rand': 0.45209603025284606}
72.4821 	EXP 	text_6: autoDraw = False
72.4821 	EXP 	text_5: autoDraw = False
72.4821 	EXP 	stopl: autoDraw = False
72.4821 	EXP 	stopr: autoDraw = False
72.4821 	EXP 	text_6: foreColor = <psychopy.colors.Color: blue, alpha=1.0>
72.4821 	EXP 	text_6: autoDraw = True
72.4821 	EXP 	text_5: autoDraw = True
72.4821 	EXP 	stopl: autoDraw = True
72.4821 	EXP 	stopr: autoDraw = True
74.3597 	DATA 	Keypress: b
74.3672 	EXP 	New trial (rep=0, index=55): {'word': 'YELLOW', 'color': 'blue', 'correct': 'b', 'rand': 0.6527343509422131}
74.3877 	EXP 	text_6: autoDraw = False
74.3877 	EXP 	text_5: autoDraw = False
74.3877 	EXP 	stopl: autoDraw = False
74.3877 	EXP 	stopr: autoDraw = False
74.3877 	EXP 	text_6: foreColor = <psychopy.colors.Color: blue, alpha=1.0>
74.3877 	EXP 	text_6: autoDraw = True
74.3877 	EXP 	text_5: autoDraw = True
74.3877 	EXP 	stopl: autoDraw = True
74.3877 	EXP 	stopr: autoDraw = True
75.3200 	DATA 	Keypress: t
75.9366 	DATA 	Keypress: y
75.9450 	EXP 	New trial (rep=0, index=56): {'word': 'RED', 'color': 'red', 'correct': 'r', 'rand': 0.1006635488895874}
75.9707 	EXP 	text_6: autoDraw = False
75.9707 	EXP 	text_5: autoDraw = False
75.9707 	EXP 	stopl: autoDraw = False
75.9707 	EXP 	stopr: autoDraw = False
75.9707 	EXP 	text_6: foreColor = <psychopy.colors.Color: red, alpha=1.0>
75.9707 	EXP 	text_6: autoDraw = True
75.9707 	EXP 	text_5: autoDraw = True
75.9707 	EXP 	stopl: autoDraw = True
75.9707 	EXP 	stopr: autoDraw = True
77.1449 	DATA 	Keypress: r
77.1519 	EXP 	New trial (rep=0, index=57): {'word': 'BLUE', 'color': 'green', 'correct': 'g', 'rand': 0.4009422111305545}
77.1750 	EXP 	text_6: autoDraw = False
77.1750 	EXP 	text_5: autoDraw = False
77.1750 	EXP 	stopl: autoDraw = False
77.1750 	EXP 	stopr: autoDraw = False
77.1750 	EXP 	text_6: foreColor = <psychopy.colors.Color: green, alpha=1.0>
77.1750 	EXP 	text_6: autoDraw = True
77.1750 	EXP 	text_5: autoDraw = True
77.1750 	EXP 	stopl: autoDraw = True
77.1750 	EXP 	stopr: autoDraw = True
78.2387 	DATA 	Keypress: g
78.2457 	EXP 	New trial (rep=0, index=58): {'word': 'YELLOW', 'color': 'yellow', 'correct': 'y', 'rand': 0.19051325419023346}
78.2733 	EXP 	text_6: autoDraw = False
78.2733 	EXP 	text_5: autoDraw = False
78.2733 	EXP 	stopl: autoDraw = False
78.2733 	EXP 	stopr: autoDraw = False
78.2733 	EXP 	text_6: foreColor = <psychopy.colors.Color: yellow, alpha=1.0>
78.2733 	EXP 	text_6: autoDraw = True
78.2733 	EXP 	text_5: autoDraw = True
78.2733 	EXP 	stopl: autoDraw = True
78.2733 	EXP 	stopr: autoDraw = True
79.3381 	DATA 	Keypress: y
79.3458 	EXP 	New trial (rep=0, index=59): {'word': 'YELLOW', 'color': 'blue', 'correct': 'b', 'rand': 0.2269112088478803}
79.3684 	EXP 	text_6: autoDraw = False
79.3684 	EXP 	text_5: autoDraw = False
79.3684 	EXP 	stopl: autoDraw = False
79.3684 	EXP 	stopr: autoDraw = False
79.3684 	EXP 	text_6: foreColor = <psychopy.colors.Color: blue, alpha=1.0>
79.3684 	EXP 	text_6: autoDraw = True
79.3684 	EXP 	text_5: autoDraw = True
79.3684 	EXP 	stopl: autoDraw = True
79.3684 	EXP 	stopr: autoDraw = True
80.6389 	EXP 	New trial (rep=0, index=60): {'word': 'BLUE', 'color': 'green', 'correct': 'g', 'rand': 0.5540108446021621}
80.6627 	DATA 	Keypress: b
80.6673 	EXP 	text_6: autoDraw = False
80.6673 	EXP 	text_5: autoDraw = False
80.6673 	EXP 	stopl: autoDraw = False
80.6673 	EXP 	stopr: autoDraw = False
80.6673 	EXP 	text_6: foreColor = <psychopy.colors.Color: green, alpha=1.0>
80.6673 	EXP 	text_6: autoDraw = True
80.6673 	EXP 	text_5: autoDraw = True
80.6673 	EXP 	stopl: autoDraw = True
80.6673 	EXP 	stopr: autoDraw = True
82.9585 	DATA 	Keypress: g
82.9659 	EXP 	New trial (rep=0, index=61): {'word': 'RED', 'color': 'green', 'correct': 'g', 'rand': 0.16787133307814683}
82.9861 	EXP 	text_6: autoDraw = False
82.9861 	EXP 	text_5: autoDraw = False
82.9861 	EXP 	stopl: autoDraw = False
82.9861 	EXP 	stopr: autoDraw = False
82.9861 	EXP 	text_6: foreColor = <psychopy.colors.Color: green, alpha=1.0>
82.9861 	EXP 	text_6: autoDraw = True
82.9861 	EXP 	text_5: autoDraw = True
82.9861 	EXP 	stopl: autoDraw = True
82.9861 	EXP 	stopr: autoDraw = True
86.8947 	DATA 	Keypress: g
86.9013 	EXP 	New trial (rep=0, index=62): {'word': 'BLUE', 'color': 'red', 'correct': 'r', 'rand': 0.17809999888779438}
86.9198 	EXP 	text_6: autoDraw = False
86.9198 	EXP 	text_5: autoDraw = False
86.9198 	EXP 	stopl: autoDraw = False
86.9198 	EXP 	stopr: autoDraw = False
86.9198 	EXP 	text_6: foreColor = <psychopy.colors.Color: red, alpha=1.0>
86.9198 	EXP 	text_6: autoDraw = True
86.9198 	EXP 	text_5: autoDraw = True
86.9198 	EXP 	stopl: autoDraw = True
86.9198 	EXP 	stopr: autoDraw = True
88.1916 	DATA 	Keypress: r
88.2010 	EXP 	New trial (rep=0, index=63): {'word': 'GREEN', 'color': 'red', 'correct': 'r', 'rand': 0.3329603742438083}
88.2481 	EXP 	text_6: autoDraw = False
88.2481 	EXP 	text_5: autoDraw = False
88.2481 	EXP 	stopl: autoDraw = False
88.2481 	EXP 	stopr: autoDraw = False
88.2481 	EXP 	text_6: foreColor = <psychopy.colors.Color: red, alpha=1.0>
88.2481 	EXP 	text_6: autoDraw = True
88.2481 	EXP 	text_5: autoDraw = True
88.2481 	EXP 	stopl: autoDraw = True
88.2481 	EXP 	stopr: autoDraw = True
88.8500 	DATA 	Keypress: r
88.8615 	EXP 	New trial (rep=0, index=64): {'word': 'RED', 'color': 'red', 'correct': 'r', 'rand': 0.07321330943640558}
88.9019 	EXP 	text_6: autoDraw = False
88.9019 	EXP 	text_5: autoDraw = False
88.9019 	EXP 	stopl: autoDraw = False
88.9019 	EXP 	stopr: autoDraw = False
88.9019 	EXP 	text_6: foreColor = <psychopy.colors.Color: red, alpha=1.0>
88.9019 	EXP 	text_6: autoDraw = True
88.9019 	EXP 	text_5: autoDraw = True
88.9019 	EXP 	stopl: autoDraw = True
88.9019 	EXP 	stopr: autoDraw = True
89.3156 	DATA 	Keypress: r
89.3236 	EXP 	New trial (rep=0, index=65): {'word': 'YELLOW', 'color': 'green', 'correct': 'g', 'rand': 0.9869865096750591}
89.3488 	EXP 	text_6: autoDraw = False
89.3488 	EXP 	text_5: autoDraw = False
89.3488 	EXP 	stopl: autoDraw = False
89.3488 	EXP 	stopr: autoDraw = False
89.3488 	EXP 	text_6: foreColor = <psychopy.colors.Color: green, alpha=1.0>
89.3488 	EXP 	text_6: autoDraw = True
89.3488 	EXP 	text_5: autoDraw = True
89.3488 	EXP 	stopl: autoDraw = True
89.3488 	EXP 	stopr: autoDraw = True
90.4050 	DATA 	Keypress: g
90.4133 	EXP 	New trial (rep=0, index=66): {'word': 'GREEN', 'color': 'red', 'correct': 'r', 'rand': 0.09426278249135123}
90.4520 	EXP 	text_6: autoDraw = False
90.4520 	EXP 	text_5: autoDraw = False
90.4520 	EXP 	stopl: autoDraw = False
90.4520 	EXP 	stopr: autoDraw = False
90.4520 	EXP 	text_6: foreColor = <psychopy.colors.Color: red, alpha=1.0>
90.4520 	EXP 	text_6: autoDraw = True
90.4520 	EXP 	text_5: autoDraw = True
90.4520 	EXP 	stopl: autoDraw = True
90.4520 	EXP 	stopr: autoDraw = True
92.1023 	DATA 	Keypress: r
92.1107 	EXP 	New trial (rep=0, index=67): {'word': 'YELLOW', 'color': 'red', 'correct': 'r', 'rand': 0.7326194956219807}
92.1387 	EXP 	text_6: autoDraw = False
92.1387 	EXP 	text_5: autoDraw = False
92.1387 	EXP 	stopl: autoDraw = False
92.1387 	EXP 	stopr: autoDraw = False
92.1387 	EXP 	text_6: foreColor = <psychopy.colors.Color: red, alpha=1.0>
92.1387 	EXP 	text_6: autoDraw = True
92.1387 	EXP 	text_5: autoDraw = True
92.1387 	EXP 	stopl: autoDraw = True
92.1387 	EXP 	stopr: autoDraw = True
92.8532 	DATA 	Keypress: r
92.8619 	EXP 	New trial (rep=0, index=68): {'word': 'RED', 'color': 'red', 'correct': 'r', 'rand': 0.5782569107415074}
92.8805 	EXP 	text_6: autoDraw = False
92.8805 	EXP 	text_5: autoDraw = False
92.8805 	EXP 	stopl: autoDraw = False
92.8805 	EXP 	stopr: autoDraw = False
92.8805 	EXP 	text_6: foreColor = <psychopy.colors.Color: red, alpha=1.0>
92.8805 	EXP 	text_6: autoDraw = True
92.8805 	EXP 	text_5: autoDraw = True
92.8805 	EXP 	stopl: autoDraw = True
92.8805 	EXP 	stopr: autoDraw = True
93.5064 	DATA 	Keypress: r
93.5143 	EXP 	New trial (rep=0, index=69): {'word': 'RED', 'color': 'red', 'correct': 'r', 'rand': 0.4702487574624936}
93.5369 	EXP 	text_6: autoDraw = False
93.5369 	EXP 	text_5: autoDraw = False
93.5369 	EXP 	stopl: autoDraw = False
93.5369 	EXP 	stopr: autoDraw = False
93.5369 	EXP 	text_6: foreColor = <psychopy.colors.Color: red, alpha=1.0>
93.5369 	EXP 	text_6: autoDraw = True
93.5369 	EXP 	text_5: autoDraw = True
93.5369 	EXP 	stopl: autoDraw = True
93.5369 	EXP 	stopr: autoDraw = True
94.0412 	DATA 	Keypress: r
94.0495 	EXP 	New trial (rep=0, index=70): {'word': 'RED', 'color': 'blue', 'correct': 'b', 'rand': 0.19240256530656463}
94.0809 	EXP 	text_6: autoDraw = False
94.0809 	EXP 	text_5: autoDraw = False
94.0809 	EXP 	stopl: autoDraw = False
94.0809 	EXP 	stopr: autoDraw = False
94.0809 	EXP 	text_6: foreColor = <psychopy.colors.Color: blue, alpha=1.0>
94.0809 	EXP 	text_6: autoDraw = True
94.0809 	EXP 	text_5: autoDraw = True
94.0809 	EXP 	stopl: autoDraw = True
94.0809 	EXP 	stopr: autoDraw = True
95.1459 	DATA 	Keypress: b
95.1543 	EXP 	New trial (rep=0, index=71): {'word': 'RED', 'color': 'red', 'correct': 'r', 'rand': 0.80318762675704}
95.1812 	EXP 	text_6: autoDraw = False
95.1812 	EXP 	text_5: autoDraw = False
95.1812 	EXP 	stopl: autoDraw = False
95.1812 	EXP 	stopr: autoDraw = False
95.1812 	EXP 	text_6: foreColor = <psychopy.colors.Color: red, alpha=1.0>
95.1812 	EXP 	text_6: autoDraw = True
95.1812 	EXP 	text_5: autoDraw = True
95.1812 	EXP 	stopl: autoDraw = True
95.1812 	EXP 	stopr: autoDraw = True
97.7258 	DATA 	Keypress: r
97.7342 	EXP 	New trial (rep=1, index=0): {'word': 'RED', 'color': 'blue', 'correct': 'b', 'rand': 0.19240256530656463}
97.7613 	EXP 	text_6: autoDraw = False
97.7613 	EXP 	text_5: autoDraw = False
97.7613 	EXP 	stopl: autoDraw = False
97.7613 	EXP 	stopr: autoDraw = False
97.7613 	EXP 	text_6: foreColor = <psychopy.colors.Color: blue, alpha=1.0>
97.7613 	EXP 	text_6: autoDraw = True
97.7613 	EXP 	text_5: autoDraw = True
97.7613 	EXP 	stopl: autoDraw = True
97.7613 	EXP 	stopr: autoDraw = True
99.0024 	DATA 	Keypress: b
99.0097 	EXP 	New trial (rep=1, index=1): {'word': 'GREEN', 'color': 'yellow', 'correct': 'y', 'rand': 0.21700233089842735}
99.0368 	EXP 	text_6: autoDraw = False
99.0368 	EXP 	text_5: autoDraw = False
99.0368 	EXP 	stopl: autoDraw = False
99.0368 	EXP 	stopr: autoDraw = False
99.0368 	EXP 	text_6: foreColor = <psychopy.colors.Color: yellow, alpha=1.0>
99.0368 	EXP 	text_6: autoDraw = True
99.0368 	EXP 	text_5: autoDraw = True
99.0368 	EXP 	stopl: autoDraw = True
99.0368 	EXP 	stopr: autoDraw = True
100.1378 	EXP 	New trial (rep=1, index=2): {'word': 'YELLOW', 'color': 'green', 'correct': 'g', 'rand': 0.6149310308571599}
100.1631 	DATA 	Keypress: y
100.1681 	EXP 	text_6: autoDraw = False
100.1681 	EXP 	text_5: autoDraw = False
100.1681 	EXP 	stopl: autoDraw = False
100.1681 	EXP 	stopr: autoDraw = False
100.1681 	EXP 	text_6: foreColor = <psychopy.colors.Color: green, alpha=1.0>
100.1681 	EXP 	text_6: autoDraw = True
100.1681 	EXP 	text_5: autoDraw = True
100.1681 	EXP 	stopl: autoDraw = True
100.1681 	EXP 	stopr: autoDraw = True
102.0047 	DATA 	Keypress: escape
104.3809 	EXP 	window1: mouseVisible = True
