5.3800 	WARNING 	User requested fullscreen with size [1024  768], but screen is actually [2560, 1440]. Using actual size
8.3075 	EXP 	Created window1 = Window(allowGUI=True, allowStencil=False, autoLog=True, backendConf=UNKNOWN, bitsMode=UNKNOWN, blendMode='avg', bpc=(8, 8, 8), color=array([0, 0, 0]), colorSpace='rgb', depthBits=8, fullscr=<method-wrapper '__getattribute__' of attributeSetter object at 0x0000027203B11400>, gamma=None, gammaErrorPolicy='raise', lms=UNKNOWN, monitor=<psychopy.monitors.calibTools.Monitor object at 0x0000027204A2A640>, multiSample=False, name='window1', numSamples=2, pos=(0, 0), screen=0, size=array([2560, 1440]), stencilBits=0, stereo=False, units='height', useFBO=True, useRetina=False, viewOri=0.0, viewPos=None, viewScale=None, waitBlanking=True, winType='pyglet')
8.3078 	EXP 	window1: mouseVisible = True
8.3082 	EXP 	window1: mouseVisible = False
8.3082 	EXP 	window1: Attempting to measure frame rate of screen (0) ...
8.3083 	EXP 	window1: recordFrameIntervals = False
8.4727 	EXP 	window1: recordFrameIntervals = True
8.6566 	EXP 	Screen (0) actual frame rate measured at 59.95Hz
8.6567 	EXP 	window1: recordFrameIntervals = False
10.6534 	EXP 	Created polygon = ShapeStim(__class__=<class 'psychopy.visual.shape.ShapeStim'>, anchor=('center', 'center'), autoDraw=False, autoLog=True, closeShape=True, color=method-wrapper(...), colorSpace='rgb', contrast=None, depth=-2.0, fillColor=array([1, 1, 1]), fillColorSpace='rgb', fillRGB=array([1, 1, 1]), interpolate=True, lineColor=array([1, 1, 1]), lineColorSpace='rgb', lineRGB=array([1, 1, 1]), lineWidth=0.6, name='polygon', opacity=1.0, ori=0.0, pos=array([0., 0.]), size=array([0.1, 0.1]), units='height', vertices=ndarray(...), win=Window(...), windingRule=None)
11.1092 	WARNING 	Font b'Hiragino Sans GB' was requested. No similar font found.
11.2481 	EXP 	textbox: autoLog = True
11.2481 	EXP 	textbox_2: autoLog = True
11.2481 	EXP 	textbox_3: autoLog = True
11.2481 	EXP 	text_4: autoLog = True
11.2481 	EXP 	text_2: autoLog = True
11.2481 	EXP 	text_3: autoLog = True
11.2481 	EXP 	text_6: autoLog = True
11.2481 	EXP 	text_5: autoLog = True
11.2481 	EXP 	stopl: autoLog = True
11.2481 	EXP 	stopr: autoLog = True
11.2481 	EXP 	textbox: autoLog = True
11.2481 	EXP 	textbox: autoDraw = True
16.2529 	EXP 	textbox: autoDraw = False
16.2529 	EXP 	textbox_2: autoDraw = True
16.2529 	EXP 	polygon: autoDraw = True
17.5612 	DATA 	Keypress: space
17.5928 	EXP 	textbox_2: autoDraw = False
17.5928 	EXP 	polygon: autoDraw = False
17.5928 	EXP 	textbox_3: autoDraw = True
23.5190 	EXP 	Imported C:/Users/carelab/Desktop/Erik/resources/p1.csv as conditions, 32 conditions, 5 params
23.5195 	EXP 	Created sequence: sequential, trialTypes=32, nReps=1, seed=None
23.5199 	EXP 	New trial (rep=0, index=0): OrderedDict([('Psubj', 1), ('Attribute', 'est1'), ('Value', 105), ('cond', 0.0), ('Unique', None)])
23.5474 	DATA 	Keypress: space
23.5535 	EXP 	textbox_3: autoDraw = False
23.5535 	EXP 	text_4: autoDraw = True
23.5535 	EXP 	text_2: autoDraw = True
23.5535 	EXP 	text_3: autoDraw = True
25.1787 	EXP 	Imported C:/Users/carelab/Desktop/Erik/resources/stroop.xlsx as conditions, 72 conditions, 4 params
25.1803 	EXP 	Created sequence: random, trialTypes=72, nReps=25, seed=None
25.1807 	EXP 	New trial (rep=0, index=0): {'word': 'YELLOW', 'color': 'green', 'correct': 'g', 'rand': 0.557922392608305}
25.3696 	DATA 	Keypress: space
25.3782 	EXP 	text_4: autoDraw = False
25.3782 	EXP 	text_2: autoDraw = False
25.3782 	EXP 	text_3: autoDraw = False
25.3782 	EXP 	text_6: foreColor = <psychopy.colors.Color: green, alpha=1.0>
25.3782 	EXP 	text_6: autoDraw = True
25.3782 	EXP 	text_5: autoDraw = True
25.3782 	EXP 	stopl: autoDraw = True
25.3782 	EXP 	stopr: autoDraw = True
25.7932 	EXP 	New trial (rep=0, index=1): OrderedDict([('Psubj', 1), ('Attribute', 'est2'), ('Value', 30), ('cond', 0.1), ('Unique', None)])
25.8161 	DATA 	Keypress: space
25.8223 	EXP 	text_6: autoDraw = False
25.8223 	EXP 	text_5: autoDraw = False
25.8223 	EXP 	stopl: autoDraw = False
25.8223 	EXP 	stopr: autoDraw = False
25.8223 	EXP 	text_4: autoDraw = True
25.8223 	EXP 	text_2: autoDraw = True
25.8223 	EXP 	text_3: autoDraw = True
26.6077 	EXP 	Sound sound_1 set volume 1.000
26.6167 	EXP 	Sound sound_1 started
26.6239 	EXP 	Imported C:/Users/carelab/Desktop/Erik/resources/stroop.xlsx as conditions, 72 conditions, 4 params
26.6260 	EXP 	Created sequence: random, trialTypes=72, nReps=25, seed=None
26.6264 	EXP 	New trial (rep=0, index=0): {'word': 'BLUE', 'color': 'green', 'correct': 'g', 'rand': 0.2200899851331911}
26.7090 	DATA 	Keypress: space
26.7176 	EXP 	text_4: autoDraw = False
26.7176 	EXP 	text_2: autoDraw = False
26.7176 	EXP 	text_3: autoDraw = False
26.7176 	EXP 	text_6: foreColor = <psychopy.colors.Color: green, alpha=1.0>
26.7176 	EXP 	text_6: autoDraw = True
26.7176 	EXP 	text_5: autoDraw = True
26.7176 	EXP 	stopl: autoDraw = True
26.7176 	EXP 	stopr: autoDraw = True
43.0651 	DATA 	Keypress: escape
45.1094 	EXP 	window1: mouseVisible = True
