1.5956 	WARNING 	We strongly recommend you activate the PTB sound engine in PsychoPy prefs as the preferred audio engine. Its timing is vastly superior. Your prefs are currently set to use ['sounddevice', 'PTB', 'pyo', 'pygame'] (in that order).
8.3887 	WARNING 	User requested fullscreen with size [1024  768], but screen is actually [2560, 1440]. Using actual size
12.0387 	EXP 	Created window1 = Window(allowGUI=True, allowStencil=False, autoLog=True, backendConf=UNKNOWN, bitsMode=UNKNOWN, blendMode='avg', bpc=(8, 8, 8), color=array([0, 0, 0]), colorSpace='rgb', depthBits=8, fullscr=<method-wrapper '__getattribute__' of attributeSetter object at 0x0000021DC69A23A0>, gamma=None, gammaErrorPolicy='raise', lms=UNKNOWN, monitor=<psychopy.monitors.calibTools.Monitor object at 0x0000021DC8878670>, multiSample=False, name='window1', numSamples=2, pos=(0, 0), screen=0, size=array([2560, 1440]), stencilBits=0, stereo=False, units='height', useFBO=True, useRetina=False, viewOri=0.0, viewPos=None, viewScale=None, waitBlanking=True, winType='pyglet')
12.0388 	EXP 	window1: mouseVisible = True
12.0390 	EXP 	window1: mouseVisible = False
12.0390 	EXP 	window1: Attempting to measure frame rate of screen (0) ...
12.0391 	EXP 	window1: recordFrameIntervals = False
12.2044 	EXP 	window1: recordFrameIntervals = True
12.3890 	EXP 	Screen (0) actual frame rate measured at 60.08Hz
12.3890 	EXP 	window1: recordFrameIntervals = False
14.1306 	EXP 	Created text_instr = TextStim(__class__=<class 'psychopy.visual.text.TextStim'>, alignHoriz=method-wrapper(...), alignText='center', alignVert=method-wrapper(...), anchorHoriz='center', anchorVert='center', antialias=True, autoDraw=False, autoLog=True, bold=False, color=array([1, 1, 1]), colorSpace='rgb', contrast=1.0, depth=0.0, flipHoriz=False, flipVert=False, font='Arial', fontFiles=[], height=0.04, italic=False, languageStyle='LTR', name='text_instr', opacity=1.0, ori=0.0, pos=array([-0.3 ,  0.25]), rgb=UNKNOWN, text=str(...), units='height', win=Window(...), wrapWidth=1)
14.1481 	EXP 	Created image_instr1 = ImageStim(__class__=<class 'psychopy.visual.image.ImageStim'>, anchor=('center', 'center'), autoLog=True, color=array([1, 1, 1]), colorSpace='rgb', contrast=1.0, depth=-1.0, flipHoriz=False, flipVert=False, image='instruct1.png', interpolate=True, mask=None, maskParams=None, name='image_instr1', opacity=1.0, ori=0.0, pos=array([-0.5,  0. ]), size=array([0.37777778, 0.14027778]), texRes=128.0, units='height', win=Window(...))
14.1561 	EXP 	Created image_instr2 = ImageStim(__class__=<class 'psychopy.visual.image.ImageStim'>, anchor=('center', 'center'), autoLog=True, color=array([1, 1, 1]), colorSpace='rgb', contrast=1.0, depth=-2.0, flipHoriz=False, flipVert=False, image='instruct2.png', interpolate=True, mask=None, maskParams=None, name='image_instr2', opacity=1.0, ori=0.0, pos=array([0.3, 0.3]), size=array([0.28958333, 0.06736111]), texRes=128.0, units='height', win=Window(...))
14.1667 	EXP 	Created image_illus = ImageStim(__class__=<class 'psychopy.visual.image.ImageStim'>, anchor=('center', 'center'), autoLog=True, color=array([1, 1, 1]), colorSpace='rgb', contrast=1.0, depth=-3.0, flipHoriz=False, flipVert=False, image='click.png', interpolate=True, mask=None, maskParams=None, name='image_illus', opacity=1.0, ori=0.0, pos=array([0.3, 0. ]), size=array([0.23402778, 0.14444444]), texRes=128.0, units='height', win=Window(...))
14.1730 	EXP 	Created image_next = ImageStim(__class__=<class 'psychopy.visual.image.ImageStim'>, anchor=('center', 'center'), autoLog=True, color=array([1, 1, 1]), colorSpace='rgb', contrast=1.0, depth=-4.0, flipHoriz=False, flipVert=False, image='next.png', interpolate=True, mask=None, maskParams=None, name='image_next', opacity=1.0, ori=0.0, pos=array([ 0.6, -0.4]), size=array([0.11319444, 0.06736111]), texRes=128.0, units='height', win=Window(...))
14.1733 	EXP 	window1: mouseVisible = True
14.1886 	EXP 	Created text_3 = TextStim(__class__=<class 'psychopy.visual.text.TextStim'>, alignHoriz=method-wrapper(...), alignText='center', alignVert=method-wrapper(...), anchorHoriz='center', anchorVert='center', antialias=True, autoDraw=False, autoLog=True, bold=False, color=array([1, 1, 1]), colorSpace='rgb', contrast=1.0, depth=0.0, flipHoriz=False, flipVert=False, font='Open Sans', fontFiles=[], height=0.05, italic=False, languageStyle='LTR', name='text_3', opacity=1.0, ori=0.0, pos=array([0. , 0.3]), rgb=UNKNOWN, text='The amount of seconds you have to estimate is ', units='height', win=Window(...), wrapWidth=1)
14.1892 	EXP 	Created text_2 = TextStim(__class__=<class 'psychopy.visual.text.TextStim'>, alignHoriz=method-wrapper(...), alignText='center', alignVert=method-wrapper(...), anchorHoriz='center', anchorVert='center', antialias=True, autoDraw=False, autoLog=True, bold=False, color=array([1, 1, 1]), colorSpace='rgb', contrast=1.0, depth=-1.0, flipHoriz=False, flipVert=False, font='Open Sans', fontFiles=[], height=0.05, italic=False, languageStyle='LTR', name='text_2', opacity=1.0, ori=0.0, pos=array([0., 0.]), rgb=UNKNOWN, text='', units='height', win=Window(...), wrapWidth=1)
14.1967 	EXP 	Created text_4 = TextStim(__class__=<class 'psychopy.visual.text.TextStim'>, alignHoriz=method-wrapper(...), alignText='center', alignVert=method-wrapper(...), anchorHoriz='center', anchorVert='center', antialias=True, autoDraw=False, autoLog=True, bold=False, color=array([1, 1, 1]), colorSpace='rgb', contrast=1.0, depth=-3.0, flipHoriz=False, flipVert=False, font='Open Sans', fontFiles=[], height=0.05, italic=False, languageStyle='LTR', name='text_4', opacity=1.0, ori=0.0, pos=array([ 0. , -0.2]), rgb=UNKNOWN, text=str(...), units='height', win=Window(...), wrapWidth=1)
14.2067 	EXP 	Created text_5 = TextStim(__class__=<class 'psychopy.visual.text.TextStim'>, alignHoriz=method-wrapper(...), alignText='center', alignVert=method-wrapper(...), anchorHoriz='center', anchorVert='center', antialias=True, autoDraw=False, autoLog=True, bold=False, color=array([1, 1, 1]), colorSpace='rgb', contrast=1.0, depth=-1.0, flipHoriz=False, flipVert=False, font='Open Sans', fontFiles=[], height=0.02, italic=False, languageStyle='LTR', name='text_5', opacity=1.0, ori=0.0, pos=array([0. , 0.3]), rgb=UNKNOWN, text='Time running', units='height', win=Window(...), wrapWidth=1)
14.2089 	EXP 	Created text_6 = TextStim(__class__=<class 'psychopy.visual.text.TextStim'>, alignHoriz=method-wrapper(...), alignText='center', alignVert=method-wrapper(...), anchorHoriz='center', anchorVert='center', antialias=True, autoDraw=False, autoLog=True, bold=False, color=array([1, 1, 1]), colorSpace='rgb', contrast=1.0, depth=-2.0, flipHoriz=False, flipVert=False, font='Open Sans', fontFiles=[], height=0.02, italic=False, languageStyle='LTR', name='text_6', opacity=1.0, ori=0.0, pos=array([0. , 0.3]), rgb=UNKNOWN, text='Time running', units='height', win=Window(...), wrapWidth=1)
14.2111 	EXP 	Created text_7 = TextStim(__class__=<class 'psychopy.visual.text.TextStim'>, alignHoriz=method-wrapper(...), alignText='center', alignVert=method-wrapper(...), anchorHoriz='center', anchorVert='center', antialias=True, autoDraw=False, autoLog=True, bold=False, color=array([1, 1, 1]), colorSpace='rgb', contrast=1.0, depth=-3.0, flipHoriz=False, flipVert=False, font='Open Sans', fontFiles=[], height=0.02, italic=False, languageStyle='LTR', name='text_7', opacity=1.0, ori=0.0, pos=array([0. , 0.3]), rgb=UNKNOWN, text='Time running', units='height', win=Window(...), wrapWidth=1)
14.3761 	EXP 	Sound sound_1 set volume 1.000
14.3774 	EXP 	Created text_8 = TextStim(__class__=<class 'psychopy.visual.text.TextStim'>, alignHoriz=method-wrapper(...), alignText='center', alignVert=method-wrapper(...), anchorHoriz='center', anchorVert='center', antialias=True, autoDraw=False, autoLog=True, bold=False, color=array([1, 1, 1]), colorSpace='rgb', contrast=1.0, depth=-5.0, flipHoriz=False, flipVert=False, font='Open Sans', fontFiles=[], height=0.05, italic=False, languageStyle='LTR', name='text_8', opacity=1.0, ori=0.0, pos=array([0., 0.]), rgb=UNKNOWN, text='', units='height', win=Window(...), wrapWidth=1)
14.3820 	EXP 	Created text_9 = TextStim(__class__=<class 'psychopy.visual.text.TextStim'>, alignHoriz=method-wrapper(...), alignText='center', alignVert=method-wrapper(...), anchorHoriz='center', anchorVert='center', antialias=True, autoDraw=False, autoLog=True, bold=False, color=array([1, 1, 1]), colorSpace='rgb', contrast=1.0, depth=-6.0, flipHoriz=False, flipVert=False, font='Open Sans', fontFiles=[], height=0.05, italic=False, languageStyle='LTR', name='text_9', opacity=1.0, ori=0.0, pos=array([0.1, 0. ]), rgb=UNKNOWN, text='seconds', units='height', win=Window(...), wrapWidth=1)
14.4262 	EXP 	text_instr: autoDraw = True
14.4262 	EXP 	image_instr1: autoDraw = True
14.4262 	EXP 	image_instr2: autoDraw = True
14.4262 	EXP 	image_illus: autoDraw = True
14.4262 	EXP 	image_next: autoDraw = True
15.8700 	DATA 	Mouse: Left button down, pos=(2111,161)
15.8796 	EXP 	Imported C:/Users/carelab/Desktop/Erik/resources/Lsquare.csv as conditions, 16 conditions, 26 params
15.8801 	EXP 	Created sequence: sequential, trialTypes=16, nReps=1, seed=None
15.8812 	EXP 	New trial (rep=0, index=0): OrderedDict([('Participant1', 30), ('Participant2', 30), ('Participant3', 105), ('Participant4', 105), ('Participant5', 60), ('Participant6', 120), ('Participant7', 120), ('Participant8', 120), ('Participant9', 105), ('Participant10', 60), ('Participant11', 105), ('Participant12', 60), ('Participant13', 30), ('Participant14', 60), ('Participant15', 120), ('Participant16', 30), ('Participant17', 30), ('Participant18', 30), ('Participant19', 105), ('Participant20', 105), ('Participant21', 60), ('Participant22', 120), ('Participant23', 120), ('Participant24', 120), ('Participant25', 105), ('Participant26', 60)])
15.8942 	EXP 	text_instr: autoDraw = False
15.8942 	EXP 	image_instr1: autoDraw = False
15.8942 	EXP 	image_instr2: autoDraw = False
15.8942 	EXP 	image_illus: autoDraw = False
15.8942 	EXP 	image_next: autoDraw = False
15.8942 	EXP 	text_2: height = 0.05
15.8942 	EXP 	text_2: height = 0.05
15.8942 	EXP 	text_2: height = 0.05
15.8942 	EXP 	text_2: text = 30
15.8942 	EXP 	text_3: autoDraw = True
15.8942 	EXP 	text_2: autoDraw = True
15.8942 	EXP 	text_4: autoDraw = True
15.9391 	DATA 	Mouse:  Left button up, pos=(2111,161)
18.1046 	DATA 	Keypress: space
18.4352 	EXP 	text_3: autoDraw = False
18.4352 	EXP 	text_2: autoDraw = False
18.4352 	EXP 	text_4: autoDraw = False
18.4352 	EXP 	text_8: height = 0.05
18.4352 	EXP 	text_8: height = 0.05
18.4352 	EXP 	text_8: height = 0.05
18.4352 	EXP 	text_8: text = 30
18.4352 	EXP 	text_5: autoDraw = True
18.4352 	EXP 	text_8: autoDraw = True
18.4352 	EXP 	text_9: autoDraw = True
19.4347 	EXP 	text_5: autoDraw = False
22.4507 	EXP 	text_8: autoDraw = False
22.4507 	EXP 	text_9: autoDraw = False
23.1332 	EXP 	text_6: autoDraw = True
24.1331 	EXP 	text_6: autoDraw = False
30.1312 	EXP 	text_7: autoDraw = True
31.1308 	EXP 	text_7: autoDraw = False
54.0587 	EXP 	New trial (rep=0, index=1): OrderedDict([('Participant1', 30), ('Participant2', 105), ('Participant3', 105), ('Participant4', 60), ('Participant5', 120), ('Participant6', 120), ('Participant7', 120), ('Participant8', 105), ('Participant9', 60), ('Participant10', 105), ('Participant11', 60), ('Participant12', 30), ('Participant13', 60), ('Participant14', 120), ('Participant15', 30), ('Participant16', 30), ('Participant17', 30), ('Participant18', 105), ('Participant19', 105), ('Participant20', 60), ('Participant21', 120), ('Participant22', 120), ('Participant23', 120), ('Participant24', 105), ('Participant25', 60), ('Participant26', 105)])
54.0631 	DATA 	Keypress: space
54.0742 	EXP 	text_5: autoDraw = False
54.0742 	EXP 	text_6: autoDraw = False
54.0742 	EXP 	text_7: autoDraw = False
54.0742 	EXP 	text_8: autoDraw = False
54.0742 	EXP 	text_9: autoDraw = False
54.0742 	EXP 	text_2: height = 0.05
54.0742 	EXP 	text_2: height = 0.05
54.0742 	EXP 	text_2: height = 0.05
54.0742 	EXP 	text_2: text = 30
54.0742 	EXP 	text_3: autoDraw = True
54.0742 	EXP 	text_2: autoDraw = True
54.0742 	EXP 	text_4: autoDraw = True
56.6261 	DATA 	Keypress: space
56.6324 	EXP 	text_3: autoDraw = False
56.6324 	EXP 	text_2: autoDraw = False
56.6324 	EXP 	text_4: autoDraw = False
56.6324 	EXP 	text_8: height = 0.05
56.6324 	EXP 	text_8: height = 0.05
56.6324 	EXP 	text_8: height = 0.05
56.6324 	EXP 	text_8: text = 30
56.6324 	EXP 	text_5: autoDraw = True
56.6324 	EXP 	text_8: autoDraw = True
56.6324 	EXP 	text_9: autoDraw = True
57.6399 	EXP 	text_5: autoDraw = False
60.6389 	EXP 	text_8: autoDraw = False
60.6389 	EXP 	text_9: autoDraw = False
61.5053 	EXP 	text_6: autoDraw = True
62.5050 	EXP 	text_6: autoDraw = False
68.5031 	EXP 	text_7: autoDraw = True
69.5030 	EXP 	text_7: autoDraw = False
81.5840 	DATA 	Keypress: escape
82.1410 	EXP 	window1: mouseVisible = True
