2.4161 	WARNING 	We strongly recommend you activate the PTB sound engine in PsychoPy prefs as the preferred audio engine. Its timing is vastly superior. Your prefs are currently set to use ['sounddevice', 'PTB', 'pyo', 'pygame'] (in that order).
8.0171 	WARNING 	User requested fullscreen with size [1024  768], but screen is actually [2560, 1440]. Using actual size
11.7909 	EXP 	Created window1 = Window(allowGUI=True, allowStencil=False, autoLog=True, backendConf=UNKNOWN, bitsMode=UNKNOWN, blendMode='avg', bpc=(8, 8, 8), color=array([0, 0, 0]), colorSpace='rgb', depthBits=8, fullscr=<method-wrapper '__getattribute__' of attributeSetter object at 0x000001905F4222E0>, gamma=None, gammaErrorPolicy='raise', lms=UNKNOWN, monitor=<psychopy.monitors.calibTools.Monitor object at 0x0000019060327610>, multiSample=False, name='window1', numSamples=2, pos=(0, 0), screen=0, size=array([2560, 1440]), stencilBits=0, stereo=False, units='height', useFBO=True, useRetina=False, viewOri=0.0, viewPos=None, viewScale=None, waitBlanking=True, winType='pyglet')
11.7911 	EXP 	window1: mouseVisible = True
11.7913 	EXP 	window1: mouseVisible = False
11.7913 	EXP 	window1: Attempting to measure frame rate of screen (0) ...
11.7914 	EXP 	window1: recordFrameIntervals = False
11.9561 	EXP 	window1: recordFrameIntervals = True
12.1418 	EXP 	Screen (0) actual frame rate measured at 60.07Hz
12.1419 	EXP 	window1: recordFrameIntervals = False
13.7536 	EXP 	Created text_instr = TextStim(__class__=<class 'psychopy.visual.text.TextStim'>, alignHoriz=method-wrapper(...), alignText='center', alignVert=method-wrapper(...), anchorHoriz='center', anchorVert='center', antialias=True, autoDraw=False, autoLog=True, bold=False, color=array([1, 1, 1]), colorSpace='rgb', contrast=1.0, depth=0.0, flipHoriz=False, flipVert=False, font='Arial', fontFiles=[], height=0.04, italic=False, languageStyle='LTR', name='text_instr', opacity=1.0, ori=0.0, pos=array([-0.3 ,  0.25]), rgb=UNKNOWN, text=str(...), units='height', win=Window(...), wrapWidth=1)
13.7688 	EXP 	Created image_instr1 = ImageStim(__class__=<class 'psychopy.visual.image.ImageStim'>, anchor=('center', 'center'), autoLog=True, color=array([1, 1, 1]), colorSpace='rgb', contrast=1.0, depth=-1.0, flipHoriz=False, flipVert=False, image='instruct1.png', interpolate=True, mask=None, maskParams=None, name='image_instr1', opacity=1.0, ori=0.0, pos=array([-0.5,  0. ]), size=array([0.37777778, 0.14027778]), texRes=128.0, units='height', win=Window(...))
13.7754 	EXP 	Created image_instr2 = ImageStim(__class__=<class 'psychopy.visual.image.ImageStim'>, anchor=('center', 'center'), autoLog=True, color=array([1, 1, 1]), colorSpace='rgb', contrast=1.0, depth=-2.0, flipHoriz=False, flipVert=False, image='instruct2.png', interpolate=True, mask=None, maskParams=None, name='image_instr2', opacity=1.0, ori=0.0, pos=array([0.3, 0.3]), size=array([0.28958333, 0.06736111]), texRes=128.0, units='height', win=Window(...))
13.7832 	EXP 	Created image_illus = ImageStim(__class__=<class 'psychopy.visual.image.ImageStim'>, anchor=('center', 'center'), autoLog=True, color=array([1, 1, 1]), colorSpace='rgb', contrast=1.0, depth=-3.0, flipHoriz=False, flipVert=False, image='click.png', interpolate=True, mask=None, maskParams=None, name='image_illus', opacity=1.0, ori=0.0, pos=array([0.3, 0. ]), size=array([0.23402778, 0.14444444]), texRes=128.0, units='height', win=Window(...))
13.7887 	EXP 	Created image_next = ImageStim(__class__=<class 'psychopy.visual.image.ImageStim'>, anchor=('center', 'center'), autoLog=True, color=array([1, 1, 1]), colorSpace='rgb', contrast=1.0, depth=-4.0, flipHoriz=False, flipVert=False, image='next.png', interpolate=True, mask=None, maskParams=None, name='image_next', opacity=1.0, ori=0.0, pos=array([ 0.6, -0.4]), size=array([0.11319444, 0.06736111]), texRes=128.0, units='height', win=Window(...))
13.7889 	EXP 	window1: mouseVisible = True
13.8041 	EXP 	Created text_3 = TextStim(__class__=<class 'psychopy.visual.text.TextStim'>, alignHoriz=method-wrapper(...), alignText='center', alignVert=method-wrapper(...), anchorHoriz='center', anchorVert='center', antialias=True, autoDraw=False, autoLog=True, bold=False, color=array([1, 1, 1]), colorSpace='rgb', contrast=1.0, depth=0.0, flipHoriz=False, flipVert=False, font='Open Sans', fontFiles=[], height=0.05, italic=False, languageStyle='LTR', name='text_3', opacity=1.0, ori=0.0, pos=array([0. , 0.3]), rgb=UNKNOWN, text='The amount of seconds you have to estimate is ', units='height', win=Window(...), wrapWidth=1)
13.8046 	EXP 	Created text_2 = TextStim(__class__=<class 'psychopy.visual.text.TextStim'>, alignHoriz=method-wrapper(...), alignText='center', alignVert=method-wrapper(...), anchorHoriz='center', anchorVert='center', antialias=True, autoDraw=False, autoLog=True, bold=False, color=array([1, 1, 1]), colorSpace='rgb', contrast=1.0, depth=-1.0, flipHoriz=False, flipVert=False, font='Open Sans', fontFiles=[], height=0.05, italic=False, languageStyle='LTR', name='text_2', opacity=1.0, ori=0.0, pos=array([0., 0.]), rgb=UNKNOWN, text='', units='height', win=Window(...), wrapWidth=1)
13.8113 	EXP 	Created text_4 = TextStim(__class__=<class 'psychopy.visual.text.TextStim'>, alignHoriz=method-wrapper(...), alignText='center', alignVert=method-wrapper(...), anchorHoriz='center', anchorVert='center', antialias=True, autoDraw=False, autoLog=True, bold=False, color=array([1, 1, 1]), colorSpace='rgb', contrast=1.0, depth=-3.0, flipHoriz=False, flipVert=False, font='Open Sans', fontFiles=[], height=0.05, italic=False, languageStyle='LTR', name='text_4', opacity=1.0, ori=0.0, pos=array([ 0. , -0.2]), rgb=UNKNOWN, text=str(...), units='height', win=Window(...), wrapWidth=1)
13.8242 	EXP 	Created text_5 = TextStim(__class__=<class 'psychopy.visual.text.TextStim'>, alignHoriz=method-wrapper(...), alignText='center', alignVert=method-wrapper(...), anchorHoriz='center', anchorVert='center', antialias=True, autoDraw=False, autoLog=True, bold=False, color=array([1, 1, 1]), colorSpace='rgb', contrast=1.0, depth=-1.0, flipHoriz=False, flipVert=False, font='Open Sans', fontFiles=[], height=0.02, italic=False, languageStyle='LTR', name='text_5', opacity=1.0, ori=0.0, pos=array([0. , 0.3]), rgb=UNKNOWN, text='Time running', units='height', win=Window(...), wrapWidth=1)
13.8617 	EXP 	text_instr: autoDraw = True
13.8617 	EXP 	image_instr1: autoDraw = True
13.8617 	EXP 	image_instr2: autoDraw = True
13.8617 	EXP 	image_illus: autoDraw = True
13.8617 	EXP 	image_next: autoDraw = True
16.4383 	DATA 	Mouse: Left button down, pos=(2121,162)
16.4501 	EXP 	Imported C:/Users/carelab/Desktop/Erik/resources/Lsquare.csv as conditions, 16 conditions, 26 params
16.4507 	EXP 	Created sequence: sequential, trialTypes=16, nReps=1, seed=None
16.4513 	EXP 	New trial (rep=0, index=0): OrderedDict([('Participant1', 30), ('Participant2', 30), ('Participant3', 105), ('Participant4', 105), ('Participant5', 60), ('Participant6', 120), ('Participant7', 120), ('Participant8', 120), ('Participant9', 105), ('Participant10', 60), ('Participant11', 105), ('Participant12', 60), ('Participant13', 30), ('Participant14', 60), ('Participant15', 120), ('Participant16', 30), ('Participant17', 30), ('Participant18', 30), ('Participant19', 105), ('Participant20', 105), ('Participant21', 60), ('Participant22', 120), ('Participant23', 120), ('Participant24', 120), ('Participant25', 105), ('Participant26', 60)])
16.4693 	EXP 	text_instr: autoDraw = False
16.4693 	EXP 	image_instr1: autoDraw = False
16.4693 	EXP 	image_instr2: autoDraw = False
16.4693 	EXP 	image_illus: autoDraw = False
16.4693 	EXP 	image_next: autoDraw = False
16.4693 	EXP 	text_2: height = 0.05
16.4693 	EXP 	text_2: height = 0.05
16.4693 	EXP 	text_2: height = 0.05
16.4693 	EXP 	text_2: text = 30
16.4693 	EXP 	text_3: autoDraw = True
16.4693 	EXP 	text_2: autoDraw = True
16.4693 	EXP 	text_4: autoDraw = True
16.5228 	DATA 	Mouse:  Left button up, pos=(2121,162)
20.7726 	DATA 	Keypress: space
20.7867 	EXP 	text_3: autoDraw = False
20.7867 	EXP 	text_2: autoDraw = False
20.7867 	EXP 	text_4: autoDraw = False
20.7867 	EXP 	text_5: autoDraw = True
21.7862 	EXP 	text_5: autoDraw = False
40.7314 	EXP 	New trial (rep=0, index=1): OrderedDict([('Participant1', 30), ('Participant2', 105), ('Participant3', 105), ('Participant4', 60), ('Participant5', 120), ('Participant6', 120), ('Participant7', 120), ('Participant8', 105), ('Participant9', 60), ('Participant10', 105), ('Participant11', 60), ('Participant12', 30), ('Participant13', 60), ('Participant14', 120), ('Participant15', 30), ('Participant16', 30), ('Participant17', 30), ('Participant18', 105), ('Participant19', 105), ('Participant20', 60), ('Participant21', 120), ('Participant22', 120), ('Participant23', 120), ('Participant24', 105), ('Participant25', 60), ('Participant26', 105)])
40.7356 	DATA 	Keypress: space
40.7469 	EXP 	text_5: autoDraw = False
40.7469 	EXP 	text_2: height = 0.05
40.7469 	EXP 	text_2: height = 0.05
40.7469 	EXP 	text_2: height = 0.05
40.7469 	EXP 	text_2: text = 30
40.7469 	EXP 	text_3: autoDraw = True
40.7469 	EXP 	text_2: autoDraw = True
40.7469 	EXP 	text_4: autoDraw = True
45.5644 	DATA 	Keypress: space
45.5789 	EXP 	text_3: autoDraw = False
45.5789 	EXP 	text_2: autoDraw = False
45.5789 	EXP 	text_4: autoDraw = False
45.5789 	EXP 	text_5: autoDraw = True
46.5788 	EXP 	text_5: autoDraw = False
59.3258 	EXP 	New trial (rep=0, index=2): OrderedDict([('Participant1', 30), ('Participant2', 30), ('Participant3', 30), ('Participant4', 105), ('Participant5', 105), ('Participant6', 60), ('Participant7', 120), ('Participant8', 120), ('Participant9', 120), ('Participant10', 105), ('Participant11', 60), ('Participant12', 105), ('Participant13', 60), ('Participant14', 30), ('Participant15', 60), ('Participant16', 120), ('Participant17', 30), ('Participant18', 30), ('Participant19', 30), ('Participant20', 105), ('Participant21', 105), ('Participant22', 60), ('Participant23', 120), ('Participant24', 120), ('Participant25', 120), ('Participant26', 105)])
59.3299 	DATA 	Keypress: space
59.3411 	EXP 	text_5: autoDraw = False
59.3411 	EXP 	text_2: height = 0.05
59.3411 	EXP 	text_2: height = 0.05
59.3411 	EXP 	text_2: height = 0.05
59.3411 	EXP 	text_2: text = 30
59.3411 	EXP 	text_3: autoDraw = True
59.3411 	EXP 	text_2: autoDraw = True
59.3411 	EXP 	text_4: autoDraw = True
61.4597 	DATA 	Keypress: space
61.4738 	EXP 	text_3: autoDraw = False
61.4738 	EXP 	text_2: autoDraw = False
61.4738 	EXP 	text_4: autoDraw = False
61.4738 	EXP 	text_5: autoDraw = True
62.4735 	EXP 	text_5: autoDraw = False
66.8402 	EXP 	New trial (rep=0, index=3): OrderedDict([('Participant1', 105), ('Participant2', 105), ('Participant3', 60), ('Participant4', 120), ('Participant5', 120), ('Participant6', 120), ('Participant7', 105), ('Participant8', 60), ('Participant9', 105), ('Participant10', 60), ('Participant11', 30), ('Participant12', 60), ('Participant13', 120), ('Participant14', 30), ('Participant15', 30), ('Participant16', 30), ('Participant17', 105), ('Participant18', 105), ('Participant19', 60), ('Participant20', 120), ('Participant21', 120), ('Participant22', 120), ('Participant23', 105), ('Participant24', 60), ('Participant25', 105), ('Participant26', 60)])
66.8466 	DATA 	Keypress: space
66.8569 	EXP 	text_5: autoDraw = False
66.8569 	EXP 	text_2: height = 0.05
66.8569 	EXP 	text_2: height = 0.05
66.8569 	EXP 	text_2: height = 0.05
66.8569 	EXP 	text_2: text = 105
66.8569 	EXP 	text_3: autoDraw = True
66.8569 	EXP 	text_2: autoDraw = True
66.8569 	EXP 	text_4: autoDraw = True
71.7565 	DATA 	Keypress: space
71.7705 	EXP 	text_3: autoDraw = False
71.7705 	EXP 	text_2: autoDraw = False
71.7705 	EXP 	text_4: autoDraw = False
71.7705 	EXP 	text_5: autoDraw = True
72.7707 	EXP 	text_5: autoDraw = False
76.8376 	EXP 	New trial (rep=0, index=4): OrderedDict([('Participant1', 120), ('Participant2', 30), ('Participant3', 30), ('Participant4', 30), ('Participant5', 105), ('Participant6', 105), ('Participant7', 60), ('Participant8', 120), ('Participant9', 120), ('Participant10', 120), ('Participant11', 105), ('Participant12', 60), ('Participant13', 105), ('Participant14', 60), ('Participant15', 30), ('Participant16', 60), ('Participant17', 120), ('Participant18', 30), ('Participant19', 30), ('Participant20', 30), ('Participant21', 105), ('Participant22', 105), ('Participant23', 60), ('Participant24', 120), ('Participant25', 120), ('Participant26', 120)])
76.8430 	DATA 	Keypress: space
76.8535 	EXP 	text_5: autoDraw = False
76.8535 	EXP 	text_2: height = 0.05
76.8535 	EXP 	text_2: height = 0.05
76.8535 	EXP 	text_2: height = 0.05
76.8535 	EXP 	text_2: text = 120
76.8535 	EXP 	text_3: autoDraw = True
76.8535 	EXP 	text_2: autoDraw = True
76.8535 	EXP 	text_4: autoDraw = True
77.3212 	DATA 	Keypress: space
77.3359 	EXP 	text_3: autoDraw = False
77.3359 	EXP 	text_2: autoDraw = False
77.3359 	EXP 	text_4: autoDraw = False
77.3359 	EXP 	text_5: autoDraw = True
77.6205 	EXP 	New trial (rep=0, index=5): OrderedDict([('Participant1', 105), ('Participant2', 60), ('Participant3', 120), ('Participant4', 120), ('Participant5', 120), ('Participant6', 105), ('Participant7', 60), ('Participant8', 105), ('Participant9', 60), ('Participant10', 30), ('Participant11', 60), ('Participant12', 120), ('Participant13', 30), ('Participant14', 30), ('Participant15', 30), ('Participant16', 105), ('Participant17', 105), ('Participant18', 60), ('Participant19', 120), ('Participant20', 120), ('Participant21', 120), ('Participant22', 105), ('Participant23', 60), ('Participant24', 105), ('Participant25', 60), ('Participant26', 30)])
77.6244 	DATA 	Keypress: space
77.6354 	EXP 	text_5: autoDraw = False
77.6354 	EXP 	text_2: height = 0.05
77.6354 	EXP 	text_2: height = 0.05
77.6354 	EXP 	text_2: height = 0.05
77.6354 	EXP 	text_2: text = 105
77.6354 	EXP 	text_3: autoDraw = True
77.6354 	EXP 	text_2: autoDraw = True
77.6354 	EXP 	text_4: autoDraw = True
78.1042 	DATA 	Keypress: space
78.1357 	EXP 	text_3: autoDraw = False
78.1357 	EXP 	text_2: autoDraw = False
78.1357 	EXP 	text_4: autoDraw = False
78.1357 	EXP 	text_5: autoDraw = True
79.1354 	EXP 	text_5: autoDraw = False
80.0860 	EXP 	New trial (rep=0, index=6): OrderedDict([('Participant1', 60), ('Participant2', 120), ('Participant3', 30), ('Participant4', 30), ('Participant5', 30), ('Participant6', 105), ('Participant7', 105), ('Participant8', 60), ('Participant9', 120), ('Participant10', 120), ('Participant11', 120), ('Participant12', 105), ('Participant13', 60), ('Participant14', 105), ('Participant15', 60), ('Participant16', 30), ('Participant17', 60), ('Participant18', 120), ('Participant19', 30), ('Participant20', 30), ('Participant21', 30), ('Participant22', 105), ('Participant23', 105), ('Participant24', 60), ('Participant25', 120), ('Participant26', 120)])
80.0914 	DATA 	Keypress: space
80.1015 	EXP 	text_5: autoDraw = False
80.1015 	EXP 	text_2: height = 0.05
80.1015 	EXP 	text_2: height = 0.05
80.1015 	EXP 	text_2: height = 0.05
80.1015 	EXP 	text_2: text = 60
80.1015 	EXP 	text_3: autoDraw = True
80.1015 	EXP 	text_2: autoDraw = True
80.1015 	EXP 	text_4: autoDraw = True
80.3206 	DATA 	Keypress: space
80.3346 	EXP 	text_3: autoDraw = False
80.3346 	EXP 	text_2: autoDraw = False
80.3346 	EXP 	text_4: autoDraw = False
80.3346 	EXP 	text_5: autoDraw = True
80.4858 	EXP 	New trial (rep=0, index=7): OrderedDict([('Participant1', 60), ('Participant2', 120), ('Participant3', 120), ('Participant4', 120), ('Participant5', 105), ('Participant6', 60), ('Participant7', 105), ('Participant8', 60), ('Participant9', 30), ('Participant10', 60), ('Participant11', 120), ('Participant12', 30), ('Participant13', 30), ('Participant14', 30), ('Participant15', 105), ('Participant16', 105), ('Participant17', 60), ('Participant18', 120), ('Participant19', 120), ('Participant20', 120), ('Participant21', 105), ('Participant22', 60), ('Participant23', 105), ('Participant24', 60), ('Participant25', 30), ('Participant26', 60)])
80.4898 	DATA 	Keypress: space
80.5011 	EXP 	text_5: autoDraw = False
80.5011 	EXP 	text_2: height = 0.05
80.5011 	EXP 	text_2: height = 0.05
80.5011 	EXP 	text_2: height = 0.05
80.5011 	EXP 	text_2: text = 60
80.5011 	EXP 	text_3: autoDraw = True
80.5011 	EXP 	text_2: autoDraw = True
80.5011 	EXP 	text_4: autoDraw = True
80.6375 	DATA 	Keypress: space
80.6509 	EXP 	text_3: autoDraw = False
80.6509 	EXP 	text_2: autoDraw = False
80.6509 	EXP 	text_4: autoDraw = False
80.6509 	EXP 	text_5: autoDraw = True
80.8030 	EXP 	New trial (rep=0, index=8): OrderedDict([('Participant1', 30), ('Participant2', 60), ('Participant3', 120), ('Participant4', 30), ('Participant5', 30), ('Participant6', 30), ('Participant7', 105), ('Participant8', 105), ('Participant9', 60), ('Participant10', 120), ('Participant11', 120), ('Participant12', 120), ('Participant13', 105), ('Participant14', 60), ('Participant15', 105), ('Participant16', 60), ('Participant17', 30), ('Participant18', 60), ('Participant19', 120), ('Participant20', 30), ('Participant21', 30), ('Participant22', 30), ('Participant23', 105), ('Participant24', 105), ('Participant25', 60), ('Participant26', 120)])
80.8071 	DATA 	Keypress: space
80.8177 	EXP 	text_5: autoDraw = False
80.8177 	EXP 	text_2: height = 0.05
80.8177 	EXP 	text_2: height = 0.05
80.8177 	EXP 	text_2: height = 0.05
80.8177 	EXP 	text_2: text = 30
80.8177 	EXP 	text_3: autoDraw = True
80.8177 	EXP 	text_2: autoDraw = True
80.8177 	EXP 	text_4: autoDraw = True
80.9705 	DATA 	Keypress: space
80.9847 	EXP 	text_3: autoDraw = False
80.9847 	EXP 	text_2: autoDraw = False
80.9847 	EXP 	text_4: autoDraw = False
80.9847 	EXP 	text_5: autoDraw = True
81.1362 	EXP 	New trial (rep=0, index=9): OrderedDict([('Participant1', 120), ('Participant2', 120), ('Participant3', 120), ('Participant4', 105), ('Participant5', 60), ('Participant6', 105), ('Participant7', 60), ('Participant8', 30), ('Participant9', 60), ('Participant10', 120), ('Participant11', 30), ('Participant12', 30), ('Participant13', 30), ('Participant14', 105), ('Participant15', 105), ('Participant16', 60), ('Participant17', 120), ('Participant18', 120), ('Participant19', 120), ('Participant20', 105), ('Participant21', 60), ('Participant22', 105), ('Participant23', 60), ('Participant24', 30), ('Participant25', 60), ('Participant26', 120)])
81.1404 	DATA 	Keypress: space
81.1505 	EXP 	text_5: autoDraw = False
81.1505 	EXP 	text_2: height = 0.05
81.1505 	EXP 	text_2: height = 0.05
81.1505 	EXP 	text_2: height = 0.05
81.1505 	EXP 	text_2: text = 120
81.1505 	EXP 	text_3: autoDraw = True
81.1505 	EXP 	text_2: autoDraw = True
81.1505 	EXP 	text_4: autoDraw = True
81.3370 	DATA 	Keypress: space
81.3508 	EXP 	text_3: autoDraw = False
81.3508 	EXP 	text_2: autoDraw = False
81.3508 	EXP 	text_4: autoDraw = False
81.3508 	EXP 	text_5: autoDraw = True
81.5026 	EXP 	New trial (rep=0, index=10): OrderedDict([('Participant1', 60), ('Participant2', 30), ('Participant3', 60), ('Participant4', 120), ('Participant5', 30), ('Participant6', 30), ('Participant7', 30), ('Participant8', 105), ('Participant9', 105), ('Participant10', 60), ('Participant11', 120), ('Participant12', 120), ('Participant13', 120), ('Participant14', 105), ('Participant15', 60), ('Participant16', 105), ('Participant17', 60), ('Participant18', 30), ('Participant19', 60), ('Participant20', 120), ('Participant21', 30), ('Participant22', 30), ('Participant23', 30), ('Participant24', 105), ('Participant25', 105), ('Participant26', 60)])
81.5068 	DATA 	Keypress: space
81.5171 	EXP 	text_5: autoDraw = False
81.5171 	EXP 	text_2: height = 0.05
81.5171 	EXP 	text_2: height = 0.05
81.5171 	EXP 	text_2: height = 0.05
81.5171 	EXP 	text_2: text = 60
81.5171 	EXP 	text_3: autoDraw = True
81.5171 	EXP 	text_2: autoDraw = True
81.5171 	EXP 	text_4: autoDraw = True
81.7862 	DATA 	Keypress: space
81.8012 	EXP 	text_3: autoDraw = False
81.8012 	EXP 	text_2: autoDraw = False
81.8012 	EXP 	text_4: autoDraw = False
81.8012 	EXP 	text_5: autoDraw = True
82.0853 	EXP 	New trial (rep=0, index=11): OrderedDict([('Participant1', 120), ('Participant2', 120), ('Participant3', 105), ('Participant4', 60), ('Participant5', 105), ('Participant6', 60), ('Participant7', 30), ('Participant8', 60), ('Participant9', 120), ('Participant10', 30), ('Participant11', 30), ('Participant12', 30), ('Participant13', 105), ('Participant14', 105), ('Participant15', 60), ('Participant16', 120), ('Participant17', 120), ('Participant18', 120), ('Participant19', 105), ('Participant20', 60), ('Participant21', 105), ('Participant22', 60), ('Participant23', 30), ('Participant24', 60), ('Participant25', 120), ('Participant26', 30)])
82.0894 	DATA 	Keypress: space
82.1009 	EXP 	text_5: autoDraw = False
82.1009 	EXP 	text_2: height = 0.05
82.1009 	EXP 	text_2: height = 0.05
82.1009 	EXP 	text_2: height = 0.05
82.1009 	EXP 	text_2: text = 120
82.1009 	EXP 	text_3: autoDraw = True
82.1009 	EXP 	text_2: autoDraw = True
82.1009 	EXP 	text_4: autoDraw = True
82.4035 	DATA 	Keypress: space
82.4168 	EXP 	text_3: autoDraw = False
82.4168 	EXP 	text_2: autoDraw = False
82.4168 	EXP 	text_4: autoDraw = False
82.4168 	EXP 	text_5: autoDraw = True
82.6023 	EXP 	New trial (rep=0, index=12): OrderedDict([('Participant1', 105), ('Participant2', 60), ('Participant3', 30), ('Participant4', 60), ('Participant5', 120), ('Participant6', 30), ('Participant7', 30), ('Participant8', 30), ('Participant9', 105), ('Participant10', 105), ('Participant11', 60), ('Participant12', 120), ('Participant13', 120), ('Participant14', 120), ('Participant15', 105), ('Participant16', 60), ('Participant17', 105), ('Participant18', 60), ('Participant19', 30), ('Participant20', 60), ('Participant21', 120), ('Participant22', 30), ('Participant23', 30), ('Participant24', 30), ('Participant25', 105), ('Participant26', 105)])
82.6065 	DATA 	Keypress: space
82.6171 	EXP 	text_5: autoDraw = False
82.6171 	EXP 	text_2: height = 0.05
82.6171 	EXP 	text_2: height = 0.05
82.6171 	EXP 	text_2: height = 0.05
82.6171 	EXP 	text_2: text = 105
82.6171 	EXP 	text_3: autoDraw = True
82.6171 	EXP 	text_2: autoDraw = True
82.6171 	EXP 	text_4: autoDraw = True
82.9856 	DATA 	Keypress: space
83.0170 	EXP 	text_3: autoDraw = False
83.0170 	EXP 	text_2: autoDraw = False
83.0170 	EXP 	text_4: autoDraw = False
83.0170 	EXP 	text_5: autoDraw = True
83.3179 	EXP 	New trial (rep=0, index=13): OrderedDict([('Participant1', 120), ('Participant2', 105), ('Participant3', 60), ('Participant4', 105), ('Participant5', 60), ('Participant6', 30), ('Participant7', 60), ('Participant8', 120), ('Participant9', 30), ('Participant10', 30), ('Participant11', 30), ('Participant12', 105), ('Participant13', 105), ('Participant14', 60), ('Participant15', 120), ('Participant16', 120), ('Participant17', 120), ('Participant18', 105), ('Participant19', 60), ('Participant20', 105), ('Participant21', 60), ('Participant22', 30), ('Participant23', 60), ('Participant24', 120), ('Participant25', 30), ('Participant26', 30)])
83.3221 	DATA 	Keypress: space
83.3336 	EXP 	text_5: autoDraw = False
83.3336 	EXP 	text_2: height = 0.05
83.3336 	EXP 	text_2: height = 0.05
83.3336 	EXP 	text_2: height = 0.05
83.3336 	EXP 	text_2: text = 120
83.3336 	EXP 	text_3: autoDraw = True
83.3336 	EXP 	text_2: autoDraw = True
83.3336 	EXP 	text_4: autoDraw = True
83.7190 	DATA 	Keypress: space
83.7335 	EXP 	text_3: autoDraw = False
83.7335 	EXP 	text_2: autoDraw = False
83.7335 	EXP 	text_4: autoDraw = False
83.7335 	EXP 	text_5: autoDraw = True
84.0355 	EXP 	New trial (rep=0, index=14): OrderedDict([('Participant1', 60), ('Participant2', 105), ('Participant3', 60), ('Participant4', 30), ('Participant5', 60), ('Participant6', 120), ('Participant7', 30), ('Participant8', 30), ('Participant9', 30), ('Participant10', 105), ('Participant11', 105), ('Participant12', 60), ('Participant13', 120), ('Participant14', 120), ('Participant15', 120), ('Participant16', 105), ('Participant17', 60), ('Participant18', 105), ('Participant19', 60), ('Participant20', 30), ('Participant21', 60), ('Participant22', 120), ('Participant23', 30), ('Participant24', 30), ('Participant25', 30), ('Participant26', 105)])
84.0396 	DATA 	Keypress: space
84.0502 	EXP 	text_5: autoDraw = False
84.0502 	EXP 	text_2: height = 0.05
84.0502 	EXP 	text_2: height = 0.05
84.0502 	EXP 	text_2: height = 0.05
84.0502 	EXP 	text_2: text = 60
84.0502 	EXP 	text_3: autoDraw = True
84.0502 	EXP 	text_2: autoDraw = True
84.0502 	EXP 	text_4: autoDraw = True
84.3860 	DATA 	Keypress: space
84.4001 	EXP 	text_3: autoDraw = False
84.4001 	EXP 	text_2: autoDraw = False
84.4001 	EXP 	text_4: autoDraw = False
84.4001 	EXP 	text_5: autoDraw = True
84.6846 	EXP 	New trial (rep=0, index=15): OrderedDict([('Participant1', 105), ('Participant2', 60), ('Participant3', 105), ('Participant4', 60), ('Participant5', 30), ('Participant6', 60), ('Participant7', 120), ('Participant8', 30), ('Participant9', 30), ('Participant10', 30), ('Participant11', 105), ('Participant12', 105), ('Participant13', 60), ('Participant14', 120), ('Participant15', 120), ('Participant16', 120), ('Participant17', 105), ('Participant18', 60), ('Participant19', 105), ('Participant20', 60), ('Participant21', 30), ('Participant22', 60), ('Participant23', 120), ('Participant24', 30), ('Participant25', 30), ('Participant26', 30)])
84.6891 	DATA 	Keypress: space
84.7000 	EXP 	text_5: autoDraw = False
84.7000 	EXP 	text_2: height = 0.05
84.7000 	EXP 	text_2: height = 0.05
84.7000 	EXP 	text_2: height = 0.05
84.7000 	EXP 	text_2: text = 105
84.7000 	EXP 	text_3: autoDraw = True
84.7000 	EXP 	text_2: autoDraw = True
84.7000 	EXP 	text_4: autoDraw = True
85.1188 	DATA 	Keypress: space
85.1334 	EXP 	text_3: autoDraw = False
85.1334 	EXP 	text_2: autoDraw = False
85.1334 	EXP 	text_4: autoDraw = False
85.1334 	EXP 	text_5: autoDraw = True
86.1333 	EXP 	text_5: autoDraw = False
86.3016 	DATA 	Keypress: space
86.3158 	EXP 	text_5: autoDraw = False
86.3632 	EXP 	window1: mouseVisible = True
