2.3485 	WARNING 	We strongly recommend you activate the PTB sound engine in PsychoPy prefs as the preferred audio engine. Its timing is vastly superior. Your prefs are currently set to use ['sounddevice', 'PTB', 'pyo', 'pygame'] (in that order).
7.5207 	WARNING 	User requested fullscreen with size [1024  768], but screen is actually [2560, 1440]. Using actual size
8.8001 	EXP 	Created window1 = Window(allowGUI=True, allowStencil=False, autoLog=True, backendConf=UNKNOWN, bitsMode=UNKNOWN, blendMode='avg', bpc=(8, 8, 8), color=array([0, 0, 0]), colorSpace='rgb', depthBits=8, fullscr=<method-wrapper '__getattribute__' of attributeSetter object at 0x00000252BC431430>, gamma=None, gammaErrorPolicy='raise', lms=UNKNOWN, monitor=<psychopy.monitors.calibTools.Monitor object at 0x00000252BE308730>, multiSample=False, name='window1', numSamples=2, pos=(0, 0), screen=0, size=array([2560, 1440]), stencilBits=0, stereo=False, units='height', useFBO=True, useRetina=False, viewOri=0.0, viewPos=None, viewScale=None, waitBlanking=True, winType='pyglet')
8.8003 	EXP 	window1: mouseVisible = True
8.8005 	EXP 	window1: mouseVisible = False
8.8006 	EXP 	window1: Attempting to measure frame rate of screen (0) ...
8.8006 	EXP 	window1: recordFrameIntervals = False
8.9660 	EXP 	window1: recordFrameIntervals = True
9.1492 	EXP 	Screen (0) actual frame rate measured at 60.07Hz
9.1493 	EXP 	window1: recordFrameIntervals = False
10.8941 	EXP 	Created text_instr = TextStim(__class__=<class 'psychopy.visual.text.TextStim'>, alignHoriz=method-wrapper(...), alignText='center', alignVert=method-wrapper(...), anchorHoriz='center', anchorVert='center', antialias=True, autoDraw=False, autoLog=True, bold=False, color=array([1, 1, 1]), colorSpace='rgb', contrast=1.0, depth=0.0, flipHoriz=False, flipVert=False, font='Comic Sans', fontFiles=[], height=0.04, italic=False, languageStyle='LTR', name='text_instr', opacity=1.0, ori=0.0, pos=array([0., 0.]), rgb=UNKNOWN, text=str(...), units='height', win=Window(...), wrapWidth=1)
10.9057 	EXP 	Created image_next = ImageStim(__class__=<class 'psychopy.visual.image.ImageStim'>, anchor=('center', 'center'), autoLog=True, color=array([1, 1, 1]), colorSpace='rgb', contrast=1.0, depth=-1.0, flipHoriz=False, flipVert=False, image='next.png', interpolate=True, mask=None, maskParams=None, name='image_next', opacity=1.0, ori=0.0, pos=array([ 0.6, -0.4]), size=array([0.11319444, 0.06736111]), texRes=128.0, units='height', win=Window(...))
10.9061 	EXP 	window1: mouseVisible = True
10.9198 	EXP 	Created text_3 = TextStim(__class__=<class 'psychopy.visual.text.TextStim'>, alignHoriz=method-wrapper(...), alignText='center', alignVert=method-wrapper(...), anchorHoriz='center', anchorVert='center', antialias=True, autoDraw=False, autoLog=True, bold=False, color=array([1, 1, 1]), colorSpace='rgb', contrast=1.0, depth=0.0, flipHoriz=False, flipVert=False, font='Open Sans', fontFiles=[], height=0.05, italic=False, languageStyle='LTR', name='text_3', opacity=1.0, ori=0.0, pos=array([0. , 0.3]), rgb=UNKNOWN, text='The amount of seconds you have to estimate is ', units='height', win=Window(...), wrapWidth=1)
10.9205 	EXP 	Created text_2 = TextStim(__class__=<class 'psychopy.visual.text.TextStim'>, alignHoriz=method-wrapper(...), alignText='center', alignVert=method-wrapper(...), anchorHoriz='center', anchorVert='center', antialias=True, autoDraw=False, autoLog=True, bold=False, color=array([1, 1, 1]), colorSpace='rgb', contrast=1.0, depth=-1.0, flipHoriz=False, flipVert=False, font='Open Sans', fontFiles=[], height=0.05, italic=False, languageStyle='LTR', name='text_2', opacity=1.0, ori=0.0, pos=array([0., 0.]), rgb=UNKNOWN, text='', units='height', win=Window(...), wrapWidth=1)
10.9286 	EXP 	Created text_4 = TextStim(__class__=<class 'psychopy.visual.text.TextStim'>, alignHoriz=method-wrapper(...), alignText='center', alignVert=method-wrapper(...), anchorHoriz='center', anchorVert='center', antialias=True, autoDraw=False, autoLog=True, bold=False, color=array([1, 1, 1]), colorSpace='rgb', contrast=1.0, depth=-3.0, flipHoriz=False, flipVert=False, font='Open Sans', fontFiles=[], height=0.05, italic=False, languageStyle='LTR', name='text_4', opacity=1.0, ori=0.0, pos=array([ 0. , -0.2]), rgb=UNKNOWN, text=str(...), units='height', win=Window(...), wrapWidth=1)
11.0270 	EXP 	Sound sound_1 set volume 1.000
11.0286 	EXP 	Created text_5 = TextStim(__class__=<class 'psychopy.visual.text.TextStim'>, alignHoriz=method-wrapper(...), alignText='center', alignVert=method-wrapper(...), anchorHoriz='center', anchorVert='center', antialias=True, autoDraw=False, autoLog=True, bold=False, color=array([1, 1, 1]), colorSpace='rgb', contrast=1.0, depth=-2.0, flipHoriz=False, flipVert=False, font='Arial', fontFiles=[], height=0.05, italic=False, languageStyle='LTR', name='text_5', opacity=1.0, ori=0.0, pos=array([0., 0.]), rgb=UNKNOWN, text='', units='height', win=Window(...), wrapWidth=1)
11.0653 	EXP 	text_instr: autoDraw = True
11.0653 	EXP 	image_next: autoDraw = True
12.0488 	DATA 	Mouse: Left button down, pos=(2078,142)
12.0706 	EXP 	Imported C:/Users/carelab/Desktop/Erik/resources/Lsquare.csv as conditions, 16 conditions, 26 params
12.0714 	EXP 	Created sequence: sequential, trialTypes=16, nReps=1, seed=None
12.0725 	EXP 	New trial (rep=0, index=0): OrderedDict([('Participant1', 30), ('Participant2', 30), ('Participant3', 105), ('Participant4', 105), ('Participant5', 60), ('Participant6', 120), ('Participant7', 120), ('Participant8', 120), ('Participant9', 105), ('Participant10', 60), ('Participant11', 105), ('Participant12', 60), ('Participant13', 30), ('Participant14', 60), ('Participant15', 120), ('Participant16', 30), ('Participant17', 30), ('Participant18', 30), ('Participant19', 105), ('Participant20', 105), ('Participant21', 60), ('Participant22', 120), ('Participant23', 120), ('Participant24', 120), ('Participant25', 105), ('Participant26', 60)])
12.0974 	EXP 	text_instr: autoDraw = False
12.0974 	EXP 	image_next: autoDraw = False
12.0974 	EXP 	text_2: height = 0.05
12.0974 	EXP 	text_2: height = 0.05
12.0974 	EXP 	text_2: height = 0.05
12.0974 	EXP 	text_2: text = 30
12.0974 	EXP 	text_3: autoDraw = True
12.0974 	EXP 	text_2: autoDraw = True
12.0974 	EXP 	text_4: autoDraw = True
12.1166 	DATA 	Mouse:  Left button up, pos=(2078,142)
12.8737 	DATA 	Keypress: space
12.8803 	EXP 	text_3: autoDraw = False
12.8803 	EXP 	text_2: autoDraw = False
12.8803 	EXP 	text_4: autoDraw = False
12.8803 	EXP 	text_5: autoDraw = True
12.8803 	EXP 	text_5: height = 0.05
12.8803 	EXP 	text_5: height = 0.05
12.8803 	EXP 	text_5: height = 0.05
12.8803 	EXP 	text_5: text = 30
12.8969 	EXP 	text_5: height = 0.05
12.8969 	EXP 	text_5: height = 0.05
12.8969 	EXP 	text_5: height = 0.05
12.8969 	EXP 	text_5: text = 30
12.9131 	EXP 	text_5: height = 0.05
12.9131 	EXP 	text_5: height = 0.05
12.9131 	EXP 	text_5: height = 0.05
12.9131 	EXP 	text_5: text = 30
12.9305 	EXP 	text_5: height = 0.05
12.9305 	EXP 	text_5: height = 0.05
12.9305 	EXP 	text_5: height = 0.05
12.9305 	EXP 	text_5: text = 30
12.9464 	EXP 	text_5: height = 0.05
12.9464 	EXP 	text_5: height = 0.05
12.9464 	EXP 	text_5: height = 0.05
12.9464 	EXP 	text_5: text = 30
12.9631 	EXP 	text_5: height = 0.05
12.9631 	EXP 	text_5: height = 0.05
12.9631 	EXP 	text_5: height = 0.05
12.9631 	EXP 	text_5: text = 30
12.9799 	EXP 	text_5: height = 0.05
12.9799 	EXP 	text_5: height = 0.05
12.9799 	EXP 	text_5: height = 0.05
12.9799 	EXP 	text_5: text = 30
12.9970 	EXP 	text_5: height = 0.05
12.9970 	EXP 	text_5: height = 0.05
12.9970 	EXP 	text_5: height = 0.05
12.9970 	EXP 	text_5: text = 30
13.0133 	EXP 	text_5: height = 0.05
13.0133 	EXP 	text_5: height = 0.05
13.0133 	EXP 	text_5: height = 0.05
13.0133 	EXP 	text_5: text = 30
13.0299 	EXP 	text_5: height = 0.05
13.0299 	EXP 	text_5: height = 0.05
13.0299 	EXP 	text_5: height = 0.05
13.0299 	EXP 	text_5: text = 30
13.0471 	EXP 	text_5: height = 0.05
13.0471 	EXP 	text_5: height = 0.05
13.0471 	EXP 	text_5: height = 0.05
13.0471 	EXP 	text_5: text = 30
13.0630 	EXP 	text_5: height = 0.05
13.0630 	EXP 	text_5: height = 0.05
13.0630 	EXP 	text_5: height = 0.05
13.0630 	EXP 	text_5: text = 30
13.0794 	EXP 	text_5: height = 0.05
13.0794 	EXP 	text_5: height = 0.05
13.0794 	EXP 	text_5: height = 0.05
13.0794 	EXP 	text_5: text = 30
13.0963 	EXP 	text_5: height = 0.05
13.0963 	EXP 	text_5: height = 0.05
13.0963 	EXP 	text_5: height = 0.05
13.0963 	EXP 	text_5: text = 30
13.1130 	EXP 	text_5: height = 0.05
13.1130 	EXP 	text_5: height = 0.05
13.1130 	EXP 	text_5: height = 0.05
13.1130 	EXP 	text_5: text = 30
13.1302 	EXP 	text_5: height = 0.05
13.1302 	EXP 	text_5: height = 0.05
13.1302 	EXP 	text_5: height = 0.05
13.1302 	EXP 	text_5: text = 30
13.1465 	EXP 	text_5: height = 0.05
13.1465 	EXP 	text_5: height = 0.05
13.1465 	EXP 	text_5: height = 0.05
13.1465 	EXP 	text_5: text = 30
13.1632 	EXP 	text_5: height = 0.05
13.1632 	EXP 	text_5: height = 0.05
13.1632 	EXP 	text_5: height = 0.05
13.1632 	EXP 	text_5: text = 30
13.1798 	EXP 	text_5: height = 0.05
13.1798 	EXP 	text_5: height = 0.05
13.1798 	EXP 	text_5: height = 0.05
13.1798 	EXP 	text_5: text = 30
13.1967 	EXP 	text_5: height = 0.05
13.1967 	EXP 	text_5: height = 0.05
13.1967 	EXP 	text_5: height = 0.05
13.1967 	EXP 	text_5: text = 30
13.2133 	EXP 	text_5: height = 0.05
13.2133 	EXP 	text_5: height = 0.05
13.2133 	EXP 	text_5: height = 0.05
13.2133 	EXP 	text_5: text = 30
13.2297 	EXP 	text_5: height = 0.05
13.2297 	EXP 	text_5: height = 0.05
13.2297 	EXP 	text_5: height = 0.05
13.2297 	EXP 	text_5: text = 30
13.2468 	EXP 	text_5: height = 0.05
13.2468 	EXP 	text_5: height = 0.05
13.2468 	EXP 	text_5: height = 0.05
13.2468 	EXP 	text_5: text = 30
13.2628 	EXP 	text_5: height = 0.05
13.2628 	EXP 	text_5: height = 0.05
13.2628 	EXP 	text_5: height = 0.05
13.2628 	EXP 	text_5: text = 30
13.2794 	EXP 	text_5: height = 0.05
13.2794 	EXP 	text_5: height = 0.05
13.2794 	EXP 	text_5: height = 0.05
13.2794 	EXP 	text_5: text = 30
13.2964 	EXP 	text_5: height = 0.05
13.2964 	EXP 	text_5: height = 0.05
13.2964 	EXP 	text_5: height = 0.05
13.2964 	EXP 	text_5: text = 30
13.3131 	EXP 	text_5: height = 0.05
13.3131 	EXP 	text_5: height = 0.05
13.3131 	EXP 	text_5: height = 0.05
13.3131 	EXP 	text_5: text = 30
13.3302 	EXP 	text_5: height = 0.05
13.3302 	EXP 	text_5: height = 0.05
13.3302 	EXP 	text_5: height = 0.05
13.3302 	EXP 	text_5: text = 30
13.3469 	EXP 	text_5: height = 0.05
13.3469 	EXP 	text_5: height = 0.05
13.3469 	EXP 	text_5: height = 0.05
13.3469 	EXP 	text_5: text = 30
13.3633 	EXP 	text_5: height = 0.05
13.3633 	EXP 	text_5: height = 0.05
13.3633 	EXP 	text_5: height = 0.05
13.3633 	EXP 	text_5: text = 30
13.3799 	EXP 	text_5: height = 0.05
13.3799 	EXP 	text_5: height = 0.05
13.3799 	EXP 	text_5: height = 0.05
13.3799 	EXP 	text_5: text = 30
13.3968 	EXP 	text_5: height = 0.05
13.3968 	EXP 	text_5: height = 0.05
13.3968 	EXP 	text_5: height = 0.05
13.3968 	EXP 	text_5: text = 30
13.4128 	EXP 	text_5: height = 0.05
13.4128 	EXP 	text_5: height = 0.05
13.4128 	EXP 	text_5: height = 0.05
13.4128 	EXP 	text_5: text = 30
13.4295 	EXP 	text_5: height = 0.05
13.4295 	EXP 	text_5: height = 0.05
13.4295 	EXP 	text_5: height = 0.05
13.4295 	EXP 	text_5: text = 30
13.4468 	EXP 	text_5: height = 0.05
13.4468 	EXP 	text_5: height = 0.05
13.4468 	EXP 	text_5: height = 0.05
13.4468 	EXP 	text_5: text = 30
13.4630 	EXP 	text_5: height = 0.05
13.4630 	EXP 	text_5: height = 0.05
13.4630 	EXP 	text_5: height = 0.05
13.4630 	EXP 	text_5: text = 30
13.4793 	EXP 	text_5: height = 0.05
13.4793 	EXP 	text_5: height = 0.05
13.4793 	EXP 	text_5: height = 0.05
13.4793 	EXP 	text_5: text = 30
13.4964 	EXP 	text_5: height = 0.05
13.4964 	EXP 	text_5: height = 0.05
13.4964 	EXP 	text_5: height = 0.05
13.4964 	EXP 	text_5: text = 30
13.5131 	EXP 	text_5: height = 0.05
13.5131 	EXP 	text_5: height = 0.05
13.5131 	EXP 	text_5: height = 0.05
13.5131 	EXP 	text_5: text = 30
13.5295 	EXP 	text_5: height = 0.05
13.5295 	EXP 	text_5: height = 0.05
13.5295 	EXP 	text_5: height = 0.05
13.5295 	EXP 	text_5: text = 30
13.5462 	EXP 	text_5: height = 0.05
13.5462 	EXP 	text_5: height = 0.05
13.5462 	EXP 	text_5: height = 0.05
13.5462 	EXP 	text_5: text = 30
13.5629 	EXP 	text_5: height = 0.05
13.5629 	EXP 	text_5: height = 0.05
13.5629 	EXP 	text_5: height = 0.05
13.5629 	EXP 	text_5: text = 30
13.5799 	EXP 	text_5: height = 0.05
13.5799 	EXP 	text_5: height = 0.05
13.5799 	EXP 	text_5: height = 0.05
13.5799 	EXP 	text_5: text = 30
13.5966 	EXP 	text_5: height = 0.05
13.5966 	EXP 	text_5: height = 0.05
13.5966 	EXP 	text_5: height = 0.05
13.5966 	EXP 	text_5: text = 30
13.6134 	EXP 	text_5: height = 0.05
13.6134 	EXP 	text_5: height = 0.05
13.6134 	EXP 	text_5: height = 0.05
13.6134 	EXP 	text_5: text = 30
13.6294 	EXP 	text_5: height = 0.05
13.6294 	EXP 	text_5: height = 0.05
13.6294 	EXP 	text_5: height = 0.05
13.6294 	EXP 	text_5: text = 30
13.6461 	EXP 	text_5: height = 0.05
13.6461 	EXP 	text_5: height = 0.05
13.6461 	EXP 	text_5: height = 0.05
13.6461 	EXP 	text_5: text = 30
13.6629 	EXP 	text_5: height = 0.05
13.6629 	EXP 	text_5: height = 0.05
13.6629 	EXP 	text_5: height = 0.05
13.6629 	EXP 	text_5: text = 30
13.6795 	EXP 	text_5: height = 0.05
13.6795 	EXP 	text_5: height = 0.05
13.6795 	EXP 	text_5: height = 0.05
13.6795 	EXP 	text_5: text = 30
13.6964 	EXP 	text_5: height = 0.05
13.6964 	EXP 	text_5: height = 0.05
13.6964 	EXP 	text_5: height = 0.05
13.6964 	EXP 	text_5: text = 30
13.7127 	EXP 	text_5: height = 0.05
13.7127 	EXP 	text_5: height = 0.05
13.7127 	EXP 	text_5: height = 0.05
13.7127 	EXP 	text_5: text = 30
13.7295 	EXP 	text_5: height = 0.05
13.7295 	EXP 	text_5: height = 0.05
13.7295 	EXP 	text_5: height = 0.05
13.7295 	EXP 	text_5: text = 30
13.7463 	EXP 	text_5: height = 0.05
13.7463 	EXP 	text_5: height = 0.05
13.7463 	EXP 	text_5: height = 0.05
13.7463 	EXP 	text_5: text = 30
13.7632 	EXP 	text_5: height = 0.05
13.7632 	EXP 	text_5: height = 0.05
13.7632 	EXP 	text_5: height = 0.05
13.7632 	EXP 	text_5: text = 30
13.7795 	EXP 	text_5: height = 0.05
13.7795 	EXP 	text_5: height = 0.05
13.7795 	EXP 	text_5: height = 0.05
13.7795 	EXP 	text_5: text = 30
13.7968 	EXP 	text_5: height = 0.05
13.7968 	EXP 	text_5: height = 0.05
13.7968 	EXP 	text_5: height = 0.05
13.7968 	EXP 	text_5: text = 30
13.8128 	EXP 	text_5: height = 0.05
13.8128 	EXP 	text_5: height = 0.05
13.8128 	EXP 	text_5: height = 0.05
13.8128 	EXP 	text_5: text = 30
13.8296 	EXP 	text_5: height = 0.05
13.8296 	EXP 	text_5: height = 0.05
13.8296 	EXP 	text_5: height = 0.05
13.8296 	EXP 	text_5: text = 30
13.8467 	EXP 	text_5: height = 0.05
13.8467 	EXP 	text_5: height = 0.05
13.8467 	EXP 	text_5: height = 0.05
13.8467 	EXP 	text_5: text = 30
13.8635 	EXP 	text_5: height = 0.05
13.8635 	EXP 	text_5: height = 0.05
13.8635 	EXP 	text_5: height = 0.05
13.8635 	EXP 	text_5: text = 30
13.8798 	EXP 	text_5: height = 0.05
13.8798 	EXP 	text_5: height = 0.05
13.8798 	EXP 	text_5: height = 0.05
13.8798 	EXP 	text_5: text = 30
13.8965 	EXP 	text_5: height = 0.05
13.8965 	EXP 	text_5: height = 0.05
13.8965 	EXP 	text_5: height = 0.05
13.8965 	EXP 	text_5: text = 30
13.9127 	EXP 	text_5: height = 0.05
13.9127 	EXP 	text_5: height = 0.05
13.9127 	EXP 	text_5: height = 0.05
13.9127 	EXP 	text_5: text = 30
13.9294 	EXP 	text_5: height = 0.05
13.9294 	EXP 	text_5: height = 0.05
13.9294 	EXP 	text_5: height = 0.05
13.9294 	EXP 	text_5: text = 30
13.9461 	EXP 	text_5: height = 0.05
13.9461 	EXP 	text_5: height = 0.05
13.9461 	EXP 	text_5: height = 0.05
13.9461 	EXP 	text_5: text = 30
13.9626 	EXP 	text_5: height = 0.05
13.9626 	EXP 	text_5: height = 0.05
13.9626 	EXP 	text_5: height = 0.05
13.9626 	EXP 	text_5: text = 30
13.9799 	EXP 	text_5: height = 0.05
13.9799 	EXP 	text_5: height = 0.05
13.9799 	EXP 	text_5: height = 0.05
13.9799 	EXP 	text_5: text = 30
13.9966 	EXP 	text_5: height = 0.05
13.9966 	EXP 	text_5: height = 0.05
13.9966 	EXP 	text_5: height = 0.05
13.9966 	EXP 	text_5: text = 30
14.0129 	EXP 	text_5: height = 0.05
14.0129 	EXP 	text_5: height = 0.05
14.0129 	EXP 	text_5: height = 0.05
14.0129 	EXP 	text_5: text = 30
14.0299 	EXP 	text_5: height = 0.05
14.0299 	EXP 	text_5: height = 0.05
14.0299 	EXP 	text_5: height = 0.05
14.0299 	EXP 	text_5: text = 30
14.0466 	EXP 	text_5: height = 0.05
14.0466 	EXP 	text_5: height = 0.05
14.0466 	EXP 	text_5: height = 0.05
14.0466 	EXP 	text_5: text = 30
14.0628 	EXP 	text_5: height = 0.05
14.0628 	EXP 	text_5: height = 0.05
14.0628 	EXP 	text_5: height = 0.05
14.0628 	EXP 	text_5: text = 30
14.0792 	EXP 	text_5: height = 0.05
14.0792 	EXP 	text_5: height = 0.05
14.0792 	EXP 	text_5: height = 0.05
14.0792 	EXP 	text_5: text = 30
14.0967 	EXP 	text_5: height = 0.05
14.0967 	EXP 	text_5: height = 0.05
14.0967 	EXP 	text_5: height = 0.05
14.0967 	EXP 	text_5: text = 30
14.1127 	EXP 	text_5: height = 0.05
14.1127 	EXP 	text_5: height = 0.05
14.1127 	EXP 	text_5: height = 0.05
14.1127 	EXP 	text_5: text = 30
14.1297 	EXP 	text_5: height = 0.05
14.1297 	EXP 	text_5: height = 0.05
14.1297 	EXP 	text_5: height = 0.05
14.1297 	EXP 	text_5: text = 30
14.1466 	EXP 	text_5: height = 0.05
14.1466 	EXP 	text_5: height = 0.05
14.1466 	EXP 	text_5: height = 0.05
14.1466 	EXP 	text_5: text = 30
14.1630 	EXP 	text_5: height = 0.05
14.1630 	EXP 	text_5: height = 0.05
14.1630 	EXP 	text_5: height = 0.05
14.1630 	EXP 	text_5: text = 30
14.1797 	EXP 	text_5: height = 0.05
14.1797 	EXP 	text_5: height = 0.05
14.1797 	EXP 	text_5: height = 0.05
14.1797 	EXP 	text_5: text = 30
14.1966 	EXP 	text_5: height = 0.05
14.1966 	EXP 	text_5: height = 0.05
14.1966 	EXP 	text_5: height = 0.05
14.1966 	EXP 	text_5: text = 30
14.2127 	EXP 	text_5: height = 0.05
14.2127 	EXP 	text_5: height = 0.05
14.2127 	EXP 	text_5: height = 0.05
14.2127 	EXP 	text_5: text = 30
14.2295 	EXP 	text_5: height = 0.05
14.2295 	EXP 	text_5: height = 0.05
14.2295 	EXP 	text_5: height = 0.05
14.2295 	EXP 	text_5: text = 30
14.2463 	EXP 	text_5: height = 0.05
14.2463 	EXP 	text_5: height = 0.05
14.2463 	EXP 	text_5: height = 0.05
14.2463 	EXP 	text_5: text = 30
14.2629 	EXP 	text_5: height = 0.05
14.2629 	EXP 	text_5: height = 0.05
14.2629 	EXP 	text_5: height = 0.05
14.2629 	EXP 	text_5: text = 30
14.2794 	EXP 	text_5: height = 0.05
14.2794 	EXP 	text_5: height = 0.05
14.2794 	EXP 	text_5: height = 0.05
14.2794 	EXP 	text_5: text = 30
14.2964 	EXP 	text_5: height = 0.05
14.2964 	EXP 	text_5: height = 0.05
14.2964 	EXP 	text_5: height = 0.05
14.2964 	EXP 	text_5: text = 30
14.3127 	EXP 	text_5: height = 0.05
14.3127 	EXP 	text_5: height = 0.05
14.3127 	EXP 	text_5: height = 0.05
14.3127 	EXP 	text_5: text = 30
14.3292 	EXP 	text_5: height = 0.05
14.3292 	EXP 	text_5: height = 0.05
14.3292 	EXP 	text_5: height = 0.05
14.3292 	EXP 	text_5: text = 30
14.3465 	EXP 	text_5: height = 0.05
14.3465 	EXP 	text_5: height = 0.05
14.3465 	EXP 	text_5: height = 0.05
14.3465 	EXP 	text_5: text = 30
14.3630 	EXP 	text_5: height = 0.05
14.3630 	EXP 	text_5: height = 0.05
14.3630 	EXP 	text_5: height = 0.05
14.3630 	EXP 	text_5: text = 30
14.3795 	EXP 	text_5: height = 0.05
14.3795 	EXP 	text_5: height = 0.05
14.3795 	EXP 	text_5: height = 0.05
14.3795 	EXP 	text_5: text = 30
14.3966 	EXP 	text_5: height = 0.05
14.3966 	EXP 	text_5: height = 0.05
14.3966 	EXP 	text_5: height = 0.05
14.3966 	EXP 	text_5: text = 30
14.4128 	EXP 	text_5: height = 0.05
14.4128 	EXP 	text_5: height = 0.05
14.4128 	EXP 	text_5: height = 0.05
14.4128 	EXP 	text_5: text = 30
14.4293 	EXP 	text_5: height = 0.05
14.4293 	EXP 	text_5: height = 0.05
14.4293 	EXP 	text_5: height = 0.05
14.4293 	EXP 	text_5: text = 30
14.4460 	EXP 	text_5: height = 0.05
14.4460 	EXP 	text_5: height = 0.05
14.4460 	EXP 	text_5: height = 0.05
14.4460 	EXP 	text_5: text = 30
14.4630 	EXP 	text_5: height = 0.05
14.4630 	EXP 	text_5: height = 0.05
14.4630 	EXP 	text_5: height = 0.05
14.4630 	EXP 	text_5: text = 30
14.4795 	EXP 	text_5: height = 0.05
14.4795 	EXP 	text_5: height = 0.05
14.4795 	EXP 	text_5: height = 0.05
14.4795 	EXP 	text_5: text = 30
14.4972 	EXP 	text_5: height = 0.05
14.4972 	EXP 	text_5: height = 0.05
14.4972 	EXP 	text_5: height = 0.05
14.4972 	EXP 	text_5: text = 30
14.5126 	EXP 	text_5: height = 0.05
14.5126 	EXP 	text_5: height = 0.05
14.5126 	EXP 	text_5: height = 0.05
14.5126 	EXP 	text_5: text = 30
14.5296 	EXP 	text_5: height = 0.05
14.5296 	EXP 	text_5: height = 0.05
14.5296 	EXP 	text_5: height = 0.05
14.5296 	EXP 	text_5: text = 30
14.5460 	EXP 	text_5: height = 0.05
14.5460 	EXP 	text_5: height = 0.05
14.5460 	EXP 	text_5: height = 0.05
14.5460 	EXP 	text_5: text = 30
14.5629 	EXP 	text_5: height = 0.05
14.5629 	EXP 	text_5: height = 0.05
14.5629 	EXP 	text_5: height = 0.05
14.5629 	EXP 	text_5: text = 30
14.5796 	EXP 	text_5: height = 0.05
14.5796 	EXP 	text_5: height = 0.05
14.5796 	EXP 	text_5: height = 0.05
14.5796 	EXP 	text_5: text = 30
14.5963 	EXP 	text_5: height = 0.05
14.5963 	EXP 	text_5: height = 0.05
14.5963 	EXP 	text_5: height = 0.05
14.5963 	EXP 	text_5: text = 30
14.6126 	EXP 	text_5: height = 0.05
14.6126 	EXP 	text_5: height = 0.05
14.6126 	EXP 	text_5: height = 0.05
14.6126 	EXP 	text_5: text = 30
14.6291 	EXP 	text_5: height = 0.05
14.6291 	EXP 	text_5: height = 0.05
14.6291 	EXP 	text_5: height = 0.05
14.6291 	EXP 	text_5: text = 30
14.6464 	EXP 	text_5: height = 0.05
14.6464 	EXP 	text_5: height = 0.05
14.6464 	EXP 	text_5: height = 0.05
14.6464 	EXP 	text_5: text = 30
14.6626 	EXP 	text_5: height = 0.05
14.6626 	EXP 	text_5: height = 0.05
14.6626 	EXP 	text_5: height = 0.05
14.6626 	EXP 	text_5: text = 30
14.6791 	EXP 	text_5: height = 0.05
14.6791 	EXP 	text_5: height = 0.05
14.6791 	EXP 	text_5: height = 0.05
14.6791 	EXP 	text_5: text = 30
14.6964 	EXP 	text_5: height = 0.05
14.6964 	EXP 	text_5: height = 0.05
14.6964 	EXP 	text_5: height = 0.05
14.6964 	EXP 	text_5: text = 30
14.7123 	EXP 	text_5: height = 0.05
14.7123 	EXP 	text_5: height = 0.05
14.7123 	EXP 	text_5: height = 0.05
14.7123 	EXP 	text_5: text = 30
14.7290 	EXP 	text_5: height = 0.05
14.7290 	EXP 	text_5: height = 0.05
14.7290 	EXP 	text_5: height = 0.05
14.7290 	EXP 	text_5: text = 30
14.7460 	EXP 	text_5: height = 0.05
14.7460 	EXP 	text_5: height = 0.05
14.7460 	EXP 	text_5: height = 0.05
14.7460 	EXP 	text_5: text = 30
14.7627 	EXP 	text_5: height = 0.05
14.7627 	EXP 	text_5: height = 0.05
14.7627 	EXP 	text_5: height = 0.05
14.7627 	EXP 	text_5: text = 30
14.7794 	EXP 	text_5: height = 0.05
14.7794 	EXP 	text_5: height = 0.05
14.7794 	EXP 	text_5: height = 0.05
14.7794 	EXP 	text_5: text = 30
14.7963 	EXP 	text_5: height = 0.05
14.7963 	EXP 	text_5: height = 0.05
14.7963 	EXP 	text_5: height = 0.05
14.7963 	EXP 	text_5: text = 30
14.8128 	EXP 	text_5: height = 0.05
14.8128 	EXP 	text_5: height = 0.05
14.8128 	EXP 	text_5: height = 0.05
14.8128 	EXP 	text_5: text = 30
14.8290 	EXP 	text_5: height = 0.05
14.8290 	EXP 	text_5: height = 0.05
14.8290 	EXP 	text_5: height = 0.05
14.8290 	EXP 	text_5: text = 30
14.8457 	EXP 	text_5: height = 0.05
14.8457 	EXP 	text_5: height = 0.05
14.8457 	EXP 	text_5: height = 0.05
14.8457 	EXP 	text_5: text = 30
14.8629 	EXP 	text_5: height = 0.05
14.8629 	EXP 	text_5: height = 0.05
14.8629 	EXP 	text_5: height = 0.05
14.8629 	EXP 	text_5: text = 30
14.8793 	EXP 	text_5: height = 0.05
14.8793 	EXP 	text_5: height = 0.05
14.8793 	EXP 	text_5: height = 0.05
14.8793 	EXP 	text_5: text = 30
14.8963 	EXP 	text_5: height = 0.05
14.8963 	EXP 	text_5: height = 0.05
14.8963 	EXP 	text_5: height = 0.05
14.8963 	EXP 	text_5: text = 30
14.9123 	EXP 	text_5: height = 0.05
14.9123 	EXP 	text_5: height = 0.05
14.9123 	EXP 	text_5: height = 0.05
14.9123 	EXP 	text_5: text = 30
14.9293 	EXP 	text_5: height = 0.05
14.9293 	EXP 	text_5: height = 0.05
14.9293 	EXP 	text_5: height = 0.05
14.9293 	EXP 	text_5: text = 30
14.9465 	EXP 	text_5: height = 0.05
14.9465 	EXP 	text_5: height = 0.05
14.9465 	EXP 	text_5: height = 0.05
14.9465 	EXP 	text_5: text = 30
14.9625 	EXP 	text_5: height = 0.05
14.9625 	EXP 	text_5: height = 0.05
14.9625 	EXP 	text_5: height = 0.05
14.9625 	EXP 	text_5: text = 30
14.9796 	EXP 	text_5: height = 0.05
14.9796 	EXP 	text_5: height = 0.05
14.9796 	EXP 	text_5: height = 0.05
14.9796 	EXP 	text_5: text = 30
14.9964 	EXP 	text_5: height = 0.05
14.9964 	EXP 	text_5: height = 0.05
14.9964 	EXP 	text_5: height = 0.05
14.9964 	EXP 	text_5: text = 30
15.0128 	EXP 	text_5: height = 0.05
15.0128 	EXP 	text_5: height = 0.05
15.0128 	EXP 	text_5: height = 0.05
15.0128 	EXP 	text_5: text = 30
15.0290 	EXP 	text_5: height = 0.05
15.0290 	EXP 	text_5: height = 0.05
15.0290 	EXP 	text_5: height = 0.05
15.0290 	EXP 	text_5: text = 30
15.0459 	EXP 	text_5: height = 0.05
15.0459 	EXP 	text_5: height = 0.05
15.0459 	EXP 	text_5: height = 0.05
15.0459 	EXP 	text_5: text = 30
15.0630 	EXP 	text_5: height = 0.05
15.0630 	EXP 	text_5: height = 0.05
15.0630 	EXP 	text_5: height = 0.05
15.0630 	EXP 	text_5: text = 30
15.0790 	EXP 	text_5: height = 0.05
15.0790 	EXP 	text_5: height = 0.05
15.0790 	EXP 	text_5: height = 0.05
15.0790 	EXP 	text_5: text = 30
15.0964 	EXP 	text_5: height = 0.05
15.0964 	EXP 	text_5: height = 0.05
15.0964 	EXP 	text_5: height = 0.05
15.0964 	EXP 	text_5: text = 30
15.1134 	EXP 	text_5: height = 0.05
15.1134 	EXP 	text_5: height = 0.05
15.1134 	EXP 	text_5: height = 0.05
15.1134 	EXP 	text_5: text = 30
15.1291 	EXP 	text_5: height = 0.05
15.1291 	EXP 	text_5: height = 0.05
15.1291 	EXP 	text_5: height = 0.05
15.1291 	EXP 	text_5: text = 30
15.1466 	EXP 	text_5: height = 0.05
15.1466 	EXP 	text_5: height = 0.05
15.1466 	EXP 	text_5: height = 0.05
15.1466 	EXP 	text_5: text = 30
15.1626 	EXP 	text_5: height = 0.05
15.1626 	EXP 	text_5: height = 0.05
15.1626 	EXP 	text_5: height = 0.05
15.1626 	EXP 	text_5: text = 30
15.1791 	EXP 	text_5: height = 0.05
15.1791 	EXP 	text_5: height = 0.05
15.1791 	EXP 	text_5: height = 0.05
15.1791 	EXP 	text_5: text = 30
15.1963 	EXP 	text_5: height = 0.05
15.1963 	EXP 	text_5: height = 0.05
15.1963 	EXP 	text_5: height = 0.05
15.1963 	EXP 	text_5: text = 30
15.2123 	EXP 	text_5: height = 0.05
15.2123 	EXP 	text_5: height = 0.05
15.2123 	EXP 	text_5: height = 0.05
15.2123 	EXP 	text_5: text = 30
15.2296 	EXP 	text_5: height = 0.05
15.2296 	EXP 	text_5: height = 0.05
15.2296 	EXP 	text_5: height = 0.05
15.2296 	EXP 	text_5: text = 30
15.2460 	EXP 	text_5: height = 0.05
15.2460 	EXP 	text_5: height = 0.05
15.2460 	EXP 	text_5: height = 0.05
15.2460 	EXP 	text_5: text = 30
15.2622 	EXP 	text_5: height = 0.05
15.2622 	EXP 	text_5: height = 0.05
15.2622 	EXP 	text_5: height = 0.05
15.2622 	EXP 	text_5: text = 30
15.2788 	EXP 	text_5: height = 0.05
15.2788 	EXP 	text_5: height = 0.05
15.2788 	EXP 	text_5: height = 0.05
15.2788 	EXP 	text_5: text = 30
15.2959 	EXP 	text_5: height = 0.05
15.2959 	EXP 	text_5: height = 0.05
15.2959 	EXP 	text_5: height = 0.05
15.2959 	EXP 	text_5: text = 30
15.3121 	EXP 	text_5: height = 0.05
15.3121 	EXP 	text_5: height = 0.05
15.3121 	EXP 	text_5: height = 0.05
15.3121 	EXP 	text_5: text = 30
15.3289 	EXP 	text_5: height = 0.05
15.3289 	EXP 	text_5: height = 0.05
15.3289 	EXP 	text_5: height = 0.05
15.3289 	EXP 	text_5: text = 30
15.3457 	EXP 	text_5: height = 0.05
15.3457 	EXP 	text_5: height = 0.05
15.3457 	EXP 	text_5: height = 0.05
15.3457 	EXP 	text_5: text = 30
15.3627 	EXP 	text_5: height = 0.05
15.3627 	EXP 	text_5: height = 0.05
15.3627 	EXP 	text_5: height = 0.05
15.3627 	EXP 	text_5: text = 30
15.3790 	EXP 	text_5: height = 0.05
15.3790 	EXP 	text_5: height = 0.05
15.3790 	EXP 	text_5: height = 0.05
15.3790 	EXP 	text_5: text = 30
15.3958 	EXP 	text_5: height = 0.05
15.3958 	EXP 	text_5: height = 0.05
15.3958 	EXP 	text_5: height = 0.05
15.3958 	EXP 	text_5: text = 30
15.4129 	EXP 	text_5: height = 0.05
15.4129 	EXP 	text_5: height = 0.05
15.4129 	EXP 	text_5: height = 0.05
15.4129 	EXP 	text_5: text = 30
15.4290 	EXP 	text_5: height = 0.05
15.4290 	EXP 	text_5: height = 0.05
15.4290 	EXP 	text_5: height = 0.05
15.4290 	EXP 	text_5: text = 30
15.4460 	EXP 	text_5: height = 0.05
15.4460 	EXP 	text_5: height = 0.05
15.4460 	EXP 	text_5: height = 0.05
15.4460 	EXP 	text_5: text = 30
15.4630 	EXP 	text_5: height = 0.05
15.4630 	EXP 	text_5: height = 0.05
15.4630 	EXP 	text_5: height = 0.05
15.4630 	EXP 	text_5: text = 30
15.4787 	EXP 	text_5: height = 0.05
15.4787 	EXP 	text_5: height = 0.05
15.4787 	EXP 	text_5: height = 0.05
15.4787 	EXP 	text_5: text = 30
15.4958 	EXP 	text_5: height = 0.05
15.4958 	EXP 	text_5: height = 0.05
15.4958 	EXP 	text_5: height = 0.05
15.4958 	EXP 	text_5: text = 30
15.5127 	EXP 	text_5: height = 0.05
15.5127 	EXP 	text_5: height = 0.05
15.5127 	EXP 	text_5: height = 0.05
15.5127 	EXP 	text_5: text = 30
15.5290 	EXP 	text_5: height = 0.05
15.5290 	EXP 	text_5: height = 0.05
15.5290 	EXP 	text_5: height = 0.05
15.5290 	EXP 	text_5: text = 30
15.5458 	EXP 	text_5: height = 0.05
15.5458 	EXP 	text_5: height = 0.05
15.5458 	EXP 	text_5: height = 0.05
15.5458 	EXP 	text_5: text = 30
15.5623 	EXP 	text_5: height = 0.05
15.5623 	EXP 	text_5: height = 0.05
15.5623 	EXP 	text_5: height = 0.05
15.5623 	EXP 	text_5: text = 30
15.5788 	EXP 	text_5: height = 0.05
15.5788 	EXP 	text_5: height = 0.05
15.5788 	EXP 	text_5: height = 0.05
15.5788 	EXP 	text_5: text = 30
15.5959 	EXP 	text_5: height = 0.05
15.5959 	EXP 	text_5: height = 0.05
15.5959 	EXP 	text_5: height = 0.05
15.5959 	EXP 	text_5: text = 30
15.6120 	EXP 	text_5: height = 0.05
15.6120 	EXP 	text_5: height = 0.05
15.6120 	EXP 	text_5: height = 0.05
15.6120 	EXP 	text_5: text = 30
15.6290 	EXP 	text_5: height = 0.05
15.6290 	EXP 	text_5: height = 0.05
15.6290 	EXP 	text_5: height = 0.05
15.6290 	EXP 	text_5: text = 30
15.6456 	EXP 	text_5: height = 0.05
15.6456 	EXP 	text_5: height = 0.05
15.6456 	EXP 	text_5: height = 0.05
15.6456 	EXP 	text_5: text = 30
15.6628 	EXP 	text_5: height = 0.05
15.6628 	EXP 	text_5: height = 0.05
15.6628 	EXP 	text_5: height = 0.05
15.6628 	EXP 	text_5: text = 30
15.6789 	EXP 	text_5: height = 0.05
15.6789 	EXP 	text_5: height = 0.05
15.6789 	EXP 	text_5: height = 0.05
15.6789 	EXP 	text_5: text = 30
15.6956 	EXP 	text_5: height = 0.05
15.6956 	EXP 	text_5: height = 0.05
15.6956 	EXP 	text_5: height = 0.05
15.6956 	EXP 	text_5: text = 30
15.7125 	EXP 	text_5: height = 0.05
15.7125 	EXP 	text_5: height = 0.05
15.7125 	EXP 	text_5: height = 0.05
15.7125 	EXP 	text_5: text = 30
15.7286 	EXP 	text_5: height = 0.05
15.7286 	EXP 	text_5: height = 0.05
15.7286 	EXP 	text_5: height = 0.05
15.7286 	EXP 	text_5: text = 30
15.7458 	EXP 	text_5: height = 0.05
15.7458 	EXP 	text_5: height = 0.05
15.7458 	EXP 	text_5: height = 0.05
15.7458 	EXP 	text_5: text = 30
15.7622 	EXP 	text_5: height = 0.05
15.7622 	EXP 	text_5: height = 0.05
15.7622 	EXP 	text_5: height = 0.05
15.7622 	EXP 	text_5: text = 30
15.7789 	EXP 	text_5: height = 0.05
15.7789 	EXP 	text_5: height = 0.05
15.7789 	EXP 	text_5: height = 0.05
15.7789 	EXP 	text_5: text = 30
15.7956 	EXP 	text_5: height = 0.05
15.7956 	EXP 	text_5: height = 0.05
15.7956 	EXP 	text_5: height = 0.05
15.7956 	EXP 	text_5: text = 30
15.8127 	EXP 	text_5: height = 0.05
15.8127 	EXP 	text_5: height = 0.05
15.8127 	EXP 	text_5: height = 0.05
15.8127 	EXP 	text_5: text = 30
15.8291 	EXP 	text_5: height = 0.05
15.8291 	EXP 	text_5: height = 0.05
15.8291 	EXP 	text_5: height = 0.05
15.8291 	EXP 	text_5: text = 30
15.8460 	EXP 	text_5: height = 0.05
15.8460 	EXP 	text_5: height = 0.05
15.8460 	EXP 	text_5: height = 0.05
15.8460 	EXP 	text_5: text = 30
15.8624 	EXP 	text_5: height = 0.05
15.8624 	EXP 	text_5: height = 0.05
15.8624 	EXP 	text_5: height = 0.05
15.8624 	EXP 	text_5: text = 30
15.8787 	EXP 	text_5: height = 0.05
15.8787 	EXP 	text_5: height = 0.05
15.8787 	EXP 	text_5: height = 0.05
15.8787 	EXP 	text_5: text = 30
15.8959 	EXP 	text_5: height = 0.05
15.8959 	EXP 	text_5: height = 0.05
15.8959 	EXP 	text_5: height = 0.05
15.8959 	EXP 	text_5: text = 30
15.9127 	EXP 	text_5: height = 0.05
15.9127 	EXP 	text_5: height = 0.05
15.9127 	EXP 	text_5: height = 0.05
15.9127 	EXP 	text_5: text = 30
15.9289 	EXP 	text_5: height = 0.05
15.9289 	EXP 	text_5: height = 0.05
15.9289 	EXP 	text_5: height = 0.05
15.9289 	EXP 	text_5: text = 30
15.9455 	EXP 	text_5: height = 0.05
15.9455 	EXP 	text_5: height = 0.05
15.9455 	EXP 	text_5: height = 0.05
15.9455 	EXP 	text_5: text = 30
15.9620 	EXP 	text_5: height = 0.05
15.9620 	EXP 	text_5: height = 0.05
15.9620 	EXP 	text_5: height = 0.05
15.9620 	EXP 	text_5: text = 30
15.9791 	EXP 	text_5: height = 0.05
15.9791 	EXP 	text_5: height = 0.05
15.9791 	EXP 	text_5: height = 0.05
15.9791 	EXP 	text_5: text = 30
15.9959 	EXP 	text_5: height = 0.05
15.9959 	EXP 	text_5: height = 0.05
15.9959 	EXP 	text_5: height = 0.05
15.9959 	EXP 	text_5: text = 30
16.0120 	EXP 	text_5: height = 0.05
16.0120 	EXP 	text_5: height = 0.05
16.0120 	EXP 	text_5: height = 0.05
16.0120 	EXP 	text_5: text = 30
16.0287 	EXP 	text_5: height = 0.05
16.0287 	EXP 	text_5: height = 0.05
16.0287 	EXP 	text_5: height = 0.05
16.0287 	EXP 	text_5: text = 30
16.0457 	EXP 	text_5: height = 0.05
16.0457 	EXP 	text_5: height = 0.05
16.0457 	EXP 	text_5: height = 0.05
16.0457 	EXP 	text_5: text = 30
16.0621 	EXP 	text_5: height = 0.05
16.0621 	EXP 	text_5: height = 0.05
16.0621 	EXP 	text_5: height = 0.05
16.0621 	EXP 	text_5: text = 30
16.0787 	EXP 	text_5: height = 0.05
16.0787 	EXP 	text_5: height = 0.05
16.0787 	EXP 	text_5: height = 0.05
16.0787 	EXP 	text_5: text = 30
16.0956 	EXP 	text_5: height = 0.05
16.0956 	EXP 	text_5: height = 0.05
16.0956 	EXP 	text_5: height = 0.05
16.0956 	EXP 	text_5: text = 30
16.1126 	EXP 	text_5: height = 0.05
16.1126 	EXP 	text_5: height = 0.05
16.1126 	EXP 	text_5: height = 0.05
16.1126 	EXP 	text_5: text = 30
16.1287 	EXP 	text_5: height = 0.05
16.1287 	EXP 	text_5: height = 0.05
16.1287 	EXP 	text_5: height = 0.05
16.1287 	EXP 	text_5: text = 30
16.1456 	EXP 	text_5: height = 0.05
16.1456 	EXP 	text_5: height = 0.05
16.1456 	EXP 	text_5: height = 0.05
16.1456 	EXP 	text_5: text = 30
16.1619 	EXP 	text_5: height = 0.05
16.1619 	EXP 	text_5: height = 0.05
16.1619 	EXP 	text_5: height = 0.05
16.1619 	EXP 	text_5: text = 30
16.1786 	EXP 	text_5: height = 0.05
16.1786 	EXP 	text_5: height = 0.05
16.1786 	EXP 	text_5: height = 0.05
16.1786 	EXP 	text_5: text = 30
16.1954 	EXP 	text_5: height = 0.05
16.1954 	EXP 	text_5: height = 0.05
16.1954 	EXP 	text_5: height = 0.05
16.1954 	EXP 	text_5: text = 30
16.2123 	EXP 	text_5: height = 0.05
16.2123 	EXP 	text_5: height = 0.05
16.2123 	EXP 	text_5: height = 0.05
16.2123 	EXP 	text_5: text = 30
16.2287 	EXP 	text_5: height = 0.05
16.2287 	EXP 	text_5: height = 0.05
16.2287 	EXP 	text_5: height = 0.05
16.2287 	EXP 	text_5: text = 30
16.2458 	EXP 	text_5: height = 0.05
16.2458 	EXP 	text_5: height = 0.05
16.2458 	EXP 	text_5: height = 0.05
16.2458 	EXP 	text_5: text = 30
16.2622 	EXP 	text_5: height = 0.05
16.2622 	EXP 	text_5: height = 0.05
16.2622 	EXP 	text_5: height = 0.05
16.2622 	EXP 	text_5: text = 30
16.2789 	EXP 	text_5: height = 0.05
16.2789 	EXP 	text_5: height = 0.05
16.2789 	EXP 	text_5: height = 0.05
16.2789 	EXP 	text_5: text = 30
16.2958 	EXP 	text_5: height = 0.05
16.2958 	EXP 	text_5: height = 0.05
16.2958 	EXP 	text_5: height = 0.05
16.2958 	EXP 	text_5: text = 30
16.3126 	EXP 	text_5: height = 0.05
16.3126 	EXP 	text_5: height = 0.05
16.3126 	EXP 	text_5: height = 0.05
16.3126 	EXP 	text_5: text = 30
16.3285 	EXP 	text_5: height = 0.05
16.3285 	EXP 	text_5: height = 0.05
16.3285 	EXP 	text_5: height = 0.05
16.3285 	EXP 	text_5: text = 30
16.3457 	EXP 	text_5: height = 0.05
16.3457 	EXP 	text_5: height = 0.05
16.3457 	EXP 	text_5: height = 0.05
16.3457 	EXP 	text_5: text = 30
16.3620 	EXP 	text_5: height = 0.05
16.3620 	EXP 	text_5: height = 0.05
16.3620 	EXP 	text_5: height = 0.05
16.3620 	EXP 	text_5: text = 30
16.3787 	EXP 	text_5: height = 0.05
16.3787 	EXP 	text_5: height = 0.05
16.3787 	EXP 	text_5: height = 0.05
16.3787 	EXP 	text_5: text = 30
16.3957 	EXP 	text_5: height = 0.05
16.3957 	EXP 	text_5: height = 0.05
16.3957 	EXP 	text_5: height = 0.05
16.3957 	EXP 	text_5: text = 30
16.4125 	EXP 	text_5: height = 0.05
16.4125 	EXP 	text_5: height = 0.05
16.4125 	EXP 	text_5: height = 0.05
16.4125 	EXP 	text_5: text = 30
16.4289 	EXP 	text_5: height = 0.05
16.4289 	EXP 	text_5: height = 0.05
16.4289 	EXP 	text_5: height = 0.05
16.4289 	EXP 	text_5: text = 30
16.4455 	EXP 	text_5: height = 0.05
16.4455 	EXP 	text_5: height = 0.05
16.4455 	EXP 	text_5: height = 0.05
16.4455 	EXP 	text_5: text = 30
16.4624 	EXP 	text_5: height = 0.05
16.4624 	EXP 	text_5: height = 0.05
16.4624 	EXP 	text_5: height = 0.05
16.4624 	EXP 	text_5: text = 30
16.4787 	EXP 	text_5: height = 0.05
16.4787 	EXP 	text_5: height = 0.05
16.4787 	EXP 	text_5: height = 0.05
16.4787 	EXP 	text_5: text = 30
16.4958 	EXP 	text_5: height = 0.05
16.4958 	EXP 	text_5: height = 0.05
16.4958 	EXP 	text_5: height = 0.05
16.4958 	EXP 	text_5: text = 30
16.5118 	EXP 	text_5: height = 0.05
16.5118 	EXP 	text_5: height = 0.05
16.5118 	EXP 	text_5: height = 0.05
16.5118 	EXP 	text_5: text = 30
16.5289 	EXP 	text_5: height = 0.05
16.5289 	EXP 	text_5: height = 0.05
16.5289 	EXP 	text_5: height = 0.05
16.5289 	EXP 	text_5: text = 30
16.5455 	EXP 	text_5: height = 0.05
16.5455 	EXP 	text_5: height = 0.05
16.5455 	EXP 	text_5: height = 0.05
16.5455 	EXP 	text_5: text = 30
16.5623 	EXP 	text_5: height = 0.05
16.5623 	EXP 	text_5: height = 0.05
16.5623 	EXP 	text_5: height = 0.05
16.5623 	EXP 	text_5: text = 30
16.5786 	EXP 	text_5: height = 0.05
16.5786 	EXP 	text_5: height = 0.05
16.5786 	EXP 	text_5: height = 0.05
16.5786 	EXP 	text_5: text = 30
16.5958 	EXP 	text_5: height = 0.05
16.5958 	EXP 	text_5: height = 0.05
16.5958 	EXP 	text_5: height = 0.05
16.5958 	EXP 	text_5: text = 30
16.6123 	EXP 	text_5: height = 0.05
16.6123 	EXP 	text_5: height = 0.05
16.6123 	EXP 	text_5: height = 0.05
16.6123 	EXP 	text_5: text = 30
16.6287 	EXP 	text_5: height = 0.05
16.6287 	EXP 	text_5: height = 0.05
16.6287 	EXP 	text_5: height = 0.05
16.6287 	EXP 	text_5: text = 30
16.6462 	EXP 	text_5: height = 0.05
16.6462 	EXP 	text_5: height = 0.05
16.6462 	EXP 	text_5: height = 0.05
16.6462 	EXP 	text_5: text = 30
16.6624 	EXP 	text_5: height = 0.05
16.6624 	EXP 	text_5: height = 0.05
16.6624 	EXP 	text_5: height = 0.05
16.6624 	EXP 	text_5: text = 30
16.6789 	EXP 	text_5: height = 0.05
16.6789 	EXP 	text_5: height = 0.05
16.6789 	EXP 	text_5: height = 0.05
16.6789 	EXP 	text_5: text = 30
16.6955 	EXP 	text_5: height = 0.05
16.6955 	EXP 	text_5: height = 0.05
16.6955 	EXP 	text_5: height = 0.05
16.6955 	EXP 	text_5: text = 30
16.7118 	EXP 	text_5: height = 0.05
16.7118 	EXP 	text_5: height = 0.05
16.7118 	EXP 	text_5: height = 0.05
16.7118 	EXP 	text_5: text = 30
16.7286 	EXP 	text_5: height = 0.05
16.7286 	EXP 	text_5: height = 0.05
16.7286 	EXP 	text_5: height = 0.05
16.7286 	EXP 	text_5: text = 30
16.7454 	EXP 	text_5: height = 0.05
16.7454 	EXP 	text_5: height = 0.05
16.7454 	EXP 	text_5: height = 0.05
16.7454 	EXP 	text_5: text = 30
16.7620 	EXP 	text_5: height = 0.05
16.7620 	EXP 	text_5: height = 0.05
16.7620 	EXP 	text_5: height = 0.05
16.7620 	EXP 	text_5: text = 30
16.7785 	EXP 	text_5: height = 0.05
16.7785 	EXP 	text_5: height = 0.05
16.7785 	EXP 	text_5: height = 0.05
16.7785 	EXP 	text_5: text = 30
16.7958 	EXP 	text_5: height = 0.05
16.7958 	EXP 	text_5: height = 0.05
16.7958 	EXP 	text_5: height = 0.05
16.7958 	EXP 	text_5: text = 30
16.8121 	EXP 	text_5: height = 0.05
16.8121 	EXP 	text_5: height = 0.05
16.8121 	EXP 	text_5: height = 0.05
16.8121 	EXP 	text_5: text = 30
16.8289 	EXP 	text_5: height = 0.05
16.8289 	EXP 	text_5: height = 0.05
16.8289 	EXP 	text_5: height = 0.05
16.8289 	EXP 	text_5: text = 30
16.8457 	EXP 	text_5: height = 0.05
16.8457 	EXP 	text_5: height = 0.05
16.8457 	EXP 	text_5: height = 0.05
16.8457 	EXP 	text_5: text = 30
16.8619 	EXP 	text_5: height = 0.05
16.8619 	EXP 	text_5: height = 0.05
16.8619 	EXP 	text_5: height = 0.05
16.8619 	EXP 	text_5: text = 30
16.8789 	EXP 	text_5: height = 0.05
16.8789 	EXP 	text_5: height = 0.05
16.8789 	EXP 	text_5: height = 0.05
16.8789 	EXP 	text_5: text = 30
16.8956 	EXP 	text_5: height = 0.05
16.8956 	EXP 	text_5: height = 0.05
16.8956 	EXP 	text_5: height = 0.05
16.8956 	EXP 	text_5: text = 30
16.9123 	EXP 	text_5: height = 0.05
16.9123 	EXP 	text_5: height = 0.05
16.9123 	EXP 	text_5: height = 0.05
16.9123 	EXP 	text_5: text = 30
16.9284 	EXP 	text_5: height = 0.05
16.9284 	EXP 	text_5: height = 0.05
16.9284 	EXP 	text_5: height = 0.05
16.9284 	EXP 	text_5: text = 30
16.9457 	EXP 	text_5: height = 0.05
16.9457 	EXP 	text_5: height = 0.05
16.9457 	EXP 	text_5: height = 0.05
16.9457 	EXP 	text_5: text = 30
16.9617 	EXP 	text_5: height = 0.05
16.9617 	EXP 	text_5: height = 0.05
16.9617 	EXP 	text_5: height = 0.05
16.9617 	EXP 	text_5: text = 30
16.9785 	EXP 	text_5: height = 0.05
16.9785 	EXP 	text_5: height = 0.05
16.9785 	EXP 	text_5: height = 0.05
16.9785 	EXP 	text_5: text = 30
16.9960 	EXP 	text_5: height = 0.05
16.9960 	EXP 	text_5: height = 0.05
16.9960 	EXP 	text_5: height = 0.05
16.9960 	EXP 	text_5: text = 30
17.0124 	EXP 	text_5: height = 0.05
17.0124 	EXP 	text_5: height = 0.05
17.0124 	EXP 	text_5: height = 0.05
17.0124 	EXP 	text_5: text = 30
17.0285 	EXP 	text_5: height = 0.05
17.0285 	EXP 	text_5: height = 0.05
17.0285 	EXP 	text_5: height = 0.05
17.0285 	EXP 	text_5: text = 30
17.0458 	EXP 	text_5: height = 0.05
17.0458 	EXP 	text_5: height = 0.05
17.0458 	EXP 	text_5: height = 0.05
17.0458 	EXP 	text_5: text = 30
17.0615 	EXP 	text_5: height = 0.05
17.0615 	EXP 	text_5: height = 0.05
17.0615 	EXP 	text_5: height = 0.05
17.0615 	EXP 	text_5: text = 30
17.0787 	EXP 	text_5: height = 0.05
17.0787 	EXP 	text_5: height = 0.05
17.0787 	EXP 	text_5: height = 0.05
17.0787 	EXP 	text_5: text = 30
17.0955 	EXP 	text_5: height = 0.05
17.0955 	EXP 	text_5: height = 0.05
17.0955 	EXP 	text_5: height = 0.05
17.0955 	EXP 	text_5: text = 30
17.1118 	EXP 	text_5: height = 0.05
17.1118 	EXP 	text_5: height = 0.05
17.1118 	EXP 	text_5: height = 0.05
17.1118 	EXP 	text_5: text = 30
17.1288 	EXP 	text_5: height = 0.05
17.1288 	EXP 	text_5: height = 0.05
17.1288 	EXP 	text_5: height = 0.05
17.1288 	EXP 	text_5: text = 30
17.1457 	EXP 	text_5: height = 0.05
17.1457 	EXP 	text_5: height = 0.05
17.1457 	EXP 	text_5: height = 0.05
17.1457 	EXP 	text_5: text = 30
17.1619 	EXP 	text_5: height = 0.05
17.1619 	EXP 	text_5: height = 0.05
17.1619 	EXP 	text_5: height = 0.05
17.1619 	EXP 	text_5: text = 30
17.1787 	EXP 	text_5: height = 0.05
17.1787 	EXP 	text_5: height = 0.05
17.1787 	EXP 	text_5: height = 0.05
17.1787 	EXP 	text_5: text = 30
17.1954 	EXP 	text_5: height = 0.05
17.1954 	EXP 	text_5: height = 0.05
17.1954 	EXP 	text_5: height = 0.05
17.1954 	EXP 	text_5: text = 30
17.2117 	EXP 	text_5: height = 0.05
17.2117 	EXP 	text_5: height = 0.05
17.2117 	EXP 	text_5: height = 0.05
17.2117 	EXP 	text_5: text = 30
17.2290 	EXP 	text_5: height = 0.05
17.2290 	EXP 	text_5: height = 0.05
17.2290 	EXP 	text_5: height = 0.05
17.2290 	EXP 	text_5: text = 30
17.2453 	EXP 	text_5: height = 0.05
17.2453 	EXP 	text_5: height = 0.05
17.2453 	EXP 	text_5: height = 0.05
17.2453 	EXP 	text_5: text = 30
17.2618 	EXP 	text_5: height = 0.05
17.2618 	EXP 	text_5: height = 0.05
17.2618 	EXP 	text_5: height = 0.05
17.2618 	EXP 	text_5: text = 30
17.2784 	EXP 	text_5: height = 0.05
17.2784 	EXP 	text_5: height = 0.05
17.2784 	EXP 	text_5: height = 0.05
17.2784 	EXP 	text_5: text = 30
17.2955 	EXP 	text_5: height = 0.05
17.2955 	EXP 	text_5: height = 0.05
17.2955 	EXP 	text_5: height = 0.05
17.2955 	EXP 	text_5: text = 30
17.3118 	EXP 	text_5: height = 0.05
17.3118 	EXP 	text_5: height = 0.05
17.3118 	EXP 	text_5: height = 0.05
17.3118 	EXP 	text_5: text = 30
17.3287 	EXP 	text_5: height = 0.05
17.3287 	EXP 	text_5: height = 0.05
17.3287 	EXP 	text_5: height = 0.05
17.3287 	EXP 	text_5: text = 30
17.3450 	EXP 	text_5: height = 0.05
17.3450 	EXP 	text_5: height = 0.05
17.3450 	EXP 	text_5: height = 0.05
17.3450 	EXP 	text_5: text = 30
17.3620 	EXP 	text_5: height = 0.05
17.3620 	EXP 	text_5: height = 0.05
17.3620 	EXP 	text_5: height = 0.05
17.3620 	EXP 	text_5: text = 30
17.3780 	EXP 	text_5: height = 0.05
17.3780 	EXP 	text_5: height = 0.05
17.3780 	EXP 	text_5: height = 0.05
17.3780 	EXP 	text_5: text = 30
17.3951 	EXP 	text_5: height = 0.05
17.3951 	EXP 	text_5: height = 0.05
17.3951 	EXP 	text_5: height = 0.05
17.3951 	EXP 	text_5: text = 30
17.4120 	EXP 	text_5: height = 0.05
17.4120 	EXP 	text_5: height = 0.05
17.4120 	EXP 	text_5: height = 0.05
17.4120 	EXP 	text_5: text = 30
17.4283 	EXP 	text_5: height = 0.05
17.4283 	EXP 	text_5: height = 0.05
17.4283 	EXP 	text_5: height = 0.05
17.4283 	EXP 	text_5: text = 30
17.4454 	EXP 	text_5: height = 0.05
17.4454 	EXP 	text_5: height = 0.05
17.4454 	EXP 	text_5: height = 0.05
17.4454 	EXP 	text_5: text = 30
17.4620 	EXP 	text_5: height = 0.05
17.4620 	EXP 	text_5: height = 0.05
17.4620 	EXP 	text_5: height = 0.05
17.4620 	EXP 	text_5: text = 30
17.4786 	EXP 	text_5: height = 0.05
17.4786 	EXP 	text_5: height = 0.05
17.4786 	EXP 	text_5: height = 0.05
17.4786 	EXP 	text_5: text = 30
17.4953 	EXP 	text_5: height = 0.05
17.4953 	EXP 	text_5: height = 0.05
17.4953 	EXP 	text_5: height = 0.05
17.4953 	EXP 	text_5: text = 30
17.5119 	EXP 	text_5: height = 0.05
17.5119 	EXP 	text_5: height = 0.05
17.5119 	EXP 	text_5: height = 0.05
17.5119 	EXP 	text_5: text = 30
17.5284 	EXP 	text_5: height = 0.05
17.5284 	EXP 	text_5: height = 0.05
17.5284 	EXP 	text_5: height = 0.05
17.5284 	EXP 	text_5: text = 30
17.5453 	EXP 	text_5: height = 0.05
17.5453 	EXP 	text_5: height = 0.05
17.5453 	EXP 	text_5: height = 0.05
17.5453 	EXP 	text_5: text = 30
17.5620 	EXP 	text_5: height = 0.05
17.5620 	EXP 	text_5: height = 0.05
17.5620 	EXP 	text_5: height = 0.05
17.5620 	EXP 	text_5: text = 30
17.5782 	EXP 	text_5: height = 0.05
17.5782 	EXP 	text_5: height = 0.05
17.5782 	EXP 	text_5: height = 0.05
17.5782 	EXP 	text_5: text = 30
17.5955 	EXP 	text_5: height = 0.05
17.5955 	EXP 	text_5: height = 0.05
17.5955 	EXP 	text_5: height = 0.05
17.5955 	EXP 	text_5: text = 30
17.6121 	EXP 	text_5: height = 0.05
17.6121 	EXP 	text_5: height = 0.05
17.6121 	EXP 	text_5: height = 0.05
17.6121 	EXP 	text_5: text = 30
17.6281 	EXP 	text_5: height = 0.05
17.6281 	EXP 	text_5: height = 0.05
17.6281 	EXP 	text_5: height = 0.05
17.6281 	EXP 	text_5: text = 30
17.6453 	EXP 	text_5: height = 0.05
17.6453 	EXP 	text_5: height = 0.05
17.6453 	EXP 	text_5: height = 0.05
17.6453 	EXP 	text_5: text = 30
17.6617 	EXP 	text_5: height = 0.05
17.6617 	EXP 	text_5: height = 0.05
17.6617 	EXP 	text_5: height = 0.05
17.6617 	EXP 	text_5: text = 30
17.6789 	EXP 	text_5: height = 0.05
17.6789 	EXP 	text_5: height = 0.05
17.6789 	EXP 	text_5: height = 0.05
17.6789 	EXP 	text_5: text = 30
17.6956 	EXP 	text_5: height = 0.05
17.6956 	EXP 	text_5: height = 0.05
17.6956 	EXP 	text_5: height = 0.05
17.6956 	EXP 	text_5: text = 30
17.7123 	EXP 	text_5: height = 0.05
17.7123 	EXP 	text_5: height = 0.05
17.7123 	EXP 	text_5: height = 0.05
17.7123 	EXP 	text_5: text = 30
17.7281 	EXP 	text_5: height = 0.05
17.7281 	EXP 	text_5: height = 0.05
17.7281 	EXP 	text_5: height = 0.05
17.7281 	EXP 	text_5: text = 30
17.7456 	EXP 	text_5: height = 0.05
17.7456 	EXP 	text_5: height = 0.05
17.7456 	EXP 	text_5: height = 0.05
17.7456 	EXP 	text_5: text = 30
17.7619 	EXP 	text_5: height = 0.05
17.7619 	EXP 	text_5: height = 0.05
17.7619 	EXP 	text_5: height = 0.05
17.7619 	EXP 	text_5: text = 30
17.7790 	EXP 	text_5: height = 0.05
17.7790 	EXP 	text_5: height = 0.05
17.7790 	EXP 	text_5: height = 0.05
17.7790 	EXP 	text_5: text = 30
17.7951 	EXP 	text_5: height = 0.05
17.7951 	EXP 	text_5: height = 0.05
17.7951 	EXP 	text_5: height = 0.05
17.7951 	EXP 	text_5: text = 30
17.8119 	EXP 	text_5: height = 0.05
17.8119 	EXP 	text_5: height = 0.05
17.8119 	EXP 	text_5: height = 0.05
17.8119 	EXP 	text_5: text = 30
17.8283 	EXP 	text_5: height = 0.05
17.8283 	EXP 	text_5: height = 0.05
17.8283 	EXP 	text_5: height = 0.05
17.8283 	EXP 	text_5: text = 30
17.8454 	EXP 	text_5: height = 0.05
17.8454 	EXP 	text_5: height = 0.05
17.8454 	EXP 	text_5: height = 0.05
17.8454 	EXP 	text_5: text = 30
17.8619 	EXP 	text_5: height = 0.05
17.8619 	EXP 	text_5: height = 0.05
17.8619 	EXP 	text_5: height = 0.05
17.8619 	EXP 	text_5: text = 30
17.8781 	EXP 	text_5: height = 0.05
17.8781 	EXP 	text_5: height = 0.05
17.8781 	EXP 	text_5: height = 0.05
17.8781 	EXP 	text_5: text = 30
17.8953 	EXP 	text_5: height = 0.05
17.8953 	EXP 	text_5: height = 0.05
17.8953 	EXP 	text_5: height = 0.05
17.8953 	EXP 	text_5: text = 30
17.9116 	EXP 	text_5: height = 0.05
17.9116 	EXP 	text_5: height = 0.05
17.9116 	EXP 	text_5: height = 0.05
17.9116 	EXP 	text_5: text = 30
17.9287 	EXP 	text_5: height = 0.05
17.9287 	EXP 	text_5: height = 0.05
17.9287 	EXP 	text_5: height = 0.05
17.9287 	EXP 	text_5: text = 30
17.9451 	EXP 	text_5: height = 0.05
17.9451 	EXP 	text_5: height = 0.05
17.9451 	EXP 	text_5: height = 0.05
17.9451 	EXP 	text_5: text = 30
17.9622 	EXP 	text_5: height = 0.05
17.9622 	EXP 	text_5: height = 0.05
17.9622 	EXP 	text_5: height = 0.05
17.9622 	EXP 	text_5: text = 30
17.9789 	EXP 	text_5: height = 0.05
17.9789 	EXP 	text_5: height = 0.05
17.9789 	EXP 	text_5: height = 0.05
17.9789 	EXP 	text_5: text = 30
17.9948 	EXP 	text_5: height = 0.05
17.9948 	EXP 	text_5: height = 0.05
17.9948 	EXP 	text_5: height = 0.05
17.9948 	EXP 	text_5: text = 30
18.0119 	EXP 	text_5: height = 0.05
18.0119 	EXP 	text_5: height = 0.05
18.0119 	EXP 	text_5: height = 0.05
18.0119 	EXP 	text_5: text = 30
18.0283 	EXP 	text_5: height = 0.05
18.0283 	EXP 	text_5: height = 0.05
18.0283 	EXP 	text_5: height = 0.05
18.0283 	EXP 	text_5: text = 30
18.0454 	EXP 	text_5: height = 0.05
18.0454 	EXP 	text_5: height = 0.05
18.0454 	EXP 	text_5: height = 0.05
18.0454 	EXP 	text_5: text = 30
18.0620 	EXP 	text_5: height = 0.05
18.0620 	EXP 	text_5: height = 0.05
18.0620 	EXP 	text_5: height = 0.05
18.0620 	EXP 	text_5: text = 30
18.0787 	EXP 	text_5: height = 0.05
18.0787 	EXP 	text_5: height = 0.05
18.0787 	EXP 	text_5: height = 0.05
18.0787 	EXP 	text_5: text = 30
18.0953 	EXP 	text_5: height = 0.05
18.0953 	EXP 	text_5: height = 0.05
18.0953 	EXP 	text_5: height = 0.05
18.0953 	EXP 	text_5: text = 30
18.1115 	EXP 	text_5: height = 0.05
18.1115 	EXP 	text_5: height = 0.05
18.1115 	EXP 	text_5: height = 0.05
18.1115 	EXP 	text_5: text = 30
18.1293 	EXP 	text_5: height = 0.05
18.1293 	EXP 	text_5: height = 0.05
18.1293 	EXP 	text_5: height = 0.05
18.1293 	EXP 	text_5: text = 30
18.1446 	EXP 	text_5: height = 0.05
18.1446 	EXP 	text_5: height = 0.05
18.1446 	EXP 	text_5: height = 0.05
18.1446 	EXP 	text_5: text = 30
18.1618 	EXP 	text_5: height = 0.05
18.1618 	EXP 	text_5: height = 0.05
18.1618 	EXP 	text_5: height = 0.05
18.1618 	EXP 	text_5: text = 30
18.1786 	EXP 	text_5: height = 0.05
18.1786 	EXP 	text_5: height = 0.05
18.1786 	EXP 	text_5: height = 0.05
18.1786 	EXP 	text_5: text = 30
18.1948 	EXP 	text_5: height = 0.05
18.1948 	EXP 	text_5: height = 0.05
18.1948 	EXP 	text_5: height = 0.05
18.1948 	EXP 	text_5: text = 30
18.2116 	EXP 	text_5: height = 0.05
18.2116 	EXP 	text_5: height = 0.05
18.2116 	EXP 	text_5: height = 0.05
18.2116 	EXP 	text_5: text = 30
18.2293 	EXP 	text_5: height = 0.05
18.2293 	EXP 	text_5: height = 0.05
18.2293 	EXP 	text_5: height = 0.05
18.2293 	EXP 	text_5: text = 30
18.2455 	EXP 	text_5: height = 0.05
18.2455 	EXP 	text_5: height = 0.05
18.2455 	EXP 	text_5: height = 0.05
18.2455 	EXP 	text_5: text = 30
18.2615 	EXP 	text_5: height = 0.05
18.2615 	EXP 	text_5: height = 0.05
18.2615 	EXP 	text_5: height = 0.05
18.2615 	EXP 	text_5: text = 30
18.2787 	EXP 	text_5: height = 0.05
18.2787 	EXP 	text_5: height = 0.05
18.2787 	EXP 	text_5: height = 0.05
18.2787 	EXP 	text_5: text = 30
18.2952 	EXP 	text_5: height = 0.05
18.2952 	EXP 	text_5: height = 0.05
18.2952 	EXP 	text_5: height = 0.05
18.2952 	EXP 	text_5: text = 30
18.3119 	EXP 	text_5: height = 0.05
18.3119 	EXP 	text_5: height = 0.05
18.3119 	EXP 	text_5: height = 0.05
18.3119 	EXP 	text_5: text = 30
18.3281 	EXP 	text_5: height = 0.05
18.3281 	EXP 	text_5: height = 0.05
18.3281 	EXP 	text_5: height = 0.05
18.3281 	EXP 	text_5: text = 30
18.3451 	EXP 	text_5: height = 0.05
18.3451 	EXP 	text_5: height = 0.05
18.3451 	EXP 	text_5: height = 0.05
18.3451 	EXP 	text_5: text = 30
18.3614 	EXP 	text_5: height = 0.05
18.3614 	EXP 	text_5: height = 0.05
18.3614 	EXP 	text_5: height = 0.05
18.3614 	EXP 	text_5: text = 30
18.3788 	EXP 	text_5: height = 0.05
18.3788 	EXP 	text_5: height = 0.05
18.3788 	EXP 	text_5: height = 0.05
18.3788 	EXP 	text_5: text = 30
18.3950 	EXP 	text_5: height = 0.05
18.3950 	EXP 	text_5: height = 0.05
18.3950 	EXP 	text_5: height = 0.05
18.3950 	EXP 	text_5: text = 30
18.4120 	EXP 	text_5: height = 0.05
18.4120 	EXP 	text_5: height = 0.05
18.4120 	EXP 	text_5: height = 0.05
18.4120 	EXP 	text_5: text = 30
18.4287 	EXP 	text_5: height = 0.05
18.4287 	EXP 	text_5: height = 0.05
18.4287 	EXP 	text_5: height = 0.05
18.4287 	EXP 	text_5: text = 30
18.4452 	EXP 	text_5: height = 0.05
18.4452 	EXP 	text_5: height = 0.05
18.4452 	EXP 	text_5: height = 0.05
18.4452 	EXP 	text_5: text = 30
18.4612 	EXP 	text_5: height = 0.05
18.4612 	EXP 	text_5: height = 0.05
18.4612 	EXP 	text_5: height = 0.05
18.4612 	EXP 	text_5: text = 30
18.4786 	EXP 	text_5: height = 0.05
18.4786 	EXP 	text_5: height = 0.05
18.4786 	EXP 	text_5: height = 0.05
18.4786 	EXP 	text_5: text = 30
18.4949 	EXP 	text_5: height = 0.05
18.4949 	EXP 	text_5: height = 0.05
18.4949 	EXP 	text_5: height = 0.05
18.4949 	EXP 	text_5: text = 30
18.5115 	EXP 	text_5: height = 0.05
18.5115 	EXP 	text_5: height = 0.05
18.5115 	EXP 	text_5: height = 0.05
18.5115 	EXP 	text_5: text = 30
18.5291 	EXP 	text_5: height = 0.05
18.5291 	EXP 	text_5: height = 0.05
18.5291 	EXP 	text_5: height = 0.05
18.5291 	EXP 	text_5: text = 30
18.5450 	EXP 	text_5: height = 0.05
18.5450 	EXP 	text_5: height = 0.05
18.5450 	EXP 	text_5: height = 0.05
18.5450 	EXP 	text_5: text = 30
18.5616 	EXP 	text_5: height = 0.05
18.5616 	EXP 	text_5: height = 0.05
18.5616 	EXP 	text_5: height = 0.05
18.5616 	EXP 	text_5: text = 30
18.5789 	EXP 	text_5: height = 0.05
18.5789 	EXP 	text_5: height = 0.05
18.5789 	EXP 	text_5: height = 0.05
18.5789 	EXP 	text_5: text = 30
18.5951 	EXP 	text_5: height = 0.05
18.5951 	EXP 	text_5: height = 0.05
18.5951 	EXP 	text_5: height = 0.05
18.5951 	EXP 	text_5: text = 30
18.6115 	EXP 	text_5: height = 0.05
18.6115 	EXP 	text_5: height = 0.05
18.6115 	EXP 	text_5: height = 0.05
18.6115 	EXP 	text_5: text = 30
18.6281 	EXP 	text_5: height = 0.05
18.6281 	EXP 	text_5: height = 0.05
18.6281 	EXP 	text_5: height = 0.05
18.6281 	EXP 	text_5: text = 30
18.6449 	EXP 	text_5: height = 0.05
18.6449 	EXP 	text_5: height = 0.05
18.6449 	EXP 	text_5: height = 0.05
18.6449 	EXP 	text_5: text = 30
18.6618 	EXP 	text_5: height = 0.05
18.6618 	EXP 	text_5: height = 0.05
18.6618 	EXP 	text_5: height = 0.05
18.6618 	EXP 	text_5: text = 30
18.6780 	EXP 	text_5: height = 0.05
18.6780 	EXP 	text_5: height = 0.05
18.6780 	EXP 	text_5: height = 0.05
18.6780 	EXP 	text_5: text = 30
18.6946 	EXP 	text_5: height = 0.05
18.6946 	EXP 	text_5: height = 0.05
18.6946 	EXP 	text_5: height = 0.05
18.6946 	EXP 	text_5: text = 30
18.7119 	EXP 	text_5: height = 0.05
18.7119 	EXP 	text_5: height = 0.05
18.7119 	EXP 	text_5: height = 0.05
18.7119 	EXP 	text_5: text = 30
18.7281 	EXP 	text_5: height = 0.05
18.7281 	EXP 	text_5: height = 0.05
18.7281 	EXP 	text_5: height = 0.05
18.7281 	EXP 	text_5: text = 30
18.7449 	EXP 	text_5: height = 0.05
18.7449 	EXP 	text_5: height = 0.05
18.7449 	EXP 	text_5: height = 0.05
18.7449 	EXP 	text_5: text = 30
18.7616 	EXP 	text_5: height = 0.05
18.7616 	EXP 	text_5: height = 0.05
18.7616 	EXP 	text_5: height = 0.05
18.7616 	EXP 	text_5: text = 30
18.7783 	EXP 	text_5: height = 0.05
18.7783 	EXP 	text_5: height = 0.05
18.7783 	EXP 	text_5: height = 0.05
18.7783 	EXP 	text_5: text = 30
18.7945 	EXP 	text_5: height = 0.05
18.7945 	EXP 	text_5: height = 0.05
18.7945 	EXP 	text_5: height = 0.05
18.7945 	EXP 	text_5: text = 30
18.8118 	EXP 	text_5: height = 0.05
18.8118 	EXP 	text_5: height = 0.05
18.8118 	EXP 	text_5: height = 0.05
18.8118 	EXP 	text_5: text = 30
18.8284 	EXP 	text_5: height = 0.05
18.8284 	EXP 	text_5: height = 0.05
18.8284 	EXP 	text_5: height = 0.05
18.8284 	EXP 	text_5: text = 30
18.8449 	EXP 	text_5: height = 0.05
18.8449 	EXP 	text_5: height = 0.05
18.8449 	EXP 	text_5: height = 0.05
18.8449 	EXP 	text_5: text = 30
18.8618 	EXP 	text_5: height = 0.05
18.8618 	EXP 	text_5: height = 0.05
18.8618 	EXP 	text_5: height = 0.05
18.8618 	EXP 	text_5: text = 30
18.8783 	EXP 	text_5: height = 0.05
18.8783 	EXP 	text_5: height = 0.05
18.8783 	EXP 	text_5: height = 0.05
18.8783 	EXP 	text_5: text = 30
18.8951 	EXP 	text_5: height = 0.05
18.8951 	EXP 	text_5: height = 0.05
18.8951 	EXP 	text_5: height = 0.05
18.8951 	EXP 	text_5: text = 30
18.9118 	EXP 	text_5: height = 0.05
18.9118 	EXP 	text_5: height = 0.05
18.9118 	EXP 	text_5: height = 0.05
18.9118 	EXP 	text_5: text = 30
18.9282 	EXP 	text_5: height = 0.05
18.9282 	EXP 	text_5: height = 0.05
18.9282 	EXP 	text_5: height = 0.05
18.9282 	EXP 	text_5: text = 30
18.9449 	EXP 	text_5: height = 0.05
18.9449 	EXP 	text_5: height = 0.05
18.9449 	EXP 	text_5: height = 0.05
18.9449 	EXP 	text_5: text = 30
18.9616 	EXP 	text_5: height = 0.05
18.9616 	EXP 	text_5: height = 0.05
18.9616 	EXP 	text_5: height = 0.05
18.9616 	EXP 	text_5: text = 30
18.9780 	EXP 	text_5: height = 0.05
18.9780 	EXP 	text_5: height = 0.05
18.9780 	EXP 	text_5: height = 0.05
18.9780 	EXP 	text_5: text = 30
18.9952 	EXP 	text_5: height = 0.05
18.9952 	EXP 	text_5: height = 0.05
18.9952 	EXP 	text_5: height = 0.05
18.9952 	EXP 	text_5: text = 30
19.0115 	EXP 	text_5: height = 0.05
19.0115 	EXP 	text_5: height = 0.05
19.0115 	EXP 	text_5: height = 0.05
19.0115 	EXP 	text_5: text = 30
19.0280 	EXP 	text_5: height = 0.05
19.0280 	EXP 	text_5: height = 0.05
19.0280 	EXP 	text_5: height = 0.05
19.0280 	EXP 	text_5: text = 30
19.0449 	EXP 	text_5: height = 0.05
19.0449 	EXP 	text_5: height = 0.05
19.0449 	EXP 	text_5: height = 0.05
19.0449 	EXP 	text_5: text = 30
19.0612 	EXP 	text_5: height = 0.05
19.0612 	EXP 	text_5: height = 0.05
19.0612 	EXP 	text_5: height = 0.05
19.0612 	EXP 	text_5: text = 30
19.0779 	EXP 	text_5: height = 0.05
19.0779 	EXP 	text_5: height = 0.05
19.0779 	EXP 	text_5: height = 0.05
19.0779 	EXP 	text_5: text = 30
19.0948 	EXP 	text_5: height = 0.05
19.0948 	EXP 	text_5: height = 0.05
19.0948 	EXP 	text_5: height = 0.05
19.0948 	EXP 	text_5: text = 30
19.1111 	EXP 	text_5: height = 0.05
19.1111 	EXP 	text_5: height = 0.05
19.1111 	EXP 	text_5: height = 0.05
19.1111 	EXP 	text_5: text = 30
19.1282 	EXP 	text_5: height = 0.05
19.1282 	EXP 	text_5: height = 0.05
19.1282 	EXP 	text_5: height = 0.05
19.1282 	EXP 	text_5: text = 30
19.1443 	EXP 	text_5: height = 0.05
19.1443 	EXP 	text_5: height = 0.05
19.1443 	EXP 	text_5: height = 0.05
19.1443 	EXP 	text_5: text = 30
19.1616 	EXP 	text_5: height = 0.05
19.1616 	EXP 	text_5: height = 0.05
19.1616 	EXP 	text_5: height = 0.05
19.1616 	EXP 	text_5: text = 30
19.1779 	EXP 	text_5: height = 0.05
19.1779 	EXP 	text_5: height = 0.05
19.1779 	EXP 	text_5: height = 0.05
19.1779 	EXP 	text_5: text = 30
19.1948 	EXP 	text_5: height = 0.05
19.1948 	EXP 	text_5: height = 0.05
19.1948 	EXP 	text_5: height = 0.05
19.1948 	EXP 	text_5: text = 30
19.2114 	EXP 	text_5: height = 0.05
19.2114 	EXP 	text_5: height = 0.05
19.2114 	EXP 	text_5: height = 0.05
19.2114 	EXP 	text_5: text = 30
19.2279 	EXP 	text_5: height = 0.05
19.2279 	EXP 	text_5: height = 0.05
19.2279 	EXP 	text_5: height = 0.05
19.2279 	EXP 	text_5: text = 30
19.2443 	EXP 	text_5: height = 0.05
19.2443 	EXP 	text_5: height = 0.05
19.2443 	EXP 	text_5: height = 0.05
19.2443 	EXP 	text_5: text = 30
19.2611 	EXP 	text_5: height = 0.05
19.2611 	EXP 	text_5: height = 0.05
19.2611 	EXP 	text_5: height = 0.05
19.2611 	EXP 	text_5: text = 30
19.2780 	EXP 	text_5: height = 0.05
19.2780 	EXP 	text_5: height = 0.05
19.2780 	EXP 	text_5: height = 0.05
19.2780 	EXP 	text_5: text = 30
19.2948 	EXP 	text_5: height = 0.05
19.2948 	EXP 	text_5: height = 0.05
19.2948 	EXP 	text_5: height = 0.05
19.2948 	EXP 	text_5: text = 30
19.3117 	EXP 	text_5: height = 0.05
19.3117 	EXP 	text_5: height = 0.05
19.3117 	EXP 	text_5: height = 0.05
19.3117 	EXP 	text_5: text = 30
19.3277 	EXP 	text_5: height = 0.05
19.3277 	EXP 	text_5: height = 0.05
19.3277 	EXP 	text_5: height = 0.05
19.3277 	EXP 	text_5: text = 30
19.3446 	EXP 	text_5: height = 0.05
19.3446 	EXP 	text_5: height = 0.05
19.3446 	EXP 	text_5: height = 0.05
19.3446 	EXP 	text_5: text = 30
19.3617 	EXP 	text_5: height = 0.05
19.3617 	EXP 	text_5: height = 0.05
19.3617 	EXP 	text_5: height = 0.05
19.3617 	EXP 	text_5: text = 30
19.3778 	EXP 	text_5: height = 0.05
19.3778 	EXP 	text_5: height = 0.05
19.3778 	EXP 	text_5: height = 0.05
19.3778 	EXP 	text_5: text = 30
19.3942 	EXP 	text_5: height = 0.05
19.3942 	EXP 	text_5: height = 0.05
19.3942 	EXP 	text_5: height = 0.05
19.3942 	EXP 	text_5: text = 30
19.4114 	EXP 	text_5: height = 0.05
19.4114 	EXP 	text_5: height = 0.05
19.4114 	EXP 	text_5: height = 0.05
19.4114 	EXP 	text_5: text = 30
19.4281 	EXP 	text_5: height = 0.05
19.4281 	EXP 	text_5: height = 0.05
19.4281 	EXP 	text_5: height = 0.05
19.4281 	EXP 	text_5: text = 30
19.4443 	EXP 	text_5: height = 0.05
19.4443 	EXP 	text_5: height = 0.05
19.4443 	EXP 	text_5: height = 0.05
19.4443 	EXP 	text_5: text = 30
19.4611 	EXP 	text_5: height = 0.05
19.4611 	EXP 	text_5: height = 0.05
19.4611 	EXP 	text_5: height = 0.05
19.4611 	EXP 	text_5: text = 30
19.4777 	EXP 	text_5: height = 0.05
19.4777 	EXP 	text_5: height = 0.05
19.4777 	EXP 	text_5: height = 0.05
19.4777 	EXP 	text_5: text = 30
19.4950 	EXP 	text_5: height = 0.05
19.4950 	EXP 	text_5: height = 0.05
19.4950 	EXP 	text_5: height = 0.05
19.4950 	EXP 	text_5: text = 30
19.5114 	EXP 	text_5: height = 0.05
19.5114 	EXP 	text_5: height = 0.05
19.5114 	EXP 	text_5: height = 0.05
19.5114 	EXP 	text_5: text = 30
19.5284 	EXP 	text_5: height = 0.05
19.5284 	EXP 	text_5: height = 0.05
19.5284 	EXP 	text_5: height = 0.05
19.5284 	EXP 	text_5: text = 30
19.5446 	EXP 	text_5: height = 0.05
19.5446 	EXP 	text_5: height = 0.05
19.5446 	EXP 	text_5: height = 0.05
19.5446 	EXP 	text_5: text = 30
19.5614 	EXP 	text_5: height = 0.05
19.5614 	EXP 	text_5: height = 0.05
19.5614 	EXP 	text_5: height = 0.05
19.5614 	EXP 	text_5: text = 30
19.5782 	EXP 	text_5: height = 0.05
19.5782 	EXP 	text_5: height = 0.05
19.5782 	EXP 	text_5: height = 0.05
19.5782 	EXP 	text_5: text = 30
19.5944 	EXP 	text_5: height = 0.05
19.5944 	EXP 	text_5: height = 0.05
19.5944 	EXP 	text_5: height = 0.05
19.5944 	EXP 	text_5: text = 30
19.6112 	EXP 	text_5: height = 0.05
19.6112 	EXP 	text_5: height = 0.05
19.6112 	EXP 	text_5: height = 0.05
19.6112 	EXP 	text_5: text = 30
19.6277 	EXP 	text_5: height = 0.05
19.6277 	EXP 	text_5: height = 0.05
19.6277 	EXP 	text_5: height = 0.05
19.6277 	EXP 	text_5: text = 30
19.6441 	EXP 	text_5: height = 0.05
19.6441 	EXP 	text_5: height = 0.05
19.6441 	EXP 	text_5: height = 0.05
19.6441 	EXP 	text_5: text = 30
19.6613 	EXP 	text_5: height = 0.05
19.6613 	EXP 	text_5: height = 0.05
19.6613 	EXP 	text_5: height = 0.05
19.6613 	EXP 	text_5: text = 30
19.6778 	EXP 	text_5: height = 0.05
19.6778 	EXP 	text_5: height = 0.05
19.6778 	EXP 	text_5: height = 0.05
19.6778 	EXP 	text_5: text = 30
19.6942 	EXP 	text_5: height = 0.05
19.6942 	EXP 	text_5: height = 0.05
19.6942 	EXP 	text_5: height = 0.05
19.6942 	EXP 	text_5: text = 30
19.7116 	EXP 	text_5: height = 0.05
19.7116 	EXP 	text_5: height = 0.05
19.7116 	EXP 	text_5: height = 0.05
19.7116 	EXP 	text_5: text = 30
19.7280 	EXP 	text_5: height = 0.05
19.7280 	EXP 	text_5: height = 0.05
19.7280 	EXP 	text_5: height = 0.05
19.7280 	EXP 	text_5: text = 30
19.7442 	EXP 	text_5: height = 0.05
19.7442 	EXP 	text_5: height = 0.05
19.7442 	EXP 	text_5: height = 0.05
19.7442 	EXP 	text_5: text = 30
19.7610 	EXP 	text_5: height = 0.05
19.7610 	EXP 	text_5: height = 0.05
19.7610 	EXP 	text_5: height = 0.05
19.7610 	EXP 	text_5: text = 30
19.7778 	EXP 	text_5: height = 0.05
19.7778 	EXP 	text_5: height = 0.05
19.7778 	EXP 	text_5: height = 0.05
19.7778 	EXP 	text_5: text = 30
19.7948 	EXP 	text_5: height = 0.05
19.7948 	EXP 	text_5: height = 0.05
19.7948 	EXP 	text_5: height = 0.05
19.7948 	EXP 	text_5: text = 30
19.8114 	EXP 	text_5: height = 0.05
19.8114 	EXP 	text_5: height = 0.05
19.8114 	EXP 	text_5: height = 0.05
19.8114 	EXP 	text_5: text = 30
19.8277 	EXP 	text_5: height = 0.05
19.8277 	EXP 	text_5: height = 0.05
19.8277 	EXP 	text_5: height = 0.05
19.8277 	EXP 	text_5: text = 30
19.8446 	EXP 	text_5: height = 0.05
19.8446 	EXP 	text_5: height = 0.05
19.8446 	EXP 	text_5: height = 0.05
19.8446 	EXP 	text_5: text = 30
19.8615 	EXP 	text_5: height = 0.05
19.8615 	EXP 	text_5: height = 0.05
19.8615 	EXP 	text_5: height = 0.05
19.8615 	EXP 	text_5: text = 30
19.8774 	EXP 	text_5: height = 0.05
19.8774 	EXP 	text_5: height = 0.05
19.8774 	EXP 	text_5: height = 0.05
19.8774 	EXP 	text_5: text = 30
19.8940 	EXP 	text_5: height = 0.05
19.8940 	EXP 	text_5: height = 0.05
19.8940 	EXP 	text_5: height = 0.05
19.8940 	EXP 	text_5: text = 30
19.9115 	EXP 	text_5: height = 0.05
19.9115 	EXP 	text_5: height = 0.05
19.9115 	EXP 	text_5: height = 0.05
19.9115 	EXP 	text_5: text = 30
19.9277 	EXP 	text_5: height = 0.05
19.9277 	EXP 	text_5: height = 0.05
19.9277 	EXP 	text_5: height = 0.05
19.9277 	EXP 	text_5: text = 30
19.9442 	EXP 	text_5: height = 0.05
19.9442 	EXP 	text_5: height = 0.05
19.9442 	EXP 	text_5: height = 0.05
19.9442 	EXP 	text_5: text = 30
19.9614 	EXP 	text_5: height = 0.05
19.9614 	EXP 	text_5: height = 0.05
19.9614 	EXP 	text_5: height = 0.05
19.9614 	EXP 	text_5: text = 30
19.9778 	EXP 	text_5: height = 0.05
19.9778 	EXP 	text_5: height = 0.05
19.9778 	EXP 	text_5: height = 0.05
19.9778 	EXP 	text_5: text = 30
19.9948 	EXP 	text_5: height = 0.05
19.9948 	EXP 	text_5: height = 0.05
19.9948 	EXP 	text_5: height = 0.05
19.9948 	EXP 	text_5: text = 30
20.0111 	EXP 	text_5: height = 0.05
20.0111 	EXP 	text_5: height = 0.05
20.0111 	EXP 	text_5: height = 0.05
20.0111 	EXP 	text_5: text = 30
20.0282 	EXP 	text_5: height = 0.05
20.0282 	EXP 	text_5: height = 0.05
20.0282 	EXP 	text_5: height = 0.05
20.0282 	EXP 	text_5: text = 30
20.0443 	EXP 	text_5: height = 0.05
20.0443 	EXP 	text_5: height = 0.05
20.0443 	EXP 	text_5: height = 0.05
20.0443 	EXP 	text_5: text = 30
20.0612 	EXP 	text_5: height = 0.05
20.0612 	EXP 	text_5: height = 0.05
20.0612 	EXP 	text_5: height = 0.05
20.0612 	EXP 	text_5: text = 30
20.0780 	EXP 	text_5: height = 0.05
20.0780 	EXP 	text_5: height = 0.05
20.0780 	EXP 	text_5: height = 0.05
20.0780 	EXP 	text_5: text = 30
20.0945 	EXP 	text_5: height = 0.05
20.0945 	EXP 	text_5: height = 0.05
20.0945 	EXP 	text_5: height = 0.05
20.0945 	EXP 	text_5: text = 30
20.1115 	EXP 	text_5: height = 0.05
20.1115 	EXP 	text_5: height = 0.05
20.1115 	EXP 	text_5: height = 0.05
20.1115 	EXP 	text_5: text = 30
20.1276 	EXP 	text_5: height = 0.05
20.1276 	EXP 	text_5: height = 0.05
20.1276 	EXP 	text_5: height = 0.05
20.1276 	EXP 	text_5: text = 30
20.1443 	EXP 	text_5: height = 0.05
20.1443 	EXP 	text_5: height = 0.05
20.1443 	EXP 	text_5: height = 0.05
20.1443 	EXP 	text_5: text = 30
20.1614 	EXP 	text_5: height = 0.05
20.1614 	EXP 	text_5: height = 0.05
20.1614 	EXP 	text_5: height = 0.05
20.1614 	EXP 	text_5: text = 30
20.1775 	EXP 	text_5: height = 0.05
20.1775 	EXP 	text_5: height = 0.05
20.1775 	EXP 	text_5: height = 0.05
20.1775 	EXP 	text_5: text = 30
20.1944 	EXP 	text_5: height = 0.05
20.1944 	EXP 	text_5: height = 0.05
20.1944 	EXP 	text_5: height = 0.05
20.1944 	EXP 	text_5: text = 30
20.2109 	EXP 	text_5: height = 0.05
20.2109 	EXP 	text_5: height = 0.05
20.2109 	EXP 	text_5: height = 0.05
20.2109 	EXP 	text_5: text = 30
20.2280 	EXP 	text_5: height = 0.05
20.2280 	EXP 	text_5: height = 0.05
20.2280 	EXP 	text_5: height = 0.05
20.2280 	EXP 	text_5: text = 30
20.2440 	EXP 	text_5: height = 0.05
20.2440 	EXP 	text_5: height = 0.05
20.2440 	EXP 	text_5: height = 0.05
20.2440 	EXP 	text_5: text = 30
20.2614 	EXP 	text_5: height = 0.05
20.2614 	EXP 	text_5: height = 0.05
20.2614 	EXP 	text_5: height = 0.05
20.2614 	EXP 	text_5: text = 30
20.2777 	EXP 	text_5: height = 0.05
20.2777 	EXP 	text_5: height = 0.05
20.2777 	EXP 	text_5: height = 0.05
20.2777 	EXP 	text_5: text = 30
20.2944 	EXP 	text_5: height = 0.05
20.2944 	EXP 	text_5: height = 0.05
20.2944 	EXP 	text_5: height = 0.05
20.2944 	EXP 	text_5: text = 30
20.3112 	EXP 	text_5: height = 0.05
20.3112 	EXP 	text_5: height = 0.05
20.3112 	EXP 	text_5: height = 0.05
20.3112 	EXP 	text_5: text = 30
20.3275 	EXP 	text_5: height = 0.05
20.3275 	EXP 	text_5: height = 0.05
20.3275 	EXP 	text_5: height = 0.05
20.3275 	EXP 	text_5: text = 30
20.3445 	EXP 	text_5: height = 0.05
20.3445 	EXP 	text_5: height = 0.05
20.3445 	EXP 	text_5: height = 0.05
20.3445 	EXP 	text_5: text = 30
20.3613 	EXP 	text_5: height = 0.05
20.3613 	EXP 	text_5: height = 0.05
20.3613 	EXP 	text_5: height = 0.05
20.3613 	EXP 	text_5: text = 30
20.3777 	EXP 	text_5: height = 0.05
20.3777 	EXP 	text_5: height = 0.05
20.3777 	EXP 	text_5: height = 0.05
20.3777 	EXP 	text_5: text = 30
20.3941 	EXP 	text_5: height = 0.05
20.3941 	EXP 	text_5: height = 0.05
20.3941 	EXP 	text_5: height = 0.05
20.3941 	EXP 	text_5: text = 30
20.4108 	EXP 	text_5: height = 0.05
20.4108 	EXP 	text_5: height = 0.05
20.4108 	EXP 	text_5: height = 0.05
20.4108 	EXP 	text_5: text = 30
20.4282 	EXP 	text_5: height = 0.05
20.4282 	EXP 	text_5: height = 0.05
20.4282 	EXP 	text_5: height = 0.05
20.4282 	EXP 	text_5: text = 30
20.4444 	EXP 	text_5: height = 0.05
20.4444 	EXP 	text_5: height = 0.05
20.4444 	EXP 	text_5: height = 0.05
20.4444 	EXP 	text_5: text = 30
20.4610 	EXP 	text_5: height = 0.05
20.4610 	EXP 	text_5: height = 0.05
20.4610 	EXP 	text_5: height = 0.05
20.4610 	EXP 	text_5: text = 30
20.4780 	EXP 	text_5: height = 0.05
20.4780 	EXP 	text_5: height = 0.05
20.4780 	EXP 	text_5: height = 0.05
20.4780 	EXP 	text_5: text = 30
20.4941 	EXP 	text_5: height = 0.05
20.4941 	EXP 	text_5: height = 0.05
20.4941 	EXP 	text_5: height = 0.05
20.4941 	EXP 	text_5: text = 30
20.5111 	EXP 	text_5: height = 0.05
20.5111 	EXP 	text_5: height = 0.05
20.5111 	EXP 	text_5: height = 0.05
20.5111 	EXP 	text_5: text = 30
20.5277 	EXP 	text_5: height = 0.05
20.5277 	EXP 	text_5: height = 0.05
20.5277 	EXP 	text_5: height = 0.05
20.5277 	EXP 	text_5: text = 30
20.5440 	EXP 	text_5: height = 0.05
20.5440 	EXP 	text_5: height = 0.05
20.5440 	EXP 	text_5: height = 0.05
20.5440 	EXP 	text_5: text = 30
20.5611 	EXP 	text_5: height = 0.05
20.5611 	EXP 	text_5: height = 0.05
20.5611 	EXP 	text_5: height = 0.05
20.5611 	EXP 	text_5: text = 30
20.5777 	EXP 	text_5: height = 0.05
20.5777 	EXP 	text_5: height = 0.05
20.5777 	EXP 	text_5: height = 0.05
20.5777 	EXP 	text_5: text = 30
20.5944 	EXP 	text_5: height = 0.05
20.5944 	EXP 	text_5: height = 0.05
20.5944 	EXP 	text_5: height = 0.05
20.5944 	EXP 	text_5: text = 30
20.6112 	EXP 	text_5: height = 0.05
20.6112 	EXP 	text_5: height = 0.05
20.6112 	EXP 	text_5: height = 0.05
20.6112 	EXP 	text_5: text = 30
20.6279 	EXP 	text_5: height = 0.05
20.6279 	EXP 	text_5: height = 0.05
20.6279 	EXP 	text_5: height = 0.05
20.6279 	EXP 	text_5: text = 30
20.6444 	EXP 	text_5: height = 0.05
20.6444 	EXP 	text_5: height = 0.05
20.6444 	EXP 	text_5: height = 0.05
20.6444 	EXP 	text_5: text = 30
20.6607 	EXP 	text_5: height = 0.05
20.6607 	EXP 	text_5: height = 0.05
20.6607 	EXP 	text_5: height = 0.05
20.6607 	EXP 	text_5: text = 30
20.6779 	EXP 	text_5: height = 0.05
20.6779 	EXP 	text_5: height = 0.05
20.6779 	EXP 	text_5: height = 0.05
20.6779 	EXP 	text_5: text = 30
20.6942 	EXP 	text_5: height = 0.05
20.6942 	EXP 	text_5: height = 0.05
20.6942 	EXP 	text_5: height = 0.05
20.6942 	EXP 	text_5: text = 30
20.7113 	EXP 	text_5: height = 0.05
20.7113 	EXP 	text_5: height = 0.05
20.7113 	EXP 	text_5: height = 0.05
20.7113 	EXP 	text_5: text = 30
20.7274 	EXP 	text_5: height = 0.05
20.7274 	EXP 	text_5: height = 0.05
20.7274 	EXP 	text_5: height = 0.05
20.7274 	EXP 	text_5: text = 30
20.7442 	EXP 	text_5: height = 0.05
20.7442 	EXP 	text_5: height = 0.05
20.7442 	EXP 	text_5: height = 0.05
20.7442 	EXP 	text_5: text = 30
20.7613 	EXP 	text_5: height = 0.05
20.7613 	EXP 	text_5: height = 0.05
20.7613 	EXP 	text_5: height = 0.05
20.7613 	EXP 	text_5: text = 30
20.7776 	EXP 	text_5: height = 0.05
20.7776 	EXP 	text_5: height = 0.05
20.7776 	EXP 	text_5: height = 0.05
20.7776 	EXP 	text_5: text = 30
20.7941 	EXP 	text_5: height = 0.05
20.7941 	EXP 	text_5: height = 0.05
20.7941 	EXP 	text_5: height = 0.05
20.7941 	EXP 	text_5: text = 30
20.8109 	EXP 	text_5: height = 0.05
20.8109 	EXP 	text_5: height = 0.05
20.8109 	EXP 	text_5: height = 0.05
20.8109 	EXP 	text_5: text = 30
20.8276 	EXP 	text_5: height = 0.05
20.8276 	EXP 	text_5: height = 0.05
20.8276 	EXP 	text_5: height = 0.05
20.8276 	EXP 	text_5: text = 30
20.8445 	EXP 	text_5: height = 0.05
20.8445 	EXP 	text_5: height = 0.05
20.8445 	EXP 	text_5: height = 0.05
20.8445 	EXP 	text_5: text = 30
20.8609 	EXP 	text_5: height = 0.05
20.8609 	EXP 	text_5: height = 0.05
20.8609 	EXP 	text_5: height = 0.05
20.8609 	EXP 	text_5: text = 30
20.8777 	EXP 	text_5: height = 0.05
20.8777 	EXP 	text_5: height = 0.05
20.8777 	EXP 	text_5: height = 0.05
20.8777 	EXP 	text_5: text = 30
20.8945 	EXP 	text_5: height = 0.05
20.8945 	EXP 	text_5: height = 0.05
20.8945 	EXP 	text_5: height = 0.05
20.8945 	EXP 	text_5: text = 30
20.9110 	EXP 	text_5: height = 0.05
20.9110 	EXP 	text_5: height = 0.05
20.9110 	EXP 	text_5: height = 0.05
20.9110 	EXP 	text_5: text = 30
20.9275 	EXP 	text_5: height = 0.05
20.9275 	EXP 	text_5: height = 0.05
20.9275 	EXP 	text_5: height = 0.05
20.9275 	EXP 	text_5: text = 30
20.9440 	EXP 	text_5: height = 0.05
20.9440 	EXP 	text_5: height = 0.05
20.9440 	EXP 	text_5: height = 0.05
20.9440 	EXP 	text_5: text = 30
20.9606 	EXP 	text_5: height = 0.05
20.9606 	EXP 	text_5: height = 0.05
20.9606 	EXP 	text_5: height = 0.05
20.9606 	EXP 	text_5: text = 30
20.9779 	EXP 	text_5: height = 0.05
20.9779 	EXP 	text_5: height = 0.05
20.9779 	EXP 	text_5: height = 0.05
20.9779 	EXP 	text_5: text = 30
20.9941 	EXP 	text_5: height = 0.05
20.9941 	EXP 	text_5: height = 0.05
20.9941 	EXP 	text_5: height = 0.05
20.9941 	EXP 	text_5: text = 30
21.0108 	EXP 	text_5: height = 0.05
21.0108 	EXP 	text_5: height = 0.05
21.0108 	EXP 	text_5: height = 0.05
21.0108 	EXP 	text_5: text = 30
21.0280 	EXP 	text_5: height = 0.05
21.0280 	EXP 	text_5: height = 0.05
21.0280 	EXP 	text_5: height = 0.05
21.0280 	EXP 	text_5: text = 30
21.0441 	EXP 	text_5: height = 0.05
21.0441 	EXP 	text_5: height = 0.05
21.0441 	EXP 	text_5: height = 0.05
21.0441 	EXP 	text_5: text = 30
21.0608 	EXP 	text_5: height = 0.05
21.0608 	EXP 	text_5: height = 0.05
21.0608 	EXP 	text_5: height = 0.05
21.0608 	EXP 	text_5: text = 30
21.0779 	EXP 	text_5: height = 0.05
21.0779 	EXP 	text_5: height = 0.05
21.0779 	EXP 	text_5: height = 0.05
21.0779 	EXP 	text_5: text = 30
21.0940 	EXP 	text_5: height = 0.05
21.0940 	EXP 	text_5: height = 0.05
21.0940 	EXP 	text_5: height = 0.05
21.0940 	EXP 	text_5: text = 30
21.1108 	EXP 	text_5: height = 0.05
21.1108 	EXP 	text_5: height = 0.05
21.1108 	EXP 	text_5: height = 0.05
21.1108 	EXP 	text_5: text = 30
21.1277 	EXP 	text_5: height = 0.05
21.1277 	EXP 	text_5: height = 0.05
21.1277 	EXP 	text_5: height = 0.05
21.1277 	EXP 	text_5: text = 30
21.1441 	EXP 	text_5: height = 0.05
21.1441 	EXP 	text_5: height = 0.05
21.1441 	EXP 	text_5: height = 0.05
21.1441 	EXP 	text_5: text = 30
21.1610 	EXP 	text_5: height = 0.05
21.1610 	EXP 	text_5: height = 0.05
21.1610 	EXP 	text_5: height = 0.05
21.1610 	EXP 	text_5: text = 30
21.1776 	EXP 	text_5: height = 0.05
21.1776 	EXP 	text_5: height = 0.05
21.1776 	EXP 	text_5: height = 0.05
21.1776 	EXP 	text_5: text = 30
21.1940 	EXP 	text_5: height = 0.05
21.1940 	EXP 	text_5: height = 0.05
21.1940 	EXP 	text_5: height = 0.05
21.1940 	EXP 	text_5: text = 30
21.2108 	EXP 	text_5: height = 0.05
21.2108 	EXP 	text_5: height = 0.05
21.2108 	EXP 	text_5: height = 0.05
21.2108 	EXP 	text_5: text = 30
21.2279 	EXP 	text_5: height = 0.05
21.2279 	EXP 	text_5: height = 0.05
21.2279 	EXP 	text_5: height = 0.05
21.2279 	EXP 	text_5: text = 30
21.2442 	EXP 	text_5: height = 0.05
21.2442 	EXP 	text_5: height = 0.05
21.2442 	EXP 	text_5: height = 0.05
21.2442 	EXP 	text_5: text = 30
21.2607 	EXP 	text_5: height = 0.05
21.2607 	EXP 	text_5: height = 0.05
21.2607 	EXP 	text_5: height = 0.05
21.2607 	EXP 	text_5: text = 30
21.2778 	EXP 	text_5: height = 0.05
21.2778 	EXP 	text_5: height = 0.05
21.2778 	EXP 	text_5: height = 0.05
21.2778 	EXP 	text_5: text = 30
21.2939 	EXP 	text_5: height = 0.05
21.2939 	EXP 	text_5: height = 0.05
21.2939 	EXP 	text_5: height = 0.05
21.2939 	EXP 	text_5: text = 30
21.3110 	EXP 	text_5: height = 0.05
21.3110 	EXP 	text_5: height = 0.05
21.3110 	EXP 	text_5: height = 0.05
21.3110 	EXP 	text_5: text = 30
21.3278 	EXP 	text_5: height = 0.05
21.3278 	EXP 	text_5: height = 0.05
21.3278 	EXP 	text_5: height = 0.05
21.3278 	EXP 	text_5: text = 30
21.3436 	EXP 	text_5: height = 0.05
21.3436 	EXP 	text_5: height = 0.05
21.3436 	EXP 	text_5: height = 0.05
21.3436 	EXP 	text_5: text = 30
21.3604 	EXP 	text_5: height = 0.05
21.3604 	EXP 	text_5: height = 0.05
21.3604 	EXP 	text_5: height = 0.05
21.3604 	EXP 	text_5: text = 30
21.3779 	EXP 	text_5: height = 0.05
21.3779 	EXP 	text_5: height = 0.05
21.3779 	EXP 	text_5: height = 0.05
21.3779 	EXP 	text_5: text = 30
21.3938 	EXP 	text_5: height = 0.05
21.3938 	EXP 	text_5: height = 0.05
21.3938 	EXP 	text_5: height = 0.05
21.3938 	EXP 	text_5: text = 30
21.4106 	EXP 	text_5: height = 0.05
21.4106 	EXP 	text_5: height = 0.05
21.4106 	EXP 	text_5: height = 0.05
21.4106 	EXP 	text_5: text = 30
21.4275 	EXP 	text_5: height = 0.05
21.4275 	EXP 	text_5: height = 0.05
21.4275 	EXP 	text_5: height = 0.05
21.4275 	EXP 	text_5: text = 30
21.4442 	EXP 	text_5: height = 0.05
21.4442 	EXP 	text_5: height = 0.05
21.4442 	EXP 	text_5: height = 0.05
21.4442 	EXP 	text_5: text = 30
21.4606 	EXP 	text_5: height = 0.05
21.4606 	EXP 	text_5: height = 0.05
21.4606 	EXP 	text_5: height = 0.05
21.4606 	EXP 	text_5: text = 30
21.4778 	EXP 	text_5: height = 0.05
21.4778 	EXP 	text_5: height = 0.05
21.4778 	EXP 	text_5: height = 0.05
21.4778 	EXP 	text_5: text = 30
21.4935 	EXP 	text_5: height = 0.05
21.4935 	EXP 	text_5: height = 0.05
21.4935 	EXP 	text_5: height = 0.05
21.4935 	EXP 	text_5: text = 30
21.5107 	EXP 	text_5: height = 0.05
21.5107 	EXP 	text_5: height = 0.05
21.5107 	EXP 	text_5: height = 0.05
21.5107 	EXP 	text_5: text = 30
21.5278 	EXP 	text_5: height = 0.05
21.5278 	EXP 	text_5: height = 0.05
21.5278 	EXP 	text_5: height = 0.05
21.5278 	EXP 	text_5: text = 30
21.5440 	EXP 	text_5: height = 0.05
21.5440 	EXP 	text_5: height = 0.05
21.5440 	EXP 	text_5: height = 0.05
21.5440 	EXP 	text_5: text = 30
21.5608 	EXP 	text_5: height = 0.05
21.5608 	EXP 	text_5: height = 0.05
21.5608 	EXP 	text_5: height = 0.05
21.5608 	EXP 	text_5: text = 30
21.5777 	EXP 	text_5: height = 0.05
21.5777 	EXP 	text_5: height = 0.05
21.5777 	EXP 	text_5: height = 0.05
21.5777 	EXP 	text_5: text = 30
21.5939 	EXP 	text_5: height = 0.05
21.5939 	EXP 	text_5: height = 0.05
21.5939 	EXP 	text_5: height = 0.05
21.5939 	EXP 	text_5: text = 30
21.6109 	EXP 	text_5: height = 0.05
21.6109 	EXP 	text_5: height = 0.05
21.6109 	EXP 	text_5: height = 0.05
21.6109 	EXP 	text_5: text = 30
21.6276 	EXP 	text_5: height = 0.05
21.6276 	EXP 	text_5: height = 0.05
21.6276 	EXP 	text_5: height = 0.05
21.6276 	EXP 	text_5: text = 30
21.6440 	EXP 	text_5: height = 0.05
21.6440 	EXP 	text_5: height = 0.05
21.6440 	EXP 	text_5: height = 0.05
21.6440 	EXP 	text_5: text = 30
21.6608 	EXP 	text_5: height = 0.05
21.6608 	EXP 	text_5: height = 0.05
21.6608 	EXP 	text_5: height = 0.05
21.6608 	EXP 	text_5: text = 30
21.6776 	EXP 	text_5: height = 0.05
21.6776 	EXP 	text_5: height = 0.05
21.6776 	EXP 	text_5: height = 0.05
21.6776 	EXP 	text_5: text = 30
21.6943 	EXP 	text_5: height = 0.05
21.6943 	EXP 	text_5: height = 0.05
21.6943 	EXP 	text_5: height = 0.05
21.6943 	EXP 	text_5: text = 30
21.7104 	EXP 	text_5: height = 0.05
21.7104 	EXP 	text_5: height = 0.05
21.7104 	EXP 	text_5: height = 0.05
21.7104 	EXP 	text_5: text = 30
21.7277 	EXP 	text_5: height = 0.05
21.7277 	EXP 	text_5: height = 0.05
21.7277 	EXP 	text_5: height = 0.05
21.7277 	EXP 	text_5: text = 30
21.7436 	EXP 	text_5: height = 0.05
21.7436 	EXP 	text_5: height = 0.05
21.7436 	EXP 	text_5: height = 0.05
21.7436 	EXP 	text_5: text = 30
21.7605 	EXP 	text_5: height = 0.05
21.7605 	EXP 	text_5: height = 0.05
21.7605 	EXP 	text_5: height = 0.05
21.7605 	EXP 	text_5: text = 30
21.7775 	EXP 	text_5: height = 0.05
21.7775 	EXP 	text_5: height = 0.05
21.7775 	EXP 	text_5: height = 0.05
21.7775 	EXP 	text_5: text = 30
21.7936 	EXP 	text_5: height = 0.05
21.7936 	EXP 	text_5: height = 0.05
21.7936 	EXP 	text_5: height = 0.05
21.7936 	EXP 	text_5: text = 30
21.8106 	EXP 	text_5: height = 0.05
21.8106 	EXP 	text_5: height = 0.05
21.8106 	EXP 	text_5: height = 0.05
21.8106 	EXP 	text_5: text = 30
21.8272 	EXP 	text_5: height = 0.05
21.8272 	EXP 	text_5: height = 0.05
21.8272 	EXP 	text_5: height = 0.05
21.8272 	EXP 	text_5: text = 30
21.8440 	EXP 	text_5: height = 0.05
21.8440 	EXP 	text_5: height = 0.05
21.8440 	EXP 	text_5: height = 0.05
21.8440 	EXP 	text_5: text = 30
21.8607 	EXP 	text_5: height = 0.05
21.8607 	EXP 	text_5: height = 0.05
21.8607 	EXP 	text_5: height = 0.05
21.8607 	EXP 	text_5: text = 30
21.8778 	EXP 	text_5: height = 0.05
21.8778 	EXP 	text_5: height = 0.05
21.8778 	EXP 	text_5: height = 0.05
21.8778 	EXP 	text_5: text = 30
21.8936 	EXP 	text_5: height = 0.05
21.8936 	EXP 	text_5: height = 0.05
21.8936 	EXP 	text_5: height = 0.05
21.8936 	EXP 	text_5: text = 30
21.9108 	EXP 	text_5: height = 0.05
21.9108 	EXP 	text_5: height = 0.05
21.9108 	EXP 	text_5: height = 0.05
21.9108 	EXP 	text_5: text = 30
21.9275 	EXP 	text_5: height = 0.05
21.9275 	EXP 	text_5: height = 0.05
21.9275 	EXP 	text_5: height = 0.05
21.9275 	EXP 	text_5: text = 30
21.9437 	EXP 	text_5: height = 0.05
21.9437 	EXP 	text_5: height = 0.05
21.9437 	EXP 	text_5: height = 0.05
21.9437 	EXP 	text_5: text = 30
21.9606 	EXP 	text_5: height = 0.05
21.9606 	EXP 	text_5: height = 0.05
21.9606 	EXP 	text_5: height = 0.05
21.9606 	EXP 	text_5: text = 30
21.9776 	EXP 	text_5: height = 0.05
21.9776 	EXP 	text_5: height = 0.05
21.9776 	EXP 	text_5: height = 0.05
21.9776 	EXP 	text_5: text = 30
21.9939 	EXP 	text_5: height = 0.05
21.9939 	EXP 	text_5: height = 0.05
21.9939 	EXP 	text_5: height = 0.05
21.9939 	EXP 	text_5: text = 30
22.0105 	EXP 	text_5: height = 0.05
22.0105 	EXP 	text_5: height = 0.05
22.0105 	EXP 	text_5: height = 0.05
22.0105 	EXP 	text_5: text = 30
22.0270 	EXP 	text_5: height = 0.05
22.0270 	EXP 	text_5: height = 0.05
22.0270 	EXP 	text_5: height = 0.05
22.0270 	EXP 	text_5: text = 30
22.0436 	EXP 	text_5: height = 0.05
22.0436 	EXP 	text_5: height = 0.05
22.0436 	EXP 	text_5: height = 0.05
22.0436 	EXP 	text_5: text = 30
22.0608 	EXP 	text_5: height = 0.05
22.0608 	EXP 	text_5: height = 0.05
22.0608 	EXP 	text_5: height = 0.05
22.0608 	EXP 	text_5: text = 30
22.0772 	EXP 	text_5: height = 0.05
22.0772 	EXP 	text_5: height = 0.05
22.0772 	EXP 	text_5: height = 0.05
22.0772 	EXP 	text_5: text = 30
22.0934 	EXP 	text_5: height = 0.05
22.0934 	EXP 	text_5: height = 0.05
22.0934 	EXP 	text_5: height = 0.05
22.0934 	EXP 	text_5: text = 30
22.1108 	EXP 	text_5: height = 0.05
22.1108 	EXP 	text_5: height = 0.05
22.1108 	EXP 	text_5: height = 0.05
22.1108 	EXP 	text_5: text = 30
22.1277 	EXP 	text_5: height = 0.05
22.1277 	EXP 	text_5: height = 0.05
22.1277 	EXP 	text_5: height = 0.05
22.1277 	EXP 	text_5: text = 30
22.1440 	EXP 	text_5: height = 0.05
22.1440 	EXP 	text_5: height = 0.05
22.1440 	EXP 	text_5: height = 0.05
22.1440 	EXP 	text_5: text = 30
22.1605 	EXP 	text_5: height = 0.05
22.1605 	EXP 	text_5: height = 0.05
22.1605 	EXP 	text_5: height = 0.05
22.1605 	EXP 	text_5: text = 30
22.1776 	EXP 	text_5: height = 0.05
22.1776 	EXP 	text_5: height = 0.05
22.1776 	EXP 	text_5: height = 0.05
22.1776 	EXP 	text_5: text = 30
22.1936 	EXP 	text_5: height = 0.05
22.1936 	EXP 	text_5: height = 0.05
22.1936 	EXP 	text_5: height = 0.05
22.1936 	EXP 	text_5: text = 30
22.2111 	EXP 	text_5: height = 0.05
22.2111 	EXP 	text_5: height = 0.05
22.2111 	EXP 	text_5: height = 0.05
22.2111 	EXP 	text_5: text = 30
22.2272 	EXP 	text_5: height = 0.05
22.2272 	EXP 	text_5: height = 0.05
22.2272 	EXP 	text_5: height = 0.05
22.2272 	EXP 	text_5: text = 30
22.2434 	EXP 	text_5: height = 0.05
22.2434 	EXP 	text_5: height = 0.05
22.2434 	EXP 	text_5: height = 0.05
22.2434 	EXP 	text_5: text = 30
22.2603 	EXP 	text_5: height = 0.05
22.2603 	EXP 	text_5: height = 0.05
22.2603 	EXP 	text_5: height = 0.05
22.2603 	EXP 	text_5: text = 30
22.2773 	EXP 	text_5: height = 0.05
22.2773 	EXP 	text_5: height = 0.05
22.2773 	EXP 	text_5: height = 0.05
22.2773 	EXP 	text_5: text = 30
22.2940 	EXP 	text_5: height = 0.05
22.2940 	EXP 	text_5: height = 0.05
22.2940 	EXP 	text_5: height = 0.05
22.2940 	EXP 	text_5: text = 30
22.3106 	EXP 	text_5: height = 0.05
22.3106 	EXP 	text_5: height = 0.05
22.3106 	EXP 	text_5: height = 0.05
22.3106 	EXP 	text_5: text = 30
22.3274 	EXP 	text_5: height = 0.05
22.3274 	EXP 	text_5: height = 0.05
22.3274 	EXP 	text_5: height = 0.05
22.3274 	EXP 	text_5: text = 30
22.3436 	EXP 	text_5: height = 0.05
22.3436 	EXP 	text_5: height = 0.05
22.3436 	EXP 	text_5: height = 0.05
22.3436 	EXP 	text_5: text = 30
22.3606 	EXP 	text_5: height = 0.05
22.3606 	EXP 	text_5: height = 0.05
22.3606 	EXP 	text_5: height = 0.05
22.3606 	EXP 	text_5: text = 30
22.3771 	EXP 	text_5: height = 0.05
22.3771 	EXP 	text_5: height = 0.05
22.3771 	EXP 	text_5: height = 0.05
22.3771 	EXP 	text_5: text = 30
22.3935 	EXP 	text_5: height = 0.05
22.3935 	EXP 	text_5: height = 0.05
22.3935 	EXP 	text_5: height = 0.05
22.3935 	EXP 	text_5: text = 30
22.4107 	EXP 	text_5: height = 0.05
22.4107 	EXP 	text_5: height = 0.05
22.4107 	EXP 	text_5: height = 0.05
22.4107 	EXP 	text_5: text = 30
22.4273 	EXP 	text_5: height = 0.05
22.4273 	EXP 	text_5: height = 0.05
22.4273 	EXP 	text_5: height = 0.05
22.4273 	EXP 	text_5: text = 30
22.4438 	EXP 	text_5: height = 0.05
22.4438 	EXP 	text_5: height = 0.05
22.4438 	EXP 	text_5: height = 0.05
22.4438 	EXP 	text_5: text = 30
22.4606 	EXP 	text_5: height = 0.05
22.4606 	EXP 	text_5: height = 0.05
22.4606 	EXP 	text_5: height = 0.05
22.4606 	EXP 	text_5: text = 30
22.4766 	EXP 	text_5: height = 0.05
22.4766 	EXP 	text_5: height = 0.05
22.4766 	EXP 	text_5: height = 0.05
22.4766 	EXP 	text_5: text = 30
22.4935 	EXP 	text_5: height = 0.05
22.4935 	EXP 	text_5: height = 0.05
22.4935 	EXP 	text_5: height = 0.05
22.4935 	EXP 	text_5: text = 30
22.5107 	EXP 	text_5: height = 0.05
22.5107 	EXP 	text_5: height = 0.05
22.5107 	EXP 	text_5: height = 0.05
22.5107 	EXP 	text_5: text = 30
22.5270 	EXP 	text_5: height = 0.05
22.5270 	EXP 	text_5: height = 0.05
22.5270 	EXP 	text_5: height = 0.05
22.5270 	EXP 	text_5: text = 30
22.5438 	EXP 	text_5: height = 0.05
22.5438 	EXP 	text_5: height = 0.05
22.5438 	EXP 	text_5: height = 0.05
22.5438 	EXP 	text_5: text = 30
22.5604 	EXP 	text_5: height = 0.05
22.5604 	EXP 	text_5: height = 0.05
22.5604 	EXP 	text_5: height = 0.05
22.5604 	EXP 	text_5: text = 30
22.5766 	EXP 	text_5: height = 0.05
22.5766 	EXP 	text_5: height = 0.05
22.5766 	EXP 	text_5: height = 0.05
22.5766 	EXP 	text_5: text = 30
22.5936 	EXP 	text_5: height = 0.05
22.5936 	EXP 	text_5: height = 0.05
22.5936 	EXP 	text_5: height = 0.05
22.5936 	EXP 	text_5: text = 30
22.6105 	EXP 	text_5: height = 0.05
22.6105 	EXP 	text_5: height = 0.05
22.6105 	EXP 	text_5: height = 0.05
22.6105 	EXP 	text_5: text = 30
22.6276 	EXP 	text_5: height = 0.05
22.6276 	EXP 	text_5: height = 0.05
22.6276 	EXP 	text_5: height = 0.05
22.6276 	EXP 	text_5: text = 30
22.6433 	EXP 	text_5: height = 0.05
22.6433 	EXP 	text_5: height = 0.05
22.6433 	EXP 	text_5: height = 0.05
22.6433 	EXP 	text_5: text = 30
22.6607 	EXP 	text_5: height = 0.05
22.6607 	EXP 	text_5: height = 0.05
22.6607 	EXP 	text_5: height = 0.05
22.6607 	EXP 	text_5: text = 30
22.6768 	EXP 	text_5: height = 0.05
22.6768 	EXP 	text_5: height = 0.05
22.6768 	EXP 	text_5: height = 0.05
22.6768 	EXP 	text_5: text = 30
22.6935 	EXP 	text_5: height = 0.05
22.6935 	EXP 	text_5: height = 0.05
22.6935 	EXP 	text_5: height = 0.05
22.6935 	EXP 	text_5: text = 30
22.7100 	EXP 	text_5: height = 0.05
22.7100 	EXP 	text_5: height = 0.05
22.7100 	EXP 	text_5: height = 0.05
22.7100 	EXP 	text_5: text = 30
22.7272 	EXP 	text_5: height = 0.05
22.7272 	EXP 	text_5: height = 0.05
22.7272 	EXP 	text_5: height = 0.05
22.7272 	EXP 	text_5: text = 30
22.7437 	EXP 	text_5: height = 0.05
22.7437 	EXP 	text_5: height = 0.05
22.7437 	EXP 	text_5: height = 0.05
22.7437 	EXP 	text_5: text = 30
22.7601 	EXP 	text_5: height = 0.05
22.7601 	EXP 	text_5: height = 0.05
22.7601 	EXP 	text_5: height = 0.05
22.7601 	EXP 	text_5: text = 30
22.7770 	EXP 	text_5: height = 0.05
22.7770 	EXP 	text_5: height = 0.05
22.7770 	EXP 	text_5: height = 0.05
22.7770 	EXP 	text_5: text = 30
22.7935 	EXP 	text_5: height = 0.05
22.7935 	EXP 	text_5: height = 0.05
22.7935 	EXP 	text_5: height = 0.05
22.7935 	EXP 	text_5: text = 30
22.8106 	EXP 	text_5: height = 0.05
22.8106 	EXP 	text_5: height = 0.05
22.8106 	EXP 	text_5: height = 0.05
22.8106 	EXP 	text_5: text = 30
22.8269 	EXP 	text_5: height = 0.05
22.8269 	EXP 	text_5: height = 0.05
22.8269 	EXP 	text_5: height = 0.05
22.8269 	EXP 	text_5: text = 30
22.8433 	EXP 	text_5: height = 0.05
22.8433 	EXP 	text_5: height = 0.05
22.8433 	EXP 	text_5: height = 0.05
22.8433 	EXP 	text_5: text = 30
22.8603 	EXP 	text_5: height = 0.05
22.8603 	EXP 	text_5: height = 0.05
22.8603 	EXP 	text_5: height = 0.05
22.8603 	EXP 	text_5: text = 30
22.8771 	EXP 	text_5: height = 0.05
22.8771 	EXP 	text_5: height = 0.05
22.8771 	EXP 	text_5: height = 0.05
22.8771 	EXP 	text_5: text = 30
22.8936 	EXP 	text_5: height = 0.05
22.8936 	EXP 	text_5: height = 0.05
22.8936 	EXP 	text_5: height = 0.05
22.8936 	EXP 	text_5: text = 30
22.9098 	EXP 	text_5: height = 0.05
22.9098 	EXP 	text_5: height = 0.05
22.9098 	EXP 	text_5: height = 0.05
22.9098 	EXP 	text_5: text = 30
22.9265 	EXP 	text_5: height = 0.05
22.9265 	EXP 	text_5: height = 0.05
22.9265 	EXP 	text_5: height = 0.05
22.9265 	EXP 	text_5: text = 30
22.9431 	EXP 	text_5: height = 0.05
22.9431 	EXP 	text_5: height = 0.05
22.9431 	EXP 	text_5: height = 0.05
22.9431 	EXP 	text_5: text = 30
22.9606 	EXP 	text_5: height = 0.05
22.9606 	EXP 	text_5: height = 0.05
22.9606 	EXP 	text_5: height = 0.05
22.9606 	EXP 	text_5: text = 30
22.9768 	EXP 	text_5: height = 0.05
22.9768 	EXP 	text_5: height = 0.05
22.9768 	EXP 	text_5: height = 0.05
22.9768 	EXP 	text_5: text = 30
22.9937 	EXP 	text_5: height = 0.05
22.9937 	EXP 	text_5: height = 0.05
22.9937 	EXP 	text_5: height = 0.05
22.9937 	EXP 	text_5: text = 30
23.0103 	EXP 	text_5: height = 0.05
23.0103 	EXP 	text_5: height = 0.05
23.0103 	EXP 	text_5: height = 0.05
23.0103 	EXP 	text_5: text = 30
23.0268 	EXP 	text_5: height = 0.05
23.0268 	EXP 	text_5: height = 0.05
23.0268 	EXP 	text_5: height = 0.05
23.0268 	EXP 	text_5: text = 30
23.0436 	EXP 	text_5: height = 0.05
23.0436 	EXP 	text_5: height = 0.05
23.0436 	EXP 	text_5: height = 0.05
23.0436 	EXP 	text_5: text = 30
23.0603 	EXP 	text_5: height = 0.05
23.0603 	EXP 	text_5: height = 0.05
23.0603 	EXP 	text_5: height = 0.05
23.0603 	EXP 	text_5: text = 30
23.0662 	DATA 	Keypress: escape
23.0769 	EXP 	text_5: height = 0.05
23.0769 	EXP 	text_5: height = 0.05
23.0769 	EXP 	text_5: height = 0.05
23.0769 	EXP 	text_5: text = 30
23.0936 	EXP 	text_5: height = 0.05
23.0936 	EXP 	text_5: height = 0.05
23.0936 	EXP 	text_5: height = 0.05
23.0936 	EXP 	text_5: text = 30
23.1105 	EXP 	text_5: height = 0.05
23.1105 	EXP 	text_5: height = 0.05
23.1105 	EXP 	text_5: height = 0.05
23.1105 	EXP 	text_5: text = 30
23.1269 	EXP 	text_5: height = 0.05
23.1269 	EXP 	text_5: height = 0.05
23.1269 	EXP 	text_5: height = 0.05
23.1269 	EXP 	text_5: text = 30
23.9248 	EXP 	window1: mouseVisible = True
