1.2756 	WARNING 	We strongly recommend you activate the PTB sound engine in PsychoPy prefs as the preferred audio engine. Its timing is vastly superior. Your prefs are currently set to use ['sounddevice', 'PTB', 'pyo', 'pygame'] (in that order).
7.6675 	WARNING 	User requested fullscreen with size [1024  768], but screen is actually [2560, 1440]. Using actual size
11.3685 	EXP 	Created window1 = Window(allowGUI=True, allowStencil=False, autoLog=True, backendConf=UNKNOWN, bitsMode=UNKNOWN, blendMode='avg', bpc=(8, 8, 8), color=array([0, 0, 0]), colorSpace='rgb', depthBits=8, fullscr=<method-wrapper '__getattribute__' of attributeSetter object at 0x000002C4A5ED2340>, gamma=None, gammaErrorPolicy='raise', lms=UNKNOWN, monitor=<psychopy.monitors.calibTools.Monitor object at 0x000002C4A6DD7640>, multiSample=False, name='window1', numSamples=2, pos=(0, 0), screen=0, size=array([2560, 1440]), stencilBits=0, stereo=False, units='height', useFBO=True, useRetina=False, viewOri=0.0, viewPos=None, viewScale=None, waitBlanking=True, winType='pyglet')
11.3687 	EXP 	window1: mouseVisible = True
11.3690 	EXP 	window1: mouseVisible = False
11.3690 	EXP 	window1: Attempting to measure frame rate of screen (0) ...
11.3691 	EXP 	window1: recordFrameIntervals = False
11.5324 	EXP 	window1: recordFrameIntervals = True
11.7170 	EXP 	Screen (0) actual frame rate measured at 59.84Hz
11.7170 	EXP 	window1: recordFrameIntervals = False
13.4373 	EXP 	Created text_instr = TextStim(__class__=<class 'psychopy.visual.text.TextStim'>, alignHoriz=method-wrapper(...), alignText='center', alignVert=method-wrapper(...), anchorHoriz='center', anchorVert='center', antialias=True, autoDraw=False, autoLog=True, bold=False, color=array([1, 1, 1]), colorSpace='rgb', contrast=1.0, depth=0.0, flipHoriz=False, flipVert=False, font='Arial', fontFiles=[], height=0.04, italic=False, languageStyle='LTR', name='text_instr', opacity=1.0, ori=0.0, pos=array([-0.3 ,  0.25]), rgb=UNKNOWN, text=str(...), units='height', win=Window(...), wrapWidth=1)
13.4528 	EXP 	Created image_instr1 = ImageStim(__class__=<class 'psychopy.visual.image.ImageStim'>, anchor=('center', 'center'), autoLog=True, color=array([1, 1, 1]), colorSpace='rgb', contrast=1.0, depth=-1.0, flipHoriz=False, flipVert=False, image='instruct1.png', interpolate=True, mask=None, maskParams=None, name='image_instr1', opacity=1.0, ori=0.0, pos=array([-0.5,  0. ]), size=array([0.37777778, 0.14027778]), texRes=128.0, units='height', win=Window(...))
13.4626 	EXP 	Created image_instr2 = ImageStim(__class__=<class 'psychopy.visual.image.ImageStim'>, anchor=('center', 'center'), autoLog=True, color=array([1, 1, 1]), colorSpace='rgb', contrast=1.0, depth=-2.0, flipHoriz=False, flipVert=False, image='instruct2.png', interpolate=True, mask=None, maskParams=None, name='image_instr2', opacity=1.0, ori=0.0, pos=array([0.3, 0.3]), size=array([0.28958333, 0.06736111]), texRes=128.0, units='height', win=Window(...))
13.4706 	EXP 	Created image_illus = ImageStim(__class__=<class 'psychopy.visual.image.ImageStim'>, anchor=('center', 'center'), autoLog=True, color=array([1, 1, 1]), colorSpace='rgb', contrast=1.0, depth=-3.0, flipHoriz=False, flipVert=False, image='click.png', interpolate=True, mask=None, maskParams=None, name='image_illus', opacity=1.0, ori=0.0, pos=array([0.3, 0. ]), size=array([0.23402778, 0.14444444]), texRes=128.0, units='height', win=Window(...))
13.4762 	EXP 	Created image_next = ImageStim(__class__=<class 'psychopy.visual.image.ImageStim'>, anchor=('center', 'center'), autoLog=True, color=array([1, 1, 1]), colorSpace='rgb', contrast=1.0, depth=-4.0, flipHoriz=False, flipVert=False, image='next.png', interpolate=True, mask=None, maskParams=None, name='image_next', opacity=1.0, ori=0.0, pos=array([ 0.6, -0.4]), size=array([0.11319444, 0.06736111]), texRes=128.0, units='height', win=Window(...))
13.4765 	EXP 	window1: mouseVisible = True
13.4903 	EXP 	Created text_3 = TextStim(__class__=<class 'psychopy.visual.text.TextStim'>, alignHoriz=method-wrapper(...), alignText='center', alignVert=method-wrapper(...), anchorHoriz='center', anchorVert='center', antialias=True, autoDraw=False, autoLog=True, bold=False, color=array([1, 1, 1]), colorSpace='rgb', contrast=1.0, depth=0.0, flipHoriz=False, flipVert=False, font='Open Sans', fontFiles=[], height=0.05, italic=False, languageStyle='LTR', name='text_3', opacity=1.0, ori=0.0, pos=array([0. , 0.3]), rgb=UNKNOWN, text='The amount of seconds you have to estimate is ', units='height', win=Window(...), wrapWidth=1)
13.4910 	EXP 	Created text_2 = TextStim(__class__=<class 'psychopy.visual.text.TextStim'>, alignHoriz=method-wrapper(...), alignText='center', alignVert=method-wrapper(...), anchorHoriz='center', anchorVert='center', antialias=True, autoDraw=False, autoLog=True, bold=False, color=array([1, 1, 1]), colorSpace='rgb', contrast=1.0, depth=-1.0, flipHoriz=False, flipVert=False, font='Open Sans', fontFiles=[], height=0.05, italic=False, languageStyle='LTR', name='text_2', opacity=1.0, ori=0.0, pos=array([0., 0.]), rgb=UNKNOWN, text='', units='height', win=Window(...), wrapWidth=1)
13.4979 	EXP 	Created text_4 = TextStim(__class__=<class 'psychopy.visual.text.TextStim'>, alignHoriz=method-wrapper(...), alignText='center', alignVert=method-wrapper(...), anchorHoriz='center', anchorVert='center', antialias=True, autoDraw=False, autoLog=True, bold=False, color=array([1, 1, 1]), colorSpace='rgb', contrast=1.0, depth=-3.0, flipHoriz=False, flipVert=False, font='Open Sans', fontFiles=[], height=0.05, italic=False, languageStyle='LTR', name='text_4', opacity=1.0, ori=0.0, pos=array([ 0. , -0.2]), rgb=UNKNOWN, text=str(...), units='height', win=Window(...), wrapWidth=1)
13.5077 	EXP 	Created text_5 = TextStim(__class__=<class 'psychopy.visual.text.TextStim'>, alignHoriz=method-wrapper(...), alignText='center', alignVert=method-wrapper(...), anchorHoriz='center', anchorVert='center', antialias=True, autoDraw=False, autoLog=True, bold=False, color=array([1, 1, 1]), colorSpace='rgb', contrast=1.0, depth=-1.0, flipHoriz=False, flipVert=False, font='Open Sans', fontFiles=[], height=0.02, italic=False, languageStyle='LTR', name='text_5', opacity=1.0, ori=0.0, pos=array([0. , 0.3]), rgb=UNKNOWN, text='Time running', units='height', win=Window(...), wrapWidth=1)
13.5099 	EXP 	Created text_6 = TextStim(__class__=<class 'psychopy.visual.text.TextStim'>, alignHoriz=method-wrapper(...), alignText='center', alignVert=method-wrapper(...), anchorHoriz='center', anchorVert='center', antialias=True, autoDraw=False, autoLog=True, bold=False, color=array([1, 1, 1]), colorSpace='rgb', contrast=1.0, depth=-2.0, flipHoriz=False, flipVert=False, font='Open Sans', fontFiles=[], height=0.02, italic=False, languageStyle='LTR', name='text_6', opacity=1.0, ori=0.0, pos=array([0. , 0.3]), rgb=UNKNOWN, text='Time running', units='height', win=Window(...), wrapWidth=1)
13.5121 	EXP 	Created text_7 = TextStim(__class__=<class 'psychopy.visual.text.TextStim'>, alignHoriz=method-wrapper(...), alignText='center', alignVert=method-wrapper(...), anchorHoriz='center', anchorVert='center', antialias=True, autoDraw=False, autoLog=True, bold=False, color=array([1, 1, 1]), colorSpace='rgb', contrast=1.0, depth=-3.0, flipHoriz=False, flipVert=False, font='Open Sans', fontFiles=[], height=0.02, italic=False, languageStyle='LTR', name='text_7', opacity=1.0, ori=0.0, pos=array([0. , 0.3]), rgb=UNKNOWN, text='Time running', units='height', win=Window(...), wrapWidth=1)
13.5502 	EXP 	text_instr: autoDraw = True
13.5502 	EXP 	image_instr1: autoDraw = True
13.5502 	EXP 	image_instr2: autoDraw = True
13.5502 	EXP 	image_illus: autoDraw = True
13.5502 	EXP 	image_next: autoDraw = True
30.3622 	DATA 	Mouse: Left button down, pos=(2156,166)
30.3875 	EXP 	Imported C:/Users/carelab/Desktop/Erik/resources/Lsquare.csv as conditions, 16 conditions, 26 params
30.3883 	EXP 	Created sequence: sequential, trialTypes=16, nReps=1, seed=None
30.3895 	EXP 	New trial (rep=0, index=0): OrderedDict([('Participant1', 30), ('Participant2', 30), ('Participant3', 105), ('Participant4', 105), ('Participant5', 60), ('Participant6', 120), ('Participant7', 120), ('Participant8', 120), ('Participant9', 105), ('Participant10', 60), ('Participant11', 105), ('Participant12', 60), ('Participant13', 30), ('Participant14', 60), ('Participant15', 120), ('Participant16', 30), ('Participant17', 30), ('Participant18', 30), ('Participant19', 105), ('Participant20', 105), ('Participant21', 60), ('Participant22', 120), ('Participant23', 120), ('Participant24', 120), ('Participant25', 105), ('Participant26', 60)])
30.4022 	EXP 	text_instr: autoDraw = False
30.4022 	EXP 	image_instr1: autoDraw = False
30.4022 	EXP 	image_instr2: autoDraw = False
30.4022 	EXP 	image_illus: autoDraw = False
30.4022 	EXP 	image_next: autoDraw = False
30.4022 	EXP 	text_2: height = 0.05
30.4022 	EXP 	text_2: height = 0.05
30.4022 	EXP 	text_2: height = 0.05
30.4022 	EXP 	text_2: text = 30
30.4022 	EXP 	text_3: autoDraw = True
30.4022 	EXP 	text_2: autoDraw = True
30.4022 	EXP 	text_4: autoDraw = True
30.4448 	DATA 	Mouse:  Left button up, pos=(2156,166)
33.0943 	DATA 	Mouse: Left button down, pos=(2043,289)
33.2443 	DATA 	Mouse:  Left button up, pos=(2043,289)
34.8283 	DATA 	Keypress: space
34.8417 	EXP 	text_3: autoDraw = False
34.8417 	EXP 	text_2: autoDraw = False
34.8417 	EXP 	text_4: autoDraw = False
34.8417 	EXP 	text_5: autoDraw = True
35.8415 	EXP 	text_5: autoDraw = False
39.8399 	EXP 	text_6: autoDraw = True
40.8396 	EXP 	text_6: autoDraw = False
46.8378 	EXP 	text_7: autoDraw = True
47.8374 	EXP 	text_7: autoDraw = False
55.8528 	EXP 	New trial (rep=0, index=1): OrderedDict([('Participant1', 30), ('Participant2', 105), ('Participant3', 105), ('Participant4', 60), ('Participant5', 120), ('Participant6', 120), ('Participant7', 120), ('Participant8', 105), ('Participant9', 60), ('Participant10', 105), ('Participant11', 60), ('Participant12', 30), ('Participant13', 60), ('Participant14', 120), ('Participant15', 30), ('Participant16', 30), ('Participant17', 30), ('Participant18', 105), ('Participant19', 105), ('Participant20', 60), ('Participant21', 120), ('Participant22', 120), ('Participant23', 120), ('Participant24', 105), ('Participant25', 60), ('Participant26', 105)])
55.8567 	DATA 	Keypress: space
55.8687 	EXP 	text_5: autoDraw = False
55.8687 	EXP 	text_6: autoDraw = False
55.8687 	EXP 	text_7: autoDraw = False
55.8687 	EXP 	text_2: height = 0.05
55.8687 	EXP 	text_2: height = 0.05
55.8687 	EXP 	text_2: height = 0.05
55.8687 	EXP 	text_2: text = 30
55.8687 	EXP 	text_3: autoDraw = True
55.8687 	EXP 	text_2: autoDraw = True
55.8687 	EXP 	text_4: autoDraw = True
56.8374 	DATA 	Keypress: space
56.8511 	EXP 	text_3: autoDraw = False
56.8511 	EXP 	text_2: autoDraw = False
56.8511 	EXP 	text_4: autoDraw = False
56.8511 	EXP 	text_5: autoDraw = True
57.2862 	EXP 	New trial (rep=0, index=2): OrderedDict([('Participant1', 30), ('Participant2', 30), ('Participant3', 30), ('Participant4', 105), ('Participant5', 105), ('Participant6', 60), ('Participant7', 120), ('Participant8', 120), ('Participant9', 120), ('Participant10', 105), ('Participant11', 60), ('Participant12', 105), ('Participant13', 60), ('Participant14', 30), ('Participant15', 60), ('Participant16', 120), ('Participant17', 30), ('Participant18', 30), ('Participant19', 30), ('Participant20', 105), ('Participant21', 105), ('Participant22', 60), ('Participant23', 120), ('Participant24', 120), ('Participant25', 120), ('Participant26', 105)])
57.2902 	DATA 	Keypress: space
57.3016 	EXP 	text_5: autoDraw = False
57.3016 	EXP 	text_6: autoDraw = False
57.3016 	EXP 	text_7: autoDraw = False
57.3016 	EXP 	text_2: height = 0.05
57.3016 	EXP 	text_2: height = 0.05
57.3016 	EXP 	text_2: height = 0.05
57.3016 	EXP 	text_2: text = 30
57.3016 	EXP 	text_3: autoDraw = True
57.3016 	EXP 	text_2: autoDraw = True
57.3016 	EXP 	text_4: autoDraw = True
58.3201 	DATA 	Keypress: space
58.3346 	EXP 	text_3: autoDraw = False
58.3346 	EXP 	text_2: autoDraw = False
58.3346 	EXP 	text_4: autoDraw = False
58.3346 	EXP 	text_5: autoDraw = True
59.3341 	EXP 	text_5: autoDraw = False
63.3332 	EXP 	text_6: autoDraw = True
64.3328 	EXP 	text_6: autoDraw = False
70.3307 	EXP 	text_7: autoDraw = True
71.3308 	EXP 	text_7: autoDraw = False
76.2134 	EXP 	New trial (rep=0, index=3): OrderedDict([('Participant1', 105), ('Participant2', 105), ('Participant3', 60), ('Participant4', 120), ('Participant5', 120), ('Participant6', 120), ('Participant7', 105), ('Participant8', 60), ('Participant9', 105), ('Participant10', 60), ('Participant11', 30), ('Participant12', 60), ('Participant13', 120), ('Participant14', 30), ('Participant15', 30), ('Participant16', 30), ('Participant17', 105), ('Participant18', 105), ('Participant19', 60), ('Participant20', 120), ('Participant21', 120), ('Participant22', 120), ('Participant23', 105), ('Participant24', 60), ('Participant25', 105), ('Participant26', 60)])
76.2196 	DATA 	Keypress: space
76.2299 	EXP 	text_5: autoDraw = False
76.2299 	EXP 	text_6: autoDraw = False
76.2299 	EXP 	text_7: autoDraw = False
76.2299 	EXP 	text_2: height = 0.05
76.2299 	EXP 	text_2: height = 0.05
76.2299 	EXP 	text_2: height = 0.05
76.2299 	EXP 	text_2: text = 105
76.2299 	EXP 	text_3: autoDraw = True
76.2299 	EXP 	text_2: autoDraw = True
76.2299 	EXP 	text_4: autoDraw = True
79.3642 	DATA 	Keypress: space
79.3776 	EXP 	text_3: autoDraw = False
79.3776 	EXP 	text_2: autoDraw = False
79.3776 	EXP 	text_4: autoDraw = False
79.3776 	EXP 	text_5: autoDraw = True
79.6458 	EXP 	New trial (rep=0, index=4): OrderedDict([('Participant1', 120), ('Participant2', 30), ('Participant3', 30), ('Participant4', 30), ('Participant5', 105), ('Participant6', 105), ('Participant7', 60), ('Participant8', 120), ('Participant9', 120), ('Participant10', 120), ('Participant11', 105), ('Participant12', 60), ('Participant13', 105), ('Participant14', 60), ('Participant15', 30), ('Participant16', 60), ('Participant17', 120), ('Participant18', 30), ('Participant19', 30), ('Participant20', 30), ('Participant21', 105), ('Participant22', 105), ('Participant23', 60), ('Participant24', 120), ('Participant25', 120), ('Participant26', 120)])
79.6519 	DATA 	Keypress: space
79.6618 	EXP 	text_5: autoDraw = False
79.6618 	EXP 	text_6: autoDraw = False
79.6618 	EXP 	text_7: autoDraw = False
79.6618 	EXP 	text_2: height = 0.05
79.6618 	EXP 	text_2: height = 0.05
79.6618 	EXP 	text_2: height = 0.05
79.6618 	EXP 	text_2: text = 120
79.6618 	EXP 	text_3: autoDraw = True
79.6618 	EXP 	text_2: autoDraw = True
79.6618 	EXP 	text_4: autoDraw = True
79.7971 	DATA 	Keypress: space
79.8113 	EXP 	text_3: autoDraw = False
79.8113 	EXP 	text_2: autoDraw = False
79.8113 	EXP 	text_4: autoDraw = False
79.8113 	EXP 	text_5: autoDraw = True
79.8796 	EXP 	New trial (rep=0, index=5): OrderedDict([('Participant1', 105), ('Participant2', 60), ('Participant3', 120), ('Participant4', 120), ('Participant5', 120), ('Participant6', 105), ('Participant7', 60), ('Participant8', 105), ('Participant9', 60), ('Participant10', 30), ('Participant11', 60), ('Participant12', 120), ('Participant13', 30), ('Participant14', 30), ('Participant15', 30), ('Participant16', 105), ('Participant17', 105), ('Participant18', 60), ('Participant19', 120), ('Participant20', 120), ('Participant21', 120), ('Participant22', 105), ('Participant23', 60), ('Participant24', 105), ('Participant25', 60), ('Participant26', 30)])
79.8845 	DATA 	Keypress: space
79.8953 	EXP 	text_5: autoDraw = False
79.8953 	EXP 	text_6: autoDraw = False
79.8953 	EXP 	text_7: autoDraw = False
79.8953 	EXP 	text_2: height = 0.05
79.8953 	EXP 	text_2: height = 0.05
79.8953 	EXP 	text_2: height = 0.05
79.8953 	EXP 	text_2: text = 105
79.8953 	EXP 	text_3: autoDraw = True
79.8953 	EXP 	text_2: autoDraw = True
79.8953 	EXP 	text_4: autoDraw = True
80.0632 	DATA 	Keypress: space
80.0775 	EXP 	text_3: autoDraw = False
80.0775 	EXP 	text_2: autoDraw = False
80.0775 	EXP 	text_4: autoDraw = False
80.0775 	EXP 	text_5: autoDraw = True
80.2296 	DATA 	Keypress: space
80.2460 	EXP 	New trial (rep=0, index=6): OrderedDict([('Participant1', 60), ('Participant2', 120), ('Participant3', 30), ('Participant4', 30), ('Participant5', 30), ('Participant6', 105), ('Participant7', 105), ('Participant8', 60), ('Participant9', 120), ('Participant10', 120), ('Participant11', 120), ('Participant12', 105), ('Participant13', 60), ('Participant14', 105), ('Participant15', 60), ('Participant16', 30), ('Participant17', 60), ('Participant18', 120), ('Participant19', 30), ('Participant20', 30), ('Participant21', 30), ('Participant22', 105), ('Participant23', 105), ('Participant24', 60), ('Participant25', 120), ('Participant26', 120)])
80.2612 	EXP 	text_5: autoDraw = False
80.2612 	EXP 	text_6: autoDraw = False
80.2612 	EXP 	text_7: autoDraw = False
80.2612 	EXP 	text_2: height = 0.05
80.2612 	EXP 	text_2: height = 0.05
80.2612 	EXP 	text_2: height = 0.05
80.2612 	EXP 	text_2: text = 60
80.2612 	EXP 	text_3: autoDraw = True
80.2612 	EXP 	text_2: autoDraw = True
80.2612 	EXP 	text_4: autoDraw = True
81.3459 	DATA 	Keypress: escape
81.7888 	EXP 	window1: mouseVisible = True
