1.4660 	WARNING 	We strongly recommend you activate the PTB sound engine in PsychoPy prefs as the preferred audio engine. Its timing is vastly superior. Your prefs are currently set to use ['sounddevice', 'PTB', 'pyo', 'pygame'] (in that order).
9.4784 	WARNING 	User requested fullscreen with size [1024  768], but screen is actually [2560, 1440]. Using actual size
10.7370 	EXP 	Created window1 = Window(allowGUI=True, allowStencil=False, autoLog=True, backendConf=UNKNOWN, bitsMode=UNKNOWN, blendMode='avg', bpc=(8, 8, 8), color=array([0, 0, 0]), colorSpace='rgb', depthBits=8, fullscr=<method-wrapper '__getattribute__' of attributeSetter object at 0x000002BB0AC02490>, gamma=None, gammaErrorPolicy='raise', lms=UNKNOWN, monitor=<psychopy.monitors.calibTools.Monitor object at 0x000002BB0CAD9730>, multiSample=False, name='window1', numSamples=2, pos=(0, 0), screen=0, size=array([2560, 1440]), stencilBits=0, stereo=False, units='height', useFBO=True, useRetina=False, viewOri=0.0, viewPos=None, viewScale=None, waitBlanking=True, winType='pyglet')
10.7372 	EXP 	window1: mouseVisible = True
10.7374 	EXP 	window1: mouseVisible = False
10.7374 	EXP 	window1: Attempting to measure frame rate of screen (0) ...
10.7375 	EXP 	window1: recordFrameIntervals = False
10.9025 	EXP 	window1: recordFrameIntervals = True
11.0860 	EXP 	Screen (0) actual frame rate measured at 59.55Hz
11.0861 	EXP 	window1: recordFrameIntervals = False
13.0367 	EXP 	Created text_instr = TextStim(__class__=<class 'psychopy.visual.text.TextStim'>, alignHoriz=method-wrapper(...), alignText='center', alignVert=method-wrapper(...), anchorHoriz='center', anchorVert='center', antialias=True, autoDraw=False, autoLog=True, bold=False, color=array([1, 1, 1]), colorSpace='rgb', contrast=1.0, depth=0.0, flipHoriz=False, flipVert=False, font='Comic Sans', fontFiles=[], height=0.04, italic=False, languageStyle='LTR', name='text_instr', opacity=1.0, ori=0.0, pos=array([0., 0.]), rgb=UNKNOWN, text=str(...), units='height', win=Window(...), wrapWidth=1)
13.0500 	EXP 	Created image_next = ImageStim(__class__=<class 'psychopy.visual.image.ImageStim'>, anchor=('center', 'center'), autoLog=True, color=array([1, 1, 1]), colorSpace='rgb', contrast=1.0, depth=-1.0, flipHoriz=False, flipVert=False, image='next.png', interpolate=True, mask=None, maskParams=None, name='image_next', opacity=1.0, ori=0.0, pos=array([ 0.6, -0.4]), size=array([0.11319444, 0.06736111]), texRes=128.0, units='height', win=Window(...))
13.0503 	EXP 	window1: mouseVisible = True
13.0704 	EXP 	Created text_3 = TextStim(__class__=<class 'psychopy.visual.text.TextStim'>, alignHoriz=method-wrapper(...), alignText='center', alignVert=method-wrapper(...), anchorHoriz='center', anchorVert='center', antialias=True, autoDraw=False, autoLog=True, bold=False, color=array([1, 1, 1]), colorSpace='rgb', contrast=1.0, depth=0.0, flipHoriz=False, flipVert=False, font='Open Sans', fontFiles=[], height=0.05, italic=False, languageStyle='LTR', name='text_3', opacity=1.0, ori=0.0, pos=array([0. , 0.3]), rgb=UNKNOWN, text=str(...), units='height', win=Window(...), wrapWidth=1)
13.0710 	EXP 	Created text_2 = TextStim(__class__=<class 'psychopy.visual.text.TextStim'>, alignHoriz=method-wrapper(...), alignText='center', alignVert=method-wrapper(...), anchorHoriz='center', anchorVert='center', antialias=True, autoDraw=False, autoLog=True, bold=False, color=array([1, 1, 1]), colorSpace='rgb', contrast=1.0, depth=-1.0, flipHoriz=False, flipVert=False, font='Open Sans', fontFiles=[], height=0.05, italic=False, languageStyle='LTR', name='text_2', opacity=1.0, ori=0.0, pos=array([0., 0.]), rgb=UNKNOWN, text='', units='height', win=Window(...), wrapWidth=1)
13.0818 	EXP 	Created text_4 = TextStim(__class__=<class 'psychopy.visual.text.TextStim'>, alignHoriz=method-wrapper(...), alignText='center', alignVert=method-wrapper(...), anchorHoriz='center', anchorVert='center', antialias=True, autoDraw=False, autoLog=True, bold=False, color=array([1, 1, 1]), colorSpace='rgb', contrast=1.0, depth=-3.0, flipHoriz=False, flipVert=False, font='Open Sans', fontFiles=[], height=0.05, italic=False, languageStyle='LTR', name='text_4', opacity=1.0, ori=0.0, pos=array([ 0. , -0.2]), rgb=UNKNOWN, text=str(...), units='height', win=Window(...), wrapWidth=1)
13.3043 	EXP 	Sound sound_1 set volume 1.000
13.3062 	EXP 	Created text_5 = TextStim(__class__=<class 'psychopy.visual.text.TextStim'>, alignHoriz=method-wrapper(...), alignText='center', alignVert=method-wrapper(...), anchorHoriz='center', anchorVert='center', antialias=True, autoDraw=False, autoLog=True, bold=False, color=array([1, 1, 1]), colorSpace='rgb', contrast=1.0, depth=-2.0, flipHoriz=False, flipVert=False, font='Arial', fontFiles=[], height=0.1, italic=False, languageStyle='LTR', name='text_5', opacity=1.0, ori=0.0, pos=array([0. , 0.4]), rgb=UNKNOWN, text='', units='height', win=Window(...), wrapWidth=1)
13.3069 	EXP 	Created stopb = TextStim(__class__=<class 'psychopy.visual.text.TextStim'>, alignHoriz=method-wrapper(...), alignText='center', alignVert=method-wrapper(...), anchorHoriz='center', anchorVert='center', antialias=True, autoDraw=False, autoLog=True, bold=False, color=array([1, 1, 1]), colorSpace='rgb', contrast=1.0, depth=-3.0, flipHoriz=False, flipVert=False, font='Arial', fontFiles=[], height=0.1, italic=False, languageStyle='LTR', name='stopb', opacity=1.0, ori=0.0, pos=array([ 0. , -0.4]), rgb=UNKNOWN, text='', units='height', win=Window(...), wrapWidth=1)
13.3074 	EXP 	Created stopl = TextStim(__class__=<class 'psychopy.visual.text.TextStim'>, alignHoriz=method-wrapper(...), alignText='center', alignVert=method-wrapper(...), anchorHoriz='center', anchorVert='center', antialias=True, autoDraw=False, autoLog=True, bold=False, color=array([1, 1, 1]), colorSpace='rgb', contrast=1.0, depth=-4.0, flipHoriz=False, flipVert=False, font='Arial', fontFiles=[], height=0.1, italic=False, languageStyle='LTR', name='stopl', opacity=1.0, ori=90.0, pos=array([-0.75,  0.  ]), rgb=UNKNOWN, text='', units='height', win=Window(...), wrapWidth=1)
13.3080 	EXP 	Created stopr = TextStim(__class__=<class 'psychopy.visual.text.TextStim'>, alignHoriz=method-wrapper(...), alignText='center', alignVert=method-wrapper(...), anchorHoriz='center', anchorVert='center', antialias=True, autoDraw=False, autoLog=True, bold=False, color=array([1, 1, 1]), colorSpace='rgb', contrast=1.0, depth=-5.0, flipHoriz=False, flipVert=False, font='Arial', fontFiles=[], height=0.1, italic=False, languageStyle='LTR', name='stopr', opacity=1.0, ori=-90.0, pos=array([0.75, 0.  ]), rgb=UNKNOWN, text='', units='height', win=Window(...), wrapWidth=1)
13.3087 	EXP 	Created text_6 = TextStim(__class__=<class 'psychopy.visual.text.TextStim'>, alignHoriz=method-wrapper(...), alignText='center', alignVert=method-wrapper(...), anchorHoriz='center', anchorVert='center', antialias=True, autoDraw=False, autoLog=True, bold=False, color=array([1, 1, 1]), colorSpace='rgb', contrast=1.0, depth=-7.0, flipHoriz=False, flipVert=False, font='Open Sans', fontFiles=[], height=0.1, italic=False, languageStyle='LTR', name='text_6', opacity=1.0, ori=0.0, pos=array([0., 0.]), rgb=UNKNOWN, text='', units='height', win=Window(...), wrapWidth=1)
13.3449 	EXP 	text_instr: autoDraw = True
13.3449 	EXP 	image_next: autoDraw = True
14.7007 	DATA 	Mouse: Left button down, pos=(2128,170)
14.7108 	EXP 	Imported C:/Users/carelab/Desktop/Erik/resources/Lsquare.csv as conditions, 16 conditions, 26 params
14.7113 	EXP 	Created sequence: sequential, trialTypes=16, nReps=1, seed=None
14.7119 	EXP 	New trial (rep=0, index=0): OrderedDict([('Participant1', 30), ('Participant2', 30), ('Participant3', 105), ('Participant4', 105), ('Participant5', 60), ('Participant6', 120), ('Participant7', 120), ('Participant8', 120), ('Participant9', 105), ('Participant10', 60), ('Participant11', 105), ('Participant12', 60), ('Participant13', 30), ('Participant14', 60), ('Participant15', 120), ('Participant16', 30), ('Participant17', 30), ('Participant18', 30), ('Participant19', 105), ('Participant20', 105), ('Participant21', 60), ('Participant22', 120), ('Participant23', 120), ('Participant24', 120), ('Participant25', 105), ('Participant26', 60)])
14.7272 	EXP 	text_instr: autoDraw = False
14.7272 	EXP 	image_next: autoDraw = False
14.7272 	EXP 	text_2: height = 0.05
14.7272 	EXP 	text_2: height = 0.05
14.7272 	EXP 	text_2: height = 0.05
14.7272 	EXP 	text_2: text = 30
14.7272 	EXP 	text_3: autoDraw = True
14.7272 	EXP 	text_2: autoDraw = True
14.7272 	EXP 	text_4: autoDraw = True
14.7853 	DATA 	Mouse:  Left button up, pos=(2128,170)
18.1246 	EXP 	Imported C:/Users/carelab/Desktop/Erik/resources/stroop.xlsx as conditions, 20 conditions, 3 params
18.1254 	EXP 	Created sequence: random, trialTypes=20, nReps=10, seed=None
18.1257 	EXP 	New trial (rep=0, index=0): {'word': 'BLUE', 'color': 'blue', 'correct': 'b'}
18.3317 	DATA 	Keypress: space
18.3386 	EXP 	text_3: autoDraw = False
18.3386 	EXP 	text_2: autoDraw = False
18.3386 	EXP 	text_4: autoDraw = False
18.3386 	EXP 	text_6: foreColor = <psychopy.colors.Color: blue, alpha=1.0>
18.3386 	EXP 	text_6: height = 0.1
18.3386 	EXP 	text_6: height = 0.1
18.3386 	EXP 	text_6: height = 0.1
18.3386 	EXP 	text_6: text = 'BLUE'
18.3386 	EXP 	text_5: autoDraw = True
18.3386 	EXP 	stopb: autoDraw = True
18.3386 	EXP 	stopl: autoDraw = True
18.3386 	EXP 	stopr: autoDraw = True
18.3386 	EXP 	text_6: autoDraw = True
23.7700 	EXP 	New trial (rep=0, index=1): {'word': 'RED', 'color': 'blue', 'correct': 'b'}
23.9843 	DATA 	Keypress: b
23.9914 	EXP 	text_5: autoDraw = False
23.9914 	EXP 	stopb: autoDraw = False
23.9914 	EXP 	stopl: autoDraw = False
23.9914 	EXP 	stopr: autoDraw = False
23.9914 	EXP 	text_6: autoDraw = False
23.9914 	EXP 	text_6: foreColor = <psychopy.colors.Color: blue, alpha=1.0>
23.9914 	EXP 	text_6: height = 0.1
23.9914 	EXP 	text_6: height = 0.1
23.9914 	EXP 	text_6: height = 0.1
23.9914 	EXP 	text_6: text = 'RED'
23.9914 	EXP 	text_5: autoDraw = True
23.9914 	EXP 	stopb: autoDraw = True
23.9914 	EXP 	stopl: autoDraw = True
23.9914 	EXP 	stopr: autoDraw = True
23.9914 	EXP 	text_6: autoDraw = True
25.4231 	EXP 	New trial (rep=0, index=2): {'word': 'BLUE', 'color': 'blue', 'correct': 'b'}
25.6335 	DATA 	Keypress: r
25.6411 	EXP 	text_5: autoDraw = False
25.6411 	EXP 	stopb: autoDraw = False
25.6411 	EXP 	stopl: autoDraw = False
25.6411 	EXP 	stopr: autoDraw = False
25.6411 	EXP 	text_6: autoDraw = False
25.6411 	EXP 	text_6: foreColor = <psychopy.colors.Color: blue, alpha=1.0>
25.6411 	EXP 	text_6: height = 0.1
25.6411 	EXP 	text_6: height = 0.1
25.6411 	EXP 	text_6: height = 0.1
25.6411 	EXP 	text_6: text = 'BLUE'
25.6411 	EXP 	text_5: autoDraw = True
25.6411 	EXP 	stopb: autoDraw = True
25.6411 	EXP 	stopl: autoDraw = True
25.6411 	EXP 	stopr: autoDraw = True
25.6411 	EXP 	text_6: autoDraw = True
26.6908 	EXP 	New trial (rep=0, index=3): {'word': 'RED', 'color': 'red', 'correct': 'r'}
26.9229 	DATA 	Keypress: b
26.9304 	EXP 	text_5: autoDraw = False
26.9304 	EXP 	stopb: autoDraw = False
26.9304 	EXP 	stopl: autoDraw = False
26.9304 	EXP 	stopr: autoDraw = False
26.9304 	EXP 	text_6: autoDraw = False
26.9304 	EXP 	text_6: foreColor = <psychopy.colors.Color: red, alpha=1.0>
26.9304 	EXP 	text_6: height = 0.1
26.9304 	EXP 	text_6: height = 0.1
26.9304 	EXP 	text_6: height = 0.1
26.9304 	EXP 	text_6: text = 'RED'
26.9304 	EXP 	text_5: autoDraw = True
26.9304 	EXP 	stopb: autoDraw = True
26.9304 	EXP 	stopl: autoDraw = True
26.9304 	EXP 	stopr: autoDraw = True
26.9304 	EXP 	text_6: autoDraw = True
27.8865 	EXP 	New trial (rep=0, index=4): {'word': 'BLUE', 'color': 'red', 'correct': 'r'}
28.0653 	DATA 	Keypress: r
28.0734 	EXP 	text_5: autoDraw = False
28.0734 	EXP 	stopb: autoDraw = False
28.0734 	EXP 	stopl: autoDraw = False
28.0734 	EXP 	stopr: autoDraw = False
28.0734 	EXP 	text_6: autoDraw = False
28.0734 	EXP 	text_6: foreColor = <psychopy.colors.Color: red, alpha=1.0>
28.0734 	EXP 	text_6: height = 0.1
28.0734 	EXP 	text_6: height = 0.1
28.0734 	EXP 	text_6: height = 0.1
28.0734 	EXP 	text_6: text = 'BLUE'
28.0734 	EXP 	text_5: autoDraw = True
28.0734 	EXP 	stopb: autoDraw = True
28.0734 	EXP 	stopl: autoDraw = True
28.0734 	EXP 	stopr: autoDraw = True
28.0734 	EXP 	text_6: autoDraw = True
29.5564 	DATA 	Keypress: r
29.5738 	EXP 	New trial (rep=0, index=5): {'word': 'BLUE', 'color': 'blue', 'correct': 'b'}
29.7644 	EXP 	text_5: autoDraw = False
29.7644 	EXP 	stopb: autoDraw = False
29.7644 	EXP 	stopl: autoDraw = False
29.7644 	EXP 	stopr: autoDraw = False
29.7644 	EXP 	text_6: autoDraw = False
29.7644 	EXP 	text_6: foreColor = <psychopy.colors.Color: blue, alpha=1.0>
29.7644 	EXP 	text_6: text = 'BLUE'
29.7644 	EXP 	text_5: autoDraw = True
29.7644 	EXP 	stopb: autoDraw = True
29.7644 	EXP 	stopl: autoDraw = True
29.7644 	EXP 	stopr: autoDraw = True
29.7644 	EXP 	text_6: autoDraw = True
30.2581 	DATA 	Keypress: r
30.2843 	EXP 	New trial (rep=0, index=6): {'word': 'RED', 'color': 'red', 'correct': 'r'}
30.4956 	EXP 	text_5: autoDraw = False
30.4956 	EXP 	stopb: autoDraw = False
30.4956 	EXP 	stopl: autoDraw = False
30.4956 	EXP 	stopr: autoDraw = False
30.4956 	EXP 	text_6: autoDraw = False
30.4956 	EXP 	text_6: foreColor = <psychopy.colors.Color: red, alpha=1.0>
30.4956 	EXP 	text_6: height = 0.1
30.4956 	EXP 	text_6: height = 0.1
30.4956 	EXP 	text_6: height = 0.1
30.4956 	EXP 	text_6: text = 'RED'
30.4956 	EXP 	text_5: autoDraw = True
30.4956 	EXP 	stopb: autoDraw = True
30.4956 	EXP 	stopl: autoDraw = True
30.4956 	EXP 	stopr: autoDraw = True
30.4956 	EXP 	text_6: autoDraw = True
30.8184 	EXP 	New trial (rep=0, index=7): {'word': 'RED', 'color': 'red', 'correct': 'r'}
31.0172 	DATA 	Keypress: r
31.0244 	EXP 	text_5: autoDraw = False
31.0244 	EXP 	stopb: autoDraw = False
31.0244 	EXP 	stopl: autoDraw = False
31.0244 	EXP 	stopr: autoDraw = False
31.0244 	EXP 	text_6: autoDraw = False
31.0244 	EXP 	text_6: foreColor = <psychopy.colors.Color: red, alpha=1.0>
31.0244 	EXP 	text_6: text = 'RED'
31.0244 	EXP 	text_5: autoDraw = True
31.0244 	EXP 	stopb: autoDraw = True
31.0244 	EXP 	stopl: autoDraw = True
31.0244 	EXP 	stopr: autoDraw = True
31.0244 	EXP 	text_6: autoDraw = True
31.1065 	EXP 	New trial (rep=0, index=8): {'word': 'BLUE', 'color': 'red', 'correct': 'r'}
31.3187 	DATA 	Keypress: r
31.3261 	EXP 	text_5: autoDraw = False
31.3261 	EXP 	stopb: autoDraw = False
31.3261 	EXP 	stopl: autoDraw = False
31.3261 	EXP 	stopr: autoDraw = False
31.3261 	EXP 	text_6: autoDraw = False
31.3261 	EXP 	text_6: foreColor = <psychopy.colors.Color: red, alpha=1.0>
31.3261 	EXP 	text_6: height = 0.1
31.3261 	EXP 	text_6: height = 0.1
31.3261 	EXP 	text_6: height = 0.1
31.3261 	EXP 	text_6: text = 'BLUE'
31.3261 	EXP 	text_5: autoDraw = True
31.3261 	EXP 	stopb: autoDraw = True
31.3261 	EXP 	stopl: autoDraw = True
31.3261 	EXP 	stopr: autoDraw = True
31.3261 	EXP 	text_6: autoDraw = True
31.5876 	EXP 	New trial (rep=0, index=9): {'word': 'BLUE', 'color': 'blue', 'correct': 'b'}
31.7194 	DATA 	Keypress: r
31.7272 	EXP 	text_5: autoDraw = False
31.7272 	EXP 	stopb: autoDraw = False
31.7272 	EXP 	stopl: autoDraw = False
31.7272 	EXP 	stopr: autoDraw = False
31.7272 	EXP 	text_6: autoDraw = False
31.7272 	EXP 	text_6: foreColor = <psychopy.colors.Color: blue, alpha=1.0>
31.7272 	EXP 	text_6: text = 'BLUE'
31.7272 	EXP 	text_5: autoDraw = True
31.7272 	EXP 	stopb: autoDraw = True
31.7272 	EXP 	stopl: autoDraw = True
31.7272 	EXP 	stopr: autoDraw = True
31.7272 	EXP 	text_6: autoDraw = True
31.8098 	DATA 	Keypress: r
31.8231 	EXP 	New trial (rep=0, index=10): {'word': 'BLUE', 'color': 'blue', 'correct': 'b'}
31.9977 	EXP 	text_5: autoDraw = False
31.9977 	EXP 	stopb: autoDraw = False
31.9977 	EXP 	stopl: autoDraw = False
31.9977 	EXP 	stopr: autoDraw = False
31.9977 	EXP 	text_6: autoDraw = False
31.9977 	EXP 	text_6: foreColor = <psychopy.colors.Color: blue, alpha=1.0>
31.9977 	EXP 	text_6: text = 'BLUE'
31.9977 	EXP 	text_5: autoDraw = True
31.9977 	EXP 	stopb: autoDraw = True
31.9977 	EXP 	stopl: autoDraw = True
31.9977 	EXP 	stopr: autoDraw = True
31.9977 	EXP 	text_6: autoDraw = True
32.0064 	DATA 	Keypress: r
32.1876 	EXP 	New trial (rep=0, index=11): {'word': 'RED', 'color': 'red', 'correct': 'r'}
32.2789 	DATA 	Keypress: r
32.2861 	EXP 	text_5: autoDraw = False
32.2861 	EXP 	stopb: autoDraw = False
32.2861 	EXP 	stopl: autoDraw = False
32.2861 	EXP 	stopr: autoDraw = False
32.2861 	EXP 	text_6: autoDraw = False
32.2861 	EXP 	text_6: foreColor = <psychopy.colors.Color: red, alpha=1.0>
32.2861 	EXP 	text_6: height = 0.1
32.2861 	EXP 	text_6: height = 0.1
32.2861 	EXP 	text_6: height = 0.1
32.2861 	EXP 	text_6: text = 'RED'
32.2861 	EXP 	text_5: autoDraw = True
32.2861 	EXP 	stopb: autoDraw = True
32.2861 	EXP 	stopl: autoDraw = True
32.2861 	EXP 	stopr: autoDraw = True
32.2861 	EXP 	text_6: autoDraw = True
32.4227 	EXP 	New trial (rep=0, index=12): {'word': 'RED', 'color': 'red', 'correct': 'r'}
32.5924 	DATA 	Keypress: r
32.5996 	EXP 	text_5: autoDraw = False
32.5996 	EXP 	stopb: autoDraw = False
32.5996 	EXP 	stopl: autoDraw = False
32.5996 	EXP 	stopr: autoDraw = False
32.5996 	EXP 	text_6: autoDraw = False
32.5996 	EXP 	text_6: foreColor = <psychopy.colors.Color: red, alpha=1.0>
32.5996 	EXP 	text_6: text = 'RED'
32.5996 	EXP 	text_5: autoDraw = True
32.5996 	EXP 	stopb: autoDraw = True
32.5996 	EXP 	stopl: autoDraw = True
32.5996 	EXP 	stopr: autoDraw = True
32.5996 	EXP 	text_6: autoDraw = True
32.9507 	EXP 	New trial (rep=0, index=13): {'word': 'RED', 'color': 'red', 'correct': 'r'}
33.0451 	DATA 	Keypress: r
33.0517 	EXP 	text_5: autoDraw = False
33.0517 	EXP 	stopb: autoDraw = False
33.0517 	EXP 	stopl: autoDraw = False
33.0517 	EXP 	stopr: autoDraw = False
33.0517 	EXP 	text_6: autoDraw = False
33.0517 	EXP 	text_6: foreColor = <psychopy.colors.Color: red, alpha=1.0>
33.0517 	EXP 	text_6: text = 'RED'
33.0517 	EXP 	text_5: autoDraw = True
33.0517 	EXP 	stopb: autoDraw = True
33.0517 	EXP 	stopl: autoDraw = True
33.0517 	EXP 	stopr: autoDraw = True
33.0517 	EXP 	text_6: autoDraw = True
33.6593 	EXP 	New trial (rep=0, index=14): {'word': 'RED', 'color': 'red', 'correct': 'r'}
33.8204 	DATA 	Keypress: b
33.8274 	EXP 	text_5: autoDraw = False
33.8274 	EXP 	stopb: autoDraw = False
33.8274 	EXP 	stopl: autoDraw = False
33.8274 	EXP 	stopr: autoDraw = False
33.8274 	EXP 	text_6: autoDraw = False
33.8274 	EXP 	text_6: foreColor = <psychopy.colors.Color: red, alpha=1.0>
33.8274 	EXP 	text_6: text = 'RED'
33.8274 	EXP 	text_5: autoDraw = True
33.8274 	EXP 	stopb: autoDraw = True
33.8274 	EXP 	stopl: autoDraw = True
33.8274 	EXP 	stopr: autoDraw = True
33.8274 	EXP 	text_6: autoDraw = True
34.4535 	EXP 	New trial (rep=0, index=15): {'word': 'BLUE', 'color': 'red', 'correct': 'r'}
34.5525 	DATA 	Keypress: r
34.5602 	EXP 	text_5: autoDraw = False
34.5602 	EXP 	stopb: autoDraw = False
34.5602 	EXP 	stopl: autoDraw = False
34.5602 	EXP 	stopr: autoDraw = False
34.5602 	EXP 	text_6: autoDraw = False
34.5602 	EXP 	text_6: foreColor = <psychopy.colors.Color: red, alpha=1.0>
34.5602 	EXP 	text_6: height = 0.1
34.5602 	EXP 	text_6: height = 0.1
34.5602 	EXP 	text_6: height = 0.1
34.5602 	EXP 	text_6: text = 'BLUE'
34.5602 	EXP 	text_5: autoDraw = True
34.5602 	EXP 	stopb: autoDraw = True
34.5602 	EXP 	stopl: autoDraw = True
34.5602 	EXP 	stopr: autoDraw = True
34.5602 	EXP 	text_6: autoDraw = True
35.6201 	EXP 	New trial (rep=0, index=16): {'word': 'RED', 'color': 'red', 'correct': 'r'}
35.8124 	DATA 	Keypress: r
35.8194 	EXP 	text_5: autoDraw = False
35.8194 	EXP 	stopb: autoDraw = False
35.8194 	EXP 	stopl: autoDraw = False
35.8194 	EXP 	stopr: autoDraw = False
35.8194 	EXP 	text_6: autoDraw = False
35.8194 	EXP 	text_6: foreColor = <psychopy.colors.Color: red, alpha=1.0>
35.8194 	EXP 	text_6: height = 0.1
35.8194 	EXP 	text_6: height = 0.1
35.8194 	EXP 	text_6: height = 0.1
35.8194 	EXP 	text_6: text = 'RED'
35.8194 	EXP 	text_5: autoDraw = True
35.8194 	EXP 	stopb: autoDraw = True
35.8194 	EXP 	stopl: autoDraw = True
35.8194 	EXP 	stopr: autoDraw = True
35.8194 	EXP 	text_6: autoDraw = True
36.9526 	EXP 	New trial (rep=0, index=17): {'word': 'BLUE', 'color': 'red', 'correct': 'r'}
37.0462 	DATA 	Keypress: r
37.0533 	EXP 	text_5: autoDraw = False
37.0533 	EXP 	stopb: autoDraw = False
37.0533 	EXP 	stopl: autoDraw = False
37.0533 	EXP 	stopr: autoDraw = False
37.0533 	EXP 	text_6: autoDraw = False
37.0533 	EXP 	text_6: foreColor = <psychopy.colors.Color: red, alpha=1.0>
37.0533 	EXP 	text_6: height = 0.1
37.0533 	EXP 	text_6: height = 0.1
37.0533 	EXP 	text_6: height = 0.1
37.0533 	EXP 	text_6: text = 'BLUE'
37.0533 	EXP 	text_5: autoDraw = True
37.0533 	EXP 	stopb: autoDraw = True
37.0533 	EXP 	stopl: autoDraw = True
37.0533 	EXP 	stopr: autoDraw = True
37.0533 	EXP 	text_6: autoDraw = True
39.6331 	EXP 	New trial (rep=0, index=18): {'word': 'RED', 'color': 'blue', 'correct': 'b'}
39.7230 	DATA 	Keypress: r
39.7305 	EXP 	text_5: autoDraw = False
39.7305 	EXP 	stopb: autoDraw = False
39.7305 	EXP 	stopl: autoDraw = False
39.7305 	EXP 	stopr: autoDraw = False
39.7305 	EXP 	text_6: autoDraw = False
39.7305 	EXP 	text_6: foreColor = <psychopy.colors.Color: blue, alpha=1.0>
39.7305 	EXP 	text_6: height = 0.1
39.7305 	EXP 	text_6: height = 0.1
39.7305 	EXP 	text_6: height = 0.1
39.7305 	EXP 	text_6: text = 'RED'
39.7305 	EXP 	text_5: autoDraw = True
39.7305 	EXP 	stopb: autoDraw = True
39.7305 	EXP 	stopl: autoDraw = True
39.7305 	EXP 	stopr: autoDraw = True
39.7305 	EXP 	text_6: autoDraw = True
40.0676 	EXP 	New trial (rep=0, index=19): {'word': 'BLUE', 'color': 'blue', 'correct': 'b'}
40.1610 	DATA 	Keypress: r
40.1677 	EXP 	text_5: autoDraw = False
40.1677 	EXP 	stopb: autoDraw = False
40.1677 	EXP 	stopl: autoDraw = False
40.1677 	EXP 	stopr: autoDraw = False
40.1677 	EXP 	text_6: autoDraw = False
40.1677 	EXP 	text_6: foreColor = <psychopy.colors.Color: blue, alpha=1.0>
40.1677 	EXP 	text_6: height = 0.1
40.1677 	EXP 	text_6: height = 0.1
40.1677 	EXP 	text_6: height = 0.1
40.1677 	EXP 	text_6: text = 'BLUE'
40.1677 	EXP 	text_5: autoDraw = True
40.1677 	EXP 	stopb: autoDraw = True
40.1677 	EXP 	stopl: autoDraw = True
40.1677 	EXP 	stopr: autoDraw = True
40.1677 	EXP 	text_6: autoDraw = True
40.2454 	EXP 	New trial (rep=1, index=0): {'word': 'RED', 'color': 'red', 'correct': 'r'}
40.3373 	DATA 	Keypress: r
40.3442 	EXP 	text_5: autoDraw = False
40.3442 	EXP 	stopb: autoDraw = False
40.3442 	EXP 	stopl: autoDraw = False
40.3442 	EXP 	stopr: autoDraw = False
40.3442 	EXP 	text_6: autoDraw = False
40.3442 	EXP 	text_6: foreColor = <psychopy.colors.Color: red, alpha=1.0>
40.3442 	EXP 	text_6: height = 0.1
40.3442 	EXP 	text_6: height = 0.1
40.3442 	EXP 	text_6: height = 0.1
40.3442 	EXP 	text_6: text = 'RED'
40.3442 	EXP 	text_5: autoDraw = True
40.3442 	EXP 	stopb: autoDraw = True
40.3442 	EXP 	stopl: autoDraw = True
40.3442 	EXP 	stopr: autoDraw = True
40.3442 	EXP 	text_6: autoDraw = True
40.4039 	EXP 	New trial (rep=1, index=1): {'word': 'BLUE', 'color': 'red', 'correct': 'r'}
40.4957 	DATA 	Keypress: r
40.5028 	EXP 	text_5: autoDraw = False
40.5028 	EXP 	stopb: autoDraw = False
40.5028 	EXP 	stopl: autoDraw = False
40.5028 	EXP 	stopr: autoDraw = False
40.5028 	EXP 	text_6: autoDraw = False
40.5028 	EXP 	text_6: foreColor = <psychopy.colors.Color: red, alpha=1.0>
40.5028 	EXP 	text_6: height = 0.1
40.5028 	EXP 	text_6: height = 0.1
40.5028 	EXP 	text_6: height = 0.1
40.5028 	EXP 	text_6: text = 'BLUE'
40.5028 	EXP 	text_5: autoDraw = True
40.5028 	EXP 	stopb: autoDraw = True
40.5028 	EXP 	stopl: autoDraw = True
40.5028 	EXP 	stopr: autoDraw = True
40.5028 	EXP 	text_6: autoDraw = True
40.5523 	EXP 	New trial (rep=1, index=2): {'word': 'BLUE', 'color': 'blue', 'correct': 'b'}
40.6446 	DATA 	Keypress: r
40.6515 	EXP 	text_5: autoDraw = False
40.6515 	EXP 	stopb: autoDraw = False
40.6515 	EXP 	stopl: autoDraw = False
40.6515 	EXP 	stopr: autoDraw = False
40.6515 	EXP 	text_6: autoDraw = False
40.6515 	EXP 	text_6: foreColor = <psychopy.colors.Color: blue, alpha=1.0>
40.6515 	EXP 	text_6: text = 'BLUE'
40.6515 	EXP 	text_5: autoDraw = True
40.6515 	EXP 	stopb: autoDraw = True
40.6515 	EXP 	stopl: autoDraw = True
40.6515 	EXP 	stopr: autoDraw = True
40.6515 	EXP 	text_6: autoDraw = True
40.7102 	EXP 	New trial (rep=1, index=3): {'word': 'RED', 'color': 'red', 'correct': 'r'}
40.8008 	DATA 	Keypress: r
40.8079 	EXP 	text_5: autoDraw = False
40.8079 	EXP 	stopb: autoDraw = False
40.8079 	EXP 	stopl: autoDraw = False
40.8079 	EXP 	stopr: autoDraw = False
40.8079 	EXP 	text_6: autoDraw = False
40.8079 	EXP 	text_6: foreColor = <psychopy.colors.Color: red, alpha=1.0>
40.8079 	EXP 	text_6: height = 0.1
40.8079 	EXP 	text_6: height = 0.1
40.8079 	EXP 	text_6: height = 0.1
40.8079 	EXP 	text_6: text = 'RED'
40.8079 	EXP 	text_5: autoDraw = True
40.8079 	EXP 	stopb: autoDraw = True
40.8079 	EXP 	stopl: autoDraw = True
40.8079 	EXP 	stopr: autoDraw = True
40.8079 	EXP 	text_6: autoDraw = True
40.8530 	EXP 	New trial (rep=1, index=4): {'word': 'BLUE', 'color': 'blue', 'correct': 'b'}
41.0277 	DATA 	Keypress: r
41.0279 	DATA 	Keypress: r
41.0349 	EXP 	text_5: autoDraw = False
41.0349 	EXP 	stopb: autoDraw = False
41.0349 	EXP 	stopl: autoDraw = False
41.0349 	EXP 	stopr: autoDraw = False
41.0349 	EXP 	text_6: autoDraw = False
41.0349 	EXP 	text_6: foreColor = <psychopy.colors.Color: blue, alpha=1.0>
41.0349 	EXP 	text_6: height = 0.1
41.0349 	EXP 	text_6: height = 0.1
41.0349 	EXP 	text_6: height = 0.1
41.0349 	EXP 	text_6: text = 'BLUE'
41.0349 	EXP 	text_5: autoDraw = True
41.0349 	EXP 	stopb: autoDraw = True
41.0349 	EXP 	stopl: autoDraw = True
41.0349 	EXP 	stopr: autoDraw = True
41.0349 	EXP 	text_6: autoDraw = True
41.1045 	DATA 	Keypress: r
41.1279 	EXP 	New trial (rep=1, index=5): {'word': 'RED', 'color': 'red', 'correct': 'r'}
41.2341 	EXP 	text_5: autoDraw = False
41.2341 	EXP 	stopb: autoDraw = False
41.2341 	EXP 	stopl: autoDraw = False
41.2341 	EXP 	stopr: autoDraw = False
41.2341 	EXP 	text_6: autoDraw = False
41.2341 	EXP 	text_6: foreColor = <psychopy.colors.Color: red, alpha=1.0>
41.2341 	EXP 	text_6: height = 0.1
41.2341 	EXP 	text_6: height = 0.1
41.2341 	EXP 	text_6: height = 0.1
41.2341 	EXP 	text_6: text = 'RED'
41.2341 	EXP 	text_5: autoDraw = True
41.2341 	EXP 	stopb: autoDraw = True
41.2341 	EXP 	stopl: autoDraw = True
41.2341 	EXP 	stopr: autoDraw = True
41.2341 	EXP 	text_6: autoDraw = True
41.2607 	EXP 	New trial (rep=1, index=6): {'word': 'BLUE', 'color': 'red', 'correct': 'r'}
41.4267 	DATA 	Keypress: r
41.4338 	EXP 	text_5: autoDraw = False
41.4338 	EXP 	stopb: autoDraw = False
41.4338 	EXP 	stopl: autoDraw = False
41.4338 	EXP 	stopr: autoDraw = False
41.4338 	EXP 	text_6: autoDraw = False
41.4338 	EXP 	text_6: foreColor = <psychopy.colors.Color: red, alpha=1.0>
41.4338 	EXP 	text_6: height = 0.1
41.4338 	EXP 	text_6: height = 0.1
41.4338 	EXP 	text_6: height = 0.1
41.4338 	EXP 	text_6: text = 'BLUE'
41.4338 	EXP 	text_5: autoDraw = True
41.4338 	EXP 	stopb: autoDraw = True
41.4338 	EXP 	stopl: autoDraw = True
41.4338 	EXP 	stopr: autoDraw = True
41.4338 	EXP 	text_6: autoDraw = True
41.4521 	EXP 	New trial (rep=1, index=7): {'word': 'RED', 'color': 'red', 'correct': 'r'}
41.6253 	DATA 	Keypress: r
41.6327 	EXP 	text_5: autoDraw = False
41.6327 	EXP 	stopb: autoDraw = False
41.6327 	EXP 	stopl: autoDraw = False
41.6327 	EXP 	stopr: autoDraw = False
41.6327 	EXP 	text_6: autoDraw = False
41.6327 	EXP 	text_6: foreColor = <psychopy.colors.Color: red, alpha=1.0>
41.6327 	EXP 	text_6: height = 0.1
41.6327 	EXP 	text_6: height = 0.1
41.6327 	EXP 	text_6: height = 0.1
41.6327 	EXP 	text_6: text = 'RED'
41.6327 	EXP 	text_5: autoDraw = True
41.6327 	EXP 	stopb: autoDraw = True
41.6327 	EXP 	stopl: autoDraw = True
41.6327 	EXP 	stopr: autoDraw = True
41.6327 	EXP 	text_6: autoDraw = True
41.6604 	EXP 	New trial (rep=1, index=8): {'word': 'BLUE', 'color': 'blue', 'correct': 'b'}
41.8283 	DATA 	Keypress: r
41.8352 	EXP 	text_5: autoDraw = False
41.8352 	EXP 	stopb: autoDraw = False
41.8352 	EXP 	stopl: autoDraw = False
41.8352 	EXP 	stopr: autoDraw = False
41.8352 	EXP 	text_6: autoDraw = False
41.8352 	EXP 	text_6: foreColor = <psychopy.colors.Color: blue, alpha=1.0>
41.8352 	EXP 	text_6: height = 0.1
41.8352 	EXP 	text_6: height = 0.1
41.8352 	EXP 	text_6: height = 0.1
41.8352 	EXP 	text_6: text = 'BLUE'
41.8352 	EXP 	text_5: autoDraw = True
41.8352 	EXP 	stopb: autoDraw = True
41.8352 	EXP 	stopl: autoDraw = True
41.8352 	EXP 	stopr: autoDraw = True
41.8352 	EXP 	text_6: autoDraw = True
41.8457 	DATA 	Keypress: r
42.0334 	EXP 	New trial (rep=1, index=9): {'word': 'RED', 'color': 'red', 'correct': 'r'}
42.2149 	DATA 	Keypress: r
42.2226 	EXP 	text_5: autoDraw = False
42.2226 	EXP 	stopb: autoDraw = False
42.2226 	EXP 	stopl: autoDraw = False
42.2226 	EXP 	stopr: autoDraw = False
42.2226 	EXP 	text_6: autoDraw = False
42.2226 	EXP 	text_6: foreColor = <psychopy.colors.Color: red, alpha=1.0>
42.2226 	EXP 	text_6: height = 0.1
42.2226 	EXP 	text_6: height = 0.1
42.2226 	EXP 	text_6: height = 0.1
42.2226 	EXP 	text_6: text = 'RED'
42.2226 	EXP 	text_5: autoDraw = True
42.2226 	EXP 	stopb: autoDraw = True
42.2226 	EXP 	stopl: autoDraw = True
42.2226 	EXP 	stopr: autoDraw = True
42.2226 	EXP 	text_6: autoDraw = True
42.2321 	DATA 	Keypress: r
42.4352 	EXP 	New trial (rep=1, index=10): {'word': 'RED', 'color': 'red', 'correct': 'r'}
42.6006 	DATA 	Keypress: r
42.6078 	EXP 	text_5: autoDraw = False
42.6078 	EXP 	stopb: autoDraw = False
42.6078 	EXP 	stopl: autoDraw = False
42.6078 	EXP 	stopr: autoDraw = False
42.6078 	EXP 	text_6: autoDraw = False
42.6078 	EXP 	text_6: foreColor = <psychopy.colors.Color: red, alpha=1.0>
42.6078 	EXP 	text_6: text = 'RED'
42.6078 	EXP 	text_5: autoDraw = True
42.6078 	EXP 	stopb: autoDraw = True
42.6078 	EXP 	stopl: autoDraw = True
42.6078 	EXP 	stopr: autoDraw = True
42.6078 	EXP 	text_6: autoDraw = True
42.6165 	DATA 	Keypress: r
42.6328 	EXP 	New trial (rep=1, index=11): {'word': 'BLUE', 'color': 'blue', 'correct': 'b'}
42.7541 	EXP 	text_5: autoDraw = False
42.7541 	EXP 	stopb: autoDraw = False
42.7541 	EXP 	stopl: autoDraw = False
42.7541 	EXP 	stopr: autoDraw = False
42.7541 	EXP 	text_6: autoDraw = False
42.7541 	EXP 	text_6: foreColor = <psychopy.colors.Color: blue, alpha=1.0>
42.7541 	EXP 	text_6: height = 0.1
42.7541 	EXP 	text_6: height = 0.1
42.7541 	EXP 	text_6: height = 0.1
42.7541 	EXP 	text_6: text = 'BLUE'
42.7541 	EXP 	text_5: autoDraw = True
42.7541 	EXP 	stopb: autoDraw = True
42.7541 	EXP 	stopl: autoDraw = True
42.7541 	EXP 	stopr: autoDraw = True
42.7541 	EXP 	text_6: autoDraw = True
42.8171 	EXP 	New trial (rep=1, index=12): {'word': 'RED', 'color': 'red', 'correct': 'r'}
42.9101 	DATA 	Keypress: r
42.9168 	EXP 	text_5: autoDraw = False
42.9168 	EXP 	stopb: autoDraw = False
42.9168 	EXP 	stopl: autoDraw = False
42.9168 	EXP 	stopr: autoDraw = False
42.9168 	EXP 	text_6: autoDraw = False
42.9168 	EXP 	text_6: foreColor = <psychopy.colors.Color: red, alpha=1.0>
42.9168 	EXP 	text_6: height = 0.1
42.9168 	EXP 	text_6: height = 0.1
42.9168 	EXP 	text_6: height = 0.1
42.9168 	EXP 	text_6: text = 'RED'
42.9168 	EXP 	text_5: autoDraw = True
42.9168 	EXP 	stopb: autoDraw = True
42.9168 	EXP 	stopl: autoDraw = True
42.9168 	EXP 	stopr: autoDraw = True
42.9168 	EXP 	text_6: autoDraw = True
43.0451 	EXP 	New trial (rep=1, index=13): {'word': 'RED', 'color': 'blue', 'correct': 'b'}
43.1377 	DATA 	Keypress: r
43.1445 	EXP 	text_5: autoDraw = False
43.1445 	EXP 	stopb: autoDraw = False
43.1445 	EXP 	stopl: autoDraw = False
43.1445 	EXP 	stopr: autoDraw = False
43.1445 	EXP 	text_6: autoDraw = False
43.1445 	EXP 	text_6: foreColor = <psychopy.colors.Color: blue, alpha=1.0>
43.1445 	EXP 	text_6: text = 'RED'
43.1445 	EXP 	text_5: autoDraw = True
43.1445 	EXP 	stopb: autoDraw = True
43.1445 	EXP 	stopl: autoDraw = True
43.1445 	EXP 	stopr: autoDraw = True
43.1445 	EXP 	text_6: autoDraw = True
43.2471 	EXP 	New trial (rep=1, index=14): {'word': 'RED', 'color': 'blue', 'correct': 'b'}
43.3401 	DATA 	Keypress: r
43.3470 	EXP 	text_5: autoDraw = False
43.3470 	EXP 	stopb: autoDraw = False
43.3470 	EXP 	stopl: autoDraw = False
43.3470 	EXP 	stopr: autoDraw = False
43.3470 	EXP 	text_6: autoDraw = False
43.3470 	EXP 	text_6: foreColor = <psychopy.colors.Color: blue, alpha=1.0>
43.3470 	EXP 	text_6: text = 'RED'
43.3470 	EXP 	text_5: autoDraw = True
43.3470 	EXP 	stopb: autoDraw = True
43.3470 	EXP 	stopl: autoDraw = True
43.3470 	EXP 	stopr: autoDraw = True
43.3470 	EXP 	text_6: autoDraw = True
43.4646 	EXP 	New trial (rep=1, index=15): {'word': 'RED', 'color': 'red', 'correct': 'r'}
43.5586 	DATA 	Keypress: r
43.5653 	EXP 	text_5: autoDraw = False
43.5653 	EXP 	stopb: autoDraw = False
43.5653 	EXP 	stopl: autoDraw = False
43.5653 	EXP 	stopr: autoDraw = False
43.5653 	EXP 	text_6: autoDraw = False
43.5653 	EXP 	text_6: foreColor = <psychopy.colors.Color: red, alpha=1.0>
43.5653 	EXP 	text_6: text = 'RED'
43.5653 	EXP 	text_5: autoDraw = True
43.5653 	EXP 	stopb: autoDraw = True
43.5653 	EXP 	stopl: autoDraw = True
43.5653 	EXP 	stopr: autoDraw = True
43.5653 	EXP 	text_6: autoDraw = True
43.6621 	DATA 	Keypress: r
43.6773 	EXP 	New trial (rep=1, index=16): {'word': 'BLUE', 'color': 'red', 'correct': 'r'}
43.7764 	EXP 	text_5: autoDraw = False
43.7764 	EXP 	stopb: autoDraw = False
43.7764 	EXP 	stopl: autoDraw = False
43.7764 	EXP 	stopr: autoDraw = False
43.7764 	EXP 	text_6: autoDraw = False
43.7764 	EXP 	text_6: foreColor = <psychopy.colors.Color: red, alpha=1.0>
43.7764 	EXP 	text_6: height = 0.1
43.7764 	EXP 	text_6: height = 0.1
43.7764 	EXP 	text_6: height = 0.1
43.7764 	EXP 	text_6: text = 'BLUE'
43.7764 	EXP 	text_5: autoDraw = True
43.7764 	EXP 	stopb: autoDraw = True
43.7764 	EXP 	stopl: autoDraw = True
43.7764 	EXP 	stopr: autoDraw = True
43.7764 	EXP 	text_6: autoDraw = True
43.8721 	EXP 	New trial (rep=1, index=17): {'word': 'BLUE', 'color': 'red', 'correct': 'r'}
43.9730 	DATA 	Keypress: r
43.9799 	EXP 	text_5: autoDraw = False
43.9799 	EXP 	stopb: autoDraw = False
43.9799 	EXP 	stopl: autoDraw = False
43.9799 	EXP 	stopr: autoDraw = False
43.9799 	EXP 	text_6: autoDraw = False
43.9799 	EXP 	text_6: foreColor = <psychopy.colors.Color: red, alpha=1.0>
43.9799 	EXP 	text_6: text = 'BLUE'
43.9799 	EXP 	text_5: autoDraw = True
43.9799 	EXP 	stopb: autoDraw = True
43.9799 	EXP 	stopl: autoDraw = True
43.9799 	EXP 	stopr: autoDraw = True
43.9799 	EXP 	text_6: autoDraw = True
44.0774 	EXP 	New trial (rep=1, index=18): {'word': 'BLUE', 'color': 'blue', 'correct': 'b'}
44.1725 	DATA 	Keypress: r
44.1800 	EXP 	text_5: autoDraw = False
44.1800 	EXP 	stopb: autoDraw = False
44.1800 	EXP 	stopl: autoDraw = False
44.1800 	EXP 	stopr: autoDraw = False
44.1800 	EXP 	text_6: autoDraw = False
44.1800 	EXP 	text_6: foreColor = <psychopy.colors.Color: blue, alpha=1.0>
44.1800 	EXP 	text_6: text = 'BLUE'
44.1800 	EXP 	text_5: autoDraw = True
44.1800 	EXP 	stopb: autoDraw = True
44.1800 	EXP 	stopl: autoDraw = True
44.1800 	EXP 	stopr: autoDraw = True
44.1800 	EXP 	text_6: autoDraw = True
44.2832 	EXP 	New trial (rep=1, index=19): {'word': 'BLUE', 'color': 'blue', 'correct': 'b'}
44.3743 	DATA 	Keypress: r
44.3815 	EXP 	text_5: autoDraw = False
44.3815 	EXP 	stopb: autoDraw = False
44.3815 	EXP 	stopl: autoDraw = False
44.3815 	EXP 	stopr: autoDraw = False
44.3815 	EXP 	text_6: autoDraw = False
44.3815 	EXP 	text_6: foreColor = <psychopy.colors.Color: blue, alpha=1.0>
44.3815 	EXP 	text_6: text = 'BLUE'
44.3815 	EXP 	text_5: autoDraw = True
44.3815 	EXP 	stopb: autoDraw = True
44.3815 	EXP 	stopl: autoDraw = True
44.3815 	EXP 	stopr: autoDraw = True
44.3815 	EXP 	text_6: autoDraw = True
44.4814 	DATA 	Keypress: r
44.4981 	EXP 	New trial (rep=2, index=0): {'word': 'BLUE', 'color': 'red', 'correct': 'r'}
44.6002 	EXP 	text_5: autoDraw = False
44.6002 	EXP 	stopb: autoDraw = False
44.6002 	EXP 	stopl: autoDraw = False
44.6002 	EXP 	stopr: autoDraw = False
44.6002 	EXP 	text_6: autoDraw = False
44.6002 	EXP 	text_6: foreColor = <psychopy.colors.Color: red, alpha=1.0>
44.6002 	EXP 	text_6: text = 'BLUE'
44.6002 	EXP 	text_5: autoDraw = True
44.6002 	EXP 	stopb: autoDraw = True
44.6002 	EXP 	stopl: autoDraw = True
44.6002 	EXP 	stopr: autoDraw = True
44.6002 	EXP 	text_6: autoDraw = True
44.6990 	EXP 	New trial (rep=2, index=1): {'word': 'BLUE', 'color': 'blue', 'correct': 'b'}
44.7919 	DATA 	Keypress: r
44.7991 	EXP 	text_5: autoDraw = False
44.7991 	EXP 	stopb: autoDraw = False
44.7991 	EXP 	stopl: autoDraw = False
44.7991 	EXP 	stopr: autoDraw = False
44.7991 	EXP 	text_6: autoDraw = False
44.7991 	EXP 	text_6: foreColor = <psychopy.colors.Color: blue, alpha=1.0>
44.7991 	EXP 	text_6: text = 'BLUE'
44.7991 	EXP 	text_5: autoDraw = True
44.7991 	EXP 	stopb: autoDraw = True
44.7991 	EXP 	stopl: autoDraw = True
44.7991 	EXP 	stopr: autoDraw = True
44.7991 	EXP 	text_6: autoDraw = True
44.8973 	EXP 	New trial (rep=2, index=2): {'word': 'BLUE', 'color': 'blue', 'correct': 'b'}
45.0609 	DATA 	Keypress: r
45.0683 	EXP 	text_5: autoDraw = False
45.0683 	EXP 	stopb: autoDraw = False
45.0683 	EXP 	stopl: autoDraw = False
45.0683 	EXP 	stopr: autoDraw = False
45.0683 	EXP 	text_6: autoDraw = False
45.0683 	EXP 	text_6: foreColor = <psychopy.colors.Color: blue, alpha=1.0>
45.0683 	EXP 	text_6: text = 'BLUE'
45.0683 	EXP 	text_5: autoDraw = True
45.0683 	EXP 	stopb: autoDraw = True
45.0683 	EXP 	stopl: autoDraw = True
45.0683 	EXP 	stopr: autoDraw = True
45.0683 	EXP 	text_6: autoDraw = True
45.1135 	EXP 	New trial (rep=2, index=3): {'word': 'BLUE', 'color': 'red', 'correct': 'r'}
45.2110 	DATA 	Keypress: r
45.2182 	EXP 	text_5: autoDraw = False
45.2182 	EXP 	stopb: autoDraw = False
45.2182 	EXP 	stopl: autoDraw = False
45.2182 	EXP 	stopr: autoDraw = False
45.2182 	EXP 	text_6: autoDraw = False
45.2182 	EXP 	text_6: foreColor = <psychopy.colors.Color: red, alpha=1.0>
45.2182 	EXP 	text_6: text = 'BLUE'
45.2182 	EXP 	text_5: autoDraw = True
45.2182 	EXP 	stopb: autoDraw = True
45.2182 	EXP 	stopl: autoDraw = True
45.2182 	EXP 	stopr: autoDraw = True
45.2182 	EXP 	text_6: autoDraw = True
45.3362 	DATA 	Keypress: r
45.3511 	EXP 	New trial (rep=2, index=4): {'word': 'BLUE', 'color': 'red', 'correct': 'r'}
45.4488 	EXP 	text_5: autoDraw = False
45.4488 	EXP 	stopb: autoDraw = False
45.4488 	EXP 	stopl: autoDraw = False
45.4488 	EXP 	stopr: autoDraw = False
45.4488 	EXP 	text_6: autoDraw = False
45.4488 	EXP 	text_6: foreColor = <psychopy.colors.Color: red, alpha=1.0>
45.4488 	EXP 	text_6: text = 'BLUE'
45.4488 	EXP 	text_5: autoDraw = True
45.4488 	EXP 	stopb: autoDraw = True
45.4488 	EXP 	stopl: autoDraw = True
45.4488 	EXP 	stopr: autoDraw = True
45.4488 	EXP 	text_6: autoDraw = True
45.5647 	EXP 	New trial (rep=2, index=5): {'word': 'BLUE', 'color': 'blue', 'correct': 'b'}
45.6586 	DATA 	Keypress: r
45.6656 	EXP 	text_5: autoDraw = False
45.6656 	EXP 	stopb: autoDraw = False
45.6656 	EXP 	stopl: autoDraw = False
45.6656 	EXP 	stopr: autoDraw = False
45.6656 	EXP 	text_6: autoDraw = False
45.6656 	EXP 	text_6: foreColor = <psychopy.colors.Color: blue, alpha=1.0>
45.6656 	EXP 	text_6: text = 'BLUE'
45.6656 	EXP 	text_5: autoDraw = True
45.6656 	EXP 	stopb: autoDraw = True
45.6656 	EXP 	stopl: autoDraw = True
45.6656 	EXP 	stopr: autoDraw = True
45.6656 	EXP 	text_6: autoDraw = True
45.7465 	DATA 	Keypress: r
45.7639 	EXP 	New trial (rep=2, index=6): {'word': 'RED', 'color': 'red', 'correct': 'r'}
45.8637 	EXP 	text_5: autoDraw = False
45.8637 	EXP 	stopb: autoDraw = False
45.8637 	EXP 	stopl: autoDraw = False
45.8637 	EXP 	stopr: autoDraw = False
45.8637 	EXP 	text_6: autoDraw = False
45.8637 	EXP 	text_6: foreColor = <psychopy.colors.Color: red, alpha=1.0>
45.8637 	EXP 	text_6: height = 0.1
45.8637 	EXP 	text_6: height = 0.1
45.8637 	EXP 	text_6: height = 0.1
45.8637 	EXP 	text_6: text = 'RED'
45.8637 	EXP 	text_5: autoDraw = True
45.8637 	EXP 	stopb: autoDraw = True
45.8637 	EXP 	stopl: autoDraw = True
45.8637 	EXP 	stopr: autoDraw = True
45.8637 	EXP 	text_6: autoDraw = True
45.9923 	EXP 	New trial (rep=2, index=7): {'word': 'RED', 'color': 'red', 'correct': 'r'}
46.0839 	DATA 	Keypress: r
46.0911 	EXP 	text_5: autoDraw = False
46.0911 	EXP 	stopb: autoDraw = False
46.0911 	EXP 	stopl: autoDraw = False
46.0911 	EXP 	stopr: autoDraw = False
46.0911 	EXP 	text_6: autoDraw = False
46.0911 	EXP 	text_6: foreColor = <psychopy.colors.Color: red, alpha=1.0>
46.0911 	EXP 	text_6: text = 'RED'
46.0911 	EXP 	text_5: autoDraw = True
46.0911 	EXP 	stopb: autoDraw = True
46.0911 	EXP 	stopl: autoDraw = True
46.0911 	EXP 	stopr: autoDraw = True
46.0911 	EXP 	text_6: autoDraw = True
46.2029 	EXP 	New trial (rep=2, index=8): {'word': 'BLUE', 'color': 'blue', 'correct': 'b'}
46.2962 	DATA 	Keypress: r
46.3033 	EXP 	text_5: autoDraw = False
46.3033 	EXP 	stopb: autoDraw = False
46.3033 	EXP 	stopl: autoDraw = False
46.3033 	EXP 	stopr: autoDraw = False
46.3033 	EXP 	text_6: autoDraw = False
46.3033 	EXP 	text_6: foreColor = <psychopy.colors.Color: blue, alpha=1.0>
46.3033 	EXP 	text_6: height = 0.1
46.3033 	EXP 	text_6: height = 0.1
46.3033 	EXP 	text_6: height = 0.1
46.3033 	EXP 	text_6: text = 'BLUE'
46.3033 	EXP 	text_5: autoDraw = True
46.3033 	EXP 	stopb: autoDraw = True
46.3033 	EXP 	stopl: autoDraw = True
46.3033 	EXP 	stopr: autoDraw = True
46.3033 	EXP 	text_6: autoDraw = True
46.4172 	EXP 	New trial (rep=2, index=9): {'word': 'RED', 'color': 'red', 'correct': 'r'}
46.5095 	DATA 	Keypress: r
46.5164 	EXP 	text_5: autoDraw = False
46.5164 	EXP 	stopb: autoDraw = False
46.5164 	EXP 	stopl: autoDraw = False
46.5164 	EXP 	stopr: autoDraw = False
46.5164 	EXP 	text_6: autoDraw = False
46.5164 	EXP 	text_6: foreColor = <psychopy.colors.Color: red, alpha=1.0>
46.5164 	EXP 	text_6: height = 0.1
46.5164 	EXP 	text_6: height = 0.1
46.5164 	EXP 	text_6: height = 0.1
46.5164 	EXP 	text_6: text = 'RED'
46.5164 	EXP 	text_5: autoDraw = True
46.5164 	EXP 	stopb: autoDraw = True
46.5164 	EXP 	stopl: autoDraw = True
46.5164 	EXP 	stopr: autoDraw = True
46.5164 	EXP 	text_6: autoDraw = True
46.6217 	EXP 	New trial (rep=2, index=10): {'word': 'RED', 'color': 'red', 'correct': 'r'}
46.7143 	DATA 	Keypress: r
46.7218 	EXP 	text_5: autoDraw = False
46.7218 	EXP 	stopb: autoDraw = False
46.7218 	EXP 	stopl: autoDraw = False
46.7218 	EXP 	stopr: autoDraw = False
46.7218 	EXP 	text_6: autoDraw = False
46.7218 	EXP 	text_6: foreColor = <psychopy.colors.Color: red, alpha=1.0>
46.7218 	EXP 	text_6: text = 'RED'
46.7218 	EXP 	text_5: autoDraw = True
46.7218 	EXP 	stopb: autoDraw = True
46.7218 	EXP 	stopl: autoDraw = True
46.7218 	EXP 	stopr: autoDraw = True
46.7218 	EXP 	text_6: autoDraw = True
46.8333 	EXP 	New trial (rep=2, index=11): {'word': 'BLUE', 'color': 'blue', 'correct': 'b'}
46.9262 	DATA 	Keypress: r
46.9336 	EXP 	text_5: autoDraw = False
46.9336 	EXP 	stopb: autoDraw = False
46.9336 	EXP 	stopl: autoDraw = False
46.9336 	EXP 	stopr: autoDraw = False
46.9336 	EXP 	text_6: autoDraw = False
46.9336 	EXP 	text_6: foreColor = <psychopy.colors.Color: blue, alpha=1.0>
46.9336 	EXP 	text_6: height = 0.1
46.9336 	EXP 	text_6: height = 0.1
46.9336 	EXP 	text_6: height = 0.1
46.9336 	EXP 	text_6: text = 'BLUE'
46.9336 	EXP 	text_5: autoDraw = True
46.9336 	EXP 	stopb: autoDraw = True
46.9336 	EXP 	stopl: autoDraw = True
46.9336 	EXP 	stopr: autoDraw = True
46.9336 	EXP 	text_6: autoDraw = True
47.0515 	EXP 	New trial (rep=2, index=12): {'word': 'RED', 'color': 'red', 'correct': 'r'}
47.1457 	DATA 	Keypress: r
47.1534 	EXP 	text_5: autoDraw = False
47.1534 	EXP 	stopb: autoDraw = False
47.1534 	EXP 	stopl: autoDraw = False
47.1534 	EXP 	stopr: autoDraw = False
47.1534 	EXP 	text_6: autoDraw = False
47.1534 	EXP 	text_6: foreColor = <psychopy.colors.Color: red, alpha=1.0>
47.1534 	EXP 	text_6: height = 0.1
47.1534 	EXP 	text_6: height = 0.1
47.1534 	EXP 	text_6: height = 0.1
47.1534 	EXP 	text_6: text = 'RED'
47.1534 	EXP 	text_5: autoDraw = True
47.1534 	EXP 	stopb: autoDraw = True
47.1534 	EXP 	stopl: autoDraw = True
47.1534 	EXP 	stopr: autoDraw = True
47.1534 	EXP 	text_6: autoDraw = True
47.2529 	DATA 	Keypress: r
47.2665 	EXP 	New trial (rep=2, index=13): {'word': 'RED', 'color': 'red', 'correct': 'r'}
47.3653 	EXP 	text_5: autoDraw = False
47.3653 	EXP 	stopb: autoDraw = False
47.3653 	EXP 	stopl: autoDraw = False
47.3653 	EXP 	stopr: autoDraw = False
47.3653 	EXP 	text_6: autoDraw = False
47.3653 	EXP 	text_6: foreColor = <psychopy.colors.Color: red, alpha=1.0>
47.3653 	EXP 	text_6: text = 'RED'
47.3653 	EXP 	text_5: autoDraw = True
47.3653 	EXP 	stopb: autoDraw = True
47.3653 	EXP 	stopl: autoDraw = True
47.3653 	EXP 	stopr: autoDraw = True
47.3653 	EXP 	text_6: autoDraw = True
47.4499 	EXP 	New trial (rep=2, index=14): {'word': 'BLUE', 'color': 'blue', 'correct': 'b'}
47.5439 	DATA 	Keypress: r
47.5519 	EXP 	text_5: autoDraw = False
47.5519 	EXP 	stopb: autoDraw = False
47.5519 	EXP 	stopl: autoDraw = False
47.5519 	EXP 	stopr: autoDraw = False
47.5519 	EXP 	text_6: autoDraw = False
47.5519 	EXP 	text_6: foreColor = <psychopy.colors.Color: blue, alpha=1.0>
47.5519 	EXP 	text_6: height = 0.1
47.5519 	EXP 	text_6: height = 0.1
47.5519 	EXP 	text_6: height = 0.1
47.5519 	EXP 	text_6: text = 'BLUE'
47.5519 	EXP 	text_5: autoDraw = True
47.5519 	EXP 	stopb: autoDraw = True
47.5519 	EXP 	stopl: autoDraw = True
47.5519 	EXP 	stopr: autoDraw = True
47.5519 	EXP 	text_6: autoDraw = True
47.6523 	EXP 	New trial (rep=2, index=15): {'word': 'RED', 'color': 'blue', 'correct': 'b'}
47.7445 	DATA 	Keypress: r
47.7520 	EXP 	text_5: autoDraw = False
47.7520 	EXP 	stopb: autoDraw = False
47.7520 	EXP 	stopl: autoDraw = False
47.7520 	EXP 	stopr: autoDraw = False
47.7520 	EXP 	text_6: autoDraw = False
47.7520 	EXP 	text_6: foreColor = <psychopy.colors.Color: blue, alpha=1.0>
47.7520 	EXP 	text_6: height = 0.1
47.7520 	EXP 	text_6: height = 0.1
47.7520 	EXP 	text_6: height = 0.1
47.7520 	EXP 	text_6: text = 'RED'
47.7520 	EXP 	text_5: autoDraw = True
47.7520 	EXP 	stopb: autoDraw = True
47.7520 	EXP 	stopl: autoDraw = True
47.7520 	EXP 	stopr: autoDraw = True
47.7520 	EXP 	text_6: autoDraw = True
47.8345 	EXP 	New trial (rep=2, index=16): {'word': 'RED', 'color': 'red', 'correct': 'r'}
47.9253 	DATA 	Keypress: r
47.9325 	EXP 	text_5: autoDraw = False
47.9325 	EXP 	stopb: autoDraw = False
47.9325 	EXP 	stopl: autoDraw = False
47.9325 	EXP 	stopr: autoDraw = False
47.9325 	EXP 	text_6: autoDraw = False
47.9325 	EXP 	text_6: foreColor = <psychopy.colors.Color: red, alpha=1.0>
47.9325 	EXP 	text_6: text = 'RED'
47.9325 	EXP 	text_5: autoDraw = True
47.9325 	EXP 	stopb: autoDraw = True
47.9325 	EXP 	stopl: autoDraw = True
47.9325 	EXP 	stopr: autoDraw = True
47.9325 	EXP 	text_6: autoDraw = True
48.0477 	EXP 	New trial (rep=2, index=17): {'word': 'BLUE', 'color': 'red', 'correct': 'r'}
48.1389 	DATA 	Keypress: r
48.1461 	EXP 	text_5: autoDraw = False
48.1461 	EXP 	stopb: autoDraw = False
48.1461 	EXP 	stopl: autoDraw = False
48.1461 	EXP 	stopr: autoDraw = False
48.1461 	EXP 	text_6: autoDraw = False
48.1461 	EXP 	text_6: foreColor = <psychopy.colors.Color: red, alpha=1.0>
48.1461 	EXP 	text_6: height = 0.1
48.1461 	EXP 	text_6: height = 0.1
48.1461 	EXP 	text_6: height = 0.1
48.1461 	EXP 	text_6: text = 'BLUE'
48.1461 	EXP 	text_5: autoDraw = True
48.1461 	EXP 	stopb: autoDraw = True
48.1461 	EXP 	stopl: autoDraw = True
48.1461 	EXP 	stopr: autoDraw = True
48.1461 	EXP 	text_6: autoDraw = True
48.2463 	EXP 	New trial (rep=2, index=18): {'word': 'RED', 'color': 'blue', 'correct': 'b'}
48.3416 	DATA 	Keypress: r
48.3486 	EXP 	text_5: autoDraw = False
48.3486 	EXP 	stopb: autoDraw = False
48.3486 	EXP 	stopl: autoDraw = False
48.3486 	EXP 	stopr: autoDraw = False
48.3486 	EXP 	text_6: autoDraw = False
48.3486 	EXP 	text_6: foreColor = <psychopy.colors.Color: blue, alpha=1.0>
48.3486 	EXP 	text_6: height = 0.1
48.3486 	EXP 	text_6: height = 0.1
48.3486 	EXP 	text_6: height = 0.1
48.3486 	EXP 	text_6: text = 'RED'
48.3486 	EXP 	text_5: autoDraw = True
48.3486 	EXP 	stopb: autoDraw = True
48.3486 	EXP 	stopl: autoDraw = True
48.3486 	EXP 	stopr: autoDraw = True
48.3486 	EXP 	text_6: autoDraw = True
48.4840 	EXP 	New trial (rep=2, index=19): {'word': 'RED', 'color': 'red', 'correct': 'r'}
48.5740 	DATA 	Keypress: r
48.5812 	EXP 	text_5: autoDraw = False
48.5812 	EXP 	stopb: autoDraw = False
48.5812 	EXP 	stopl: autoDraw = False
48.5812 	EXP 	stopr: autoDraw = False
48.5812 	EXP 	text_6: autoDraw = False
48.5812 	EXP 	text_6: foreColor = <psychopy.colors.Color: red, alpha=1.0>
48.5812 	EXP 	text_6: text = 'RED'
48.5812 	EXP 	text_5: autoDraw = True
48.5812 	EXP 	stopb: autoDraw = True
48.5812 	EXP 	stopl: autoDraw = True
48.5812 	EXP 	stopr: autoDraw = True
48.5812 	EXP 	text_6: autoDraw = True
48.6633 	EXP 	New trial (rep=3, index=0): {'word': 'RED', 'color': 'red', 'correct': 'r'}
48.7548 	DATA 	Keypress: r
48.7613 	EXP 	text_5: autoDraw = False
48.7613 	EXP 	stopb: autoDraw = False
48.7613 	EXP 	stopl: autoDraw = False
48.7613 	EXP 	stopr: autoDraw = False
48.7613 	EXP 	text_6: autoDraw = False
48.7613 	EXP 	text_6: foreColor = <psychopy.colors.Color: red, alpha=1.0>
48.7613 	EXP 	text_6: text = 'RED'
48.7613 	EXP 	text_5: autoDraw = True
48.7613 	EXP 	stopb: autoDraw = True
48.7613 	EXP 	stopl: autoDraw = True
48.7613 	EXP 	stopr: autoDraw = True
48.7613 	EXP 	text_6: autoDraw = True
48.8914 	EXP 	New trial (rep=3, index=1): {'word': 'RED', 'color': 'blue', 'correct': 'b'}
48.9819 	DATA 	Keypress: r
48.9891 	EXP 	text_5: autoDraw = False
48.9891 	EXP 	stopb: autoDraw = False
48.9891 	EXP 	stopl: autoDraw = False
48.9891 	EXP 	stopr: autoDraw = False
48.9891 	EXP 	text_6: autoDraw = False
48.9891 	EXP 	text_6: foreColor = <psychopy.colors.Color: blue, alpha=1.0>
48.9891 	EXP 	text_6: text = 'RED'
48.9891 	EXP 	text_5: autoDraw = True
48.9891 	EXP 	stopb: autoDraw = True
48.9891 	EXP 	stopl: autoDraw = True
48.9891 	EXP 	stopr: autoDraw = True
48.9891 	EXP 	text_6: autoDraw = True
49.0959 	EXP 	New trial (rep=3, index=2): {'word': 'RED', 'color': 'red', 'correct': 'r'}
49.1861 	DATA 	Keypress: r
49.1934 	EXP 	text_5: autoDraw = False
49.1934 	EXP 	stopb: autoDraw = False
49.1934 	EXP 	stopl: autoDraw = False
49.1934 	EXP 	stopr: autoDraw = False
49.1934 	EXP 	text_6: autoDraw = False
49.1934 	EXP 	text_6: foreColor = <psychopy.colors.Color: red, alpha=1.0>
49.1934 	EXP 	text_6: text = 'RED'
49.1934 	EXP 	text_5: autoDraw = True
49.1934 	EXP 	stopb: autoDraw = True
49.1934 	EXP 	stopl: autoDraw = True
49.1934 	EXP 	stopr: autoDraw = True
49.1934 	EXP 	text_6: autoDraw = True
49.2988 	DATA 	Keypress: r
49.3133 	EXP 	New trial (rep=3, index=3): {'word': 'RED', 'color': 'red', 'correct': 'r'}
49.4121 	EXP 	text_5: autoDraw = False
49.4121 	EXP 	stopb: autoDraw = False
49.4121 	EXP 	stopl: autoDraw = False
49.4121 	EXP 	stopr: autoDraw = False
49.4121 	EXP 	text_6: autoDraw = False
49.4121 	EXP 	text_6: foreColor = <psychopy.colors.Color: red, alpha=1.0>
49.4121 	EXP 	text_6: text = 'RED'
49.4121 	EXP 	text_5: autoDraw = True
49.4121 	EXP 	stopb: autoDraw = True
49.4121 	EXP 	stopl: autoDraw = True
49.4121 	EXP 	stopr: autoDraw = True
49.4121 	EXP 	text_6: autoDraw = True
49.5282 	EXP 	New trial (rep=3, index=4): {'word': 'BLUE', 'color': 'blue', 'correct': 'b'}
49.7017 	DATA 	Keypress: r
49.7088 	EXP 	text_5: autoDraw = False
49.7088 	EXP 	stopb: autoDraw = False
49.7088 	EXP 	stopl: autoDraw = False
49.7088 	EXP 	stopr: autoDraw = False
49.7088 	EXP 	text_6: autoDraw = False
49.7088 	EXP 	text_6: foreColor = <psychopy.colors.Color: blue, alpha=1.0>
49.7088 	EXP 	text_6: height = 0.1
49.7088 	EXP 	text_6: height = 0.1
49.7088 	EXP 	text_6: height = 0.1
49.7088 	EXP 	text_6: text = 'BLUE'
49.7088 	EXP 	text_5: autoDraw = True
49.7088 	EXP 	stopb: autoDraw = True
49.7088 	EXP 	stopl: autoDraw = True
49.7088 	EXP 	stopr: autoDraw = True
49.7088 	EXP 	text_6: autoDraw = True
49.7511 	EXP 	New trial (rep=3, index=5): {'word': 'RED', 'color': 'red', 'correct': 'r'}
49.9188 	DATA 	Keypress: r
49.9256 	EXP 	text_5: autoDraw = False
49.9256 	EXP 	stopb: autoDraw = False
49.9256 	EXP 	stopl: autoDraw = False
49.9256 	EXP 	stopr: autoDraw = False
49.9256 	EXP 	text_6: autoDraw = False
49.9256 	EXP 	text_6: foreColor = <psychopy.colors.Color: red, alpha=1.0>
49.9256 	EXP 	text_6: height = 0.1
49.9256 	EXP 	text_6: height = 0.1
49.9256 	EXP 	text_6: height = 0.1
49.9256 	EXP 	text_6: text = 'RED'
49.9256 	EXP 	text_5: autoDraw = True
49.9256 	EXP 	stopb: autoDraw = True
49.9256 	EXP 	stopl: autoDraw = True
49.9256 	EXP 	stopr: autoDraw = True
49.9256 	EXP 	text_6: autoDraw = True
49.9619 	EXP 	New trial (rep=3, index=6): {'word': 'RED', 'color': 'red', 'correct': 'r'}
50.0578 	DATA 	Keypress: r
50.0645 	EXP 	text_5: autoDraw = False
50.0645 	EXP 	stopb: autoDraw = False
50.0645 	EXP 	stopl: autoDraw = False
50.0645 	EXP 	stopr: autoDraw = False
50.0645 	EXP 	text_6: autoDraw = False
50.0645 	EXP 	text_6: foreColor = <psychopy.colors.Color: red, alpha=1.0>
50.0645 	EXP 	text_6: text = 'RED'
50.0645 	EXP 	text_5: autoDraw = True
50.0645 	EXP 	stopb: autoDraw = True
50.0645 	EXP 	stopl: autoDraw = True
50.0645 	EXP 	stopr: autoDraw = True
50.0645 	EXP 	text_6: autoDraw = True
50.2150 	EXP 	New trial (rep=3, index=7): {'word': 'RED', 'color': 'red', 'correct': 'r'}
50.3073 	DATA 	Keypress: r
50.3145 	EXP 	text_5: autoDraw = False
50.3145 	EXP 	stopb: autoDraw = False
50.3145 	EXP 	stopl: autoDraw = False
50.3145 	EXP 	stopr: autoDraw = False
50.3145 	EXP 	text_6: autoDraw = False
50.3145 	EXP 	text_6: foreColor = <psychopy.colors.Color: red, alpha=1.0>
50.3145 	EXP 	text_6: text = 'RED'
50.3145 	EXP 	text_5: autoDraw = True
50.3145 	EXP 	stopb: autoDraw = True
50.3145 	EXP 	stopl: autoDraw = True
50.3145 	EXP 	stopr: autoDraw = True
50.3145 	EXP 	text_6: autoDraw = True
50.3960 	EXP 	New trial (rep=3, index=8): {'word': 'BLUE', 'color': 'red', 'correct': 'r'}
50.4901 	DATA 	Keypress: r
50.4970 	EXP 	text_5: autoDraw = False
50.4970 	EXP 	stopb: autoDraw = False
50.4970 	EXP 	stopl: autoDraw = False
50.4970 	EXP 	stopr: autoDraw = False
50.4970 	EXP 	text_6: autoDraw = False
50.4970 	EXP 	text_6: foreColor = <psychopy.colors.Color: red, alpha=1.0>
50.4970 	EXP 	text_6: height = 0.1
50.4970 	EXP 	text_6: height = 0.1
50.4970 	EXP 	text_6: height = 0.1
50.4970 	EXP 	text_6: text = 'BLUE'
50.4970 	EXP 	text_5: autoDraw = True
50.4970 	EXP 	stopb: autoDraw = True
50.4970 	EXP 	stopl: autoDraw = True
50.4970 	EXP 	stopr: autoDraw = True
50.4970 	EXP 	text_6: autoDraw = True
50.6315 	EXP 	New trial (rep=3, index=9): {'word': 'BLUE', 'color': 'blue', 'correct': 'b'}
50.7263 	DATA 	Keypress: r
50.7337 	EXP 	text_5: autoDraw = False
50.7337 	EXP 	stopb: autoDraw = False
50.7337 	EXP 	stopl: autoDraw = False
50.7337 	EXP 	stopr: autoDraw = False
50.7337 	EXP 	text_6: autoDraw = False
50.7337 	EXP 	text_6: foreColor = <psychopy.colors.Color: blue, alpha=1.0>
50.7337 	EXP 	text_6: text = 'BLUE'
50.7337 	EXP 	text_5: autoDraw = True
50.7337 	EXP 	stopb: autoDraw = True
50.7337 	EXP 	stopl: autoDraw = True
50.7337 	EXP 	stopr: autoDraw = True
50.7337 	EXP 	text_6: autoDraw = True
50.7992 	EXP 	New trial (rep=3, index=10): {'word': 'BLUE', 'color': 'blue', 'correct': 'b'}
50.8912 	DATA 	Keypress: r
50.8979 	EXP 	text_5: autoDraw = False
50.8979 	EXP 	stopb: autoDraw = False
50.8979 	EXP 	stopl: autoDraw = False
50.8979 	EXP 	stopr: autoDraw = False
50.8979 	EXP 	text_6: autoDraw = False
50.8979 	EXP 	text_6: foreColor = <psychopy.colors.Color: blue, alpha=1.0>
50.8979 	EXP 	text_6: text = 'BLUE'
50.8979 	EXP 	text_5: autoDraw = True
50.8979 	EXP 	stopb: autoDraw = True
50.8979 	EXP 	stopl: autoDraw = True
50.8979 	EXP 	stopr: autoDraw = True
50.8979 	EXP 	text_6: autoDraw = True
51.0338 	EXP 	New trial (rep=3, index=11): {'word': 'BLUE', 'color': 'blue', 'correct': 'b'}
51.1320 	DATA 	Keypress: r
51.1427 	EXP 	text_5: autoDraw = False
51.1427 	EXP 	stopb: autoDraw = False
51.1427 	EXP 	stopl: autoDraw = False
51.1427 	EXP 	stopr: autoDraw = False
51.1427 	EXP 	text_6: autoDraw = False
51.1427 	EXP 	text_6: foreColor = <psychopy.colors.Color: blue, alpha=1.0>
51.1427 	EXP 	text_6: text = 'BLUE'
51.1427 	EXP 	text_5: autoDraw = True
51.1427 	EXP 	stopb: autoDraw = True
51.1427 	EXP 	stopl: autoDraw = True
51.1427 	EXP 	stopr: autoDraw = True
51.1427 	EXP 	text_6: autoDraw = True
51.2712 	EXP 	New trial (rep=3, index=12): {'word': 'RED', 'color': 'red', 'correct': 'r'}
51.3624 	DATA 	Keypress: r
51.3698 	EXP 	text_5: autoDraw = False
51.3698 	EXP 	stopb: autoDraw = False
51.3698 	EXP 	stopl: autoDraw = False
51.3698 	EXP 	stopr: autoDraw = False
51.3698 	EXP 	text_6: autoDraw = False
51.3698 	EXP 	text_6: foreColor = <psychopy.colors.Color: red, alpha=1.0>
51.3698 	EXP 	text_6: height = 0.1
51.3698 	EXP 	text_6: height = 0.1
51.3698 	EXP 	text_6: height = 0.1
51.3698 	EXP 	text_6: text = 'RED'
51.3698 	EXP 	text_5: autoDraw = True
51.3698 	EXP 	stopb: autoDraw = True
51.3698 	EXP 	stopl: autoDraw = True
51.3698 	EXP 	stopr: autoDraw = True
51.3698 	EXP 	text_6: autoDraw = True
51.4824 	EXP 	New trial (rep=3, index=13): {'word': 'BLUE', 'color': 'red', 'correct': 'r'}
51.5759 	DATA 	Keypress: r
51.5830 	EXP 	text_5: autoDraw = False
51.5830 	EXP 	stopb: autoDraw = False
51.5830 	EXP 	stopl: autoDraw = False
51.5830 	EXP 	stopr: autoDraw = False
51.5830 	EXP 	text_6: autoDraw = False
51.5830 	EXP 	text_6: foreColor = <psychopy.colors.Color: red, alpha=1.0>
51.5830 	EXP 	text_6: height = 0.1
51.5830 	EXP 	text_6: height = 0.1
51.5830 	EXP 	text_6: height = 0.1
51.5830 	EXP 	text_6: text = 'BLUE'
51.5830 	EXP 	text_5: autoDraw = True
51.5830 	EXP 	stopb: autoDraw = True
51.5830 	EXP 	stopl: autoDraw = True
51.5830 	EXP 	stopr: autoDraw = True
51.5830 	EXP 	text_6: autoDraw = True
51.7467 	EXP 	New trial (rep=3, index=14): {'word': 'BLUE', 'color': 'blue', 'correct': 'b'}
51.8386 	DATA 	Keypress: r
51.8454 	EXP 	text_5: autoDraw = False
51.8454 	EXP 	stopb: autoDraw = False
51.8454 	EXP 	stopl: autoDraw = False
51.8454 	EXP 	stopr: autoDraw = False
51.8454 	EXP 	text_6: autoDraw = False
51.8454 	EXP 	text_6: foreColor = <psychopy.colors.Color: blue, alpha=1.0>
51.8454 	EXP 	text_6: text = 'BLUE'
51.8454 	EXP 	text_5: autoDraw = True
51.8454 	EXP 	stopb: autoDraw = True
51.8454 	EXP 	stopl: autoDraw = True
51.8454 	EXP 	stopr: autoDraw = True
51.8454 	EXP 	text_6: autoDraw = True
52.0436 	EXP 	New trial (rep=3, index=15): {'word': 'BLUE', 'color': 'blue', 'correct': 'b'}
52.1346 	DATA 	Keypress: r
52.1411 	EXP 	text_5: autoDraw = False
52.1411 	EXP 	stopb: autoDraw = False
52.1411 	EXP 	stopl: autoDraw = False
52.1411 	EXP 	stopr: autoDraw = False
52.1411 	EXP 	text_6: autoDraw = False
52.1411 	EXP 	text_6: foreColor = <psychopy.colors.Color: blue, alpha=1.0>
52.1411 	EXP 	text_6: text = 'BLUE'
52.1411 	EXP 	text_5: autoDraw = True
52.1411 	EXP 	stopb: autoDraw = True
52.1411 	EXP 	stopl: autoDraw = True
52.1411 	EXP 	stopr: autoDraw = True
52.1411 	EXP 	text_6: autoDraw = True
52.4114 	EXP 	New trial (rep=3, index=16): {'word': 'BLUE', 'color': 'red', 'correct': 'r'}
52.5034 	DATA 	Keypress: r
52.5110 	EXP 	text_5: autoDraw = False
52.5110 	EXP 	stopb: autoDraw = False
52.5110 	EXP 	stopl: autoDraw = False
52.5110 	EXP 	stopr: autoDraw = False
52.5110 	EXP 	text_6: autoDraw = False
52.5110 	EXP 	text_6: foreColor = <psychopy.colors.Color: red, alpha=1.0>
52.5110 	EXP 	text_6: text = 'BLUE'
52.5110 	EXP 	text_5: autoDraw = True
52.5110 	EXP 	stopb: autoDraw = True
52.5110 	EXP 	stopl: autoDraw = True
52.5110 	EXP 	stopr: autoDraw = True
52.5110 	EXP 	text_6: autoDraw = True
53.3149 	EXP 	New trial (rep=3, index=17): {'word': 'RED', 'color': 'blue', 'correct': 'b'}
53.4096 	DATA 	Keypress: space
53.4169 	EXP 	text_5: autoDraw = False
53.4169 	EXP 	stopb: autoDraw = False
53.4169 	EXP 	stopl: autoDraw = False
53.4169 	EXP 	stopr: autoDraw = False
53.4169 	EXP 	text_6: autoDraw = False
53.4169 	EXP 	text_6: foreColor = <psychopy.colors.Color: blue, alpha=1.0>
53.4169 	EXP 	text_6: height = 0.1
53.4169 	EXP 	text_6: height = 0.1
53.4169 	EXP 	text_6: height = 0.1
53.4169 	EXP 	text_6: text = 'RED'
53.4169 	EXP 	text_5: autoDraw = True
53.4169 	EXP 	stopb: autoDraw = True
53.4169 	EXP 	stopl: autoDraw = True
53.4169 	EXP 	stopr: autoDraw = True
53.4169 	EXP 	text_6: autoDraw = True
54.1825 	DATA 	Keypress: space
54.1995 	EXP 	New trial (rep=3, index=18): {'word': 'RED', 'color': 'red', 'correct': 'r'}
54.2963 	EXP 	text_5: autoDraw = False
54.2963 	EXP 	stopb: autoDraw = False
54.2963 	EXP 	stopl: autoDraw = False
54.2963 	EXP 	stopr: autoDraw = False
54.2963 	EXP 	text_6: autoDraw = False
54.2963 	EXP 	text_6: foreColor = <psychopy.colors.Color: red, alpha=1.0>
54.2963 	EXP 	text_6: text = 'RED'
54.2963 	EXP 	text_5: autoDraw = True
54.2963 	EXP 	stopb: autoDraw = True
54.2963 	EXP 	stopl: autoDraw = True
54.2963 	EXP 	stopr: autoDraw = True
54.2963 	EXP 	text_6: autoDraw = True
54.6682 	DATA 	Keypress: space
54.6825 	EXP 	New trial (rep=3, index=19): {'word': 'BLUE', 'color': 'red', 'correct': 'r'}
54.7847 	EXP 	text_5: autoDraw = False
54.7847 	EXP 	stopb: autoDraw = False
54.7847 	EXP 	stopl: autoDraw = False
54.7847 	EXP 	stopr: autoDraw = False
54.7847 	EXP 	text_6: autoDraw = False
54.7847 	EXP 	text_6: foreColor = <psychopy.colors.Color: red, alpha=1.0>
54.7847 	EXP 	text_6: height = 0.1
54.7847 	EXP 	text_6: height = 0.1
54.7847 	EXP 	text_6: height = 0.1
54.7847 	EXP 	text_6: text = 'BLUE'
54.7847 	EXP 	text_5: autoDraw = True
54.7847 	EXP 	stopb: autoDraw = True
54.7847 	EXP 	stopl: autoDraw = True
54.7847 	EXP 	stopr: autoDraw = True
54.7847 	EXP 	text_6: autoDraw = True
55.1760 	EXP 	New trial (rep=4, index=0): {'word': 'RED', 'color': 'red', 'correct': 'r'}
55.2710 	DATA 	Keypress: space
55.2777 	EXP 	text_5: autoDraw = False
55.2777 	EXP 	stopb: autoDraw = False
55.2777 	EXP 	stopl: autoDraw = False
55.2777 	EXP 	stopr: autoDraw = False
55.2777 	EXP 	text_6: autoDraw = False
55.2777 	EXP 	text_6: foreColor = <psychopy.colors.Color: red, alpha=1.0>
55.2777 	EXP 	text_6: height = 0.1
55.2777 	EXP 	text_6: height = 0.1
55.2777 	EXP 	text_6: height = 0.1
55.2777 	EXP 	text_6: text = 'RED'
55.2777 	EXP 	text_5: autoDraw = True
55.2777 	EXP 	stopb: autoDraw = True
55.2777 	EXP 	stopl: autoDraw = True
55.2777 	EXP 	stopr: autoDraw = True
55.2777 	EXP 	text_6: autoDraw = True
55.4329 	DATA 	Keypress: space
55.4579 	EXP 	New trial (rep=4, index=1): {'word': 'RED', 'color': 'blue', 'correct': 'b'}
55.5714 	EXP 	text_5: autoDraw = False
55.5714 	EXP 	stopb: autoDraw = False
55.5714 	EXP 	stopl: autoDraw = False
55.5714 	EXP 	stopr: autoDraw = False
55.5714 	EXP 	text_6: autoDraw = False
55.5714 	EXP 	text_6: foreColor = <psychopy.colors.Color: blue, alpha=1.0>
55.5714 	EXP 	text_6: text = 'RED'
55.5714 	EXP 	text_5: autoDraw = True
55.5714 	EXP 	stopb: autoDraw = True
55.5714 	EXP 	stopl: autoDraw = True
55.5714 	EXP 	stopr: autoDraw = True
55.5714 	EXP 	text_6: autoDraw = True
55.6513 	DATA 	Keypress: space
55.6642 	EXP 	New trial (rep=4, index=2): {'word': 'BLUE', 'color': 'blue', 'correct': 'b'}
55.7659 	EXP 	text_5: autoDraw = False
55.7659 	EXP 	stopb: autoDraw = False
55.7659 	EXP 	stopl: autoDraw = False
55.7659 	EXP 	stopr: autoDraw = False
55.7659 	EXP 	text_6: autoDraw = False
55.7659 	EXP 	text_6: foreColor = <psychopy.colors.Color: blue, alpha=1.0>
55.7659 	EXP 	text_6: height = 0.1
55.7659 	EXP 	text_6: height = 0.1
55.7659 	EXP 	text_6: height = 0.1
55.7659 	EXP 	text_6: text = 'BLUE'
55.7659 	EXP 	text_5: autoDraw = True
55.7659 	EXP 	stopb: autoDraw = True
55.7659 	EXP 	stopl: autoDraw = True
55.7659 	EXP 	stopr: autoDraw = True
55.7659 	EXP 	text_6: autoDraw = True
55.8928 	EXP 	New trial (rep=4, index=3): {'word': 'BLUE', 'color': 'red', 'correct': 'r'}
55.9883 	DATA 	Keypress: space
55.9951 	EXP 	text_5: autoDraw = False
55.9951 	EXP 	stopb: autoDraw = False
55.9951 	EXP 	stopl: autoDraw = False
55.9951 	EXP 	stopr: autoDraw = False
55.9951 	EXP 	text_6: autoDraw = False
55.9951 	EXP 	text_6: foreColor = <psychopy.colors.Color: red, alpha=1.0>
55.9951 	EXP 	text_6: text = 'BLUE'
55.9951 	EXP 	text_5: autoDraw = True
55.9951 	EXP 	stopb: autoDraw = True
55.9951 	EXP 	stopl: autoDraw = True
55.9951 	EXP 	stopr: autoDraw = True
55.9951 	EXP 	text_6: autoDraw = True
56.1138 	DATA 	Keypress: space
56.1303 	EXP 	New trial (rep=4, index=4): {'word': 'RED', 'color': 'red', 'correct': 'r'}
56.2282 	EXP 	text_5: autoDraw = False
56.2282 	EXP 	stopb: autoDraw = False
56.2282 	EXP 	stopl: autoDraw = False
56.2282 	EXP 	stopr: autoDraw = False
56.2282 	EXP 	text_6: autoDraw = False
56.2282 	EXP 	text_6: foreColor = <psychopy.colors.Color: red, alpha=1.0>
56.2282 	EXP 	text_6: height = 0.1
56.2282 	EXP 	text_6: height = 0.1
56.2282 	EXP 	text_6: height = 0.1
56.2282 	EXP 	text_6: text = 'RED'
56.2282 	EXP 	text_5: autoDraw = True
56.2282 	EXP 	stopb: autoDraw = True
56.2282 	EXP 	stopl: autoDraw = True
56.2282 	EXP 	stopr: autoDraw = True
56.2282 	EXP 	text_6: autoDraw = True
56.3457 	DATA 	Keypress: space
56.3624 	EXP 	New trial (rep=4, index=5): {'word': 'RED', 'color': 'blue', 'correct': 'b'}
56.4609 	EXP 	text_5: autoDraw = False
56.4609 	EXP 	stopb: autoDraw = False
56.4609 	EXP 	stopl: autoDraw = False
56.4609 	EXP 	stopr: autoDraw = False
56.4609 	EXP 	text_6: autoDraw = False
56.4609 	EXP 	text_6: foreColor = <psychopy.colors.Color: blue, alpha=1.0>
56.4609 	EXP 	text_6: text = 'RED'
56.4609 	EXP 	text_5: autoDraw = True
56.4609 	EXP 	stopb: autoDraw = True
56.4609 	EXP 	stopl: autoDraw = True
56.4609 	EXP 	stopr: autoDraw = True
56.4609 	EXP 	text_6: autoDraw = True
56.5791 	DATA 	Keypress: space
56.5942 	EXP 	New trial (rep=4, index=6): {'word': 'RED', 'color': 'red', 'correct': 'r'}
56.6917 	EXP 	text_5: autoDraw = False
56.6917 	EXP 	stopb: autoDraw = False
56.6917 	EXP 	stopl: autoDraw = False
56.6917 	EXP 	stopr: autoDraw = False
56.6917 	EXP 	text_6: autoDraw = False
56.6917 	EXP 	text_6: foreColor = <psychopy.colors.Color: red, alpha=1.0>
56.6917 	EXP 	text_6: text = 'RED'
56.6917 	EXP 	text_5: autoDraw = True
56.6917 	EXP 	stopb: autoDraw = True
56.6917 	EXP 	stopl: autoDraw = True
56.6917 	EXP 	stopr: autoDraw = True
56.6917 	EXP 	text_6: autoDraw = True
56.8241 	DATA 	Keypress: space
56.8473 	EXP 	New trial (rep=4, index=7): {'word': 'BLUE', 'color': 'blue', 'correct': 'b'}
56.9511 	EXP 	text_5: autoDraw = False
56.9511 	EXP 	stopb: autoDraw = False
56.9511 	EXP 	stopl: autoDraw = False
56.9511 	EXP 	stopr: autoDraw = False
56.9511 	EXP 	text_6: autoDraw = False
56.9511 	EXP 	text_6: foreColor = <psychopy.colors.Color: blue, alpha=1.0>
56.9511 	EXP 	text_6: height = 0.1
56.9511 	EXP 	text_6: height = 0.1
56.9511 	EXP 	text_6: height = 0.1
56.9511 	EXP 	text_6: text = 'BLUE'
56.9511 	EXP 	text_5: autoDraw = True
56.9511 	EXP 	stopb: autoDraw = True
56.9511 	EXP 	stopl: autoDraw = True
56.9511 	EXP 	stopr: autoDraw = True
56.9511 	EXP 	text_6: autoDraw = True
57.0295 	EXP 	New trial (rep=4, index=8): {'word': 'BLUE', 'color': 'red', 'correct': 'r'}
57.1200 	DATA 	Keypress: space
57.1266 	EXP 	text_5: autoDraw = False
57.1266 	EXP 	stopb: autoDraw = False
57.1266 	EXP 	stopl: autoDraw = False
57.1266 	EXP 	stopr: autoDraw = False
57.1266 	EXP 	text_6: autoDraw = False
57.1266 	EXP 	text_6: foreColor = <psychopy.colors.Color: red, alpha=1.0>
57.1266 	EXP 	text_6: text = 'BLUE'
57.1266 	EXP 	text_5: autoDraw = True
57.1266 	EXP 	stopb: autoDraw = True
57.1266 	EXP 	stopl: autoDraw = True
57.1266 	EXP 	stopr: autoDraw = True
57.1266 	EXP 	text_6: autoDraw = True
57.5959 	DATA 	Keypress: space
57.6135 	EXP 	New trial (rep=4, index=9): {'word': 'RED', 'color': 'red', 'correct': 'r'}
57.7121 	EXP 	text_5: autoDraw = False
57.7121 	EXP 	stopb: autoDraw = False
57.7121 	EXP 	stopl: autoDraw = False
57.7121 	EXP 	stopr: autoDraw = False
57.7121 	EXP 	text_6: autoDraw = False
57.7121 	EXP 	text_6: foreColor = <psychopy.colors.Color: red, alpha=1.0>
57.7121 	EXP 	text_6: height = 0.1
57.7121 	EXP 	text_6: height = 0.1
57.7121 	EXP 	text_6: height = 0.1
57.7121 	EXP 	text_6: text = 'RED'
57.7121 	EXP 	text_5: autoDraw = True
57.7121 	EXP 	stopb: autoDraw = True
57.7121 	EXP 	stopl: autoDraw = True
57.7121 	EXP 	stopr: autoDraw = True
57.7121 	EXP 	text_6: autoDraw = True
58.3470 	EXP 	New trial (rep=4, index=10): {'word': 'RED', 'color': 'red', 'correct': 'r'}
58.4391 	DATA 	Keypress: space
58.4460 	EXP 	text_5: autoDraw = False
58.4460 	EXP 	stopb: autoDraw = False
58.4460 	EXP 	stopl: autoDraw = False
58.4460 	EXP 	stopr: autoDraw = False
58.4460 	EXP 	text_6: autoDraw = False
58.4460 	EXP 	text_6: foreColor = <psychopy.colors.Color: red, alpha=1.0>
58.4460 	EXP 	text_6: text = 'RED'
58.4460 	EXP 	text_5: autoDraw = True
58.4460 	EXP 	stopb: autoDraw = True
58.4460 	EXP 	stopl: autoDraw = True
58.4460 	EXP 	stopr: autoDraw = True
58.4460 	EXP 	text_6: autoDraw = True
61.9328 	DATA 	Keypress: space
61.9470 	EXP 	New trial (rep=4, index=11): {'word': 'RED', 'color': 'red', 'correct': 'r'}
62.0453 	EXP 	text_5: autoDraw = False
62.0453 	EXP 	stopb: autoDraw = False
62.0453 	EXP 	stopl: autoDraw = False
62.0453 	EXP 	stopr: autoDraw = False
62.0453 	EXP 	text_6: autoDraw = False
62.0453 	EXP 	text_6: foreColor = <psychopy.colors.Color: red, alpha=1.0>
62.0453 	EXP 	text_6: text = 'RED'
62.0453 	EXP 	text_5: autoDraw = True
62.0453 	EXP 	stopb: autoDraw = True
62.0453 	EXP 	stopl: autoDraw = True
62.0453 	EXP 	stopr: autoDraw = True
62.0453 	EXP 	text_6: autoDraw = True
62.8161 	DATA 	Keypress: r
62.8298 	EXP 	New trial (rep=4, index=12): {'word': 'RED', 'color': 'red', 'correct': 'r'}
62.9262 	EXP 	text_5: autoDraw = False
62.9262 	EXP 	stopb: autoDraw = False
62.9262 	EXP 	stopl: autoDraw = False
62.9262 	EXP 	stopr: autoDraw = False
62.9262 	EXP 	text_6: autoDraw = False
62.9262 	EXP 	text_6: foreColor = <psychopy.colors.Color: red, alpha=1.0>
62.9262 	EXP 	text_6: text = 'RED'
62.9262 	EXP 	text_5: autoDraw = True
62.9262 	EXP 	stopb: autoDraw = True
62.9262 	EXP 	stopl: autoDraw = True
62.9262 	EXP 	stopr: autoDraw = True
62.9262 	EXP 	text_6: autoDraw = True
63.5251 	EXP 	New trial (rep=4, index=13): {'word': 'BLUE', 'color': 'red', 'correct': 'r'}
63.6181 	DATA 	Keypress: r
63.6249 	EXP 	text_5: autoDraw = False
63.6249 	EXP 	stopb: autoDraw = False
63.6249 	EXP 	stopl: autoDraw = False
63.6249 	EXP 	stopr: autoDraw = False
63.6249 	EXP 	text_6: autoDraw = False
63.6249 	EXP 	text_6: foreColor = <psychopy.colors.Color: red, alpha=1.0>
63.6249 	EXP 	text_6: height = 0.1
63.6249 	EXP 	text_6: height = 0.1
63.6249 	EXP 	text_6: height = 0.1
63.6249 	EXP 	text_6: text = 'BLUE'
63.6249 	EXP 	text_5: autoDraw = True
63.6249 	EXP 	stopb: autoDraw = True
63.6249 	EXP 	stopl: autoDraw = True
63.6249 	EXP 	stopr: autoDraw = True
63.6249 	EXP 	text_6: autoDraw = True
63.8929 	EXP 	New trial (rep=4, index=14): {'word': 'BLUE', 'color': 'blue', 'correct': 'b'}
63.9853 	DATA 	Keypress: r
63.9925 	EXP 	text_5: autoDraw = False
63.9925 	EXP 	stopb: autoDraw = False
63.9925 	EXP 	stopl: autoDraw = False
63.9925 	EXP 	stopr: autoDraw = False
63.9925 	EXP 	text_6: autoDraw = False
63.9925 	EXP 	text_6: foreColor = <psychopy.colors.Color: blue, alpha=1.0>
63.9925 	EXP 	text_6: text = 'BLUE'
63.9925 	EXP 	text_5: autoDraw = True
63.9925 	EXP 	stopb: autoDraw = True
63.9925 	EXP 	stopl: autoDraw = True
63.9925 	EXP 	stopr: autoDraw = True
63.9925 	EXP 	text_6: autoDraw = True
64.1905 	EXP 	New trial (rep=4, index=15): {'word': 'BLUE', 'color': 'blue', 'correct': 'b'}
64.2822 	DATA 	Keypress: r
64.2894 	EXP 	text_5: autoDraw = False
64.2894 	EXP 	stopb: autoDraw = False
64.2894 	EXP 	stopl: autoDraw = False
64.2894 	EXP 	stopr: autoDraw = False
64.2894 	EXP 	text_6: autoDraw = False
64.2894 	EXP 	text_6: foreColor = <psychopy.colors.Color: blue, alpha=1.0>
64.2894 	EXP 	text_6: text = 'BLUE'
64.2894 	EXP 	text_5: autoDraw = True
64.2894 	EXP 	stopb: autoDraw = True
64.2894 	EXP 	stopl: autoDraw = True
64.2894 	EXP 	stopr: autoDraw = True
64.2894 	EXP 	text_6: autoDraw = True
64.5100 	EXP 	New trial (rep=4, index=16): {'word': 'RED', 'color': 'red', 'correct': 'r'}
64.6032 	DATA 	Keypress: r
64.6104 	EXP 	text_5: autoDraw = False
64.6104 	EXP 	stopb: autoDraw = False
64.6104 	EXP 	stopl: autoDraw = False
64.6104 	EXP 	stopr: autoDraw = False
64.6104 	EXP 	text_6: autoDraw = False
64.6104 	EXP 	text_6: foreColor = <psychopy.colors.Color: red, alpha=1.0>
64.6104 	EXP 	text_6: height = 0.1
64.6104 	EXP 	text_6: height = 0.1
64.6104 	EXP 	text_6: height = 0.1
64.6104 	EXP 	text_6: text = 'RED'
64.6104 	EXP 	text_5: autoDraw = True
64.6104 	EXP 	stopb: autoDraw = True
64.6104 	EXP 	stopl: autoDraw = True
64.6104 	EXP 	stopr: autoDraw = True
64.6104 	EXP 	text_6: autoDraw = True
64.7081 	EXP 	New trial (rep=4, index=17): {'word': 'BLUE', 'color': 'blue', 'correct': 'b'}
64.8007 	DATA 	Keypress: r
64.8075 	EXP 	text_5: autoDraw = False
64.8075 	EXP 	stopb: autoDraw = False
64.8075 	EXP 	stopl: autoDraw = False
64.8075 	EXP 	stopr: autoDraw = False
64.8075 	EXP 	text_6: autoDraw = False
64.8075 	EXP 	text_6: foreColor = <psychopy.colors.Color: blue, alpha=1.0>
64.8075 	EXP 	text_6: height = 0.1
64.8075 	EXP 	text_6: height = 0.1
64.8075 	EXP 	text_6: height = 0.1
64.8075 	EXP 	text_6: text = 'BLUE'
64.8075 	EXP 	text_5: autoDraw = True
64.8075 	EXP 	stopb: autoDraw = True
64.8075 	EXP 	stopl: autoDraw = True
64.8075 	EXP 	stopr: autoDraw = True
64.8075 	EXP 	text_6: autoDraw = True
64.9191 	EXP 	New trial (rep=4, index=18): {'word': 'BLUE', 'color': 'red', 'correct': 'r'}
65.0153 	DATA 	Keypress: r
65.0224 	EXP 	text_5: autoDraw = False
65.0224 	EXP 	stopb: autoDraw = False
65.0224 	EXP 	stopl: autoDraw = False
65.0224 	EXP 	stopr: autoDraw = False
65.0224 	EXP 	text_6: autoDraw = False
65.0224 	EXP 	text_6: foreColor = <psychopy.colors.Color: red, alpha=1.0>
65.0224 	EXP 	text_6: text = 'BLUE'
65.0224 	EXP 	text_5: autoDraw = True
65.0224 	EXP 	stopb: autoDraw = True
65.0224 	EXP 	stopl: autoDraw = True
65.0224 	EXP 	stopr: autoDraw = True
65.0224 	EXP 	text_6: autoDraw = True
65.1069 	EXP 	New trial (rep=4, index=19): {'word': 'BLUE', 'color': 'blue', 'correct': 'b'}
65.1982 	DATA 	Keypress: r
65.2050 	EXP 	text_5: autoDraw = False
65.2050 	EXP 	stopb: autoDraw = False
65.2050 	EXP 	stopl: autoDraw = False
65.2050 	EXP 	stopr: autoDraw = False
65.2050 	EXP 	text_6: autoDraw = False
65.2050 	EXP 	text_6: foreColor = <psychopy.colors.Color: blue, alpha=1.0>
65.2050 	EXP 	text_6: text = 'BLUE'
65.2050 	EXP 	text_5: autoDraw = True
65.2050 	EXP 	stopb: autoDraw = True
65.2050 	EXP 	stopl: autoDraw = True
65.2050 	EXP 	stopr: autoDraw = True
65.2050 	EXP 	text_6: autoDraw = True
65.3109 	EXP 	New trial (rep=5, index=0): {'word': 'BLUE', 'color': 'red', 'correct': 'r'}
65.4020 	DATA 	Keypress: r
65.4092 	EXP 	text_5: autoDraw = False
65.4092 	EXP 	stopb: autoDraw = False
65.4092 	EXP 	stopl: autoDraw = False
65.4092 	EXP 	stopr: autoDraw = False
65.4092 	EXP 	text_6: autoDraw = False
65.4092 	EXP 	text_6: foreColor = <psychopy.colors.Color: red, alpha=1.0>
65.4092 	EXP 	text_6: text = 'BLUE'
65.4092 	EXP 	text_5: autoDraw = True
65.4092 	EXP 	stopb: autoDraw = True
65.4092 	EXP 	stopl: autoDraw = True
65.4092 	EXP 	stopr: autoDraw = True
65.4092 	EXP 	text_6: autoDraw = True
65.5101 	EXP 	New trial (rep=5, index=1): {'word': 'BLUE', 'color': 'blue', 'correct': 'b'}
65.6021 	DATA 	Keypress: r
65.6094 	EXP 	text_5: autoDraw = False
65.6094 	EXP 	stopb: autoDraw = False
65.6094 	EXP 	stopl: autoDraw = False
65.6094 	EXP 	stopr: autoDraw = False
65.6094 	EXP 	text_6: autoDraw = False
65.6094 	EXP 	text_6: foreColor = <psychopy.colors.Color: blue, alpha=1.0>
65.6094 	EXP 	text_6: text = 'BLUE'
65.6094 	EXP 	text_5: autoDraw = True
65.6094 	EXP 	stopb: autoDraw = True
65.6094 	EXP 	stopl: autoDraw = True
65.6094 	EXP 	stopr: autoDraw = True
65.6094 	EXP 	text_6: autoDraw = True
65.7117 	EXP 	New trial (rep=5, index=2): {'word': 'RED', 'color': 'red', 'correct': 'r'}
65.8064 	DATA 	Keypress: r
65.8135 	EXP 	text_5: autoDraw = False
65.8135 	EXP 	stopb: autoDraw = False
65.8135 	EXP 	stopl: autoDraw = False
65.8135 	EXP 	stopr: autoDraw = False
65.8135 	EXP 	text_6: autoDraw = False
65.8135 	EXP 	text_6: foreColor = <psychopy.colors.Color: red, alpha=1.0>
65.8135 	EXP 	text_6: height = 0.1
65.8135 	EXP 	text_6: height = 0.1
65.8135 	EXP 	text_6: height = 0.1
65.8135 	EXP 	text_6: text = 'RED'
65.8135 	EXP 	text_5: autoDraw = True
65.8135 	EXP 	stopb: autoDraw = True
65.8135 	EXP 	stopl: autoDraw = True
65.8135 	EXP 	stopr: autoDraw = True
65.8135 	EXP 	text_6: autoDraw = True
65.9373 	EXP 	New trial (rep=5, index=3): {'word': 'RED', 'color': 'red', 'correct': 'r'}
66.0292 	DATA 	Keypress: r
66.0360 	EXP 	text_5: autoDraw = False
66.0360 	EXP 	stopb: autoDraw = False
66.0360 	EXP 	stopl: autoDraw = False
66.0360 	EXP 	stopr: autoDraw = False
66.0360 	EXP 	text_6: autoDraw = False
66.0360 	EXP 	text_6: foreColor = <psychopy.colors.Color: red, alpha=1.0>
66.0360 	EXP 	text_6: text = 'RED'
66.0360 	EXP 	text_5: autoDraw = True
66.0360 	EXP 	stopb: autoDraw = True
66.0360 	EXP 	stopl: autoDraw = True
66.0360 	EXP 	stopr: autoDraw = True
66.0360 	EXP 	text_6: autoDraw = True
66.1383 	EXP 	New trial (rep=5, index=4): {'word': 'BLUE', 'color': 'blue', 'correct': 'b'}
66.2307 	DATA 	Keypress: r
66.2378 	EXP 	text_5: autoDraw = False
66.2378 	EXP 	stopb: autoDraw = False
66.2378 	EXP 	stopl: autoDraw = False
66.2378 	EXP 	stopr: autoDraw = False
66.2378 	EXP 	text_6: autoDraw = False
66.2378 	EXP 	text_6: foreColor = <psychopy.colors.Color: blue, alpha=1.0>
66.2378 	EXP 	text_6: height = 0.1
66.2378 	EXP 	text_6: height = 0.1
66.2378 	EXP 	text_6: height = 0.1
66.2378 	EXP 	text_6: text = 'BLUE'
66.2378 	EXP 	text_5: autoDraw = True
66.2378 	EXP 	stopb: autoDraw = True
66.2378 	EXP 	stopl: autoDraw = True
66.2378 	EXP 	stopr: autoDraw = True
66.2378 	EXP 	text_6: autoDraw = True
66.3450 	EXP 	New trial (rep=5, index=5): {'word': 'RED', 'color': 'red', 'correct': 'r'}
66.4385 	DATA 	Keypress: r
66.4453 	EXP 	text_5: autoDraw = False
66.4453 	EXP 	stopb: autoDraw = False
66.4453 	EXP 	stopl: autoDraw = False
66.4453 	EXP 	stopr: autoDraw = False
66.4453 	EXP 	text_6: autoDraw = False
66.4453 	EXP 	text_6: foreColor = <psychopy.colors.Color: red, alpha=1.0>
66.4453 	EXP 	text_6: height = 0.1
66.4453 	EXP 	text_6: height = 0.1
66.4453 	EXP 	text_6: height = 0.1
66.4453 	EXP 	text_6: text = 'RED'
66.4453 	EXP 	text_5: autoDraw = True
66.4453 	EXP 	stopb: autoDraw = True
66.4453 	EXP 	stopl: autoDraw = True
66.4453 	EXP 	stopr: autoDraw = True
66.4453 	EXP 	text_6: autoDraw = True
66.6068 	EXP 	New trial (rep=5, index=6): {'word': 'RED', 'color': 'blue', 'correct': 'b'}
66.6973 	DATA 	Keypress: r
66.7040 	EXP 	text_5: autoDraw = False
66.7040 	EXP 	stopb: autoDraw = False
66.7040 	EXP 	stopl: autoDraw = False
66.7040 	EXP 	stopr: autoDraw = False
66.7040 	EXP 	text_6: autoDraw = False
66.7040 	EXP 	text_6: foreColor = <psychopy.colors.Color: blue, alpha=1.0>
66.7040 	EXP 	text_6: text = 'RED'
66.7040 	EXP 	text_5: autoDraw = True
66.7040 	EXP 	stopb: autoDraw = True
66.7040 	EXP 	stopl: autoDraw = True
66.7040 	EXP 	stopr: autoDraw = True
66.7040 	EXP 	text_6: autoDraw = True
66.8259 	EXP 	New trial (rep=5, index=7): {'word': 'BLUE', 'color': 'blue', 'correct': 'b'}
66.9206 	DATA 	Keypress: r
66.9278 	EXP 	text_5: autoDraw = False
66.9278 	EXP 	stopb: autoDraw = False
66.9278 	EXP 	stopl: autoDraw = False
66.9278 	EXP 	stopr: autoDraw = False
66.9278 	EXP 	text_6: autoDraw = False
66.9278 	EXP 	text_6: foreColor = <psychopy.colors.Color: blue, alpha=1.0>
66.9278 	EXP 	text_6: height = 0.1
66.9278 	EXP 	text_6: height = 0.1
66.9278 	EXP 	text_6: height = 0.1
66.9278 	EXP 	text_6: text = 'BLUE'
66.9278 	EXP 	text_5: autoDraw = True
66.9278 	EXP 	stopb: autoDraw = True
66.9278 	EXP 	stopl: autoDraw = True
66.9278 	EXP 	stopr: autoDraw = True
66.9278 	EXP 	text_6: autoDraw = True
67.0712 	EXP 	New trial (rep=5, index=8): {'word': 'RED', 'color': 'red', 'correct': 'r'}
67.1653 	DATA 	Keypress: r
67.1724 	EXP 	text_5: autoDraw = False
67.1724 	EXP 	stopb: autoDraw = False
67.1724 	EXP 	stopl: autoDraw = False
67.1724 	EXP 	stopr: autoDraw = False
67.1724 	EXP 	text_6: autoDraw = False
67.1724 	EXP 	text_6: foreColor = <psychopy.colors.Color: red, alpha=1.0>
67.1724 	EXP 	text_6: height = 0.1
67.1724 	EXP 	text_6: height = 0.1
67.1724 	EXP 	text_6: height = 0.1
67.1724 	EXP 	text_6: text = 'RED'
67.1724 	EXP 	text_5: autoDraw = True
67.1724 	EXP 	stopb: autoDraw = True
67.1724 	EXP 	stopl: autoDraw = True
67.1724 	EXP 	stopr: autoDraw = True
67.1724 	EXP 	text_6: autoDraw = True
69.0111 	EXP 	New trial (rep=5, index=9): {'word': 'BLUE', 'color': 'blue', 'correct': 'b'}
69.1020 	DATA 	Keypress: r
69.1090 	EXP 	text_5: autoDraw = False
69.1090 	EXP 	stopb: autoDraw = False
69.1090 	EXP 	stopl: autoDraw = False
69.1090 	EXP 	stopr: autoDraw = False
69.1090 	EXP 	text_6: autoDraw = False
69.1090 	EXP 	text_6: foreColor = <psychopy.colors.Color: blue, alpha=1.0>
69.1090 	EXP 	text_6: height = 0.1
69.1090 	EXP 	text_6: height = 0.1
69.1090 	EXP 	text_6: height = 0.1
69.1090 	EXP 	text_6: text = 'BLUE'
69.1090 	EXP 	text_5: autoDraw = True
69.1090 	EXP 	stopb: autoDraw = True
69.1090 	EXP 	stopl: autoDraw = True
69.1090 	EXP 	stopr: autoDraw = True
69.1090 	EXP 	text_6: autoDraw = True
70.2595 	EXP 	New trial (rep=5, index=10): {'word': 'BLUE', 'color': 'red', 'correct': 'r'}
70.3505 	DATA 	Keypress: r
70.3572 	EXP 	text_5: autoDraw = False
70.3572 	EXP 	stopb: autoDraw = False
70.3572 	EXP 	stopl: autoDraw = False
70.3572 	EXP 	stopr: autoDraw = False
70.3572 	EXP 	text_6: autoDraw = False
70.3572 	EXP 	text_6: foreColor = <psychopy.colors.Color: red, alpha=1.0>
70.3572 	EXP 	text_6: text = 'BLUE'
70.3572 	EXP 	text_5: autoDraw = True
70.3572 	EXP 	stopb: autoDraw = True
70.3572 	EXP 	stopl: autoDraw = True
70.3572 	EXP 	stopr: autoDraw = True
70.3572 	EXP 	text_6: autoDraw = True
74.8874 	EXP 	New trial (rep=5, index=11): {'word': 'BLUE', 'color': 'red', 'correct': 'r'}
74.9795 	DATA 	Keypress: r
74.9864 	EXP 	text_5: autoDraw = False
74.9864 	EXP 	stopb: autoDraw = False
74.9864 	EXP 	stopl: autoDraw = False
74.9864 	EXP 	stopr: autoDraw = False
74.9864 	EXP 	text_6: autoDraw = False
74.9864 	EXP 	text_6: foreColor = <psychopy.colors.Color: red, alpha=1.0>
74.9864 	EXP 	text_6: text = 'BLUE'
74.9864 	EXP 	text_5: autoDraw = True
74.9864 	EXP 	stopb: autoDraw = True
74.9864 	EXP 	stopl: autoDraw = True
74.9864 	EXP 	stopr: autoDraw = True
74.9864 	EXP 	text_6: autoDraw = True
75.3719 	EXP 	New trial (rep=5, index=12): {'word': 'RED', 'color': 'red', 'correct': 'r'}
75.4658 	DATA 	Keypress: r
75.4731 	EXP 	text_5: autoDraw = False
75.4731 	EXP 	stopb: autoDraw = False
75.4731 	EXP 	stopl: autoDraw = False
75.4731 	EXP 	stopr: autoDraw = False
75.4731 	EXP 	text_6: autoDraw = False
75.4731 	EXP 	text_6: foreColor = <psychopy.colors.Color: red, alpha=1.0>
75.4731 	EXP 	text_6: height = 0.1
75.4731 	EXP 	text_6: height = 0.1
75.4731 	EXP 	text_6: height = 0.1
75.4731 	EXP 	text_6: text = 'RED'
75.4731 	EXP 	text_5: autoDraw = True
75.4731 	EXP 	stopb: autoDraw = True
75.4731 	EXP 	stopl: autoDraw = True
75.4731 	EXP 	stopr: autoDraw = True
75.4731 	EXP 	text_6: autoDraw = True
75.6582 	EXP 	New trial (rep=5, index=13): {'word': 'RED', 'color': 'red', 'correct': 'r'}
75.7515 	DATA 	Keypress: r
75.7587 	EXP 	text_5: autoDraw = False
75.7587 	EXP 	stopb: autoDraw = False
75.7587 	EXP 	stopl: autoDraw = False
75.7587 	EXP 	stopr: autoDraw = False
75.7587 	EXP 	text_6: autoDraw = False
75.7587 	EXP 	text_6: foreColor = <psychopy.colors.Color: red, alpha=1.0>
75.7587 	EXP 	text_6: text = 'RED'
75.7587 	EXP 	text_5: autoDraw = True
75.7587 	EXP 	stopb: autoDraw = True
75.7587 	EXP 	stopl: autoDraw = True
75.7587 	EXP 	stopr: autoDraw = True
75.7587 	EXP 	text_6: autoDraw = True
75.8922 	EXP 	New trial (rep=5, index=14): {'word': 'RED', 'color': 'blue', 'correct': 'b'}
75.9819 	DATA 	Keypress: r
75.9894 	EXP 	text_5: autoDraw = False
75.9894 	EXP 	stopb: autoDraw = False
75.9894 	EXP 	stopl: autoDraw = False
75.9894 	EXP 	stopr: autoDraw = False
75.9894 	EXP 	text_6: autoDraw = False
75.9894 	EXP 	text_6: foreColor = <psychopy.colors.Color: blue, alpha=1.0>
75.9894 	EXP 	text_6: text = 'RED'
75.9894 	EXP 	text_5: autoDraw = True
75.9894 	EXP 	stopb: autoDraw = True
75.9894 	EXP 	stopl: autoDraw = True
75.9894 	EXP 	stopr: autoDraw = True
75.9894 	EXP 	text_6: autoDraw = True
76.0911 	EXP 	New trial (rep=5, index=15): {'word': 'BLUE', 'color': 'red', 'correct': 'r'}
76.1836 	DATA 	Keypress: r
76.1905 	EXP 	text_5: autoDraw = False
76.1905 	EXP 	stopb: autoDraw = False
76.1905 	EXP 	stopl: autoDraw = False
76.1905 	EXP 	stopr: autoDraw = False
76.1905 	EXP 	text_6: autoDraw = False
76.1905 	EXP 	text_6: foreColor = <psychopy.colors.Color: red, alpha=1.0>
76.1905 	EXP 	text_6: height = 0.1
76.1905 	EXP 	text_6: height = 0.1
76.1905 	EXP 	text_6: height = 0.1
76.1905 	EXP 	text_6: text = 'BLUE'
76.1905 	EXP 	text_5: autoDraw = True
76.1905 	EXP 	stopb: autoDraw = True
76.1905 	EXP 	stopl: autoDraw = True
76.1905 	EXP 	stopr: autoDraw = True
76.1905 	EXP 	text_6: autoDraw = True
76.2396 	DATA 	Keypress: r
76.2560 	EXP 	New trial (rep=5, index=16): {'word': 'RED', 'color': 'red', 'correct': 'r'}
76.3610 	EXP 	text_5: autoDraw = False
76.3610 	EXP 	stopb: autoDraw = False
76.3610 	EXP 	stopl: autoDraw = False
76.3610 	EXP 	stopr: autoDraw = False
76.3610 	EXP 	text_6: autoDraw = False
76.3610 	EXP 	text_6: foreColor = <psychopy.colors.Color: red, alpha=1.0>
76.3610 	EXP 	text_6: height = 0.1
76.3610 	EXP 	text_6: height = 0.1
76.3610 	EXP 	text_6: height = 0.1
76.3610 	EXP 	text_6: text = 'RED'
76.3610 	EXP 	text_5: autoDraw = True
76.3610 	EXP 	stopb: autoDraw = True
76.3610 	EXP 	stopl: autoDraw = True
76.3610 	EXP 	stopr: autoDraw = True
76.3610 	EXP 	text_6: autoDraw = True
76.3710 	DATA 	Keypress: r
76.3874 	EXP 	New trial (rep=5, index=17): {'word': 'BLUE', 'color': 'blue', 'correct': 'b'}
76.4899 	EXP 	text_5: autoDraw = False
76.4899 	EXP 	stopb: autoDraw = False
76.4899 	EXP 	stopl: autoDraw = False
76.4899 	EXP 	stopr: autoDraw = False
76.4899 	EXP 	text_6: autoDraw = False
76.4899 	EXP 	text_6: foreColor = <psychopy.colors.Color: blue, alpha=1.0>
76.4899 	EXP 	text_6: height = 0.1
76.4899 	EXP 	text_6: height = 0.1
76.4899 	EXP 	text_6: height = 0.1
76.4899 	EXP 	text_6: text = 'BLUE'
76.4899 	EXP 	text_5: autoDraw = True
76.4899 	EXP 	stopb: autoDraw = True
76.4899 	EXP 	stopl: autoDraw = True
76.4899 	EXP 	stopr: autoDraw = True
76.4899 	EXP 	text_6: autoDraw = True
76.5769 	DATA 	Keypress: r
76.5925 	EXP 	New trial (rep=5, index=18): {'word': 'RED', 'color': 'red', 'correct': 'r'}
76.6937 	EXP 	text_5: autoDraw = False
76.6937 	EXP 	stopb: autoDraw = False
76.6937 	EXP 	stopl: autoDraw = False
76.6937 	EXP 	stopr: autoDraw = False
76.6937 	EXP 	text_6: autoDraw = False
76.6937 	EXP 	text_6: foreColor = <psychopy.colors.Color: red, alpha=1.0>
76.6937 	EXP 	text_6: height = 0.1
76.6937 	EXP 	text_6: height = 0.1
76.6937 	EXP 	text_6: height = 0.1
76.6937 	EXP 	text_6: text = 'RED'
76.6937 	EXP 	text_5: autoDraw = True
76.6937 	EXP 	stopb: autoDraw = True
76.6937 	EXP 	stopl: autoDraw = True
76.6937 	EXP 	stopr: autoDraw = True
76.6937 	EXP 	text_6: autoDraw = True
77.5412 	DATA 	Keypress: escape
87.9321 	EXP 	window1: mouseVisible = True
