4.8164 	WARNING 	We strongly recommend you activate the PTB sound engine in PsychoPy prefs as the preferred audio engine. Its timing is vastly superior. Your prefs are currently set to use ['sounddevice', 'PTB', 'pyo', 'pygame'] (in that order).
13.2794 	WARNING 	User requested fullscreen with size [1024  768], but screen is actually [2560, 1440]. Using actual size
16.6152 	WARNING 	Couldn't measure a consistent frame rate!
  - Is your graphics card set to sync to vertical blank?
  - Are you running other processes on your computer?

16.6155 	EXP 	Created window1 = Window(allowGUI=True, allowStencil=False, autoLog=True, backendConf=UNKNOWN, bitsMode=UNKNOWN, blendMode='avg', bpc=(8, 8, 8), color=array([0, 0, 0]), colorSpace='rgb', depthBits=8, fullscr=<method-wrapper '__getattribute__' of attributeSetter object at 0x0000027AA2DC1460>, gamma=None, gammaErrorPolicy='raise', lms=UNKNOWN, monitor=<psychopy.monitors.calibTools.Monitor object at 0x0000027AA4C98700>, multiSample=False, name='window1', numSamples=2, pos=(0, 0), screen=0, size=array([2560, 1440]), stencilBits=0, stereo=False, units='height', useFBO=True, useRetina=False, viewOri=0.0, viewPos=None, viewScale=None, waitBlanking=True, winType='pyglet')
16.6156 	EXP 	window1: mouseVisible = True
16.6157 	EXP 	window1: mouseVisible = False
16.6158 	EXP 	window1: Attempting to measure frame rate of screen (0) ...
16.6158 	EXP 	window1: recordFrameIntervals = False
16.7817 	EXP 	window1: recordFrameIntervals = True
16.8188 	WARNING 	t of last frame was 20.57ms (=1/48)
17.8018 	WARNING 	t of last frame was 20.42ms (=1/48)
17.8686 	WARNING 	t of last frame was 20.11ms (=1/49)
18.4476 	WARNING 	Couldn't measure a consistent frame rate!
  - Is your graphics card set to sync to vertical blank?
  - Are you running other processes on your computer?

21.0214 	EXP 	Created text_instr = TextStim(__class__=<class 'psychopy.visual.text.TextStim'>, alignHoriz=method-wrapper(...), alignText='center', alignVert=method-wrapper(...), anchorHoriz='center', anchorVert='center', antialias=True, autoDraw=False, autoLog=True, bold=False, color=array([1, 1, 1]), colorSpace='rgb', contrast=1.0, depth=0.0, flipHoriz=False, flipVert=False, font='Comic Sans', fontFiles=[], height=0.04, italic=False, languageStyle='LTR', name='text_instr', opacity=1.0, ori=0.0, pos=array([0., 0.]), rgb=UNKNOWN, text=str(...), units='height', win=Window(...), wrapWidth=1)
21.0373 	EXP 	Created image_next = ImageStim(__class__=<class 'psychopy.visual.image.ImageStim'>, anchor=('center', 'center'), autoLog=True, color=array([1, 1, 1]), colorSpace='rgb', contrast=1.0, depth=-1.0, flipHoriz=False, flipVert=False, image='next.png', interpolate=True, mask=None, maskParams=None, name='image_next', opacity=1.0, ori=0.0, pos=array([ 0.6, -0.4]), size=array([0.11319444, 0.06736111]), texRes=128.0, units='height', win=Window(...))
21.0377 	EXP 	window1: mouseVisible = True
21.0544 	EXP 	Created text_3 = TextStim(__class__=<class 'psychopy.visual.text.TextStim'>, alignHoriz=method-wrapper(...), alignText='center', alignVert=method-wrapper(...), anchorHoriz='center', anchorVert='center', antialias=True, autoDraw=False, autoLog=True, bold=False, color=array([1, 1, 1]), colorSpace='rgb', contrast=1.0, depth=0.0, flipHoriz=False, flipVert=False, font='Open Sans', fontFiles=[], height=0.05, italic=False, languageStyle='LTR', name='text_3', opacity=1.0, ori=0.0, pos=array([0. , 0.3]), rgb=UNKNOWN, text='The amount of seconds you have to estimate is ', units='height', win=Window(...), wrapWidth=1)
21.0551 	EXP 	Created text_2 = TextStim(__class__=<class 'psychopy.visual.text.TextStim'>, alignHoriz=method-wrapper(...), alignText='center', alignVert=method-wrapper(...), anchorHoriz='center', anchorVert='center', antialias=True, autoDraw=False, autoLog=True, bold=False, color=array([1, 1, 1]), colorSpace='rgb', contrast=1.0, depth=-1.0, flipHoriz=False, flipVert=False, font='Open Sans', fontFiles=[], height=0.05, italic=False, languageStyle='LTR', name='text_2', opacity=1.0, ori=0.0, pos=array([0., 0.]), rgb=UNKNOWN, text='', units='height', win=Window(...), wrapWidth=1)
21.0666 	EXP 	Created text_4 = TextStim(__class__=<class 'psychopy.visual.text.TextStim'>, alignHoriz=method-wrapper(...), alignText='center', alignVert=method-wrapper(...), anchorHoriz='center', anchorVert='center', antialias=True, autoDraw=False, autoLog=True, bold=False, color=array([1, 1, 1]), colorSpace='rgb', contrast=1.0, depth=-3.0, flipHoriz=False, flipVert=False, font='Open Sans', fontFiles=[], height=0.05, italic=False, languageStyle='LTR', name='text_4', opacity=1.0, ori=0.0, pos=array([ 0. , -0.2]), rgb=UNKNOWN, text=str(...), units='height', win=Window(...), wrapWidth=1)
21.2030 	EXP 	Sound sound_1 set volume 1.000
21.2051 	EXP 	Created text_5 = TextStim(__class__=<class 'psychopy.visual.text.TextStim'>, alignHoriz=method-wrapper(...), alignText='center', alignVert=method-wrapper(...), anchorHoriz='center', anchorVert='center', antialias=True, autoDraw=False, autoLog=True, bold=False, color=array([1, 1, 1]), colorSpace='rgb', contrast=1.0, depth=-2.0, flipHoriz=False, flipVert=False, font='Arial', fontFiles=[], height=0.4, italic=False, languageStyle='LTR', name='text_5', opacity=1.0, ori=0.0, pos=array([0. , 0.5]), rgb=UNKNOWN, text='', units='height', win=Window(...), wrapWidth=1)
21.2580 	WARNING 	t of last frame was 2810.63ms (=1/0)
21.2580 	EXP 	text_instr: autoDraw = True
21.2580 	EXP 	image_next: autoDraw = True
21.2817 	WARNING 	Multiple dropped frames have occurred - I'll stop bothering you about them!
23.5142 	DATA 	Mouse: Left button down, pos=(2151,149)
23.5265 	EXP 	Imported C:/Users/carelab/Desktop/Erik/resources/Lsquare.csv as conditions, 16 conditions, 26 params
23.5272 	EXP 	Created sequence: sequential, trialTypes=16, nReps=1, seed=None
23.5284 	EXP 	New trial (rep=0, index=0): OrderedDict([('Participant1', 30), ('Participant2', 30), ('Participant3', 105), ('Participant4', 105), ('Participant5', 60), ('Participant6', 120), ('Participant7', 120), ('Participant8', 120), ('Participant9', 105), ('Participant10', 60), ('Participant11', 105), ('Participant12', 60), ('Participant13', 30), ('Participant14', 60), ('Participant15', 120), ('Participant16', 30), ('Participant17', 30), ('Participant18', 30), ('Participant19', 105), ('Participant20', 105), ('Participant21', 60), ('Participant22', 120), ('Participant23', 120), ('Participant24', 120), ('Participant25', 105), ('Participant26', 60)])
23.5468 	EXP 	text_instr: autoDraw = False
23.5468 	EXP 	image_next: autoDraw = False
23.5468 	EXP 	text_2: height = 0.05
23.5468 	EXP 	text_2: height = 0.05
23.5468 	EXP 	text_2: height = 0.05
23.5468 	EXP 	text_2: text = 30
23.5468 	EXP 	text_3: autoDraw = True
23.5468 	EXP 	text_2: autoDraw = True
23.5468 	EXP 	text_4: autoDraw = True
23.5820 	DATA 	Mouse:  Left button up, pos=(2151,149)
24.6563 	DATA 	Keypress: space
24.6628 	EXP 	text_3: autoDraw = False
24.6628 	EXP 	text_2: autoDraw = False
24.6628 	EXP 	text_4: autoDraw = False
24.6628 	EXP 	text_5: autoDraw = True
24.6628 	EXP 	text_5: height = 0.4
24.6628 	EXP 	text_5: height = 0.4
24.6628 	EXP 	text_5: height = 0.4
24.6628 	EXP 	text_5: text = 30
24.6796 	EXP 	text_5: height = 0.4
24.6796 	EXP 	text_5: height = 0.4
24.6796 	EXP 	text_5: height = 0.4
24.6796 	EXP 	text_5: text = 30
24.6997 	EXP 	text_5: height = 0.4
24.6997 	EXP 	text_5: height = 0.4
24.6997 	EXP 	text_5: height = 0.4
24.6997 	EXP 	text_5: text = 30
24.7163 	EXP 	text_5: height = 0.4
24.7163 	EXP 	text_5: height = 0.4
24.7163 	EXP 	text_5: height = 0.4
24.7163 	EXP 	text_5: text = 30
24.7318 	EXP 	text_5: height = 0.4
24.7318 	EXP 	text_5: height = 0.4
24.7318 	EXP 	text_5: height = 0.4
24.7318 	EXP 	text_5: text = 30
24.7495 	EXP 	text_5: height = 0.4
24.7495 	EXP 	text_5: height = 0.4
24.7495 	EXP 	text_5: height = 0.4
24.7495 	EXP 	text_5: text = 30
24.7650 	EXP 	text_5: height = 0.4
24.7650 	EXP 	text_5: height = 0.4
24.7650 	EXP 	text_5: height = 0.4
24.7650 	EXP 	text_5: text = 30
24.7821 	EXP 	text_5: height = 0.4
24.7821 	EXP 	text_5: height = 0.4
24.7821 	EXP 	text_5: height = 0.4
24.7821 	EXP 	text_5: text = 30
24.7968 	EXP 	text_5: height = 0.4
24.7968 	EXP 	text_5: height = 0.4
24.7968 	EXP 	text_5: height = 0.4
24.7968 	EXP 	text_5: text = 30
24.8127 	EXP 	text_5: height = 0.4
24.8127 	EXP 	text_5: height = 0.4
24.8127 	EXP 	text_5: height = 0.4
24.8127 	EXP 	text_5: text = 30
24.8315 	EXP 	text_5: height = 0.4
24.8315 	EXP 	text_5: height = 0.4
24.8315 	EXP 	text_5: height = 0.4
24.8315 	EXP 	text_5: text = 30
24.8476 	EXP 	text_5: height = 0.4
24.8476 	EXP 	text_5: height = 0.4
24.8476 	EXP 	text_5: height = 0.4
24.8476 	EXP 	text_5: text = 30
24.8632 	EXP 	text_5: height = 0.4
24.8632 	EXP 	text_5: height = 0.4
24.8632 	EXP 	text_5: height = 0.4
24.8632 	EXP 	text_5: text = 30
24.8793 	EXP 	text_5: height = 0.4
24.8793 	EXP 	text_5: height = 0.4
24.8793 	EXP 	text_5: height = 0.4
24.8793 	EXP 	text_5: text = 30
24.8986 	EXP 	text_5: height = 0.4
24.8986 	EXP 	text_5: height = 0.4
24.8986 	EXP 	text_5: height = 0.4
24.8986 	EXP 	text_5: text = 30
24.9139 	EXP 	text_5: height = 0.4
24.9139 	EXP 	text_5: height = 0.4
24.9139 	EXP 	text_5: height = 0.4
24.9139 	EXP 	text_5: text = 30
24.9289 	EXP 	text_5: height = 0.4
24.9289 	EXP 	text_5: height = 0.4
24.9289 	EXP 	text_5: height = 0.4
24.9289 	EXP 	text_5: text = 30
24.9481 	EXP 	text_5: height = 0.4
24.9481 	EXP 	text_5: height = 0.4
24.9481 	EXP 	text_5: height = 0.4
24.9481 	EXP 	text_5: text = 30
24.9639 	EXP 	text_5: height = 0.4
24.9639 	EXP 	text_5: height = 0.4
24.9639 	EXP 	text_5: height = 0.4
24.9639 	EXP 	text_5: text = 30
24.9818 	EXP 	text_5: height = 0.4
24.9818 	EXP 	text_5: height = 0.4
24.9818 	EXP 	text_5: height = 0.4
24.9818 	EXP 	text_5: text = 30
24.9966 	EXP 	text_5: height = 0.4
24.9966 	EXP 	text_5: height = 0.4
24.9966 	EXP 	text_5: height = 0.4
24.9966 	EXP 	text_5: text = 30
25.0124 	EXP 	text_5: height = 0.4
25.0124 	EXP 	text_5: height = 0.4
25.0124 	EXP 	text_5: height = 0.4
25.0124 	EXP 	text_5: text = 30
25.0311 	EXP 	text_5: height = 0.4
25.0311 	EXP 	text_5: height = 0.4
25.0311 	EXP 	text_5: height = 0.4
25.0311 	EXP 	text_5: text = 30
25.0463 	EXP 	text_5: height = 0.4
25.0463 	EXP 	text_5: height = 0.4
25.0463 	EXP 	text_5: height = 0.4
25.0463 	EXP 	text_5: text = 30
25.0648 	EXP 	text_5: height = 0.4
25.0648 	EXP 	text_5: height = 0.4
25.0648 	EXP 	text_5: height = 0.4
25.0648 	EXP 	text_5: text = 30
25.0797 	EXP 	text_5: height = 0.4
25.0797 	EXP 	text_5: height = 0.4
25.0797 	EXP 	text_5: height = 0.4
25.0797 	EXP 	text_5: text = 30
25.0962 	EXP 	text_5: height = 0.4
25.0962 	EXP 	text_5: height = 0.4
25.0962 	EXP 	text_5: height = 0.4
25.0962 	EXP 	text_5: text = 30
25.1147 	EXP 	text_5: height = 0.4
25.1147 	EXP 	text_5: height = 0.4
25.1147 	EXP 	text_5: height = 0.4
25.1147 	EXP 	text_5: text = 30
25.1298 	EXP 	text_5: height = 0.4
25.1298 	EXP 	text_5: height = 0.4
25.1298 	EXP 	text_5: height = 0.4
25.1298 	EXP 	text_5: text = 30
25.1456 	EXP 	text_5: height = 0.4
25.1456 	EXP 	text_5: height = 0.4
25.1456 	EXP 	text_5: height = 0.4
25.1456 	EXP 	text_5: text = 30
25.1650 	EXP 	text_5: height = 0.4
25.1650 	EXP 	text_5: height = 0.4
25.1650 	EXP 	text_5: height = 0.4
25.1650 	EXP 	text_5: text = 30
25.1794 	EXP 	text_5: height = 0.4
25.1794 	EXP 	text_5: height = 0.4
25.1794 	EXP 	text_5: height = 0.4
25.1794 	EXP 	text_5: text = 30
25.1960 	EXP 	text_5: height = 0.4
25.1960 	EXP 	text_5: height = 0.4
25.1960 	EXP 	text_5: height = 0.4
25.1960 	EXP 	text_5: text = 30
25.2145 	EXP 	text_5: height = 0.4
25.2145 	EXP 	text_5: height = 0.4
25.2145 	EXP 	text_5: height = 0.4
25.2145 	EXP 	text_5: text = 30
25.2290 	EXP 	text_5: height = 0.4
25.2290 	EXP 	text_5: height = 0.4
25.2290 	EXP 	text_5: height = 0.4
25.2290 	EXP 	text_5: text = 30
25.2456 	EXP 	text_5: height = 0.4
25.2456 	EXP 	text_5: height = 0.4
25.2456 	EXP 	text_5: height = 0.4
25.2456 	EXP 	text_5: text = 30
25.2645 	EXP 	text_5: height = 0.4
25.2645 	EXP 	text_5: height = 0.4
25.2645 	EXP 	text_5: height = 0.4
25.2645 	EXP 	text_5: text = 30
25.2792 	EXP 	text_5: height = 0.4
25.2792 	EXP 	text_5: height = 0.4
25.2792 	EXP 	text_5: height = 0.4
25.2792 	EXP 	text_5: text = 30
25.2956 	EXP 	text_5: height = 0.4
25.2956 	EXP 	text_5: height = 0.4
25.2956 	EXP 	text_5: height = 0.4
25.2956 	EXP 	text_5: text = 30
25.3145 	EXP 	text_5: height = 0.4
25.3145 	EXP 	text_5: height = 0.4
25.3145 	EXP 	text_5: height = 0.4
25.3145 	EXP 	text_5: text = 30
25.3297 	EXP 	text_5: height = 0.4
25.3297 	EXP 	text_5: height = 0.4
25.3297 	EXP 	text_5: height = 0.4
25.3297 	EXP 	text_5: text = 30
25.3482 	EXP 	text_5: height = 0.4
25.3482 	EXP 	text_5: height = 0.4
25.3482 	EXP 	text_5: height = 0.4
25.3482 	EXP 	text_5: text = 30
25.3635 	EXP 	text_5: height = 0.4
25.3635 	EXP 	text_5: height = 0.4
25.3635 	EXP 	text_5: height = 0.4
25.3635 	EXP 	text_5: text = 30
25.3789 	EXP 	text_5: height = 0.4
25.3789 	EXP 	text_5: height = 0.4
25.3789 	EXP 	text_5: height = 0.4
25.3789 	EXP 	text_5: text = 30
25.3958 	EXP 	text_5: height = 0.4
25.3958 	EXP 	text_5: height = 0.4
25.3958 	EXP 	text_5: height = 0.4
25.3958 	EXP 	text_5: text = 30
25.4145 	EXP 	text_5: height = 0.4
25.4145 	EXP 	text_5: height = 0.4
25.4145 	EXP 	text_5: height = 0.4
25.4145 	EXP 	text_5: text = 30
25.4293 	EXP 	text_5: height = 0.4
25.4293 	EXP 	text_5: height = 0.4
25.4293 	EXP 	text_5: height = 0.4
25.4293 	EXP 	text_5: text = 30
25.4455 	EXP 	text_5: height = 0.4
25.4455 	EXP 	text_5: height = 0.4
25.4455 	EXP 	text_5: height = 0.4
25.4455 	EXP 	text_5: text = 30
25.4645 	EXP 	text_5: height = 0.4
25.4645 	EXP 	text_5: height = 0.4
25.4645 	EXP 	text_5: height = 0.4
25.4645 	EXP 	text_5: text = 30
25.4793 	EXP 	text_5: height = 0.4
25.4793 	EXP 	text_5: height = 0.4
25.4793 	EXP 	text_5: height = 0.4
25.4793 	EXP 	text_5: text = 30
25.4979 	EXP 	text_5: height = 0.4
25.4979 	EXP 	text_5: height = 0.4
25.4979 	EXP 	text_5: height = 0.4
25.4979 	EXP 	text_5: text = 30
25.5126 	EXP 	text_5: height = 0.4
25.5126 	EXP 	text_5: height = 0.4
25.5126 	EXP 	text_5: height = 0.4
25.5126 	EXP 	text_5: text = 30
25.5310 	EXP 	text_5: height = 0.4
25.5310 	EXP 	text_5: height = 0.4
25.5310 	EXP 	text_5: height = 0.4
25.5310 	EXP 	text_5: text = 30
25.5457 	EXP 	text_5: height = 0.4
25.5457 	EXP 	text_5: height = 0.4
25.5457 	EXP 	text_5: height = 0.4
25.5457 	EXP 	text_5: text = 30
25.5623 	EXP 	text_5: height = 0.4
25.5623 	EXP 	text_5: height = 0.4
25.5623 	EXP 	text_5: height = 0.4
25.5623 	EXP 	text_5: text = 30
25.5814 	EXP 	text_5: height = 0.4
25.5814 	EXP 	text_5: height = 0.4
25.5814 	EXP 	text_5: height = 0.4
25.5814 	EXP 	text_5: text = 30
25.5965 	EXP 	text_5: height = 0.4
25.5965 	EXP 	text_5: height = 0.4
25.5965 	EXP 	text_5: height = 0.4
25.5965 	EXP 	text_5: text = 30
25.6122 	EXP 	text_5: height = 0.4
25.6122 	EXP 	text_5: height = 0.4
25.6122 	EXP 	text_5: height = 0.4
25.6122 	EXP 	text_5: text = 30
25.6313 	EXP 	text_5: height = 0.4
25.6313 	EXP 	text_5: height = 0.4
25.6313 	EXP 	text_5: height = 0.4
25.6313 	EXP 	text_5: text = 30
25.6457 	EXP 	text_5: height = 0.4
25.6457 	EXP 	text_5: height = 0.4
25.6457 	EXP 	text_5: height = 0.4
25.6457 	EXP 	text_5: text = 30
25.6626 	EXP 	text_5: height = 0.4
25.6626 	EXP 	text_5: height = 0.4
25.6626 	EXP 	text_5: height = 0.4
25.6626 	EXP 	text_5: text = 30
25.6810 	EXP 	text_5: height = 0.4
25.6810 	EXP 	text_5: height = 0.4
25.6810 	EXP 	text_5: height = 0.4
25.6810 	EXP 	text_5: text = 30
25.6958 	EXP 	text_5: height = 0.4
25.6958 	EXP 	text_5: height = 0.4
25.6958 	EXP 	text_5: height = 0.4
25.6958 	EXP 	text_5: text = 30
25.7120 	EXP 	text_5: height = 0.4
25.7120 	EXP 	text_5: height = 0.4
25.7120 	EXP 	text_5: height = 0.4
25.7120 	EXP 	text_5: text = 30
25.7310 	EXP 	text_5: height = 0.4
25.7310 	EXP 	text_5: height = 0.4
25.7310 	EXP 	text_5: height = 0.4
25.7310 	EXP 	text_5: text = 30
25.7462 	EXP 	text_5: height = 0.4
25.7462 	EXP 	text_5: height = 0.4
25.7462 	EXP 	text_5: height = 0.4
25.7462 	EXP 	text_5: text = 30
25.7622 	EXP 	text_5: height = 0.4
25.7622 	EXP 	text_5: height = 0.4
25.7622 	EXP 	text_5: height = 0.4
25.7622 	EXP 	text_5: text = 30
25.7811 	EXP 	text_5: height = 0.4
25.7811 	EXP 	text_5: height = 0.4
25.7811 	EXP 	text_5: height = 0.4
25.7811 	EXP 	text_5: text = 30
25.7959 	EXP 	text_5: height = 0.4
25.7959 	EXP 	text_5: height = 0.4
25.7959 	EXP 	text_5: height = 0.4
25.7959 	EXP 	text_5: text = 30
25.8144 	EXP 	text_5: height = 0.4
25.8144 	EXP 	text_5: height = 0.4
25.8144 	EXP 	text_5: height = 0.4
25.8144 	EXP 	text_5: text = 30
25.8290 	EXP 	text_5: height = 0.4
25.8290 	EXP 	text_5: height = 0.4
25.8290 	EXP 	text_5: height = 0.4
25.8290 	EXP 	text_5: text = 30
25.8455 	EXP 	text_5: height = 0.4
25.8455 	EXP 	text_5: height = 0.4
25.8455 	EXP 	text_5: height = 0.4
25.8455 	EXP 	text_5: text = 30
25.8649 	EXP 	text_5: height = 0.4
25.8649 	EXP 	text_5: height = 0.4
25.8649 	EXP 	text_5: height = 0.4
25.8649 	EXP 	text_5: text = 30
25.8800 	EXP 	text_5: height = 0.4
25.8800 	EXP 	text_5: height = 0.4
25.8800 	EXP 	text_5: height = 0.4
25.8800 	EXP 	text_5: text = 30
25.8961 	EXP 	text_5: height = 0.4
25.8961 	EXP 	text_5: height = 0.4
25.8961 	EXP 	text_5: height = 0.4
25.8961 	EXP 	text_5: text = 30
25.9119 	EXP 	text_5: height = 0.4
25.9119 	EXP 	text_5: height = 0.4
25.9119 	EXP 	text_5: height = 0.4
25.9119 	EXP 	text_5: text = 30
25.9318 	EXP 	text_5: height = 0.4
25.9318 	EXP 	text_5: height = 0.4
25.9318 	EXP 	text_5: height = 0.4
25.9318 	EXP 	text_5: text = 30
25.9472 	EXP 	text_5: height = 0.4
25.9472 	EXP 	text_5: height = 0.4
25.9472 	EXP 	text_5: height = 0.4
25.9472 	EXP 	text_5: text = 30
25.9652 	EXP 	text_5: height = 0.4
25.9652 	EXP 	text_5: height = 0.4
25.9652 	EXP 	text_5: height = 0.4
25.9652 	EXP 	text_5: text = 30
25.9803 	EXP 	text_5: height = 0.4
25.9803 	EXP 	text_5: height = 0.4
25.9803 	EXP 	text_5: height = 0.4
25.9803 	EXP 	text_5: text = 30
25.9981 	EXP 	text_5: height = 0.4
25.9981 	EXP 	text_5: height = 0.4
25.9981 	EXP 	text_5: height = 0.4
25.9981 	EXP 	text_5: text = 30
26.0133 	EXP 	text_5: height = 0.4
26.0133 	EXP 	text_5: height = 0.4
26.0133 	EXP 	text_5: height = 0.4
26.0133 	EXP 	text_5: text = 30
26.0288 	EXP 	text_5: height = 0.4
26.0288 	EXP 	text_5: height = 0.4
26.0288 	EXP 	text_5: height = 0.4
26.0288 	EXP 	text_5: text = 30
26.0482 	EXP 	text_5: height = 0.4
26.0482 	EXP 	text_5: height = 0.4
26.0482 	EXP 	text_5: height = 0.4
26.0482 	EXP 	text_5: text = 30
26.0632 	EXP 	text_5: height = 0.4
26.0632 	EXP 	text_5: height = 0.4
26.0632 	EXP 	text_5: height = 0.4
26.0632 	EXP 	text_5: text = 30
26.0787 	EXP 	text_5: height = 0.4
26.0787 	EXP 	text_5: height = 0.4
26.0787 	EXP 	text_5: height = 0.4
26.0787 	EXP 	text_5: text = 30
26.0998 	EXP 	text_5: height = 0.4
26.0998 	EXP 	text_5: height = 0.4
26.0998 	EXP 	text_5: height = 0.4
26.0998 	EXP 	text_5: text = 30
26.1162 	EXP 	text_5: height = 0.4
26.1162 	EXP 	text_5: height = 0.4
26.1162 	EXP 	text_5: height = 0.4
26.1162 	EXP 	text_5: text = 30
26.1321 	EXP 	text_5: height = 0.4
26.1321 	EXP 	text_5: height = 0.4
26.1321 	EXP 	text_5: height = 0.4
26.1321 	EXP 	text_5: text = 30
26.1484 	EXP 	text_5: height = 0.4
26.1484 	EXP 	text_5: height = 0.4
26.1484 	EXP 	text_5: height = 0.4
26.1484 	EXP 	text_5: text = 30
26.1638 	EXP 	text_5: height = 0.4
26.1638 	EXP 	text_5: height = 0.4
26.1638 	EXP 	text_5: height = 0.4
26.1638 	EXP 	text_5: text = 30
26.1788 	EXP 	text_5: height = 0.4
26.1788 	EXP 	text_5: height = 0.4
26.1788 	EXP 	text_5: height = 0.4
26.1788 	EXP 	text_5: text = 30
26.1981 	EXP 	text_5: height = 0.4
26.1981 	EXP 	text_5: height = 0.4
26.1981 	EXP 	text_5: height = 0.4
26.1981 	EXP 	text_5: text = 30
26.2139 	EXP 	text_5: height = 0.4
26.2139 	EXP 	text_5: height = 0.4
26.2139 	EXP 	text_5: height = 0.4
26.2139 	EXP 	text_5: text = 30
26.2291 	EXP 	text_5: height = 0.4
26.2291 	EXP 	text_5: height = 0.4
26.2291 	EXP 	text_5: height = 0.4
26.2291 	EXP 	text_5: text = 30
26.2478 	EXP 	text_5: height = 0.4
26.2478 	EXP 	text_5: height = 0.4
26.2478 	EXP 	text_5: height = 0.4
26.2478 	EXP 	text_5: text = 30
26.2630 	EXP 	text_5: height = 0.4
26.2630 	EXP 	text_5: height = 0.4
26.2630 	EXP 	text_5: height = 0.4
26.2630 	EXP 	text_5: text = 30
26.2809 	EXP 	text_5: height = 0.4
26.2809 	EXP 	text_5: height = 0.4
26.2809 	EXP 	text_5: height = 0.4
26.2809 	EXP 	text_5: text = 30
26.2958 	EXP 	text_5: height = 0.4
26.2958 	EXP 	text_5: height = 0.4
26.2958 	EXP 	text_5: height = 0.4
26.2958 	EXP 	text_5: text = 30
26.3121 	EXP 	text_5: height = 0.4
26.3121 	EXP 	text_5: height = 0.4
26.3121 	EXP 	text_5: height = 0.4
26.3121 	EXP 	text_5: text = 30
26.3309 	EXP 	text_5: height = 0.4
26.3309 	EXP 	text_5: height = 0.4
26.3309 	EXP 	text_5: height = 0.4
26.3309 	EXP 	text_5: text = 30
26.3457 	EXP 	text_5: height = 0.4
26.3457 	EXP 	text_5: height = 0.4
26.3457 	EXP 	text_5: height = 0.4
26.3457 	EXP 	text_5: text = 30
26.3623 	EXP 	text_5: height = 0.4
26.3623 	EXP 	text_5: height = 0.4
26.3623 	EXP 	text_5: height = 0.4
26.3623 	EXP 	text_5: text = 30
26.3810 	EXP 	text_5: height = 0.4
26.3810 	EXP 	text_5: height = 0.4
26.3810 	EXP 	text_5: height = 0.4
26.3810 	EXP 	text_5: text = 30
26.3970 	EXP 	text_5: height = 0.4
26.3970 	EXP 	text_5: height = 0.4
26.3970 	EXP 	text_5: height = 0.4
26.3970 	EXP 	text_5: text = 30
26.4130 	EXP 	text_5: height = 0.4
26.4130 	EXP 	text_5: height = 0.4
26.4130 	EXP 	text_5: height = 0.4
26.4130 	EXP 	text_5: text = 30
26.4294 	EXP 	text_5: height = 0.4
26.4294 	EXP 	text_5: height = 0.4
26.4294 	EXP 	text_5: height = 0.4
26.4294 	EXP 	text_5: text = 30
26.4483 	EXP 	text_5: height = 0.4
26.4483 	EXP 	text_5: height = 0.4
26.4483 	EXP 	text_5: height = 0.4
26.4483 	EXP 	text_5: text = 30
26.4645 	EXP 	text_5: height = 0.4
26.4645 	EXP 	text_5: height = 0.4
26.4645 	EXP 	text_5: height = 0.4
26.4645 	EXP 	text_5: text = 30
26.4814 	EXP 	text_5: height = 0.4
26.4814 	EXP 	text_5: height = 0.4
26.4814 	EXP 	text_5: height = 0.4
26.4814 	EXP 	text_5: text = 30
26.4963 	EXP 	text_5: height = 0.4
26.4963 	EXP 	text_5: height = 0.4
26.4963 	EXP 	text_5: height = 0.4
26.4963 	EXP 	text_5: text = 30
26.5126 	EXP 	text_5: height = 0.4
26.5126 	EXP 	text_5: height = 0.4
26.5126 	EXP 	text_5: height = 0.4
26.5126 	EXP 	text_5: text = 30
26.5322 	EXP 	text_5: height = 0.4
26.5322 	EXP 	text_5: height = 0.4
26.5322 	EXP 	text_5: height = 0.4
26.5322 	EXP 	text_5: text = 30
26.5601 	EXP 	text_5: height = 0.4
26.5601 	EXP 	text_5: height = 0.4
26.5601 	EXP 	text_5: height = 0.4
26.5601 	EXP 	text_5: text = 30
26.5807 	EXP 	text_5: height = 0.4
26.5807 	EXP 	text_5: height = 0.4
26.5807 	EXP 	text_5: height = 0.4
26.5807 	EXP 	text_5: text = 30
26.5966 	EXP 	text_5: height = 0.4
26.5966 	EXP 	text_5: height = 0.4
26.5966 	EXP 	text_5: height = 0.4
26.5966 	EXP 	text_5: text = 30
26.6146 	EXP 	text_5: height = 0.4
26.6146 	EXP 	text_5: height = 0.4
26.6146 	EXP 	text_5: height = 0.4
26.6146 	EXP 	text_5: text = 30
26.6298 	EXP 	text_5: height = 0.4
26.6298 	EXP 	text_5: height = 0.4
26.6298 	EXP 	text_5: height = 0.4
26.6298 	EXP 	text_5: text = 30
26.6453 	EXP 	text_5: height = 0.4
26.6453 	EXP 	text_5: height = 0.4
26.6453 	EXP 	text_5: height = 0.4
26.6453 	EXP 	text_5: text = 30
26.6647 	EXP 	text_5: height = 0.4
26.6647 	EXP 	text_5: height = 0.4
26.6647 	EXP 	text_5: height = 0.4
26.6647 	EXP 	text_5: text = 30
26.6797 	EXP 	text_5: height = 0.4
26.6797 	EXP 	text_5: height = 0.4
26.6797 	EXP 	text_5: height = 0.4
26.6797 	EXP 	text_5: text = 30
26.6979 	EXP 	text_5: height = 0.4
26.6979 	EXP 	text_5: height = 0.4
26.6979 	EXP 	text_5: height = 0.4
26.6979 	EXP 	text_5: text = 30
26.7147 	EXP 	text_5: height = 0.4
26.7147 	EXP 	text_5: height = 0.4
26.7147 	EXP 	text_5: height = 0.4
26.7147 	EXP 	text_5: text = 30
26.7295 	EXP 	text_5: height = 0.4
26.7295 	EXP 	text_5: height = 0.4
26.7295 	EXP 	text_5: height = 0.4
26.7295 	EXP 	text_5: text = 30
26.7451 	EXP 	text_5: height = 0.4
26.7451 	EXP 	text_5: height = 0.4
26.7451 	EXP 	text_5: height = 0.4
26.7451 	EXP 	text_5: text = 30
26.7642 	EXP 	text_5: height = 0.4
26.7642 	EXP 	text_5: height = 0.4
26.7642 	EXP 	text_5: height = 0.4
26.7642 	EXP 	text_5: text = 30
26.7786 	EXP 	text_5: height = 0.4
26.7786 	EXP 	text_5: height = 0.4
26.7786 	EXP 	text_5: height = 0.4
26.7786 	EXP 	text_5: text = 30
26.7953 	EXP 	text_5: height = 0.4
26.7953 	EXP 	text_5: height = 0.4
26.7953 	EXP 	text_5: height = 0.4
26.7953 	EXP 	text_5: text = 30
26.8144 	EXP 	text_5: height = 0.4
26.8144 	EXP 	text_5: height = 0.4
26.8144 	EXP 	text_5: height = 0.4
26.8144 	EXP 	text_5: text = 30
26.8297 	EXP 	text_5: height = 0.4
26.8297 	EXP 	text_5: height = 0.4
26.8297 	EXP 	text_5: height = 0.4
26.8297 	EXP 	text_5: text = 30
26.8487 	EXP 	text_5: height = 0.4
26.8487 	EXP 	text_5: height = 0.4
26.8487 	EXP 	text_5: height = 0.4
26.8487 	EXP 	text_5: text = 30
26.8650 	EXP 	text_5: height = 0.4
26.8650 	EXP 	text_5: height = 0.4
26.8650 	EXP 	text_5: height = 0.4
26.8650 	EXP 	text_5: text = 30
26.8799 	EXP 	text_5: height = 0.4
26.8799 	EXP 	text_5: height = 0.4
26.8799 	EXP 	text_5: height = 0.4
26.8799 	EXP 	text_5: text = 30
26.8956 	EXP 	text_5: height = 0.4
26.8956 	EXP 	text_5: height = 0.4
26.8956 	EXP 	text_5: height = 0.4
26.8956 	EXP 	text_5: text = 30
26.9142 	EXP 	text_5: height = 0.4
26.9142 	EXP 	text_5: height = 0.4
26.9142 	EXP 	text_5: height = 0.4
26.9142 	EXP 	text_5: text = 30
26.9289 	EXP 	text_5: height = 0.4
26.9289 	EXP 	text_5: height = 0.4
26.9289 	EXP 	text_5: height = 0.4
26.9289 	EXP 	text_5: text = 30
26.9450 	EXP 	text_5: height = 0.4
26.9450 	EXP 	text_5: height = 0.4
26.9450 	EXP 	text_5: height = 0.4
26.9450 	EXP 	text_5: text = 30
26.9640 	EXP 	text_5: height = 0.4
26.9640 	EXP 	text_5: height = 0.4
26.9640 	EXP 	text_5: height = 0.4
26.9640 	EXP 	text_5: text = 30
26.9790 	EXP 	text_5: height = 0.4
26.9790 	EXP 	text_5: height = 0.4
26.9790 	EXP 	text_5: height = 0.4
26.9790 	EXP 	text_5: text = 30
26.9971 	EXP 	text_5: height = 0.4
26.9971 	EXP 	text_5: height = 0.4
26.9971 	EXP 	text_5: height = 0.4
26.9971 	EXP 	text_5: text = 30
27.0121 	EXP 	text_5: height = 0.4
27.0121 	EXP 	text_5: height = 0.4
27.0121 	EXP 	text_5: height = 0.4
27.0121 	EXP 	text_5: text = 30
27.0286 	EXP 	text_5: height = 0.4
27.0286 	EXP 	text_5: height = 0.4
27.0286 	EXP 	text_5: height = 0.4
27.0286 	EXP 	text_5: text = 30
27.0473 	EXP 	text_5: height = 0.4
27.0473 	EXP 	text_5: height = 0.4
27.0473 	EXP 	text_5: height = 0.4
27.0473 	EXP 	text_5: text = 30
27.0622 	EXP 	text_5: height = 0.4
27.0622 	EXP 	text_5: height = 0.4
27.0622 	EXP 	text_5: height = 0.4
27.0622 	EXP 	text_5: text = 30
27.0803 	EXP 	text_5: height = 0.4
27.0803 	EXP 	text_5: height = 0.4
27.0803 	EXP 	text_5: height = 0.4
27.0803 	EXP 	text_5: text = 30
27.0954 	EXP 	text_5: height = 0.4
27.0954 	EXP 	text_5: height = 0.4
27.0954 	EXP 	text_5: height = 0.4
27.0954 	EXP 	text_5: text = 30
27.1121 	EXP 	text_5: height = 0.4
27.1121 	EXP 	text_5: height = 0.4
27.1121 	EXP 	text_5: height = 0.4
27.1121 	EXP 	text_5: text = 30
27.1306 	EXP 	text_5: height = 0.4
27.1306 	EXP 	text_5: height = 0.4
27.1306 	EXP 	text_5: height = 0.4
27.1306 	EXP 	text_5: text = 30
27.1457 	EXP 	text_5: height = 0.4
27.1457 	EXP 	text_5: height = 0.4
27.1457 	EXP 	text_5: height = 0.4
27.1457 	EXP 	text_5: text = 30
27.1615 	EXP 	text_5: height = 0.4
27.1615 	EXP 	text_5: height = 0.4
27.1615 	EXP 	text_5: height = 0.4
27.1615 	EXP 	text_5: text = 30
27.1806 	EXP 	text_5: height = 0.4
27.1806 	EXP 	text_5: height = 0.4
27.1806 	EXP 	text_5: height = 0.4
27.1806 	EXP 	text_5: text = 30
27.1952 	EXP 	text_5: height = 0.4
27.1952 	EXP 	text_5: height = 0.4
27.1952 	EXP 	text_5: height = 0.4
27.1952 	EXP 	text_5: text = 30
27.2121 	EXP 	text_5: height = 0.4
27.2121 	EXP 	text_5: height = 0.4
27.2121 	EXP 	text_5: height = 0.4
27.2121 	EXP 	text_5: text = 30
27.2308 	EXP 	text_5: height = 0.4
27.2308 	EXP 	text_5: height = 0.4
27.2308 	EXP 	text_5: height = 0.4
27.2308 	EXP 	text_5: text = 30
27.2455 	EXP 	text_5: height = 0.4
27.2455 	EXP 	text_5: height = 0.4
27.2455 	EXP 	text_5: height = 0.4
27.2455 	EXP 	text_5: text = 30
27.2622 	EXP 	text_5: height = 0.4
27.2622 	EXP 	text_5: height = 0.4
27.2622 	EXP 	text_5: height = 0.4
27.2622 	EXP 	text_5: text = 30
27.2804 	EXP 	text_5: height = 0.4
27.2804 	EXP 	text_5: height = 0.4
27.2804 	EXP 	text_5: height = 0.4
27.2804 	EXP 	text_5: text = 30
27.2953 	EXP 	text_5: height = 0.4
27.2953 	EXP 	text_5: height = 0.4
27.2953 	EXP 	text_5: height = 0.4
27.2953 	EXP 	text_5: text = 30
27.3137 	EXP 	text_5: height = 0.4
27.3137 	EXP 	text_5: height = 0.4
27.3137 	EXP 	text_5: height = 0.4
27.3137 	EXP 	text_5: text = 30
27.3284 	EXP 	text_5: height = 0.4
27.3284 	EXP 	text_5: height = 0.4
27.3284 	EXP 	text_5: height = 0.4
27.3284 	EXP 	text_5: text = 30
27.3447 	EXP 	text_5: height = 0.4
27.3447 	EXP 	text_5: height = 0.4
27.3447 	EXP 	text_5: height = 0.4
27.3447 	EXP 	text_5: text = 30
27.3639 	EXP 	text_5: height = 0.4
27.3639 	EXP 	text_5: height = 0.4
27.3639 	EXP 	text_5: height = 0.4
27.3639 	EXP 	text_5: text = 30
27.3785 	EXP 	text_5: height = 0.4
27.3785 	EXP 	text_5: height = 0.4
27.3785 	EXP 	text_5: height = 0.4
27.3785 	EXP 	text_5: text = 30
27.3950 	EXP 	text_5: height = 0.4
27.3950 	EXP 	text_5: height = 0.4
27.3950 	EXP 	text_5: height = 0.4
27.3950 	EXP 	text_5: text = 30
27.4115 	EXP 	text_5: height = 0.4
27.4115 	EXP 	text_5: height = 0.4
27.4115 	EXP 	text_5: height = 0.4
27.4115 	EXP 	text_5: text = 30
27.4308 	EXP 	text_5: height = 0.4
27.4308 	EXP 	text_5: height = 0.4
27.4308 	EXP 	text_5: height = 0.4
27.4308 	EXP 	text_5: text = 30
27.4456 	EXP 	text_5: height = 0.4
27.4456 	EXP 	text_5: height = 0.4
27.4456 	EXP 	text_5: height = 0.4
27.4456 	EXP 	text_5: text = 30
27.4621 	EXP 	text_5: height = 0.4
27.4621 	EXP 	text_5: height = 0.4
27.4621 	EXP 	text_5: height = 0.4
27.4621 	EXP 	text_5: text = 30
27.4804 	EXP 	text_5: height = 0.4
27.4804 	EXP 	text_5: height = 0.4
27.4804 	EXP 	text_5: height = 0.4
27.4804 	EXP 	text_5: text = 30
27.4953 	EXP 	text_5: height = 0.4
27.4953 	EXP 	text_5: height = 0.4
27.4953 	EXP 	text_5: height = 0.4
27.4953 	EXP 	text_5: text = 30
27.5136 	EXP 	text_5: height = 0.4
27.5136 	EXP 	text_5: height = 0.4
27.5136 	EXP 	text_5: height = 0.4
27.5136 	EXP 	text_5: text = 30
27.5281 	EXP 	text_5: height = 0.4
27.5281 	EXP 	text_5: height = 0.4
27.5281 	EXP 	text_5: height = 0.4
27.5281 	EXP 	text_5: text = 30
27.5446 	EXP 	text_5: height = 0.4
27.5446 	EXP 	text_5: height = 0.4
27.5446 	EXP 	text_5: height = 0.4
27.5446 	EXP 	text_5: text = 30
27.5640 	EXP 	text_5: height = 0.4
27.5640 	EXP 	text_5: height = 0.4
27.5640 	EXP 	text_5: height = 0.4
27.5640 	EXP 	text_5: text = 30
27.5787 	EXP 	text_5: height = 0.4
27.5787 	EXP 	text_5: height = 0.4
27.5787 	EXP 	text_5: height = 0.4
27.5787 	EXP 	text_5: text = 30
27.5975 	EXP 	text_5: height = 0.4
27.5975 	EXP 	text_5: height = 0.4
27.5975 	EXP 	text_5: height = 0.4
27.5975 	EXP 	text_5: text = 30
27.6132 	EXP 	text_5: height = 0.4
27.6132 	EXP 	text_5: height = 0.4
27.6132 	EXP 	text_5: height = 0.4
27.6132 	EXP 	text_5: text = 30
27.6284 	EXP 	text_5: height = 0.4
27.6284 	EXP 	text_5: height = 0.4
27.6284 	EXP 	text_5: height = 0.4
27.6284 	EXP 	text_5: text = 30
27.6476 	EXP 	text_5: height = 0.4
27.6476 	EXP 	text_5: height = 0.4
27.6476 	EXP 	text_5: height = 0.4
27.6476 	EXP 	text_5: text = 30
27.6630 	EXP 	text_5: height = 0.4
27.6630 	EXP 	text_5: height = 0.4
27.6630 	EXP 	text_5: height = 0.4
27.6630 	EXP 	text_5: text = 30
27.6783 	EXP 	text_5: height = 0.4
27.6783 	EXP 	text_5: height = 0.4
27.6783 	EXP 	text_5: height = 0.4
27.6783 	EXP 	text_5: text = 30
27.6976 	EXP 	text_5: height = 0.4
27.6976 	EXP 	text_5: height = 0.4
27.6976 	EXP 	text_5: height = 0.4
27.6976 	EXP 	text_5: text = 30
27.7135 	EXP 	text_5: height = 0.4
27.7135 	EXP 	text_5: height = 0.4
27.7135 	EXP 	text_5: height = 0.4
27.7135 	EXP 	text_5: text = 30
27.7288 	EXP 	text_5: height = 0.4
27.7288 	EXP 	text_5: height = 0.4
27.7288 	EXP 	text_5: height = 0.4
27.7288 	EXP 	text_5: text = 30
27.7487 	EXP 	text_5: height = 0.4
27.7487 	EXP 	text_5: height = 0.4
27.7487 	EXP 	text_5: height = 0.4
27.7487 	EXP 	text_5: text = 30
27.7786 	EXP 	text_5: height = 0.4
27.7786 	EXP 	text_5: height = 0.4
27.7786 	EXP 	text_5: height = 0.4
27.7786 	EXP 	text_5: text = 30
27.7949 	EXP 	text_5: height = 0.4
27.7949 	EXP 	text_5: height = 0.4
27.7949 	EXP 	text_5: height = 0.4
27.7949 	EXP 	text_5: text = 30
27.8125 	EXP 	text_5: height = 0.4
27.8125 	EXP 	text_5: height = 0.4
27.8125 	EXP 	text_5: height = 0.4
27.8125 	EXP 	text_5: text = 30
27.8332 	EXP 	text_5: height = 0.4
27.8332 	EXP 	text_5: height = 0.4
27.8332 	EXP 	text_5: height = 0.4
27.8332 	EXP 	text_5: text = 30
27.8492 	EXP 	text_5: height = 0.4
27.8492 	EXP 	text_5: height = 0.4
27.8492 	EXP 	text_5: height = 0.4
27.8492 	EXP 	text_5: text = 30
27.8662 	EXP 	text_5: height = 0.4
27.8662 	EXP 	text_5: height = 0.4
27.8662 	EXP 	text_5: height = 0.4
27.8662 	EXP 	text_5: text = 30
27.8838 	EXP 	text_5: height = 0.4
27.8838 	EXP 	text_5: height = 0.4
27.8838 	EXP 	text_5: height = 0.4
27.8838 	EXP 	text_5: text = 30
27.9095 	EXP 	text_5: height = 0.4
27.9095 	EXP 	text_5: height = 0.4
27.9095 	EXP 	text_5: height = 0.4
27.9095 	EXP 	text_5: text = 30
27.9284 	EXP 	text_5: height = 0.4
27.9284 	EXP 	text_5: height = 0.4
27.9284 	EXP 	text_5: height = 0.4
27.9284 	EXP 	text_5: text = 30
27.9475 	EXP 	text_5: height = 0.4
27.9475 	EXP 	text_5: height = 0.4
27.9475 	EXP 	text_5: height = 0.4
27.9475 	EXP 	text_5: text = 30
27.9629 	EXP 	text_5: height = 0.4
27.9629 	EXP 	text_5: height = 0.4
27.9629 	EXP 	text_5: height = 0.4
27.9629 	EXP 	text_5: text = 30
27.9804 	EXP 	text_5: height = 0.4
27.9804 	EXP 	text_5: height = 0.4
27.9804 	EXP 	text_5: height = 0.4
27.9804 	EXP 	text_5: text = 30
27.9955 	EXP 	text_5: height = 0.4
27.9955 	EXP 	text_5: height = 0.4
27.9955 	EXP 	text_5: height = 0.4
27.9955 	EXP 	text_5: text = 30
28.0120 	EXP 	text_5: height = 0.4
28.0120 	EXP 	text_5: height = 0.4
28.0120 	EXP 	text_5: height = 0.4
28.0120 	EXP 	text_5: text = 30
28.0303 	EXP 	text_5: height = 0.4
28.0303 	EXP 	text_5: height = 0.4
28.0303 	EXP 	text_5: height = 0.4
28.0303 	EXP 	text_5: text = 30
28.0453 	EXP 	text_5: height = 0.4
28.0453 	EXP 	text_5: height = 0.4
28.0453 	EXP 	text_5: height = 0.4
28.0453 	EXP 	text_5: text = 30
28.0641 	EXP 	text_5: height = 0.4
28.0641 	EXP 	text_5: height = 0.4
28.0641 	EXP 	text_5: height = 0.4
28.0641 	EXP 	text_5: text = 30
28.0785 	EXP 	text_5: height = 0.4
28.0785 	EXP 	text_5: height = 0.4
28.0785 	EXP 	text_5: height = 0.4
28.0785 	EXP 	text_5: text = 30
28.0947 	EXP 	text_5: height = 0.4
28.0947 	EXP 	text_5: height = 0.4
28.0947 	EXP 	text_5: height = 0.4
28.0947 	EXP 	text_5: text = 30
28.1136 	EXP 	text_5: height = 0.4
28.1136 	EXP 	text_5: height = 0.4
28.1136 	EXP 	text_5: height = 0.4
28.1136 	EXP 	text_5: text = 30
28.1286 	EXP 	text_5: height = 0.4
28.1286 	EXP 	text_5: height = 0.4
28.1286 	EXP 	text_5: height = 0.4
28.1286 	EXP 	text_5: text = 30
28.1449 	EXP 	text_5: height = 0.4
28.1449 	EXP 	text_5: height = 0.4
28.1449 	EXP 	text_5: height = 0.4
28.1449 	EXP 	text_5: text = 30
28.1639 	EXP 	text_5: height = 0.4
28.1639 	EXP 	text_5: height = 0.4
28.1639 	EXP 	text_5: height = 0.4
28.1639 	EXP 	text_5: text = 30
28.1784 	EXP 	text_5: height = 0.4
28.1784 	EXP 	text_5: height = 0.4
28.1784 	EXP 	text_5: height = 0.4
28.1784 	EXP 	text_5: text = 30
28.1949 	EXP 	text_5: height = 0.4
28.1949 	EXP 	text_5: height = 0.4
28.1949 	EXP 	text_5: height = 0.4
28.1949 	EXP 	text_5: text = 30
28.2143 	EXP 	text_5: height = 0.4
28.2143 	EXP 	text_5: height = 0.4
28.2143 	EXP 	text_5: height = 0.4
28.2143 	EXP 	text_5: text = 30
28.2298 	EXP 	text_5: height = 0.4
28.2298 	EXP 	text_5: height = 0.4
28.2298 	EXP 	text_5: height = 0.4
28.2298 	EXP 	text_5: text = 30
28.2454 	EXP 	text_5: height = 0.4
28.2454 	EXP 	text_5: height = 0.4
28.2454 	EXP 	text_5: height = 0.4
28.2454 	EXP 	text_5: text = 30
28.2641 	EXP 	text_5: height = 0.4
28.2641 	EXP 	text_5: height = 0.4
28.2641 	EXP 	text_5: height = 0.4
28.2641 	EXP 	text_5: text = 30
28.2788 	EXP 	text_5: height = 0.4
28.2788 	EXP 	text_5: height = 0.4
28.2788 	EXP 	text_5: height = 0.4
28.2788 	EXP 	text_5: text = 30
28.2979 	EXP 	text_5: height = 0.4
28.2979 	EXP 	text_5: height = 0.4
28.2979 	EXP 	text_5: height = 0.4
28.2979 	EXP 	text_5: text = 30
28.3132 	EXP 	text_5: height = 0.4
28.3132 	EXP 	text_5: height = 0.4
28.3132 	EXP 	text_5: height = 0.4
28.3132 	EXP 	text_5: text = 30
28.3284 	EXP 	text_5: height = 0.4
28.3284 	EXP 	text_5: height = 0.4
28.3284 	EXP 	text_5: height = 0.4
28.3284 	EXP 	text_5: text = 30
28.3470 	EXP 	text_5: height = 0.4
28.3470 	EXP 	text_5: height = 0.4
28.3470 	EXP 	text_5: height = 0.4
28.3470 	EXP 	text_5: text = 30
28.3619 	EXP 	text_5: height = 0.4
28.3619 	EXP 	text_5: height = 0.4
28.3619 	EXP 	text_5: height = 0.4
28.3619 	EXP 	text_5: text = 30
28.3780 	EXP 	text_5: height = 0.4
28.3780 	EXP 	text_5: height = 0.4
28.3780 	EXP 	text_5: height = 0.4
28.3780 	EXP 	text_5: text = 30
28.3949 	EXP 	text_5: height = 0.4
28.3949 	EXP 	text_5: height = 0.4
28.3949 	EXP 	text_5: height = 0.4
28.3949 	EXP 	text_5: text = 30
28.4136 	EXP 	text_5: height = 0.4
28.4136 	EXP 	text_5: height = 0.4
28.4136 	EXP 	text_5: height = 0.4
28.4136 	EXP 	text_5: text = 30
28.4281 	EXP 	text_5: height = 0.4
28.4281 	EXP 	text_5: height = 0.4
28.4281 	EXP 	text_5: height = 0.4
28.4281 	EXP 	text_5: text = 30
28.4452 	EXP 	text_5: height = 0.4
28.4452 	EXP 	text_5: height = 0.4
28.4452 	EXP 	text_5: height = 0.4
28.4452 	EXP 	text_5: text = 30
28.4636 	EXP 	text_5: height = 0.4
28.4636 	EXP 	text_5: height = 0.4
28.4636 	EXP 	text_5: height = 0.4
28.4636 	EXP 	text_5: text = 30
28.4787 	EXP 	text_5: height = 0.4
28.4787 	EXP 	text_5: height = 0.4
28.4787 	EXP 	text_5: height = 0.4
28.4787 	EXP 	text_5: text = 30
28.4975 	EXP 	text_5: height = 0.4
28.4975 	EXP 	text_5: height = 0.4
28.4975 	EXP 	text_5: height = 0.4
28.4975 	EXP 	text_5: text = 30
28.5122 	EXP 	text_5: height = 0.4
28.5122 	EXP 	text_5: height = 0.4
28.5122 	EXP 	text_5: height = 0.4
28.5122 	EXP 	text_5: text = 30
28.5281 	EXP 	text_5: height = 0.4
28.5281 	EXP 	text_5: height = 0.4
28.5281 	EXP 	text_5: height = 0.4
28.5281 	EXP 	text_5: text = 30
28.5473 	EXP 	text_5: height = 0.4
28.5473 	EXP 	text_5: height = 0.4
28.5473 	EXP 	text_5: height = 0.4
28.5473 	EXP 	text_5: text = 30
28.5624 	EXP 	text_5: height = 0.4
28.5624 	EXP 	text_5: height = 0.4
28.5624 	EXP 	text_5: height = 0.4
28.5624 	EXP 	text_5: text = 30
28.5807 	EXP 	text_5: height = 0.4
28.5807 	EXP 	text_5: height = 0.4
28.5807 	EXP 	text_5: height = 0.4
28.5807 	EXP 	text_5: text = 30
28.5968 	EXP 	text_5: height = 0.4
28.5968 	EXP 	text_5: height = 0.4
28.5968 	EXP 	text_5: height = 0.4
28.5968 	EXP 	text_5: text = 30
28.6122 	EXP 	text_5: height = 0.4
28.6122 	EXP 	text_5: height = 0.4
28.6122 	EXP 	text_5: height = 0.4
28.6122 	EXP 	text_5: text = 30
28.6308 	EXP 	text_5: height = 0.4
28.6308 	EXP 	text_5: height = 0.4
28.6308 	EXP 	text_5: height = 0.4
28.6308 	EXP 	text_5: text = 30
28.6457 	EXP 	text_5: height = 0.4
28.6457 	EXP 	text_5: height = 0.4
28.6457 	EXP 	text_5: height = 0.4
28.6457 	EXP 	text_5: text = 30
28.6624 	EXP 	text_5: height = 0.4
28.6624 	EXP 	text_5: height = 0.4
28.6624 	EXP 	text_5: height = 0.4
28.6624 	EXP 	text_5: text = 30
28.6804 	EXP 	text_5: height = 0.4
28.6804 	EXP 	text_5: height = 0.4
28.6804 	EXP 	text_5: height = 0.4
28.6804 	EXP 	text_5: text = 30
28.6977 	EXP 	text_5: height = 0.4
28.6977 	EXP 	text_5: height = 0.4
28.6977 	EXP 	text_5: height = 0.4
28.6977 	EXP 	text_5: text = 30
28.7124 	EXP 	text_5: height = 0.4
28.7124 	EXP 	text_5: height = 0.4
28.7124 	EXP 	text_5: height = 0.4
28.7124 	EXP 	text_5: text = 30
28.7303 	EXP 	text_5: height = 0.4
28.7303 	EXP 	text_5: height = 0.4
28.7303 	EXP 	text_5: height = 0.4
28.7303 	EXP 	text_5: text = 30
28.7454 	EXP 	text_5: height = 0.4
28.7454 	EXP 	text_5: height = 0.4
28.7454 	EXP 	text_5: height = 0.4
28.7454 	EXP 	text_5: text = 30
28.7613 	EXP 	text_5: height = 0.4
28.7613 	EXP 	text_5: height = 0.4
28.7613 	EXP 	text_5: height = 0.4
28.7613 	EXP 	text_5: text = 30
28.7803 	EXP 	text_5: height = 0.4
28.7803 	EXP 	text_5: height = 0.4
28.7803 	EXP 	text_5: height = 0.4
28.7803 	EXP 	text_5: text = 30
28.7950 	EXP 	text_5: height = 0.4
28.7950 	EXP 	text_5: height = 0.4
28.7950 	EXP 	text_5: height = 0.4
28.7950 	EXP 	text_5: text = 30
28.8135 	EXP 	text_5: height = 0.4
28.8135 	EXP 	text_5: height = 0.4
28.8135 	EXP 	text_5: height = 0.4
28.8135 	EXP 	text_5: text = 30
28.8283 	EXP 	text_5: height = 0.4
28.8283 	EXP 	text_5: height = 0.4
28.8283 	EXP 	text_5: height = 0.4
28.8283 	EXP 	text_5: text = 30
28.8453 	EXP 	text_5: height = 0.4
28.8453 	EXP 	text_5: height = 0.4
28.8453 	EXP 	text_5: height = 0.4
28.8453 	EXP 	text_5: text = 30
28.8640 	EXP 	text_5: height = 0.4
28.8640 	EXP 	text_5: height = 0.4
28.8640 	EXP 	text_5: height = 0.4
28.8640 	EXP 	text_5: text = 30
28.8787 	EXP 	text_5: height = 0.4
28.8787 	EXP 	text_5: height = 0.4
28.8787 	EXP 	text_5: height = 0.4
28.8787 	EXP 	text_5: text = 30
28.8948 	EXP 	text_5: height = 0.4
28.8948 	EXP 	text_5: height = 0.4
28.8948 	EXP 	text_5: height = 0.4
28.8948 	EXP 	text_5: text = 30
28.9118 	EXP 	text_5: height = 0.4
28.9118 	EXP 	text_5: height = 0.4
28.9118 	EXP 	text_5: height = 0.4
28.9118 	EXP 	text_5: text = 30
28.9323 	EXP 	text_5: height = 0.4
28.9323 	EXP 	text_5: height = 0.4
28.9323 	EXP 	text_5: height = 0.4
28.9323 	EXP 	text_5: text = 30
28.9468 	EXP 	text_5: height = 0.4
28.9468 	EXP 	text_5: height = 0.4
28.9468 	EXP 	text_5: height = 0.4
28.9468 	EXP 	text_5: text = 30
28.9621 	EXP 	text_5: height = 0.4
28.9621 	EXP 	text_5: height = 0.4
28.9621 	EXP 	text_5: height = 0.4
28.9621 	EXP 	text_5: text = 30
28.9815 	EXP 	text_5: height = 0.4
28.9815 	EXP 	text_5: height = 0.4
28.9815 	EXP 	text_5: height = 0.4
28.9815 	EXP 	text_5: text = 30
28.9960 	EXP 	text_5: height = 0.4
28.9960 	EXP 	text_5: height = 0.4
28.9960 	EXP 	text_5: height = 0.4
28.9960 	EXP 	text_5: text = 30
29.0139 	EXP 	text_5: height = 0.4
29.0139 	EXP 	text_5: height = 0.4
29.0139 	EXP 	text_5: height = 0.4
29.0139 	EXP 	text_5: text = 30
29.0288 	EXP 	text_5: height = 0.4
29.0288 	EXP 	text_5: height = 0.4
29.0288 	EXP 	text_5: height = 0.4
29.0288 	EXP 	text_5: text = 30
29.0454 	EXP 	text_5: height = 0.4
29.0454 	EXP 	text_5: height = 0.4
29.0454 	EXP 	text_5: height = 0.4
29.0454 	EXP 	text_5: text = 30
29.0640 	EXP 	text_5: height = 0.4
29.0640 	EXP 	text_5: height = 0.4
29.0640 	EXP 	text_5: height = 0.4
29.0640 	EXP 	text_5: text = 30
29.0787 	EXP 	text_5: height = 0.4
29.0787 	EXP 	text_5: height = 0.4
29.0787 	EXP 	text_5: height = 0.4
29.0787 	EXP 	text_5: text = 30
29.0981 	EXP 	text_5: height = 0.4
29.0981 	EXP 	text_5: height = 0.4
29.0981 	EXP 	text_5: height = 0.4
29.0981 	EXP 	text_5: text = 30
29.1128 	EXP 	text_5: height = 0.4
29.1128 	EXP 	text_5: height = 0.4
29.1128 	EXP 	text_5: height = 0.4
29.1128 	EXP 	text_5: text = 30
29.1277 	EXP 	text_5: height = 0.4
29.1277 	EXP 	text_5: height = 0.4
29.1277 	EXP 	text_5: height = 0.4
29.1277 	EXP 	text_5: text = 30
29.1471 	EXP 	text_5: height = 0.4
29.1471 	EXP 	text_5: height = 0.4
29.1471 	EXP 	text_5: height = 0.4
29.1471 	EXP 	text_5: text = 30
29.1620 	EXP 	text_5: height = 0.4
29.1620 	EXP 	text_5: height = 0.4
29.1620 	EXP 	text_5: height = 0.4
29.1620 	EXP 	text_5: text = 30
29.1783 	EXP 	text_5: height = 0.4
29.1783 	EXP 	text_5: height = 0.4
29.1783 	EXP 	text_5: height = 0.4
29.1783 	EXP 	text_5: text = 30
29.1970 	EXP 	text_5: height = 0.4
29.1970 	EXP 	text_5: height = 0.4
29.1970 	EXP 	text_5: height = 0.4
29.1970 	EXP 	text_5: text = 30
29.2117 	EXP 	text_5: height = 0.4
29.2117 	EXP 	text_5: height = 0.4
29.2117 	EXP 	text_5: height = 0.4
29.2117 	EXP 	text_5: text = 30
29.2281 	EXP 	text_5: height = 0.4
29.2281 	EXP 	text_5: height = 0.4
29.2281 	EXP 	text_5: height = 0.4
29.2281 	EXP 	text_5: text = 30
29.2470 	EXP 	text_5: height = 0.4
29.2470 	EXP 	text_5: height = 0.4
29.2470 	EXP 	text_5: height = 0.4
29.2470 	EXP 	text_5: text = 30
29.2618 	EXP 	text_5: height = 0.4
29.2618 	EXP 	text_5: height = 0.4
29.2618 	EXP 	text_5: height = 0.4
29.2618 	EXP 	text_5: text = 30
29.2776 	EXP 	text_5: height = 0.4
29.2776 	EXP 	text_5: height = 0.4
29.2776 	EXP 	text_5: height = 0.4
29.2776 	EXP 	text_5: text = 30
29.2967 	EXP 	text_5: height = 0.4
29.2967 	EXP 	text_5: height = 0.4
29.2967 	EXP 	text_5: height = 0.4
29.2967 	EXP 	text_5: text = 30
29.3116 	EXP 	text_5: height = 0.4
29.3116 	EXP 	text_5: height = 0.4
29.3116 	EXP 	text_5: height = 0.4
29.3116 	EXP 	text_5: text = 30
29.3302 	EXP 	text_5: height = 0.4
29.3302 	EXP 	text_5: height = 0.4
29.3302 	EXP 	text_5: height = 0.4
29.3302 	EXP 	text_5: text = 30
29.3447 	EXP 	text_5: height = 0.4
29.3447 	EXP 	text_5: height = 0.4
29.3447 	EXP 	text_5: height = 0.4
29.3447 	EXP 	text_5: text = 30
29.3609 	EXP 	text_5: height = 0.4
29.3609 	EXP 	text_5: height = 0.4
29.3609 	EXP 	text_5: height = 0.4
29.3609 	EXP 	text_5: text = 30
29.3798 	EXP 	text_5: height = 0.4
29.3798 	EXP 	text_5: height = 0.4
29.3798 	EXP 	text_5: height = 0.4
29.3798 	EXP 	text_5: text = 30
29.3948 	EXP 	text_5: height = 0.4
29.3948 	EXP 	text_5: height = 0.4
29.3948 	EXP 	text_5: height = 0.4
29.3948 	EXP 	text_5: text = 30
29.4112 	EXP 	text_5: height = 0.4
29.4112 	EXP 	text_5: height = 0.4
29.4112 	EXP 	text_5: height = 0.4
29.4112 	EXP 	text_5: text = 30
29.4285 	EXP 	text_5: height = 0.4
29.4285 	EXP 	text_5: height = 0.4
29.4285 	EXP 	text_5: height = 0.4
29.4285 	EXP 	text_5: text = 30
29.4470 	EXP 	text_5: height = 0.4
29.4470 	EXP 	text_5: height = 0.4
29.4470 	EXP 	text_5: height = 0.4
29.4470 	EXP 	text_5: text = 30
29.4621 	EXP 	text_5: height = 0.4
29.4621 	EXP 	text_5: height = 0.4
29.4621 	EXP 	text_5: height = 0.4
29.4621 	EXP 	text_5: text = 30
29.4818 	EXP 	text_5: height = 0.4
29.4818 	EXP 	text_5: height = 0.4
29.4818 	EXP 	text_5: height = 0.4
29.4818 	EXP 	text_5: text = 30
29.4971 	EXP 	text_5: height = 0.4
29.4971 	EXP 	text_5: height = 0.4
29.4971 	EXP 	text_5: height = 0.4
29.4971 	EXP 	text_5: text = 30
29.5119 	EXP 	text_5: height = 0.4
29.5119 	EXP 	text_5: height = 0.4
29.5119 	EXP 	text_5: height = 0.4
29.5119 	EXP 	text_5: text = 30
29.5297 	EXP 	text_5: height = 0.4
29.5297 	EXP 	text_5: height = 0.4
29.5297 	EXP 	text_5: height = 0.4
29.5297 	EXP 	text_5: text = 30
29.5445 	EXP 	text_5: height = 0.4
29.5445 	EXP 	text_5: height = 0.4
29.5445 	EXP 	text_5: height = 0.4
29.5445 	EXP 	text_5: text = 30
29.5635 	EXP 	text_5: height = 0.4
29.5635 	EXP 	text_5: height = 0.4
29.5635 	EXP 	text_5: height = 0.4
29.5635 	EXP 	text_5: text = 30
29.5780 	EXP 	text_5: height = 0.4
29.5780 	EXP 	text_5: height = 0.4
29.5780 	EXP 	text_5: height = 0.4
29.5780 	EXP 	text_5: text = 30
29.5942 	EXP 	text_5: height = 0.4
29.5942 	EXP 	text_5: height = 0.4
29.5942 	EXP 	text_5: height = 0.4
29.5942 	EXP 	text_5: text = 30
29.6135 	EXP 	text_5: height = 0.4
29.6135 	EXP 	text_5: height = 0.4
29.6135 	EXP 	text_5: height = 0.4
29.6135 	EXP 	text_5: text = 30
29.6280 	EXP 	text_5: height = 0.4
29.6280 	EXP 	text_5: height = 0.4
29.6280 	EXP 	text_5: height = 0.4
29.6280 	EXP 	text_5: text = 30
29.6447 	EXP 	text_5: height = 0.4
29.6447 	EXP 	text_5: height = 0.4
29.6447 	EXP 	text_5: height = 0.4
29.6447 	EXP 	text_5: text = 30
29.6631 	EXP 	text_5: height = 0.4
29.6631 	EXP 	text_5: height = 0.4
29.6631 	EXP 	text_5: height = 0.4
29.6631 	EXP 	text_5: text = 30
29.6782 	EXP 	text_5: height = 0.4
29.6782 	EXP 	text_5: height = 0.4
29.6782 	EXP 	text_5: height = 0.4
29.6782 	EXP 	text_5: text = 30
29.6943 	EXP 	text_5: height = 0.4
29.6943 	EXP 	text_5: height = 0.4
29.6943 	EXP 	text_5: height = 0.4
29.6943 	EXP 	text_5: text = 30
29.7136 	EXP 	text_5: height = 0.4
29.7136 	EXP 	text_5: height = 0.4
29.7136 	EXP 	text_5: height = 0.4
29.7136 	EXP 	text_5: text = 30
29.7279 	EXP 	text_5: height = 0.4
29.7279 	EXP 	text_5: height = 0.4
29.7279 	EXP 	text_5: height = 0.4
29.7279 	EXP 	text_5: text = 30
29.7447 	EXP 	text_5: height = 0.4
29.7447 	EXP 	text_5: height = 0.4
29.7447 	EXP 	text_5: height = 0.4
29.7447 	EXP 	text_5: text = 30
29.7634 	EXP 	text_5: height = 0.4
29.7634 	EXP 	text_5: height = 0.4
29.7634 	EXP 	text_5: height = 0.4
29.7634 	EXP 	text_5: text = 30
29.7782 	EXP 	text_5: height = 0.4
29.7782 	EXP 	text_5: height = 0.4
29.7782 	EXP 	text_5: height = 0.4
29.7782 	EXP 	text_5: text = 30
29.7965 	EXP 	text_5: height = 0.4
29.7965 	EXP 	text_5: height = 0.4
29.7965 	EXP 	text_5: height = 0.4
29.7965 	EXP 	text_5: text = 30
29.8112 	EXP 	text_5: height = 0.4
29.8112 	EXP 	text_5: height = 0.4
29.8112 	EXP 	text_5: height = 0.4
29.8112 	EXP 	text_5: text = 30
29.8281 	EXP 	text_5: height = 0.4
29.8281 	EXP 	text_5: height = 0.4
29.8281 	EXP 	text_5: height = 0.4
29.8281 	EXP 	text_5: text = 30
29.8473 	EXP 	text_5: height = 0.4
29.8473 	EXP 	text_5: height = 0.4
29.8473 	EXP 	text_5: height = 0.4
29.8473 	EXP 	text_5: text = 30
29.8621 	EXP 	text_5: height = 0.4
29.8621 	EXP 	text_5: height = 0.4
29.8621 	EXP 	text_5: height = 0.4
29.8621 	EXP 	text_5: text = 30
29.8780 	EXP 	text_5: height = 0.4
29.8780 	EXP 	text_5: height = 0.4
29.8780 	EXP 	text_5: height = 0.4
29.8780 	EXP 	text_5: text = 30
29.8946 	EXP 	text_5: height = 0.4
29.8946 	EXP 	text_5: height = 0.4
29.8946 	EXP 	text_5: height = 0.4
29.8946 	EXP 	text_5: text = 30
29.9132 	EXP 	text_5: height = 0.4
29.9132 	EXP 	text_5: height = 0.4
29.9132 	EXP 	text_5: height = 0.4
29.9132 	EXP 	text_5: text = 30
29.9283 	EXP 	text_5: height = 0.4
29.9283 	EXP 	text_5: height = 0.4
29.9283 	EXP 	text_5: height = 0.4
29.9283 	EXP 	text_5: text = 30
29.9448 	EXP 	text_5: height = 0.4
29.9448 	EXP 	text_5: height = 0.4
29.9448 	EXP 	text_5: height = 0.4
29.9448 	EXP 	text_5: text = 30
29.9632 	EXP 	text_5: height = 0.4
29.9632 	EXP 	text_5: height = 0.4
29.9632 	EXP 	text_5: height = 0.4
29.9632 	EXP 	text_5: text = 30
29.9783 	EXP 	text_5: height = 0.4
29.9783 	EXP 	text_5: height = 0.4
29.9783 	EXP 	text_5: height = 0.4
29.9783 	EXP 	text_5: text = 30
29.9968 	EXP 	text_5: height = 0.4
29.9968 	EXP 	text_5: height = 0.4
29.9968 	EXP 	text_5: height = 0.4
29.9968 	EXP 	text_5: text = 30
30.0133 	EXP 	text_5: height = 0.4
30.0133 	EXP 	text_5: height = 0.4
30.0133 	EXP 	text_5: height = 0.4
30.0133 	EXP 	text_5: text = 30
30.0299 	EXP 	text_5: height = 0.4
30.0299 	EXP 	text_5: height = 0.4
30.0299 	EXP 	text_5: height = 0.4
30.0299 	EXP 	text_5: text = 30
30.0448 	EXP 	text_5: height = 0.4
30.0448 	EXP 	text_5: height = 0.4
30.0448 	EXP 	text_5: height = 0.4
30.0448 	EXP 	text_5: text = 30
30.0605 	EXP 	text_5: height = 0.4
30.0605 	EXP 	text_5: height = 0.4
30.0605 	EXP 	text_5: height = 0.4
30.0605 	EXP 	text_5: text = 30
30.0796 	EXP 	text_5: height = 0.4
30.0796 	EXP 	text_5: height = 0.4
30.0796 	EXP 	text_5: height = 0.4
30.0796 	EXP 	text_5: text = 30
30.0943 	EXP 	text_5: height = 0.4
30.0943 	EXP 	text_5: height = 0.4
30.0943 	EXP 	text_5: height = 0.4
30.0943 	EXP 	text_5: text = 30
30.1106 	EXP 	text_5: height = 0.4
30.1106 	EXP 	text_5: height = 0.4
30.1106 	EXP 	text_5: height = 0.4
30.1106 	EXP 	text_5: text = 30
30.1188 	DATA 	Keypress: escape
30.1315 	EXP 	text_5: height = 0.4
30.1315 	EXP 	text_5: height = 0.4
30.1315 	EXP 	text_5: height = 0.4
30.1315 	EXP 	text_5: text = 30
30.1458 	EXP 	text_5: height = 0.4
30.1458 	EXP 	text_5: height = 0.4
30.1458 	EXP 	text_5: height = 0.4
30.1458 	EXP 	text_5: text = 30
30.1616 	EXP 	text_5: height = 0.4
30.1616 	EXP 	text_5: height = 0.4
30.1616 	EXP 	text_5: height = 0.4
30.1616 	EXP 	text_5: text = 30
30.1798 	EXP 	text_5: height = 0.4
30.1798 	EXP 	text_5: height = 0.4
30.1798 	EXP 	text_5: height = 0.4
30.1798 	EXP 	text_5: text = 30
30.1944 	EXP 	text_5: height = 0.4
30.1944 	EXP 	text_5: height = 0.4
30.1944 	EXP 	text_5: height = 0.4
30.1944 	EXP 	text_5: text = 30
30.2112 	EXP 	text_5: height = 0.4
30.2112 	EXP 	text_5: height = 0.4
30.2112 	EXP 	text_5: height = 0.4
30.2112 	EXP 	text_5: text = 30
30.2297 	EXP 	text_5: height = 0.4
30.2297 	EXP 	text_5: height = 0.4
30.2297 	EXP 	text_5: height = 0.4
30.2297 	EXP 	text_5: text = 30
30.2448 	EXP 	text_5: height = 0.4
30.2448 	EXP 	text_5: height = 0.4
30.2448 	EXP 	text_5: height = 0.4
30.2448 	EXP 	text_5: text = 30
30.2631 	EXP 	text_5: height = 0.4
30.2631 	EXP 	text_5: height = 0.4
30.2631 	EXP 	text_5: height = 0.4
30.2631 	EXP 	text_5: text = 30
30.9475 	EXP 	window1: mouseVisible = True
