2.2487 	WARNING 	We strongly recommend you activate the PTB sound engine in PsychoPy prefs as the preferred audio engine. Its timing is vastly superior. Your prefs are currently set to use ['sounddevice', 'PTB', 'pyo', 'pygame'] (in that order).
9.8929 	WARNING 	User requested fullscreen with size [1024  768], but screen is actually [2560, 1440]. Using actual size
13.5842 	EXP 	Created window1 = Window(allowGUI=True, allowStencil=False, autoLog=True, backendConf=UNKNOWN, bitsMode=UNKNOWN, blendMode='avg', bpc=(8, 8, 8), color=array([0, 0, 0]), colorSpace='rgb', depthBits=8, fullscr=<method-wrapper '__getattribute__' of attributeSetter object at 0x00000179AEA13370>, gamma=None, gammaErrorPolicy='raise', lms=UNKNOWN, monitor=<psychopy.monitors.calibTools.Monitor object at 0x00000179B08E8670>, multiSample=False, name='window1', numSamples=2, pos=(0, 0), screen=0, size=array([2560, 1440]), stencilBits=0, stereo=False, units='height', useFBO=True, useRetina=False, viewOri=0.0, viewPos=None, viewScale=None, waitBlanking=True, winType='pyglet')
13.5844 	EXP 	window1: mouseVisible = True
13.5847 	EXP 	window1: mouseVisible = False
13.5847 	EXP 	window1: Attempting to measure frame rate of screen (0) ...
13.5848 	EXP 	window1: recordFrameIntervals = False
13.7492 	EXP 	window1: recordFrameIntervals = True
13.9323 	EXP 	Screen (0) actual frame rate measured at 60.05Hz
13.9324 	EXP 	window1: recordFrameIntervals = False
15.6551 	EXP 	Created text_instr = TextStim(__class__=<class 'psychopy.visual.text.TextStim'>, alignHoriz=method-wrapper(...), alignText='center', alignVert=method-wrapper(...), anchorHoriz='center', anchorVert='center', antialias=True, autoDraw=False, autoLog=True, bold=False, color=array([1, 1, 1]), colorSpace='rgb', contrast=1.0, depth=0.0, flipHoriz=False, flipVert=False, font='Arial', fontFiles=[], height=0.04, italic=False, languageStyle='LTR', name='text_instr', opacity=1.0, ori=0.0, pos=array([-0.3 ,  0.25]), rgb=UNKNOWN, text=str(...), units='height', win=Window(...), wrapWidth=1)
15.6709 	EXP 	Created image_instr1 = ImageStim(__class__=<class 'psychopy.visual.image.ImageStim'>, anchor=('center', 'center'), autoLog=True, color=array([1, 1, 1]), colorSpace='rgb', contrast=1.0, depth=-1.0, flipHoriz=False, flipVert=False, image='instruct1.png', interpolate=True, mask=None, maskParams=None, name='image_instr1', opacity=1.0, ori=0.0, pos=array([-0.5,  0. ]), size=array([0.37777778, 0.14027778]), texRes=128.0, units='height', win=Window(...))
15.6781 	EXP 	Created image_instr2 = ImageStim(__class__=<class 'psychopy.visual.image.ImageStim'>, anchor=('center', 'center'), autoLog=True, color=array([1, 1, 1]), colorSpace='rgb', contrast=1.0, depth=-2.0, flipHoriz=False, flipVert=False, image='instruct2.png', interpolate=True, mask=None, maskParams=None, name='image_instr2', opacity=1.0, ori=0.0, pos=array([0.3, 0.3]), size=array([0.28958333, 0.06736111]), texRes=128.0, units='height', win=Window(...))
15.6858 	EXP 	Created image_illus = ImageStim(__class__=<class 'psychopy.visual.image.ImageStim'>, anchor=('center', 'center'), autoLog=True, color=array([1, 1, 1]), colorSpace='rgb', contrast=1.0, depth=-3.0, flipHoriz=False, flipVert=False, image='click.png', interpolate=True, mask=None, maskParams=None, name='image_illus', opacity=1.0, ori=0.0, pos=array([0.3, 0. ]), size=array([0.23402778, 0.14444444]), texRes=128.0, units='height', win=Window(...))
15.6915 	EXP 	Created image_next = ImageStim(__class__=<class 'psychopy.visual.image.ImageStim'>, anchor=('center', 'center'), autoLog=True, color=array([1, 1, 1]), colorSpace='rgb', contrast=1.0, depth=-4.0, flipHoriz=False, flipVert=False, image='next.png', interpolate=True, mask=None, maskParams=None, name='image_next', opacity=1.0, ori=0.0, pos=array([ 0.6, -0.4]), size=array([0.11319444, 0.06736111]), texRes=128.0, units='height', win=Window(...))
15.6920 	EXP 	window1: mouseVisible = True
15.7066 	EXP 	Created text_3 = TextStim(__class__=<class 'psychopy.visual.text.TextStim'>, alignHoriz=method-wrapper(...), alignText='center', alignVert=method-wrapper(...), anchorHoriz='center', anchorVert='center', antialias=True, autoDraw=False, autoLog=True, bold=False, color=array([1, 1, 1]), colorSpace='rgb', contrast=1.0, depth=0.0, flipHoriz=False, flipVert=False, font='Open Sans', fontFiles=[], height=0.05, italic=False, languageStyle='LTR', name='text_3', opacity=1.0, ori=0.0, pos=array([0. , 0.3]), rgb=UNKNOWN, text='The amount of seconds you have to estimate is ', units='height', win=Window(...), wrapWidth=1)
15.7072 	EXP 	Created text_2 = TextStim(__class__=<class 'psychopy.visual.text.TextStim'>, alignHoriz=method-wrapper(...), alignText='center', alignVert=method-wrapper(...), anchorHoriz='center', anchorVert='center', antialias=True, autoDraw=False, autoLog=True, bold=False, color=array([1, 1, 1]), colorSpace='rgb', contrast=1.0, depth=-1.0, flipHoriz=False, flipVert=False, font='Open Sans', fontFiles=[], height=0.05, italic=False, languageStyle='LTR', name='text_2', opacity=1.0, ori=0.0, pos=array([0., 0.]), rgb=UNKNOWN, text='', units='height', win=Window(...), wrapWidth=1)
15.7142 	EXP 	Created text_4 = TextStim(__class__=<class 'psychopy.visual.text.TextStim'>, alignHoriz=method-wrapper(...), alignText='center', alignVert=method-wrapper(...), anchorHoriz='center', anchorVert='center', antialias=True, autoDraw=False, autoLog=True, bold=False, color=array([1, 1, 1]), colorSpace='rgb', contrast=1.0, depth=-3.0, flipHoriz=False, flipVert=False, font='Open Sans', fontFiles=[], height=0.05, italic=False, languageStyle='LTR', name='text_4', opacity=1.0, ori=0.0, pos=array([ 0. , -0.2]), rgb=UNKNOWN, text=str(...), units='height', win=Window(...), wrapWidth=1)
15.7242 	EXP 	Created text_5 = TextStim(__class__=<class 'psychopy.visual.text.TextStim'>, alignHoriz=method-wrapper(...), alignText='center', alignVert=method-wrapper(...), anchorHoriz='center', anchorVert='center', antialias=True, autoDraw=False, autoLog=True, bold=False, color=array([1, 1, 1]), colorSpace='rgb', contrast=1.0, depth=-1.0, flipHoriz=False, flipVert=False, font='Open Sans', fontFiles=[], height=0.029999999999999995, italic=False, languageStyle='LTR', name='text_5', opacity=1.0, ori=0.0, pos=array([0. , 0.3]), rgb=UNKNOWN, text='Time running', units='height', win=Window(...), wrapWidth=1)
15.7299 	EXP 	Created text_6 = TextStim(__class__=<class 'psychopy.visual.text.TextStim'>, alignHoriz=method-wrapper(...), alignText='center', alignVert=method-wrapper(...), anchorHoriz='center', anchorVert='center', antialias=True, autoDraw=False, autoLog=True, bold=False, color=array([1, 1, 1]), colorSpace='rgb', contrast=1.0, depth=-2.0, flipHoriz=False, flipVert=False, font='Open Sans', fontFiles=[], height=0.04, italic=False, languageStyle='LTR', name='text_6', opacity=1.0, ori=0.0, pos=array([0. , 0.3]), rgb=UNKNOWN, text='Time running', units='height', win=Window(...), wrapWidth=1)
15.7391 	EXP 	Created text_7 = TextStim(__class__=<class 'psychopy.visual.text.TextStim'>, alignHoriz=method-wrapper(...), alignText='center', alignVert=method-wrapper(...), anchorHoriz='center', anchorVert='center', antialias=True, autoDraw=False, autoLog=True, bold=False, color=array([1, 1, 1]), colorSpace='rgb', contrast=1.0, depth=-3.0, flipHoriz=False, flipVert=False, font='Open Sans', fontFiles=[], height=0.02, italic=False, languageStyle='LTR', name='text_7', opacity=1.0, ori=0.0, pos=array([0. , 0.3]), rgb=UNKNOWN, text='Time running', units='height', win=Window(...), wrapWidth=1)
15.8436 	EXP 	Sound sound_1 set volume 1.000
15.8503 	EXP 	Created text_12 = TextStim(__class__=<class 'psychopy.visual.text.TextStim'>, alignHoriz=method-wrapper(...), alignText='center', alignVert=method-wrapper(...), anchorHoriz='center', anchorVert='center', antialias=True, autoDraw=False, autoLog=True, bold=False, color=array([1, 1, 1]), colorSpace='rgb', contrast=1.0, depth=-5.0, flipHoriz=False, flipVert=False, font='Open Sans', fontFiles=[], height=0.05, italic=False, languageStyle='LTR', name='text_12', opacity=1.0, ori=0.0, pos=array([0.2, 0. ]), rgb=UNKNOWN, text='seconds', units='height', win=Window(...), wrapWidth=1)
15.8525 	EXP 	Created text_13 = TextStim(__class__=<class 'psychopy.visual.text.TextStim'>, alignHoriz=method-wrapper(...), alignText='center', alignVert=method-wrapper(...), anchorHoriz='center', anchorVert='center', antialias=True, autoDraw=False, autoLog=True, bold=False, color=array([1, 1, 1]), colorSpace='rgb', contrast=1.0, depth=-6.0, flipHoriz=False, flipVert=False, font='Open Sans', fontFiles=[], height=0.05, italic=False, languageStyle='LTR', name='text_13', opacity=1.0, ori=0.0, pos=array([-0.2, -0.3]), rgb=UNKNOWN, text='seconds', units='height', win=Window(...), wrapWidth=1)
15.8530 	EXP 	Created text_8 = TextStim(__class__=<class 'psychopy.visual.text.TextStim'>, alignHoriz=method-wrapper(...), alignText='center', alignVert=method-wrapper(...), anchorHoriz='center', anchorVert='center', antialias=True, autoDraw=False, autoLog=True, bold=False, color=array([1, 1, 1]), colorSpace='rgb', contrast=1.0, depth=-7.0, flipHoriz=False, flipVert=False, font='Open Sans', fontFiles=[], height=0.05, italic=False, languageStyle='LTR', name='text_8', opacity=1.0, ori=0.0, pos=array([0. , 0.3]), rgb=UNKNOWN, text='', units='height', win=Window(...), wrapWidth=1)
15.8549 	EXP 	Created text_9 = TextStim(__class__=<class 'psychopy.visual.text.TextStim'>, alignHoriz=method-wrapper(...), alignText='center', alignVert=method-wrapper(...), anchorHoriz='center', anchorVert='center', antialias=True, autoDraw=False, autoLog=True, bold=False, color=array([1, 1, 1]), colorSpace='rgb', contrast=1.0, depth=-8.0, flipHoriz=False, flipVert=False, font='Open Sans', fontFiles=[], height=0.05, italic=False, languageStyle='LTR', name='text_9', opacity=1.0, ori=0.0, pos=array([0.2, 0.3]), rgb=UNKNOWN, text='seconds', units='height', win=Window(...), wrapWidth=1)
15.8554 	EXP 	Created text_10 = TextStim(__class__=<class 'psychopy.visual.text.TextStim'>, alignHoriz=method-wrapper(...), alignText='center', alignVert=method-wrapper(...), anchorHoriz='center', anchorVert='center', antialias=True, autoDraw=False, autoLog=True, bold=False, color=array([1, 1, 1]), colorSpace='rgb', contrast=1.0, depth=-9.0, flipHoriz=False, flipVert=False, font='Open Sans', fontFiles=[], height=0.05, italic=False, languageStyle='LTR', name='text_10', opacity=1.0, ori=0.0, pos=array([0., 0.]), rgb=UNKNOWN, text='', units='height', win=Window(...), wrapWidth=1)
15.8575 	EXP 	Created text_11 = TextStim(__class__=<class 'psychopy.visual.text.TextStim'>, alignHoriz=method-wrapper(...), alignText='center', alignVert=method-wrapper(...), anchorHoriz='center', anchorVert='center', antialias=True, autoDraw=False, autoLog=True, bold=False, color=array([1, 1, 1]), colorSpace='rgb', contrast=1.0, depth=-10.0, flipHoriz=False, flipVert=False, font='Open Sans', fontFiles=[], height=0.05, italic=False, languageStyle='LTR', name='text_11', opacity=1.0, ori=0.0, pos=array([0.2, 0. ]), rgb=UNKNOWN, text='seconds', units='height', win=Window(...), wrapWidth=1)
15.8989 	EXP 	text_instr: autoDraw = True
15.8989 	EXP 	image_instr1: autoDraw = True
15.8989 	EXP 	image_instr2: autoDraw = True
15.8989 	EXP 	image_illus: autoDraw = True
15.8989 	EXP 	image_next: autoDraw = True
17.0807 	DATA 	Mouse: Left button down, pos=(2101,159)
17.0889 	EXP 	Imported C:/Users/carelab/Desktop/Erik/resources/Lsquare.csv as conditions, 16 conditions, 26 params
17.0893 	EXP 	Created sequence: sequential, trialTypes=16, nReps=1, seed=None
17.0899 	EXP 	New trial (rep=0, index=0): OrderedDict([('Participant1', 30), ('Participant2', 30), ('Participant3', 105), ('Participant4', 105), ('Participant5', 60), ('Participant6', 120), ('Participant7', 120), ('Participant8', 120), ('Participant9', 105), ('Participant10', 60), ('Participant11', 105), ('Participant12', 60), ('Participant13', 30), ('Participant14', 60), ('Participant15', 120), ('Participant16', 30), ('Participant17', 30), ('Participant18', 30), ('Participant19', 105), ('Participant20', 105), ('Participant21', 60), ('Participant22', 120), ('Participant23', 120), ('Participant24', 120), ('Participant25', 105), ('Participant26', 60)])
17.1046 	EXP 	text_instr: autoDraw = False
17.1046 	EXP 	image_instr1: autoDraw = False
17.1046 	EXP 	image_instr2: autoDraw = False
17.1046 	EXP 	image_illus: autoDraw = False
17.1046 	EXP 	image_next: autoDraw = False
17.1046 	EXP 	text_2: height = 0.05
17.1046 	EXP 	text_2: height = 0.05
17.1046 	EXP 	text_2: height = 0.05
17.1046 	EXP 	text_2: text = 30
17.1046 	EXP 	text_3: autoDraw = True
17.1046 	EXP 	text_2: autoDraw = True
17.1046 	EXP 	text_4: autoDraw = True
17.1666 	DATA 	Mouse:  Left button up, pos=(2101,159)
28.7375 	DATA 	Keypress: space
28.7438 	EXP 	text_3: autoDraw = False
28.7438 	EXP 	text_2: autoDraw = False
28.7438 	EXP 	text_4: autoDraw = False
28.7438 	EXP 	text_8: height = 0.05
28.7438 	EXP 	text_8: height = 0.05
28.7438 	EXP 	text_8: height = 0.05
28.7438 	EXP 	text_8: text = 30
28.7438 	EXP 	text_10: height = 0.05
28.7438 	EXP 	text_10: height = 0.05
28.7438 	EXP 	text_10: height = 0.05
28.7438 	EXP 	text_10: text = 30
28.7438 	EXP 	text_5: autoDraw = True
28.7438 	EXP 	text_12: autoDraw = True
28.7438 	EXP 	text_13: autoDraw = True
28.7438 	EXP 	text_8: autoDraw = True
28.7438 	EXP 	text_9: autoDraw = True
29.7591 	EXP 	text_5: autoDraw = False
32.7580 	EXP 	text_12: autoDraw = False
32.7580 	EXP 	text_13: autoDraw = False
32.7580 	EXP 	text_8: autoDraw = False
32.7580 	EXP 	text_9: autoDraw = False
33.5248 	EXP 	text_6: autoDraw = True
34.5244 	EXP 	text_6: autoDraw = False
38.9917 	EXP 	New trial (rep=0, index=1): OrderedDict([('Participant1', 30), ('Participant2', 105), ('Participant3', 105), ('Participant4', 60), ('Participant5', 120), ('Participant6', 120), ('Participant7', 120), ('Participant8', 105), ('Participant9', 60), ('Participant10', 105), ('Participant11', 60), ('Participant12', 30), ('Participant13', 60), ('Participant14', 120), ('Participant15', 30), ('Participant16', 30), ('Participant17', 30), ('Participant18', 105), ('Participant19', 105), ('Participant20', 60), ('Participant21', 120), ('Participant22', 120), ('Participant23', 120), ('Participant24', 105), ('Participant25', 60), ('Participant26', 105)])
38.9964 	DATA 	Keypress: space
39.0063 	EXP 	text_5: autoDraw = False
39.0063 	EXP 	text_6: autoDraw = False
39.0063 	EXP 	text_7: autoDraw = False
39.0063 	EXP 	text_12: autoDraw = False
39.0063 	EXP 	text_13: autoDraw = False
39.0063 	EXP 	text_8: autoDraw = False
39.0063 	EXP 	text_9: autoDraw = False
39.0063 	EXP 	text_10: autoDraw = False
39.0063 	EXP 	text_11: autoDraw = False
39.0063 	EXP 	text_2: height = 0.05
39.0063 	EXP 	text_2: height = 0.05
39.0063 	EXP 	text_2: height = 0.05
39.0063 	EXP 	text_2: text = 30
39.0063 	EXP 	text_3: autoDraw = True
39.0063 	EXP 	text_2: autoDraw = True
39.0063 	EXP 	text_4: autoDraw = True
40.1673 	DATA 	Keypress: space
40.1741 	EXP 	text_3: autoDraw = False
40.1741 	EXP 	text_2: autoDraw = False
40.1741 	EXP 	text_4: autoDraw = False
40.1741 	EXP 	text_8: height = 0.05
40.1741 	EXP 	text_8: height = 0.05
40.1741 	EXP 	text_8: height = 0.05
40.1741 	EXP 	text_8: text = 30
40.1741 	EXP 	text_10: height = 0.05
40.1741 	EXP 	text_10: height = 0.05
40.1741 	EXP 	text_10: height = 0.05
40.1741 	EXP 	text_10: text = 30
40.1741 	EXP 	text_5: autoDraw = True
40.1741 	EXP 	text_12: autoDraw = True
40.1741 	EXP 	text_13: autoDraw = True
40.1741 	EXP 	text_8: autoDraw = True
40.1741 	EXP 	text_9: autoDraw = True
41.1890 	EXP 	text_5: autoDraw = False
44.1879 	EXP 	text_12: autoDraw = False
44.1879 	EXP 	text_13: autoDraw = False
44.1879 	EXP 	text_8: autoDraw = False
44.1879 	EXP 	text_9: autoDraw = False
44.9545 	EXP 	text_6: autoDraw = True
45.9542 	EXP 	text_6: autoDraw = False
47.8379 	DATA 	Mouse: Left button down, pos=(1541,639)
47.9381 	DATA 	Mouse:  Left button up, pos=(1541,639)
48.2554 	DATA 	Keypress: escape
48.6419 	EXP 	window1: mouseVisible = True
