2.2089 	WARNING 	We strongly recommend you activate the PTB sound engine in PsychoPy prefs as the preferred audio engine. Its timing is vastly superior. Your prefs are currently set to use ['sounddevice', 'PTB', 'pyo', 'pygame'] (in that order).
8.7889 	WARNING 	User requested fullscreen with size [1024  768], but screen is actually [2560, 1440]. Using actual size
11.2777 	EXP 	Created window1 = Window(allowGUI=True, allowStencil=False, autoLog=True, backendConf=UNKNOWN, bitsMode=UNKNOWN, blendMode='avg', bpc=(8, 8, 8), color=array([0, 0, 0]), colorSpace='rgb', depthBits=8, fullscr=<method-wrapper '__getattribute__' of attributeSetter object at 0x0000022860704460>, gamma=None, gammaErrorPolicy='raise', lms=UNKNOWN, monitor=<psychopy.monitors.calibTools.Monitor object at 0x00000228625DA6D0>, multiSample=False, name='window1', numSamples=2, pos=(0, 0), screen=0, size=array([2560, 1440]), stencilBits=0, stereo=False, units='height', useFBO=True, useRetina=False, viewOri=0.0, viewPos=None, viewScale=None, waitBlanking=True, winType='pyglet')
11.2780 	EXP 	window1: mouseVisible = True
11.2784 	EXP 	window1: mouseVisible = False
11.2784 	EXP 	window1: Attempting to measure frame rate of screen (0) ...
11.2785 	EXP 	window1: recordFrameIntervals = False
11.4430 	EXP 	window1: recordFrameIntervals = True
11.6271 	EXP 	Screen (0) actual frame rate measured at 59.99Hz
11.6273 	EXP 	window1: recordFrameIntervals = False
13.2745 	EXP 	Created text_instr = TextStim(__class__=<class 'psychopy.visual.text.TextStim'>, alignHoriz=method-wrapper(...), alignText='center', alignVert=method-wrapper(...), anchorHoriz='center', anchorVert='center', antialias=True, autoDraw=False, autoLog=True, bold=False, color=array([1, 1, 1]), colorSpace='rgb', contrast=1.0, depth=0.0, flipHoriz=False, flipVert=False, font='Comic Sans', fontFiles=[], height=0.04, italic=False, languageStyle='LTR', name='text_instr', opacity=1.0, ori=0.0, pos=array([0., 0.]), rgb=UNKNOWN, text=str(...), units='height', win=Window(...), wrapWidth=1)
13.2855 	EXP 	Created image_next = ImageStim(__class__=<class 'psychopy.visual.image.ImageStim'>, anchor=('center', 'center'), autoLog=True, color=array([1, 1, 1]), colorSpace='rgb', contrast=1.0, depth=-1.0, flipHoriz=False, flipVert=False, image='next.png', interpolate=True, mask=None, maskParams=None, name='image_next', opacity=1.0, ori=0.0, pos=array([ 0.6, -0.4]), size=array([0.11319444, 0.06736111]), texRes=128.0, units='height', win=Window(...))
13.2858 	EXP 	window1: mouseVisible = True
13.3045 	EXP 	Created text_3 = TextStim(__class__=<class 'psychopy.visual.text.TextStim'>, alignHoriz=method-wrapper(...), alignText='center', alignVert=method-wrapper(...), anchorHoriz='center', anchorVert='center', antialias=True, autoDraw=False, autoLog=True, bold=False, color=array([1, 1, 1]), colorSpace='rgb', contrast=1.0, depth=0.0, flipHoriz=False, flipVert=False, font='Open Sans', fontFiles=[], height=0.05, italic=False, languageStyle='LTR', name='text_3', opacity=1.0, ori=0.0, pos=array([0. , 0.3]), rgb=UNKNOWN, text=str(...), units='height', win=Window(...), wrapWidth=1)
13.3052 	EXP 	Created text_2 = TextStim(__class__=<class 'psychopy.visual.text.TextStim'>, alignHoriz=method-wrapper(...), alignText='center', alignVert=method-wrapper(...), anchorHoriz='center', anchorVert='center', antialias=True, autoDraw=False, autoLog=True, bold=False, color=array([1, 1, 1]), colorSpace='rgb', contrast=1.0, depth=-1.0, flipHoriz=False, flipVert=False, font='Open Sans', fontFiles=[], height=0.05, italic=False, languageStyle='LTR', name='text_2', opacity=1.0, ori=0.0, pos=array([0., 0.]), rgb=UNKNOWN, text='', units='height', win=Window(...), wrapWidth=1)
13.3157 	EXP 	Created text_4 = TextStim(__class__=<class 'psychopy.visual.text.TextStim'>, alignHoriz=method-wrapper(...), alignText='center', alignVert=method-wrapper(...), anchorHoriz='center', anchorVert='center', antialias=True, autoDraw=False, autoLog=True, bold=False, color=array([1, 1, 1]), colorSpace='rgb', contrast=1.0, depth=-3.0, flipHoriz=False, flipVert=False, font='Open Sans', fontFiles=[], height=0.05, italic=False, languageStyle='LTR', name='text_4', opacity=1.0, ori=0.0, pos=array([ 0. , -0.2]), rgb=UNKNOWN, text=str(...), units='height', win=Window(...), wrapWidth=1)
13.3167 	EXP 	Created text_5 = TextStim(__class__=<class 'psychopy.visual.text.TextStim'>, alignHoriz=method-wrapper(...), alignText='center', alignVert=method-wrapper(...), anchorHoriz='center', anchorVert='center', antialias=True, autoDraw=False, autoLog=True, bold=False, color=array([1, 1, 1]), colorSpace='rgb', contrast=1.0, depth=0.0, flipHoriz=False, flipVert=False, font='Arial', fontFiles=[], height=0.1, italic=False, languageStyle='LTR', name='text_5', opacity=1.0, ori=0.0, pos=array([0. , 0.4]), rgb=UNKNOWN, text='', units='height', win=Window(...), wrapWidth=1)
13.3173 	EXP 	Created stopb = TextStim(__class__=<class 'psychopy.visual.text.TextStim'>, alignHoriz=method-wrapper(...), alignText='center', alignVert=method-wrapper(...), anchorHoriz='center', anchorVert='center', antialias=True, autoDraw=False, autoLog=True, bold=False, color=array([1, 1, 1]), colorSpace='rgb', contrast=1.0, depth=-1.0, flipHoriz=False, flipVert=False, font='Arial', fontFiles=[], height=0.1, italic=False, languageStyle='LTR', name='stopb', opacity=1.0, ori=0.0, pos=array([ 0. , -0.4]), rgb=UNKNOWN, text='', units='height', win=Window(...), wrapWidth=1)
13.3178 	EXP 	Created stopl = TextStim(__class__=<class 'psychopy.visual.text.TextStim'>, alignHoriz=method-wrapper(...), alignText='center', alignVert=method-wrapper(...), anchorHoriz='center', anchorVert='center', antialias=True, autoDraw=False, autoLog=True, bold=False, color=array([1, 1, 1]), colorSpace='rgb', contrast=1.0, depth=-2.0, flipHoriz=False, flipVert=False, font='Arial', fontFiles=[], height=0.1, italic=False, languageStyle='LTR', name='stopl', opacity=1.0, ori=90.0, pos=array([-0.75,  0.  ]), rgb=UNKNOWN, text='', units='height', win=Window(...), wrapWidth=1)
13.3183 	EXP 	Created stopr = TextStim(__class__=<class 'psychopy.visual.text.TextStim'>, alignHoriz=method-wrapper(...), alignText='center', alignVert=method-wrapper(...), anchorHoriz='center', anchorVert='center', antialias=True, autoDraw=False, autoLog=True, bold=False, color=array([1, 1, 1]), colorSpace='rgb', contrast=1.0, depth=-3.0, flipHoriz=False, flipVert=False, font='Arial', fontFiles=[], height=0.1, italic=False, languageStyle='LTR', name='stopr', opacity=1.0, ori=-90.0, pos=array([0.75, 0.  ]), rgb=UNKNOWN, text='', units='height', win=Window(...), wrapWidth=1)
13.3191 	EXP 	Created text_6 = TextStim(__class__=<class 'psychopy.visual.text.TextStim'>, alignHoriz=method-wrapper(...), alignText='center', alignVert=method-wrapper(...), anchorHoriz='center', anchorVert='center', antialias=True, autoDraw=False, autoLog=True, bold=False, color=array([1, 1, 1]), colorSpace='rgb', contrast=1.0, depth=-5.0, flipHoriz=False, flipVert=False, font='Open Sans', fontFiles=[], height=0.1, italic=False, languageStyle='LTR', name='text_6', opacity=1.0, ori=0.0, pos=array([0., 0.]), rgb=UNKNOWN, text='', units='height', win=Window(...), wrapWidth=1)
13.4003 	EXP 	Sound sound_1 set volume 1.000
13.4364 	EXP 	text_instr: autoDraw = True
13.4364 	EXP 	image_next: autoDraw = True
23.0734 	DATA 	Mouse: Left button down, pos=(2149,124)
23.0854 	EXP 	Imported C:/Users/carelab/Desktop/Erik/resources/Lsquare.csv as conditions, 16 conditions, 26 params
23.0859 	EXP 	Created sequence: sequential, trialTypes=16, nReps=1, seed=None
23.0865 	EXP 	New trial (rep=0, index=0): OrderedDict([('Participant1', 30), ('Participant2', 30), ('Participant3', 105), ('Participant4', 105), ('Participant5', 60), ('Participant6', 120), ('Participant7', 120), ('Participant8', 120), ('Participant9', 105), ('Participant10', 60), ('Participant11', 105), ('Participant12', 60), ('Participant13', 30), ('Participant14', 60), ('Participant15', 120), ('Participant16', 30), ('Participant17', 30), ('Participant18', 30), ('Participant19', 105), ('Participant20', 105), ('Participant21', 60), ('Participant22', 120), ('Participant23', 120), ('Participant24', 120), ('Participant25', 105), ('Participant26', 60)])
23.0999 	EXP 	text_instr: autoDraw = False
23.0999 	EXP 	image_next: autoDraw = False
23.0999 	EXP 	text_2: height = 0.05
23.0999 	EXP 	text_2: height = 0.05
23.0999 	EXP 	text_2: height = 0.05
23.0999 	EXP 	text_2: text = 30
23.0999 	EXP 	text_3: autoDraw = True
23.0999 	EXP 	text_2: autoDraw = True
23.0999 	EXP 	text_4: autoDraw = True
23.1921 	DATA 	Mouse:  Left button up, pos=(2149,124)
24.8986 	EXP 	Imported C:/Users/carelab/Desktop/Erik/resources/stroop.xlsx as conditions, 20 conditions, 3 params
24.8992 	EXP 	Created sequence: random, trialTypes=20, nReps=1, seed=None
24.8994 	EXP 	New trial (rep=0, index=0): {'word': 'RED', 'color': 'blue', 'correct': 'b'}
24.9181 	DATA 	Keypress: space
24.9230 	EXP 	text_3: autoDraw = False
24.9230 	EXP 	text_2: autoDraw = False
24.9230 	EXP 	text_4: autoDraw = False
24.9230 	EXP 	text_6: foreColor = <psychopy.colors.Color: blue, alpha=1.0>
24.9230 	EXP 	text_6: height = 0.1
24.9230 	EXP 	text_6: height = 0.1
24.9230 	EXP 	text_6: height = 0.1
24.9230 	EXP 	text_6: text = 'RED'
24.9230 	EXP 	text_5: autoDraw = True
24.9230 	EXP 	stopb: autoDraw = True
24.9230 	EXP 	stopl: autoDraw = True
24.9230 	EXP 	stopr: autoDraw = True
24.9230 	EXP 	text_6: autoDraw = True
26.9277 	EXP 	New trial (rep=0, index=1): {'word': 'RED', 'color': 'red', 'correct': 'r'}
26.9356 	DATA 	Keypress: b
26.9404 	EXP 	text_5: autoDraw = False
26.9404 	EXP 	stopb: autoDraw = False
26.9404 	EXP 	stopl: autoDraw = False
26.9404 	EXP 	stopr: autoDraw = False
26.9404 	EXP 	text_6: autoDraw = False
26.9404 	EXP 	text_6: foreColor = <psychopy.colors.Color: red, alpha=1.0>
26.9404 	EXP 	text_6: text = 'RED'
26.9404 	EXP 	text_5: autoDraw = True
26.9404 	EXP 	stopb: autoDraw = True
26.9404 	EXP 	stopl: autoDraw = True
26.9404 	EXP 	stopr: autoDraw = True
26.9404 	EXP 	text_6: autoDraw = True
27.3451 	EXP 	New trial (rep=0, index=2): {'word': 'BLUE', 'color': 'red', 'correct': 'r'}
27.3588 	DATA 	Keypress: b
27.3637 	EXP 	text_5: autoDraw = False
27.3637 	EXP 	stopb: autoDraw = False
27.3637 	EXP 	stopl: autoDraw = False
27.3637 	EXP 	stopr: autoDraw = False
27.3637 	EXP 	text_6: autoDraw = False
27.3637 	EXP 	text_6: foreColor = <psychopy.colors.Color: red, alpha=1.0>
27.3637 	EXP 	text_6: height = 0.1
27.3637 	EXP 	text_6: height = 0.1
27.3637 	EXP 	text_6: height = 0.1
27.3637 	EXP 	text_6: text = 'BLUE'
27.3637 	EXP 	text_5: autoDraw = True
27.3637 	EXP 	stopb: autoDraw = True
27.3637 	EXP 	stopl: autoDraw = True
27.3637 	EXP 	stopr: autoDraw = True
27.3637 	EXP 	text_6: autoDraw = True
27.7129 	DATA 	Keypress: space
28.2953 	DATA 	Keypress: space
28.4788 	DATA 	Keypress: space
28.6131 	DATA 	Keypress: space
28.7951 	DATA 	Keypress: space
29.0791 	DATA 	Keypress: space
29.2456 	DATA 	Keypress: space
29.3957 	DATA 	Keypress: space
29.8947 	DATA 	Keypress: h
30.0784 	DATA 	Keypress: h
30.7448 	DATA 	Keypress: j
31.8769 	EXP 	New trial (rep=0, index=3): {'word': 'BLUE', 'color': 'red', 'correct': 'r'}
31.8847 	DATA 	Keypress: b
31.8894 	EXP 	text_5: autoDraw = False
31.8894 	EXP 	stopb: autoDraw = False
31.8894 	EXP 	stopl: autoDraw = False
31.8894 	EXP 	stopr: autoDraw = False
31.8894 	EXP 	text_6: autoDraw = False
31.8894 	EXP 	text_6: foreColor = <psychopy.colors.Color: red, alpha=1.0>
31.8894 	EXP 	text_6: text = 'BLUE'
31.8894 	EXP 	text_5: autoDraw = True
31.8894 	EXP 	stopb: autoDraw = True
31.8894 	EXP 	stopl: autoDraw = True
31.8894 	EXP 	stopr: autoDraw = True
31.8894 	EXP 	text_6: autoDraw = True
32.0292 	DATA 	Keypress: b
32.0431 	EXP 	New trial (rep=0, index=4): {'word': 'BLUE', 'color': 'blue', 'correct': 'b'}
32.0552 	EXP 	text_5: autoDraw = False
32.0552 	EXP 	stopb: autoDraw = False
32.0552 	EXP 	stopl: autoDraw = False
32.0552 	EXP 	stopr: autoDraw = False
32.0552 	EXP 	text_6: autoDraw = False
32.0552 	EXP 	text_6: foreColor = <psychopy.colors.Color: blue, alpha=1.0>
32.0552 	EXP 	text_6: text = 'BLUE'
32.0552 	EXP 	text_5: autoDraw = True
32.0552 	EXP 	stopb: autoDraw = True
32.0552 	EXP 	stopl: autoDraw = True
32.0552 	EXP 	stopr: autoDraw = True
32.0552 	EXP 	text_6: autoDraw = True
32.1941 	EXP 	New trial (rep=0, index=5): {'word': 'BLUE', 'color': 'blue', 'correct': 'b'}
32.2018 	DATA 	Keypress: b
32.2064 	EXP 	text_5: autoDraw = False
32.2064 	EXP 	stopb: autoDraw = False
32.2064 	EXP 	stopl: autoDraw = False
32.2064 	EXP 	stopr: autoDraw = False
32.2064 	EXP 	text_6: autoDraw = False
32.2064 	EXP 	text_6: foreColor = <psychopy.colors.Color: blue, alpha=1.0>
32.2064 	EXP 	text_6: text = 'BLUE'
32.2064 	EXP 	text_5: autoDraw = True
32.2064 	EXP 	stopb: autoDraw = True
32.2064 	EXP 	stopl: autoDraw = True
32.2064 	EXP 	stopr: autoDraw = True
32.2064 	EXP 	text_6: autoDraw = True
32.3280 	DATA 	Keypress: b
32.3428 	EXP 	New trial (rep=0, index=6): {'word': 'RED', 'color': 'red', 'correct': 'r'}
32.3558 	EXP 	text_5: autoDraw = False
32.3558 	EXP 	stopb: autoDraw = False
32.3558 	EXP 	stopl: autoDraw = False
32.3558 	EXP 	stopr: autoDraw = False
32.3558 	EXP 	text_6: autoDraw = False
32.3558 	EXP 	text_6: foreColor = <psychopy.colors.Color: red, alpha=1.0>
32.3558 	EXP 	text_6: height = 0.1
32.3558 	EXP 	text_6: height = 0.1
32.3558 	EXP 	text_6: height = 0.1
32.3558 	EXP 	text_6: text = 'RED'
32.3558 	EXP 	text_5: autoDraw = True
32.3558 	EXP 	stopb: autoDraw = True
32.3558 	EXP 	stopl: autoDraw = True
32.3558 	EXP 	stopr: autoDraw = True
32.3558 	EXP 	text_6: autoDraw = True
32.4594 	EXP 	New trial (rep=0, index=7): {'word': 'RED', 'color': 'red', 'correct': 'r'}
32.4668 	DATA 	Keypress: b
32.4716 	EXP 	text_5: autoDraw = False
32.4716 	EXP 	stopb: autoDraw = False
32.4716 	EXP 	stopl: autoDraw = False
32.4716 	EXP 	stopr: autoDraw = False
32.4716 	EXP 	text_6: autoDraw = False
32.4716 	EXP 	text_6: foreColor = <psychopy.colors.Color: red, alpha=1.0>
32.4716 	EXP 	text_6: text = 'RED'
32.4716 	EXP 	text_5: autoDraw = True
32.4716 	EXP 	stopb: autoDraw = True
32.4716 	EXP 	stopl: autoDraw = True
32.4716 	EXP 	stopr: autoDraw = True
32.4716 	EXP 	text_6: autoDraw = True
32.5927 	EXP 	New trial (rep=0, index=8): {'word': 'RED', 'color': 'red', 'correct': 'r'}
32.5999 	DATA 	Keypress: b
32.6050 	EXP 	text_5: autoDraw = False
32.6050 	EXP 	stopb: autoDraw = False
32.6050 	EXP 	stopl: autoDraw = False
32.6050 	EXP 	stopr: autoDraw = False
32.6050 	EXP 	text_6: autoDraw = False
32.6050 	EXP 	text_6: foreColor = <psychopy.colors.Color: red, alpha=1.0>
32.6050 	EXP 	text_6: text = 'RED'
32.6050 	EXP 	text_5: autoDraw = True
32.6050 	EXP 	stopb: autoDraw = True
32.6050 	EXP 	stopl: autoDraw = True
32.6050 	EXP 	stopr: autoDraw = True
32.6050 	EXP 	text_6: autoDraw = True
32.7432 	EXP 	New trial (rep=0, index=9): {'word': 'RED', 'color': 'red', 'correct': 'r'}
32.7508 	DATA 	Keypress: b
32.7556 	EXP 	text_5: autoDraw = False
32.7556 	EXP 	stopb: autoDraw = False
32.7556 	EXP 	stopl: autoDraw = False
32.7556 	EXP 	stopr: autoDraw = False
32.7556 	EXP 	text_6: autoDraw = False
32.7556 	EXP 	text_6: foreColor = <psychopy.colors.Color: red, alpha=1.0>
32.7556 	EXP 	text_6: text = 'RED'
32.7556 	EXP 	text_5: autoDraw = True
32.7556 	EXP 	stopb: autoDraw = True
32.7556 	EXP 	stopl: autoDraw = True
32.7556 	EXP 	stopr: autoDraw = True
32.7556 	EXP 	text_6: autoDraw = True
32.9098 	EXP 	New trial (rep=0, index=10): {'word': 'BLUE', 'color': 'blue', 'correct': 'b'}
32.9199 	DATA 	Keypress: b
32.9251 	EXP 	text_5: autoDraw = False
32.9251 	EXP 	stopb: autoDraw = False
32.9251 	EXP 	stopl: autoDraw = False
32.9251 	EXP 	stopr: autoDraw = False
32.9251 	EXP 	text_6: autoDraw = False
32.9251 	EXP 	text_6: foreColor = <psychopy.colors.Color: blue, alpha=1.0>
32.9251 	EXP 	text_6: height = 0.1
32.9251 	EXP 	text_6: height = 0.1
32.9251 	EXP 	text_6: height = 0.1
32.9251 	EXP 	text_6: text = 'BLUE'
32.9251 	EXP 	text_5: autoDraw = True
32.9251 	EXP 	stopb: autoDraw = True
32.9251 	EXP 	stopl: autoDraw = True
32.9251 	EXP 	stopr: autoDraw = True
32.9251 	EXP 	text_6: autoDraw = True
33.0761 	EXP 	New trial (rep=0, index=11): {'word': 'RED', 'color': 'red', 'correct': 'r'}
33.0859 	DATA 	Keypress: b
33.0905 	EXP 	text_5: autoDraw = False
33.0905 	EXP 	stopb: autoDraw = False
33.0905 	EXP 	stopl: autoDraw = False
33.0905 	EXP 	stopr: autoDraw = False
33.0905 	EXP 	text_6: autoDraw = False
33.0905 	EXP 	text_6: foreColor = <psychopy.colors.Color: red, alpha=1.0>
33.0905 	EXP 	text_6: height = 0.1
33.0905 	EXP 	text_6: height = 0.1
33.0905 	EXP 	text_6: height = 0.1
33.0905 	EXP 	text_6: text = 'RED'
33.0905 	EXP 	text_5: autoDraw = True
33.0905 	EXP 	stopb: autoDraw = True
33.0905 	EXP 	stopl: autoDraw = True
33.0905 	EXP 	stopr: autoDraw = True
33.0905 	EXP 	text_6: autoDraw = True
33.2592 	EXP 	New trial (rep=0, index=12): {'word': 'BLUE', 'color': 'blue', 'correct': 'b'}
33.2685 	DATA 	Keypress: b
33.2734 	EXP 	text_5: autoDraw = False
33.2734 	EXP 	stopb: autoDraw = False
33.2734 	EXP 	stopl: autoDraw = False
33.2734 	EXP 	stopr: autoDraw = False
33.2734 	EXP 	text_6: autoDraw = False
33.2734 	EXP 	text_6: foreColor = <psychopy.colors.Color: blue, alpha=1.0>
33.2734 	EXP 	text_6: height = 0.1
33.2734 	EXP 	text_6: height = 0.1
33.2734 	EXP 	text_6: height = 0.1
33.2734 	EXP 	text_6: text = 'BLUE'
33.2734 	EXP 	text_5: autoDraw = True
33.2734 	EXP 	stopb: autoDraw = True
33.2734 	EXP 	stopl: autoDraw = True
33.2734 	EXP 	stopr: autoDraw = True
33.2734 	EXP 	text_6: autoDraw = True
33.4092 	EXP 	New trial (rep=0, index=13): {'word': 'BLUE', 'color': 'blue', 'correct': 'b'}
33.4176 	DATA 	Keypress: b
33.4220 	EXP 	text_5: autoDraw = False
33.4220 	EXP 	stopb: autoDraw = False
33.4220 	EXP 	stopl: autoDraw = False
33.4220 	EXP 	stopr: autoDraw = False
33.4220 	EXP 	text_6: autoDraw = False
33.4220 	EXP 	text_6: foreColor = <psychopy.colors.Color: blue, alpha=1.0>
33.4220 	EXP 	text_6: text = 'BLUE'
33.4220 	EXP 	text_5: autoDraw = True
33.4220 	EXP 	stopb: autoDraw = True
33.4220 	EXP 	stopl: autoDraw = True
33.4220 	EXP 	stopr: autoDraw = True
33.4220 	EXP 	text_6: autoDraw = True
33.5923 	EXP 	New trial (rep=0, index=14): {'word': 'BLUE', 'color': 'blue', 'correct': 'b'}
33.5997 	DATA 	Keypress: b
33.6045 	EXP 	text_5: autoDraw = False
33.6045 	EXP 	stopb: autoDraw = False
33.6045 	EXP 	stopl: autoDraw = False
33.6045 	EXP 	stopr: autoDraw = False
33.6045 	EXP 	text_6: autoDraw = False
33.6045 	EXP 	text_6: foreColor = <psychopy.colors.Color: blue, alpha=1.0>
33.6045 	EXP 	text_6: text = 'BLUE'
33.6045 	EXP 	text_5: autoDraw = True
33.6045 	EXP 	stopb: autoDraw = True
33.6045 	EXP 	stopl: autoDraw = True
33.6045 	EXP 	stopr: autoDraw = True
33.6045 	EXP 	text_6: autoDraw = True
33.7660 	EXP 	New trial (rep=0, index=15): {'word': 'BLUE', 'color': 'red', 'correct': 'r'}
33.7734 	DATA 	Keypress: b
33.7786 	EXP 	text_5: autoDraw = False
33.7786 	EXP 	stopb: autoDraw = False
33.7786 	EXP 	stopl: autoDraw = False
33.7786 	EXP 	stopr: autoDraw = False
33.7786 	EXP 	text_6: autoDraw = False
33.7786 	EXP 	text_6: foreColor = <psychopy.colors.Color: red, alpha=1.0>
33.7786 	EXP 	text_6: text = 'BLUE'
33.7786 	EXP 	text_5: autoDraw = True
33.7786 	EXP 	stopb: autoDraw = True
33.7786 	EXP 	stopl: autoDraw = True
33.7786 	EXP 	stopr: autoDraw = True
33.7786 	EXP 	text_6: autoDraw = True
34.0166 	EXP 	New trial (rep=0, index=16): {'word': 'RED', 'color': 'red', 'correct': 'r'}
34.0286 	DATA 	Keypress: b
34.0332 	EXP 	text_5: autoDraw = False
34.0332 	EXP 	stopb: autoDraw = False
34.0332 	EXP 	stopl: autoDraw = False
34.0332 	EXP 	stopr: autoDraw = False
34.0332 	EXP 	text_6: autoDraw = False
34.0332 	EXP 	text_6: foreColor = <psychopy.colors.Color: red, alpha=1.0>
34.0332 	EXP 	text_6: height = 0.1
34.0332 	EXP 	text_6: height = 0.1
34.0332 	EXP 	text_6: height = 0.1
34.0332 	EXP 	text_6: text = 'RED'
34.0332 	EXP 	text_5: autoDraw = True
34.0332 	EXP 	stopb: autoDraw = True
34.0332 	EXP 	stopl: autoDraw = True
34.0332 	EXP 	stopr: autoDraw = True
34.0332 	EXP 	text_6: autoDraw = True
34.3165 	EXP 	New trial (rep=0, index=17): {'word': 'RED', 'color': 'blue', 'correct': 'b'}
34.3270 	DATA 	Keypress: b
34.3317 	EXP 	text_5: autoDraw = False
34.3317 	EXP 	stopb: autoDraw = False
34.3317 	EXP 	stopl: autoDraw = False
34.3317 	EXP 	stopr: autoDraw = False
34.3317 	EXP 	text_6: autoDraw = False
34.3317 	EXP 	text_6: foreColor = <psychopy.colors.Color: blue, alpha=1.0>
34.3317 	EXP 	text_6: text = 'RED'
34.3317 	EXP 	text_5: autoDraw = True
34.3317 	EXP 	stopb: autoDraw = True
34.3317 	EXP 	stopl: autoDraw = True
34.3317 	EXP 	stopr: autoDraw = True
34.3317 	EXP 	text_6: autoDraw = True
34.4830 	EXP 	New trial (rep=0, index=18): {'word': 'RED', 'color': 'red', 'correct': 'r'}
34.4907 	DATA 	Keypress: b
34.4953 	EXP 	text_5: autoDraw = False
34.4953 	EXP 	stopb: autoDraw = False
34.4953 	EXP 	stopl: autoDraw = False
34.4953 	EXP 	stopr: autoDraw = False
34.4953 	EXP 	text_6: autoDraw = False
34.4953 	EXP 	text_6: foreColor = <psychopy.colors.Color: red, alpha=1.0>
34.4953 	EXP 	text_6: text = 'RED'
34.4953 	EXP 	text_5: autoDraw = True
34.4953 	EXP 	stopb: autoDraw = True
34.4953 	EXP 	stopl: autoDraw = True
34.4953 	EXP 	stopr: autoDraw = True
34.4953 	EXP 	text_6: autoDraw = True
34.6550 	DATA 	Keypress: b
34.6712 	EXP 	New trial (rep=0, index=19): {'word': 'BLUE', 'color': 'red', 'correct': 'r'}
34.6876 	EXP 	text_5: autoDraw = False
34.6876 	EXP 	stopb: autoDraw = False
34.6876 	EXP 	stopl: autoDraw = False
34.6876 	EXP 	stopr: autoDraw = False
34.6876 	EXP 	text_6: autoDraw = False
34.6876 	EXP 	text_6: foreColor = <psychopy.colors.Color: red, alpha=1.0>
34.6876 	EXP 	text_6: height = 0.1
34.6876 	EXP 	text_6: height = 0.1
34.6876 	EXP 	text_6: height = 0.1
34.6876 	EXP 	text_6: text = 'BLUE'
34.6876 	EXP 	text_5: autoDraw = True
34.6876 	EXP 	stopb: autoDraw = True
34.6876 	EXP 	stopl: autoDraw = True
34.6876 	EXP 	stopr: autoDraw = True
34.6876 	EXP 	text_6: autoDraw = True
34.9279 	EXP 	Sound sound_1 set volume 1.000
34.9288 	DATA 	Keypress: b
34.9333 	EXP 	text_5: autoDraw = False
34.9333 	EXP 	stopb: autoDraw = False
34.9333 	EXP 	stopl: autoDraw = False
34.9333 	EXP 	stopr: autoDraw = False
34.9333 	EXP 	text_6: autoDraw = False
36.4231 	EXP 	window1: mouseVisible = True
