1.4084 	WARNING 	We strongly recommend you activate the PTB sound engine in PsychoPy prefs as the preferred audio engine. Its timing is vastly superior. Your prefs are currently set to use ['sounddevice', 'PTB', 'pyo', 'pygame'] (in that order).
5.6774 	WARNING 	User requested fullscreen with size [1024  768], but screen is actually [2560, 1440]. Using actual size
8.2650 	EXP 	Created window1 = Window(allowGUI=True, allowStencil=False, autoLog=True, backendConf=UNKNOWN, bitsMode=UNKNOWN, blendMode='avg', bpc=(8, 8, 8), color=array([0, 0, 0]), colorSpace='rgb', depthBits=8, fullscr=<method-wrapper '__getattribute__' of attributeSetter object at 0x00000212A1862460>, gamma=None, gammaErrorPolicy='raise', lms=UNKNOWN, monitor=<psychopy.monitors.calibTools.Monitor object at 0x00000212A373A730>, multiSample=False, name='window1', numSamples=2, pos=(0, 0), screen=0, size=array([2560, 1440]), stencilBits=0, stereo=False, units='height', useFBO=True, useRetina=False, viewOri=0.0, viewPos=None, viewScale=None, waitBlanking=True, winType='pyglet')
8.2653 	EXP 	window1: mouseVisible = True
8.2657 	EXP 	window1: mouseVisible = False
8.2657 	EXP 	window1: Attempting to measure frame rate of screen (0) ...
8.2658 	EXP 	window1: recordFrameIntervals = False
8.4300 	EXP 	window1: recordFrameIntervals = True
8.6139 	EXP 	Screen (0) actual frame rate measured at 60.08Hz
8.6140 	EXP 	window1: recordFrameIntervals = False
10.3567 	EXP 	Created text_instr = TextStim(__class__=<class 'psychopy.visual.text.TextStim'>, alignHoriz=method-wrapper(...), alignText='center', alignVert=method-wrapper(...), anchorHoriz='center', anchorVert='center', antialias=True, autoDraw=False, autoLog=True, bold=False, color=array([1, 1, 1]), colorSpace='rgb', contrast=1.0, depth=0.0, flipHoriz=False, flipVert=False, font='Comic Sans', fontFiles=[], height=0.04, italic=False, languageStyle='LTR', name='text_instr', opacity=1.0, ori=0.0, pos=array([0., 0.]), rgb=UNKNOWN, text=str(...), units='height', win=Window(...), wrapWidth=1)
10.3679 	EXP 	Created image_next = ImageStim(__class__=<class 'psychopy.visual.image.ImageStim'>, anchor=('center', 'center'), autoLog=True, color=array([1, 1, 1]), colorSpace='rgb', contrast=1.0, depth=-1.0, flipHoriz=False, flipVert=False, image='next.png', interpolate=True, mask=None, maskParams=None, name='image_next', opacity=1.0, ori=0.0, pos=array([ 0.6, -0.4]), size=array([0.11319444, 0.06736111]), texRes=128.0, units='height', win=Window(...))
10.3683 	EXP 	window1: mouseVisible = True
10.3865 	EXP 	Created text_3 = TextStim(__class__=<class 'psychopy.visual.text.TextStim'>, alignHoriz=method-wrapper(...), alignText='center', alignVert=method-wrapper(...), anchorHoriz='center', anchorVert='center', antialias=True, autoDraw=False, autoLog=True, bold=False, color=array([1, 1, 1]), colorSpace='rgb', contrast=1.0, depth=0.0, flipHoriz=False, flipVert=False, font='Open Sans', fontFiles=[], height=0.05, italic=False, languageStyle='LTR', name='text_3', opacity=1.0, ori=0.0, pos=array([0. , 0.3]), rgb=UNKNOWN, text=str(...), units='height', win=Window(...), wrapWidth=1)
10.3871 	EXP 	Created text_2 = TextStim(__class__=<class 'psychopy.visual.text.TextStim'>, alignHoriz=method-wrapper(...), alignText='center', alignVert=method-wrapper(...), anchorHoriz='center', anchorVert='center', antialias=True, autoDraw=False, autoLog=True, bold=False, color=array([1, 1, 1]), colorSpace='rgb', contrast=1.0, depth=-1.0, flipHoriz=False, flipVert=False, font='Open Sans', fontFiles=[], height=0.05, italic=False, languageStyle='LTR', name='text_2', opacity=1.0, ori=0.0, pos=array([0., 0.]), rgb=UNKNOWN, text='', units='height', win=Window(...), wrapWidth=1)
10.4015 	EXP 	Created text_4 = TextStim(__class__=<class 'psychopy.visual.text.TextStim'>, alignHoriz=method-wrapper(...), alignText='center', alignVert=method-wrapper(...), anchorHoriz='center', anchorVert='center', antialias=True, autoDraw=False, autoLog=True, bold=False, color=array([1, 1, 1]), colorSpace='rgb', contrast=1.0, depth=-3.0, flipHoriz=False, flipVert=False, font='Open Sans', fontFiles=[], height=0.05, italic=False, languageStyle='LTR', name='text_4', opacity=1.0, ori=0.0, pos=array([ 0. , -0.2]), rgb=UNKNOWN, text=str(...), units='height', win=Window(...), wrapWidth=1)
10.4027 	EXP 	Created text_5 = TextStim(__class__=<class 'psychopy.visual.text.TextStim'>, alignHoriz=method-wrapper(...), alignText='center', alignVert=method-wrapper(...), anchorHoriz='center', anchorVert='center', antialias=True, autoDraw=False, autoLog=True, bold=False, color=array([1, 1, 1]), colorSpace='rgb', contrast=1.0, depth=0.0, flipHoriz=False, flipVert=False, font='Arial', fontFiles=[], height=0.1, italic=False, languageStyle='LTR', name='text_5', opacity=1.0, ori=0.0, pos=array([0. , 0.4]), rgb=UNKNOWN, text='', units='height', win=Window(...), wrapWidth=1)
10.4033 	EXP 	Created stopb = TextStim(__class__=<class 'psychopy.visual.text.TextStim'>, alignHoriz=method-wrapper(...), alignText='center', alignVert=method-wrapper(...), anchorHoriz='center', anchorVert='center', antialias=True, autoDraw=False, autoLog=True, bold=False, color=array([1, 1, 1]), colorSpace='rgb', contrast=1.0, depth=-1.0, flipHoriz=False, flipVert=False, font='Arial', fontFiles=[], height=0.1, italic=False, languageStyle='LTR', name='stopb', opacity=1.0, ori=0.0, pos=array([ 0. , -0.4]), rgb=UNKNOWN, text='', units='height', win=Window(...), wrapWidth=1)
10.4038 	EXP 	Created stopl = TextStim(__class__=<class 'psychopy.visual.text.TextStim'>, alignHoriz=method-wrapper(...), alignText='center', alignVert=method-wrapper(...), anchorHoriz='center', anchorVert='center', antialias=True, autoDraw=False, autoLog=True, bold=False, color=array([1, 1, 1]), colorSpace='rgb', contrast=1.0, depth=-2.0, flipHoriz=False, flipVert=False, font='Arial', fontFiles=[], height=0.1, italic=False, languageStyle='LTR', name='stopl', opacity=1.0, ori=90.0, pos=array([-0.75,  0.  ]), rgb=UNKNOWN, text='', units='height', win=Window(...), wrapWidth=1)
10.4044 	EXP 	Created stopr = TextStim(__class__=<class 'psychopy.visual.text.TextStim'>, alignHoriz=method-wrapper(...), alignText='center', alignVert=method-wrapper(...), anchorHoriz='center', anchorVert='center', antialias=True, autoDraw=False, autoLog=True, bold=False, color=array([1, 1, 1]), colorSpace='rgb', contrast=1.0, depth=-3.0, flipHoriz=False, flipVert=False, font='Arial', fontFiles=[], height=0.1, italic=False, languageStyle='LTR', name='stopr', opacity=1.0, ori=-90.0, pos=array([0.75, 0.  ]), rgb=UNKNOWN, text='', units='height', win=Window(...), wrapWidth=1)
10.4052 	EXP 	Created text_6 = TextStim(__class__=<class 'psychopy.visual.text.TextStim'>, alignHoriz=method-wrapper(...), alignText='center', alignVert=method-wrapper(...), anchorHoriz='center', anchorVert='center', antialias=True, autoDraw=False, autoLog=True, bold=False, color=array([1, 1, 1]), colorSpace='rgb', contrast=1.0, depth=-5.0, flipHoriz=False, flipVert=False, font='Open Sans', fontFiles=[], height=0.1, italic=False, languageStyle='LTR', name='text_6', opacity=1.0, ori=0.0, pos=array([0., 0.]), rgb=UNKNOWN, text='', units='height', win=Window(...), wrapWidth=1)
10.5071 	EXP 	Sound sound_1 set volume 1.000
10.5399 	EXP 	text_instr: autoDraw = True
10.5399 	EXP 	image_next: autoDraw = True
12.8295 	DATA 	Mouse: Left button down, pos=(2168,161)
12.8393 	EXP 	Imported C:/Users/carelab/Desktop/Erik/resources/Lsquare.csv as conditions, 16 conditions, 26 params
12.8398 	EXP 	Created sequence: sequential, trialTypes=16, nReps=1, seed=None
12.8404 	EXP 	New trial (rep=0, index=0): OrderedDict([('Participant1', 30), ('Participant2', 30), ('Participant3', 105), ('Participant4', 105), ('Participant5', 60), ('Participant6', 120), ('Participant7', 120), ('Participant8', 120), ('Participant9', 105), ('Participant10', 60), ('Participant11', 105), ('Participant12', 60), ('Participant13', 30), ('Participant14', 60), ('Participant15', 120), ('Participant16', 30), ('Participant17', 30), ('Participant18', 30), ('Participant19', 105), ('Participant20', 105), ('Participant21', 60), ('Participant22', 120), ('Participant23', 120), ('Participant24', 120), ('Participant25', 105), ('Participant26', 60)])
12.8531 	EXP 	text_instr: autoDraw = False
12.8531 	EXP 	image_next: autoDraw = False
12.8531 	EXP 	text_2: height = 0.05
12.8531 	EXP 	text_2: height = 0.05
12.8531 	EXP 	text_2: height = 0.05
12.8531 	EXP 	text_2: text = 30
12.8531 	EXP 	text_3: autoDraw = True
12.8531 	EXP 	text_2: autoDraw = True
12.8531 	EXP 	text_4: autoDraw = True
12.8816 	DATA 	Mouse:  Left button up, pos=(2168,161)
14.1881 	EXP 	Imported C:/Users/carelab/Desktop/Erik/resources/stroop.xlsx as conditions, 20 conditions, 3 params
14.1888 	EXP 	Created sequence: random, trialTypes=20, nReps=1, seed=None
14.1891 	EXP 	New trial (rep=0, index=0): {'word': 'BLUE', 'color': 'blue', 'correct': 'b'}
14.2088 	DATA 	Keypress: space
14.2145 	EXP 	text_3: autoDraw = False
14.2145 	EXP 	text_2: autoDraw = False
14.2145 	EXP 	text_4: autoDraw = False
14.2145 	EXP 	text_6: foreColor = <psychopy.colors.Color: blue, alpha=1.0>
14.2145 	EXP 	text_6: height = 0.1
14.2145 	EXP 	text_6: height = 0.1
14.2145 	EXP 	text_6: height = 0.1
14.2145 	EXP 	text_6: text = 'BLUE'
14.2145 	EXP 	text_5: autoDraw = True
14.2145 	EXP 	stopb: autoDraw = True
14.2145 	EXP 	stopl: autoDraw = True
14.2145 	EXP 	stopr: autoDraw = True
14.2145 	EXP 	text_6: autoDraw = True
16.9193 	DATA 	Keypress: space
17.4030 	DATA 	Keypress: space
17.5691 	DATA 	Keypress: space
17.7185 	DATA 	Keypress: space
19.3672 	EXP 	New trial (rep=0, index=1): {'word': 'RED', 'color': 'red', 'correct': 'r'}
19.3809 	DATA 	Keypress: r
19.3857 	EXP 	text_5: autoDraw = False
19.3857 	EXP 	stopb: autoDraw = False
19.3857 	EXP 	stopl: autoDraw = False
19.3857 	EXP 	stopr: autoDraw = False
19.3857 	EXP 	text_6: autoDraw = False
19.3857 	EXP 	text_6: foreColor = <psychopy.colors.Color: red, alpha=1.0>
19.3857 	EXP 	text_6: height = 0.1
19.3857 	EXP 	text_6: height = 0.1
19.3857 	EXP 	text_6: height = 0.1
19.3857 	EXP 	text_6: text = 'RED'
19.3857 	EXP 	text_5: autoDraw = True
19.3857 	EXP 	stopb: autoDraw = True
19.3857 	EXP 	stopl: autoDraw = True
19.3857 	EXP 	stopr: autoDraw = True
19.3857 	EXP 	text_6: autoDraw = True
20.5830 	EXP 	New trial (rep=0, index=2): {'word': 'RED', 'color': 'red', 'correct': 'r'}
20.5911 	DATA 	Keypress: b
20.5965 	EXP 	text_5: autoDraw = False
20.5965 	EXP 	stopb: autoDraw = False
20.5965 	EXP 	stopl: autoDraw = False
20.5965 	EXP 	stopr: autoDraw = False
20.5965 	EXP 	text_6: autoDraw = False
20.5965 	EXP 	text_6: foreColor = <psychopy.colors.Color: red, alpha=1.0>
20.5965 	EXP 	text_6: text = 'RED'
20.5965 	EXP 	text_5: autoDraw = True
20.5965 	EXP 	stopb: autoDraw = True
20.5965 	EXP 	stopl: autoDraw = True
20.5965 	EXP 	stopr: autoDraw = True
20.5965 	EXP 	text_6: autoDraw = True
21.4003 	EXP 	New trial (rep=0, index=3): {'word': 'RED', 'color': 'red', 'correct': 'r'}
21.4083 	DATA 	Keypress: b
21.4129 	EXP 	text_5: autoDraw = False
21.4129 	EXP 	stopb: autoDraw = False
21.4129 	EXP 	stopl: autoDraw = False
21.4129 	EXP 	stopr: autoDraw = False
21.4129 	EXP 	text_6: autoDraw = False
21.4129 	EXP 	text_6: foreColor = <psychopy.colors.Color: red, alpha=1.0>
21.4129 	EXP 	text_6: text = 'RED'
21.4129 	EXP 	text_5: autoDraw = True
21.4129 	EXP 	stopb: autoDraw = True
21.4129 	EXP 	stopl: autoDraw = True
21.4129 	EXP 	stopr: autoDraw = True
21.4129 	EXP 	text_6: autoDraw = True
21.8654 	EXP 	New trial (rep=0, index=4): {'word': 'BLUE', 'color': 'red', 'correct': 'r'}
21.8748 	DATA 	Keypress: b
21.8793 	EXP 	text_5: autoDraw = False
21.8793 	EXP 	stopb: autoDraw = False
21.8793 	EXP 	stopl: autoDraw = False
21.8793 	EXP 	stopr: autoDraw = False
21.8793 	EXP 	text_6: autoDraw = False
21.8793 	EXP 	text_6: foreColor = <psychopy.colors.Color: red, alpha=1.0>
21.8793 	EXP 	text_6: height = 0.1
21.8793 	EXP 	text_6: height = 0.1
21.8793 	EXP 	text_6: height = 0.1
21.8793 	EXP 	text_6: text = 'BLUE'
21.8793 	EXP 	text_5: autoDraw = True
21.8793 	EXP 	stopb: autoDraw = True
21.8793 	EXP 	stopl: autoDraw = True
21.8793 	EXP 	stopr: autoDraw = True
21.8793 	EXP 	text_6: autoDraw = True
22.5993 	EXP 	New trial (rep=0, index=5): {'word': 'RED', 'color': 'red', 'correct': 'r'}
22.6086 	DATA 	Keypress: b
22.6134 	EXP 	text_5: autoDraw = False
22.6134 	EXP 	stopb: autoDraw = False
22.6134 	EXP 	stopl: autoDraw = False
22.6134 	EXP 	stopr: autoDraw = False
22.6134 	EXP 	text_6: autoDraw = False
22.6134 	EXP 	text_6: foreColor = <psychopy.colors.Color: red, alpha=1.0>
22.6134 	EXP 	text_6: height = 0.1
22.6134 	EXP 	text_6: height = 0.1
22.6134 	EXP 	text_6: height = 0.1
22.6134 	EXP 	text_6: text = 'RED'
22.6134 	EXP 	text_5: autoDraw = True
22.6134 	EXP 	stopb: autoDraw = True
22.6134 	EXP 	stopl: autoDraw = True
22.6134 	EXP 	stopr: autoDraw = True
22.6134 	EXP 	text_6: autoDraw = True
23.2157 	EXP 	New trial (rep=0, index=6): {'word': 'BLUE', 'color': 'blue', 'correct': 'b'}
23.2252 	DATA 	Keypress: r
23.2296 	EXP 	text_5: autoDraw = False
23.2296 	EXP 	stopb: autoDraw = False
23.2296 	EXP 	stopl: autoDraw = False
23.2296 	EXP 	stopr: autoDraw = False
23.2296 	EXP 	text_6: autoDraw = False
23.2296 	EXP 	text_6: foreColor = <psychopy.colors.Color: blue, alpha=1.0>
23.2296 	EXP 	text_6: height = 0.1
23.2296 	EXP 	text_6: height = 0.1
23.2296 	EXP 	text_6: height = 0.1
23.2296 	EXP 	text_6: text = 'BLUE'
23.2296 	EXP 	text_5: autoDraw = True
23.2296 	EXP 	stopb: autoDraw = True
23.2296 	EXP 	stopl: autoDraw = True
23.2296 	EXP 	stopr: autoDraw = True
23.2296 	EXP 	text_6: autoDraw = True
23.7513 	DATA 	Keypress: b
23.7651 	EXP 	New trial (rep=0, index=7): {'word': 'BLUE', 'color': 'blue', 'correct': 'b'}
23.7777 	EXP 	text_5: autoDraw = False
23.7777 	EXP 	stopb: autoDraw = False
23.7777 	EXP 	stopl: autoDraw = False
23.7777 	EXP 	stopr: autoDraw = False
23.7777 	EXP 	text_6: autoDraw = False
23.7777 	EXP 	text_6: foreColor = <psychopy.colors.Color: blue, alpha=1.0>
23.7777 	EXP 	text_6: text = 'BLUE'
23.7777 	EXP 	text_5: autoDraw = True
23.7777 	EXP 	stopb: autoDraw = True
23.7777 	EXP 	stopl: autoDraw = True
23.7777 	EXP 	stopr: autoDraw = True
23.7777 	EXP 	text_6: autoDraw = True
24.2322 	EXP 	New trial (rep=0, index=8): {'word': 'BLUE', 'color': 'blue', 'correct': 'b'}
24.2401 	DATA 	Keypress: r
24.2447 	EXP 	text_5: autoDraw = False
24.2447 	EXP 	stopb: autoDraw = False
24.2447 	EXP 	stopl: autoDraw = False
24.2447 	EXP 	stopr: autoDraw = False
24.2447 	EXP 	text_6: autoDraw = False
24.2447 	EXP 	text_6: foreColor = <psychopy.colors.Color: blue, alpha=1.0>
24.2447 	EXP 	text_6: text = 'BLUE'
24.2447 	EXP 	text_5: autoDraw = True
24.2447 	EXP 	stopb: autoDraw = True
24.2447 	EXP 	stopl: autoDraw = True
24.2447 	EXP 	stopr: autoDraw = True
24.2447 	EXP 	text_6: autoDraw = True
24.6324 	EXP 	New trial (rep=0, index=9): {'word': 'BLUE', 'color': 'red', 'correct': 'r'}
24.6400 	DATA 	Keypress: b
24.6445 	EXP 	text_5: autoDraw = False
24.6445 	EXP 	stopb: autoDraw = False
24.6445 	EXP 	stopl: autoDraw = False
24.6445 	EXP 	stopr: autoDraw = False
24.6445 	EXP 	text_6: autoDraw = False
24.6445 	EXP 	text_6: foreColor = <psychopy.colors.Color: red, alpha=1.0>
24.6445 	EXP 	text_6: text = 'BLUE'
24.6445 	EXP 	text_5: autoDraw = True
24.6445 	EXP 	stopb: autoDraw = True
24.6445 	EXP 	stopl: autoDraw = True
24.6445 	EXP 	stopr: autoDraw = True
24.6445 	EXP 	text_6: autoDraw = True
25.0815 	EXP 	New trial (rep=0, index=10): {'word': 'RED', 'color': 'blue', 'correct': 'b'}
25.0912 	DATA 	Keypress: r
25.0958 	EXP 	text_5: autoDraw = False
25.0958 	EXP 	stopb: autoDraw = False
25.0958 	EXP 	stopl: autoDraw = False
25.0958 	EXP 	stopr: autoDraw = False
25.0958 	EXP 	text_6: autoDraw = False
25.0958 	EXP 	text_6: foreColor = <psychopy.colors.Color: blue, alpha=1.0>
25.0958 	EXP 	text_6: height = 0.1
25.0958 	EXP 	text_6: height = 0.1
25.0958 	EXP 	text_6: height = 0.1
25.0958 	EXP 	text_6: text = 'RED'
25.0958 	EXP 	text_5: autoDraw = True
25.0958 	EXP 	stopb: autoDraw = True
25.0958 	EXP 	stopl: autoDraw = True
25.0958 	EXP 	stopr: autoDraw = True
25.0958 	EXP 	text_6: autoDraw = True
25.5649 	EXP 	New trial (rep=0, index=11): {'word': 'RED', 'color': 'red', 'correct': 'r'}
25.5722 	DATA 	Keypress: b
25.5772 	EXP 	text_5: autoDraw = False
25.5772 	EXP 	stopb: autoDraw = False
25.5772 	EXP 	stopl: autoDraw = False
25.5772 	EXP 	stopr: autoDraw = False
25.5772 	EXP 	text_6: autoDraw = False
25.5772 	EXP 	text_6: foreColor = <psychopy.colors.Color: red, alpha=1.0>
25.5772 	EXP 	text_6: text = 'RED'
25.5772 	EXP 	text_5: autoDraw = True
25.5772 	EXP 	stopb: autoDraw = True
25.5772 	EXP 	stopl: autoDraw = True
25.5772 	EXP 	stopr: autoDraw = True
25.5772 	EXP 	text_6: autoDraw = True
26.0979 	EXP 	New trial (rep=0, index=12): {'word': 'BLUE', 'color': 'red', 'correct': 'r'}
26.1075 	DATA 	Keypress: r
26.1122 	EXP 	text_5: autoDraw = False
26.1122 	EXP 	stopb: autoDraw = False
26.1122 	EXP 	stopl: autoDraw = False
26.1122 	EXP 	stopr: autoDraw = False
26.1122 	EXP 	text_6: autoDraw = False
26.1122 	EXP 	text_6: foreColor = <psychopy.colors.Color: red, alpha=1.0>
26.1122 	EXP 	text_6: height = 0.1
26.1122 	EXP 	text_6: height = 0.1
26.1122 	EXP 	text_6: height = 0.1
26.1122 	EXP 	text_6: text = 'BLUE'
26.1122 	EXP 	text_5: autoDraw = True
26.1122 	EXP 	stopb: autoDraw = True
26.1122 	EXP 	stopl: autoDraw = True
26.1122 	EXP 	stopr: autoDraw = True
26.1122 	EXP 	text_6: autoDraw = True
26.5311 	EXP 	New trial (rep=0, index=13): {'word': 'RED', 'color': 'red', 'correct': 'r'}
26.5405 	DATA 	Keypress: b
26.5456 	EXP 	text_5: autoDraw = False
26.5456 	EXP 	stopb: autoDraw = False
26.5456 	EXP 	stopl: autoDraw = False
26.5456 	EXP 	stopr: autoDraw = False
26.5456 	EXP 	text_6: autoDraw = False
26.5456 	EXP 	text_6: foreColor = <psychopy.colors.Color: red, alpha=1.0>
26.5456 	EXP 	text_6: height = 0.1
26.5456 	EXP 	text_6: height = 0.1
26.5456 	EXP 	text_6: height = 0.1
26.5456 	EXP 	text_6: text = 'RED'
26.5456 	EXP 	text_5: autoDraw = True
26.5456 	EXP 	stopb: autoDraw = True
26.5456 	EXP 	stopl: autoDraw = True
26.5456 	EXP 	stopr: autoDraw = True
26.5456 	EXP 	text_6: autoDraw = True
27.4171 	DATA 	Keypress: r
27.4309 	EXP 	New trial (rep=0, index=14): {'word': 'BLUE', 'color': 'red', 'correct': 'r'}
27.4464 	EXP 	text_5: autoDraw = False
27.4464 	EXP 	stopb: autoDraw = False
27.4464 	EXP 	stopl: autoDraw = False
27.4464 	EXP 	stopr: autoDraw = False
27.4464 	EXP 	text_6: autoDraw = False
27.4464 	EXP 	text_6: foreColor = <psychopy.colors.Color: red, alpha=1.0>
27.4464 	EXP 	text_6: height = 0.1
27.4464 	EXP 	text_6: height = 0.1
27.4464 	EXP 	text_6: height = 0.1
27.4464 	EXP 	text_6: text = 'BLUE'
27.4464 	EXP 	text_5: autoDraw = True
27.4464 	EXP 	stopb: autoDraw = True
27.4464 	EXP 	stopl: autoDraw = True
27.4464 	EXP 	stopr: autoDraw = True
27.4464 	EXP 	text_6: autoDraw = True
27.8471 	EXP 	New trial (rep=0, index=15): {'word': 'RED', 'color': 'red', 'correct': 'r'}
27.8573 	DATA 	Keypress: b
27.8617 	EXP 	text_5: autoDraw = False
27.8617 	EXP 	stopb: autoDraw = False
27.8617 	EXP 	stopl: autoDraw = False
27.8617 	EXP 	stopr: autoDraw = False
27.8617 	EXP 	text_6: autoDraw = False
27.8617 	EXP 	text_6: foreColor = <psychopy.colors.Color: red, alpha=1.0>
27.8617 	EXP 	text_6: height = 0.1
27.8617 	EXP 	text_6: height = 0.1
27.8617 	EXP 	text_6: height = 0.1
27.8617 	EXP 	text_6: text = 'RED'
27.8617 	EXP 	text_5: autoDraw = True
27.8617 	EXP 	stopb: autoDraw = True
27.8617 	EXP 	stopl: autoDraw = True
27.8617 	EXP 	stopr: autoDraw = True
27.8617 	EXP 	text_6: autoDraw = True
28.3660 	DATA 	Keypress: r
28.3805 	EXP 	New trial (rep=0, index=16): {'word': 'BLUE', 'color': 'blue', 'correct': 'b'}
28.3959 	EXP 	text_5: autoDraw = False
28.3959 	EXP 	stopb: autoDraw = False
28.3959 	EXP 	stopl: autoDraw = False
28.3959 	EXP 	stopr: autoDraw = False
28.3959 	EXP 	text_6: autoDraw = False
28.3959 	EXP 	text_6: foreColor = <psychopy.colors.Color: blue, alpha=1.0>
28.3959 	EXP 	text_6: height = 0.1
28.3959 	EXP 	text_6: height = 0.1
28.3959 	EXP 	text_6: height = 0.1
28.3959 	EXP 	text_6: text = 'BLUE'
28.3959 	EXP 	text_5: autoDraw = True
28.3959 	EXP 	stopb: autoDraw = True
28.3959 	EXP 	stopl: autoDraw = True
28.3959 	EXP 	stopr: autoDraw = True
28.3959 	EXP 	text_6: autoDraw = True
28.7643 	EXP 	New trial (rep=0, index=17): {'word': 'RED', 'color': 'blue', 'correct': 'b'}
28.7743 	DATA 	Keypress: b
28.7791 	EXP 	text_5: autoDraw = False
28.7791 	EXP 	stopb: autoDraw = False
28.7791 	EXP 	stopl: autoDraw = False
28.7791 	EXP 	stopr: autoDraw = False
28.7791 	EXP 	text_6: autoDraw = False
28.7791 	EXP 	text_6: foreColor = <psychopy.colors.Color: blue, alpha=1.0>
28.7791 	EXP 	text_6: height = 0.1
28.7791 	EXP 	text_6: height = 0.1
28.7791 	EXP 	text_6: height = 0.1
28.7791 	EXP 	text_6: text = 'RED'
28.7791 	EXP 	text_5: autoDraw = True
28.7791 	EXP 	stopb: autoDraw = True
28.7791 	EXP 	stopl: autoDraw = True
28.7791 	EXP 	stopr: autoDraw = True
28.7791 	EXP 	text_6: autoDraw = True
29.1639 	EXP 	New trial (rep=0, index=18): {'word': 'BLUE', 'color': 'blue', 'correct': 'b'}
29.1728 	DATA 	Keypress: r
29.1776 	EXP 	text_5: autoDraw = False
29.1776 	EXP 	stopb: autoDraw = False
29.1776 	EXP 	stopl: autoDraw = False
29.1776 	EXP 	stopr: autoDraw = False
29.1776 	EXP 	text_6: autoDraw = False
29.1776 	EXP 	text_6: foreColor = <psychopy.colors.Color: blue, alpha=1.0>
29.1776 	EXP 	text_6: height = 0.1
29.1776 	EXP 	text_6: height = 0.1
29.1776 	EXP 	text_6: height = 0.1
29.1776 	EXP 	text_6: text = 'BLUE'
29.1776 	EXP 	text_5: autoDraw = True
29.1776 	EXP 	stopb: autoDraw = True
29.1776 	EXP 	stopl: autoDraw = True
29.1776 	EXP 	stopr: autoDraw = True
29.1776 	EXP 	text_6: autoDraw = True
29.4967 	EXP 	New trial (rep=0, index=19): {'word': 'RED', 'color': 'red', 'correct': 'r'}
29.5060 	DATA 	Keypress: b
29.5104 	EXP 	text_5: autoDraw = False
29.5104 	EXP 	stopb: autoDraw = False
29.5104 	EXP 	stopl: autoDraw = False
29.5104 	EXP 	stopr: autoDraw = False
29.5104 	EXP 	text_6: autoDraw = False
29.5104 	EXP 	text_6: foreColor = <psychopy.colors.Color: red, alpha=1.0>
29.5104 	EXP 	text_6: height = 0.1
29.5104 	EXP 	text_6: height = 0.1
29.5104 	EXP 	text_6: height = 0.1
29.5104 	EXP 	text_6: text = 'RED'
29.5104 	EXP 	text_5: autoDraw = True
29.5104 	EXP 	stopb: autoDraw = True
29.5104 	EXP 	stopl: autoDraw = True
29.5104 	EXP 	stopr: autoDraw = True
29.5104 	EXP 	text_6: autoDraw = True
29.8537 	EXP 	Sound sound_1 set volume 1.000
29.8546 	EXP 	New trial (rep=0, index=1): OrderedDict([('Participant1', 30), ('Participant2', 105), ('Participant3', 105), ('Participant4', 60), ('Participant5', 120), ('Participant6', 120), ('Participant7', 120), ('Participant8', 105), ('Participant9', 60), ('Participant10', 105), ('Participant11', 60), ('Participant12', 30), ('Participant13', 60), ('Participant14', 120), ('Participant15', 30), ('Participant16', 30), ('Participant17', 30), ('Participant18', 105), ('Participant19', 105), ('Participant20', 60), ('Participant21', 120), ('Participant22', 120), ('Participant23', 120), ('Participant24', 105), ('Participant25', 60), ('Participant26', 105)])
29.8602 	DATA 	Keypress: r
29.8661 	EXP 	text_5: autoDraw = False
29.8661 	EXP 	stopb: autoDraw = False
29.8661 	EXP 	stopl: autoDraw = False
29.8661 	EXP 	stopr: autoDraw = False
29.8661 	EXP 	text_6: autoDraw = False
29.8661 	EXP 	text_2: height = 0.05
29.8661 	EXP 	text_2: height = 0.05
29.8661 	EXP 	text_2: height = 0.05
29.8661 	EXP 	text_2: text = 30
29.8661 	EXP 	text_3: autoDraw = True
29.8661 	EXP 	text_2: autoDraw = True
29.8661 	EXP 	text_4: autoDraw = True
35.9633 	EXP 	Imported C:/Users/carelab/Desktop/Erik/resources/stroop.xlsx as conditions, 20 conditions, 3 params
35.9639 	EXP 	Created sequence: random, trialTypes=20, nReps=1, seed=None
35.9642 	EXP 	New trial (rep=0, index=0): {'word': 'BLUE', 'color': 'blue', 'correct': 'b'}
35.9742 	DATA 	Keypress: space
35.9788 	EXP 	text_3: autoDraw = False
35.9788 	EXP 	text_2: autoDraw = False
35.9788 	EXP 	text_4: autoDraw = False
35.9788 	EXP 	text_6: foreColor = <psychopy.colors.Color: blue, alpha=1.0>
35.9788 	EXP 	text_6: height = 0.1
35.9788 	EXP 	text_6: height = 0.1
35.9788 	EXP 	text_6: height = 0.1
35.9788 	EXP 	text_6: text = 'BLUE'
35.9788 	EXP 	text_5: autoDraw = True
35.9788 	EXP 	stopb: autoDraw = True
35.9788 	EXP 	stopl: autoDraw = True
35.9788 	EXP 	stopr: autoDraw = True
35.9788 	EXP 	text_6: autoDraw = True
37.6778 	EXP 	New trial (rep=0, index=1): {'word': 'BLUE', 'color': 'red', 'correct': 'r'}
37.6862 	DATA 	Keypress: r
37.6913 	EXP 	text_5: autoDraw = False
37.6913 	EXP 	stopb: autoDraw = False
37.6913 	EXP 	stopl: autoDraw = False
37.6913 	EXP 	stopr: autoDraw = False
37.6913 	EXP 	text_6: autoDraw = False
37.6913 	EXP 	text_6: foreColor = <psychopy.colors.Color: red, alpha=1.0>
37.6913 	EXP 	text_6: text = 'BLUE'
37.6913 	EXP 	text_5: autoDraw = True
37.6913 	EXP 	stopb: autoDraw = True
37.6913 	EXP 	stopl: autoDraw = True
37.6913 	EXP 	stopr: autoDraw = True
37.6913 	EXP 	text_6: autoDraw = True
38.0247 	EXP 	New trial (rep=0, index=2): {'word': 'BLUE', 'color': 'blue', 'correct': 'b'}
38.0315 	DATA 	Keypress: b
38.0365 	EXP 	text_5: autoDraw = False
38.0365 	EXP 	stopb: autoDraw = False
38.0365 	EXP 	stopl: autoDraw = False
38.0365 	EXP 	stopr: autoDraw = False
38.0365 	EXP 	text_6: autoDraw = False
38.0365 	EXP 	text_6: foreColor = <psychopy.colors.Color: blue, alpha=1.0>
38.0365 	EXP 	text_6: text = 'BLUE'
38.0365 	EXP 	text_5: autoDraw = True
38.0365 	EXP 	stopb: autoDraw = True
38.0365 	EXP 	stopl: autoDraw = True
38.0365 	EXP 	stopr: autoDraw = True
38.0365 	EXP 	text_6: autoDraw = True
38.3077 	EXP 	New trial (rep=0, index=3): {'word': 'RED', 'color': 'red', 'correct': 'r'}
38.3172 	DATA 	Keypress: r
38.3222 	EXP 	text_5: autoDraw = False
38.3222 	EXP 	stopb: autoDraw = False
38.3222 	EXP 	stopl: autoDraw = False
38.3222 	EXP 	stopr: autoDraw = False
38.3222 	EXP 	text_6: autoDraw = False
38.3222 	EXP 	text_6: foreColor = <psychopy.colors.Color: red, alpha=1.0>
38.3222 	EXP 	text_6: height = 0.1
38.3222 	EXP 	text_6: height = 0.1
38.3222 	EXP 	text_6: height = 0.1
38.3222 	EXP 	text_6: text = 'RED'
38.3222 	EXP 	text_5: autoDraw = True
38.3222 	EXP 	stopb: autoDraw = True
38.3222 	EXP 	stopl: autoDraw = True
38.3222 	EXP 	stopr: autoDraw = True
38.3222 	EXP 	text_6: autoDraw = True
38.5690 	DATA 	Keypress: b
38.5886 	EXP 	New trial (rep=0, index=4): {'word': 'BLUE', 'color': 'red', 'correct': 'r'}
38.6056 	EXP 	text_5: autoDraw = False
38.6056 	EXP 	stopb: autoDraw = False
38.6056 	EXP 	stopl: autoDraw = False
38.6056 	EXP 	stopr: autoDraw = False
38.6056 	EXP 	text_6: autoDraw = False
38.6056 	EXP 	text_6: foreColor = <psychopy.colors.Color: red, alpha=1.0>
38.6056 	EXP 	text_6: height = 0.1
38.6056 	EXP 	text_6: height = 0.1
38.6056 	EXP 	text_6: height = 0.1
38.6056 	EXP 	text_6: text = 'BLUE'
38.6056 	EXP 	text_5: autoDraw = True
38.6056 	EXP 	stopb: autoDraw = True
38.6056 	EXP 	stopl: autoDraw = True
38.6056 	EXP 	stopr: autoDraw = True
38.6056 	EXP 	text_6: autoDraw = True
38.8501 	EXP 	New trial (rep=0, index=5): {'word': 'RED', 'color': 'red', 'correct': 'r'}
38.8629 	DATA 	Keypress: r
38.8673 	EXP 	text_5: autoDraw = False
38.8673 	EXP 	stopb: autoDraw = False
38.8673 	EXP 	stopl: autoDraw = False
38.8673 	EXP 	stopr: autoDraw = False
38.8673 	EXP 	text_6: autoDraw = False
38.8673 	EXP 	text_6: foreColor = <psychopy.colors.Color: red, alpha=1.0>
38.8673 	EXP 	text_6: height = 0.1
38.8673 	EXP 	text_6: height = 0.1
38.8673 	EXP 	text_6: height = 0.1
38.8673 	EXP 	text_6: text = 'RED'
38.8673 	EXP 	text_5: autoDraw = True
38.8673 	EXP 	stopb: autoDraw = True
38.8673 	EXP 	stopl: autoDraw = True
38.8673 	EXP 	stopr: autoDraw = True
38.8673 	EXP 	text_6: autoDraw = True
39.1200 	EXP 	New trial (rep=0, index=6): {'word': 'RED', 'color': 'red', 'correct': 'r'}
39.1304 	DATA 	Keypress: b
39.1349 	EXP 	text_5: autoDraw = False
39.1349 	EXP 	stopb: autoDraw = False
39.1349 	EXP 	stopl: autoDraw = False
39.1349 	EXP 	stopr: autoDraw = False
39.1349 	EXP 	text_6: autoDraw = False
39.1349 	EXP 	text_6: foreColor = <psychopy.colors.Color: red, alpha=1.0>
39.1349 	EXP 	text_6: text = 'RED'
39.1349 	EXP 	text_5: autoDraw = True
39.1349 	EXP 	stopb: autoDraw = True
39.1349 	EXP 	stopl: autoDraw = True
39.1349 	EXP 	stopr: autoDraw = True
39.1349 	EXP 	text_6: autoDraw = True
39.3517 	EXP 	New trial (rep=0, index=7): {'word': 'RED', 'color': 'red', 'correct': 'r'}
39.3601 	DATA 	Keypress: r
39.3648 	EXP 	text_5: autoDraw = False
39.3648 	EXP 	stopb: autoDraw = False
39.3648 	EXP 	stopl: autoDraw = False
39.3648 	EXP 	stopr: autoDraw = False
39.3648 	EXP 	text_6: autoDraw = False
39.3648 	EXP 	text_6: foreColor = <psychopy.colors.Color: red, alpha=1.0>
39.3648 	EXP 	text_6: text = 'RED'
39.3648 	EXP 	text_5: autoDraw = True
39.3648 	EXP 	stopb: autoDraw = True
39.3648 	EXP 	stopl: autoDraw = True
39.3648 	EXP 	stopr: autoDraw = True
39.3648 	EXP 	text_6: autoDraw = True
39.6289 	EXP 	New trial (rep=0, index=8): {'word': 'RED', 'color': 'red', 'correct': 'r'}
39.6399 	DATA 	Keypress: r
39.6442 	EXP 	text_5: autoDraw = False
39.6442 	EXP 	stopb: autoDraw = False
39.6442 	EXP 	stopl: autoDraw = False
39.6442 	EXP 	stopr: autoDraw = False
39.6442 	EXP 	text_6: autoDraw = False
39.6442 	EXP 	text_6: foreColor = <psychopy.colors.Color: red, alpha=1.0>
39.6442 	EXP 	text_6: text = 'RED'
39.6442 	EXP 	text_5: autoDraw = True
39.6442 	EXP 	stopb: autoDraw = True
39.6442 	EXP 	stopl: autoDraw = True
39.6442 	EXP 	stopr: autoDraw = True
39.6442 	EXP 	text_6: autoDraw = True
39.8062 	EXP 	New trial (rep=0, index=9): {'word': 'RED', 'color': 'red', 'correct': 'r'}
39.8140 	DATA 	Keypress: r
39.8187 	EXP 	text_5: autoDraw = False
39.8187 	EXP 	stopb: autoDraw = False
39.8187 	EXP 	stopl: autoDraw = False
39.8187 	EXP 	stopr: autoDraw = False
39.8187 	EXP 	text_6: autoDraw = False
39.8187 	EXP 	text_6: foreColor = <psychopy.colors.Color: red, alpha=1.0>
39.8187 	EXP 	text_6: text = 'RED'
39.8187 	EXP 	text_5: autoDraw = True
39.8187 	EXP 	stopb: autoDraw = True
39.8187 	EXP 	stopl: autoDraw = True
39.8187 	EXP 	stopr: autoDraw = True
39.8187 	EXP 	text_6: autoDraw = True
40.0922 	EXP 	New trial (rep=0, index=10): {'word': 'BLUE', 'color': 'red', 'correct': 'r'}
40.1076 	DATA 	Keypress: r
40.1121 	EXP 	text_5: autoDraw = False
40.1121 	EXP 	stopb: autoDraw = False
40.1121 	EXP 	stopl: autoDraw = False
40.1121 	EXP 	stopr: autoDraw = False
40.1121 	EXP 	text_6: autoDraw = False
40.1121 	EXP 	text_6: foreColor = <psychopy.colors.Color: red, alpha=1.0>
40.1121 	EXP 	text_6: height = 0.1
40.1121 	EXP 	text_6: height = 0.1
40.1121 	EXP 	text_6: height = 0.1
40.1121 	EXP 	text_6: text = 'BLUE'
40.1121 	EXP 	text_5: autoDraw = True
40.1121 	EXP 	stopb: autoDraw = True
40.1121 	EXP 	stopl: autoDraw = True
40.1121 	EXP 	stopr: autoDraw = True
40.1121 	EXP 	text_6: autoDraw = True
40.2922 	DATA 	Keypress: r
40.3032 	EXP 	New trial (rep=0, index=11): {'word': 'RED', 'color': 'red', 'correct': 'r'}
40.3176 	EXP 	text_5: autoDraw = False
40.3176 	EXP 	stopb: autoDraw = False
40.3176 	EXP 	stopl: autoDraw = False
40.3176 	EXP 	stopr: autoDraw = False
40.3176 	EXP 	text_6: autoDraw = False
40.3176 	EXP 	text_6: foreColor = <psychopy.colors.Color: red, alpha=1.0>
40.3176 	EXP 	text_6: height = 0.1
40.3176 	EXP 	text_6: height = 0.1
40.3176 	EXP 	text_6: height = 0.1
40.3176 	EXP 	text_6: text = 'RED'
40.3176 	EXP 	text_5: autoDraw = True
40.3176 	EXP 	stopb: autoDraw = True
40.3176 	EXP 	stopl: autoDraw = True
40.3176 	EXP 	stopr: autoDraw = True
40.3176 	EXP 	text_6: autoDraw = True
40.4995 	EXP 	New trial (rep=0, index=12): {'word': 'BLUE', 'color': 'blue', 'correct': 'b'}
40.5122 	DATA 	Keypress: r
40.5167 	EXP 	text_5: autoDraw = False
40.5167 	EXP 	stopb: autoDraw = False
40.5167 	EXP 	stopl: autoDraw = False
40.5167 	EXP 	stopr: autoDraw = False
40.5167 	EXP 	text_6: autoDraw = False
40.5167 	EXP 	text_6: foreColor = <psychopy.colors.Color: blue, alpha=1.0>
40.5167 	EXP 	text_6: height = 0.1
40.5167 	EXP 	text_6: height = 0.1
40.5167 	EXP 	text_6: height = 0.1
40.5167 	EXP 	text_6: text = 'BLUE'
40.5167 	EXP 	text_5: autoDraw = True
40.5167 	EXP 	stopb: autoDraw = True
40.5167 	EXP 	stopl: autoDraw = True
40.5167 	EXP 	stopr: autoDraw = True
40.5167 	EXP 	text_6: autoDraw = True
40.6782 	DATA 	Keypress: r
40.6999 	EXP 	New trial (rep=0, index=13): {'word': 'RED', 'color': 'blue', 'correct': 'b'}
40.7166 	EXP 	text_5: autoDraw = False
40.7166 	EXP 	stopb: autoDraw = False
40.7166 	EXP 	stopl: autoDraw = False
40.7166 	EXP 	stopr: autoDraw = False
40.7166 	EXP 	text_6: autoDraw = False
40.7166 	EXP 	text_6: foreColor = <psychopy.colors.Color: blue, alpha=1.0>
40.7166 	EXP 	text_6: height = 0.1
40.7166 	EXP 	text_6: height = 0.1
40.7166 	EXP 	text_6: height = 0.1
40.7166 	EXP 	text_6: text = 'RED'
40.7166 	EXP 	text_5: autoDraw = True
40.7166 	EXP 	stopb: autoDraw = True
40.7166 	EXP 	stopl: autoDraw = True
40.7166 	EXP 	stopr: autoDraw = True
40.7166 	EXP 	text_6: autoDraw = True
40.8713 	DATA 	Keypress: r
40.8818 	EXP 	New trial (rep=0, index=14): {'word': 'BLUE', 'color': 'red', 'correct': 'r'}
40.8955 	EXP 	text_5: autoDraw = False
40.8955 	EXP 	stopb: autoDraw = False
40.8955 	EXP 	stopl: autoDraw = False
40.8955 	EXP 	stopr: autoDraw = False
40.8955 	EXP 	text_6: autoDraw = False
40.8955 	EXP 	text_6: foreColor = <psychopy.colors.Color: red, alpha=1.0>
40.8955 	EXP 	text_6: height = 0.1
40.8955 	EXP 	text_6: height = 0.1
40.8955 	EXP 	text_6: height = 0.1
40.8955 	EXP 	text_6: text = 'BLUE'
40.8955 	EXP 	text_5: autoDraw = True
40.8955 	EXP 	stopb: autoDraw = True
40.8955 	EXP 	stopl: autoDraw = True
40.8955 	EXP 	stopr: autoDraw = True
40.8955 	EXP 	text_6: autoDraw = True
41.0607 	DATA 	Keypress: r
41.0723 	EXP 	New trial (rep=0, index=15): {'word': 'BLUE', 'color': 'blue', 'correct': 'b'}
41.0856 	EXP 	text_5: autoDraw = False
41.0856 	EXP 	stopb: autoDraw = False
41.0856 	EXP 	stopl: autoDraw = False
41.0856 	EXP 	stopr: autoDraw = False
41.0856 	EXP 	text_6: autoDraw = False
41.0856 	EXP 	text_6: foreColor = <psychopy.colors.Color: blue, alpha=1.0>
41.0856 	EXP 	text_6: text = 'BLUE'
41.0856 	EXP 	text_5: autoDraw = True
41.0856 	EXP 	stopb: autoDraw = True
41.0856 	EXP 	stopl: autoDraw = True
41.0856 	EXP 	stopr: autoDraw = True
41.0856 	EXP 	text_6: autoDraw = True
41.2495 	EXP 	New trial (rep=0, index=16): {'word': 'RED', 'color': 'blue', 'correct': 'b'}
41.2622 	DATA 	Keypress: r
41.2668 	EXP 	text_5: autoDraw = False
41.2668 	EXP 	stopb: autoDraw = False
41.2668 	EXP 	stopl: autoDraw = False
41.2668 	EXP 	stopr: autoDraw = False
41.2668 	EXP 	text_6: autoDraw = False
41.2668 	EXP 	text_6: foreColor = <psychopy.colors.Color: blue, alpha=1.0>
41.2668 	EXP 	text_6: height = 0.1
41.2668 	EXP 	text_6: height = 0.1
41.2668 	EXP 	text_6: height = 0.1
41.2668 	EXP 	text_6: text = 'RED'
41.2668 	EXP 	text_5: autoDraw = True
41.2668 	EXP 	stopb: autoDraw = True
41.2668 	EXP 	stopl: autoDraw = True
41.2668 	EXP 	stopr: autoDraw = True
41.2668 	EXP 	text_6: autoDraw = True
41.3975 	EXP 	New trial (rep=0, index=17): {'word': 'BLUE', 'color': 'blue', 'correct': 'b'}
41.4067 	DATA 	Keypress: r
41.4114 	EXP 	text_5: autoDraw = False
41.4114 	EXP 	stopb: autoDraw = False
41.4114 	EXP 	stopl: autoDraw = False
41.4114 	EXP 	stopr: autoDraw = False
41.4114 	EXP 	text_6: autoDraw = False
41.4114 	EXP 	text_6: foreColor = <psychopy.colors.Color: blue, alpha=1.0>
41.4114 	EXP 	text_6: height = 0.1
41.4114 	EXP 	text_6: height = 0.1
41.4114 	EXP 	text_6: height = 0.1
41.4114 	EXP 	text_6: text = 'BLUE'
41.4114 	EXP 	text_5: autoDraw = True
41.4114 	EXP 	stopb: autoDraw = True
41.4114 	EXP 	stopl: autoDraw = True
41.4114 	EXP 	stopr: autoDraw = True
41.4114 	EXP 	text_6: autoDraw = True
41.5621 	EXP 	New trial (rep=0, index=18): {'word': 'RED', 'color': 'red', 'correct': 'r'}
41.5718 	DATA 	Keypress: r
41.5764 	EXP 	text_5: autoDraw = False
41.5764 	EXP 	stopb: autoDraw = False
41.5764 	EXP 	stopl: autoDraw = False
41.5764 	EXP 	stopr: autoDraw = False
41.5764 	EXP 	text_6: autoDraw = False
41.5764 	EXP 	text_6: foreColor = <psychopy.colors.Color: red, alpha=1.0>
41.5764 	EXP 	text_6: height = 0.1
41.5764 	EXP 	text_6: height = 0.1
41.5764 	EXP 	text_6: height = 0.1
41.5764 	EXP 	text_6: text = 'RED'
41.5764 	EXP 	text_5: autoDraw = True
41.5764 	EXP 	stopb: autoDraw = True
41.5764 	EXP 	stopl: autoDraw = True
41.5764 	EXP 	stopr: autoDraw = True
41.5764 	EXP 	text_6: autoDraw = True
41.7543 	DATA 	Keypress: r
41.7649 	EXP 	New trial (rep=0, index=19): {'word': 'BLUE', 'color': 'blue', 'correct': 'b'}
41.7782 	EXP 	text_5: autoDraw = False
41.7782 	EXP 	stopb: autoDraw = False
41.7782 	EXP 	stopl: autoDraw = False
41.7782 	EXP 	stopr: autoDraw = False
41.7782 	EXP 	text_6: autoDraw = False
41.7782 	EXP 	text_6: foreColor = <psychopy.colors.Color: blue, alpha=1.0>
41.7782 	EXP 	text_6: height = 0.1
41.7782 	EXP 	text_6: height = 0.1
41.7782 	EXP 	text_6: height = 0.1
41.7782 	EXP 	text_6: text = 'BLUE'
41.7782 	EXP 	text_5: autoDraw = True
41.7782 	EXP 	stopb: autoDraw = True
41.7782 	EXP 	stopl: autoDraw = True
41.7782 	EXP 	stopr: autoDraw = True
41.7782 	EXP 	text_6: autoDraw = True
42.0371 	EXP 	Sound sound_1 set volume 1.000
42.0377 	EXP 	New trial (rep=0, index=2): OrderedDict([('Participant1', 30), ('Participant2', 30), ('Participant3', 30), ('Participant4', 105), ('Participant5', 105), ('Participant6', 60), ('Participant7', 120), ('Participant8', 120), ('Participant9', 120), ('Participant10', 105), ('Participant11', 60), ('Participant12', 105), ('Participant13', 60), ('Participant14', 30), ('Participant15', 60), ('Participant16', 120), ('Participant17', 30), ('Participant18', 30), ('Participant19', 30), ('Participant20', 105), ('Participant21', 105), ('Participant22', 60), ('Participant23', 120), ('Participant24', 120), ('Participant25', 120), ('Participant26', 105)])
42.0412 	DATA 	Keypress: r
42.0470 	EXP 	text_5: autoDraw = False
42.0470 	EXP 	stopb: autoDraw = False
42.0470 	EXP 	stopl: autoDraw = False
42.0470 	EXP 	stopr: autoDraw = False
42.0470 	EXP 	text_6: autoDraw = False
42.0470 	EXP 	text_2: height = 0.05
42.0470 	EXP 	text_2: height = 0.05
42.0470 	EXP 	text_2: height = 0.05
42.0470 	EXP 	text_2: text = 30
42.0470 	EXP 	text_3: autoDraw = True
42.0470 	EXP 	text_2: autoDraw = True
42.0470 	EXP 	text_4: autoDraw = True
42.1064 	DATA 	Keypress: r
42.3223 	DATA 	Keypress: r
43.0059 	DATA 	Keypress: r
43.2225 	DATA 	Keypress: r
43.4057 	DATA 	Keypress: b
43.9945 	EXP 	Imported C:/Users/carelab/Desktop/Erik/resources/stroop.xlsx as conditions, 20 conditions, 3 params
43.9951 	EXP 	Created sequence: random, trialTypes=20, nReps=1, seed=None
43.9954 	EXP 	New trial (rep=0, index=0): {'word': 'BLUE', 'color': 'blue', 'correct': 'b'}
44.0040 	DATA 	Keypress: space
44.0086 	EXP 	text_3: autoDraw = False
44.0086 	EXP 	text_2: autoDraw = False
44.0086 	EXP 	text_4: autoDraw = False
44.0086 	EXP 	text_6: foreColor = <psychopy.colors.Color: blue, alpha=1.0>
44.0086 	EXP 	text_6: text = 'BLUE'
44.0086 	EXP 	text_5: autoDraw = True
44.0086 	EXP 	stopb: autoDraw = True
44.0086 	EXP 	stopl: autoDraw = True
44.0086 	EXP 	stopr: autoDraw = True
44.0086 	EXP 	text_6: autoDraw = True
45.2462 	EXP 	New trial (rep=0, index=1): {'word': 'RED', 'color': 'red', 'correct': 'r'}
45.2572 	DATA 	Keypress: r
45.2617 	EXP 	text_5: autoDraw = False
45.2617 	EXP 	stopb: autoDraw = False
45.2617 	EXP 	stopl: autoDraw = False
45.2617 	EXP 	stopr: autoDraw = False
45.2617 	EXP 	text_6: autoDraw = False
45.2617 	EXP 	text_6: foreColor = <psychopy.colors.Color: red, alpha=1.0>
45.2617 	EXP 	text_6: height = 0.1
45.2617 	EXP 	text_6: height = 0.1
45.2617 	EXP 	text_6: height = 0.1
45.2617 	EXP 	text_6: text = 'RED'
45.2617 	EXP 	text_5: autoDraw = True
45.2617 	EXP 	stopb: autoDraw = True
45.2617 	EXP 	stopl: autoDraw = True
45.2617 	EXP 	stopr: autoDraw = True
45.2617 	EXP 	text_6: autoDraw = True
45.6435 	EXP 	New trial (rep=0, index=2): {'word': 'RED', 'color': 'red', 'correct': 'r'}
45.6512 	DATA 	Keypress: b
45.6562 	EXP 	text_5: autoDraw = False
45.6562 	EXP 	stopb: autoDraw = False
45.6562 	EXP 	stopl: autoDraw = False
45.6562 	EXP 	stopr: autoDraw = False
45.6562 	EXP 	text_6: autoDraw = False
45.6562 	EXP 	text_6: foreColor = <psychopy.colors.Color: red, alpha=1.0>
45.6562 	EXP 	text_6: text = 'RED'
45.6562 	EXP 	text_5: autoDraw = True
45.6562 	EXP 	stopb: autoDraw = True
45.6562 	EXP 	stopl: autoDraw = True
45.6562 	EXP 	stopr: autoDraw = True
45.6562 	EXP 	text_6: autoDraw = True
45.9920 	EXP 	New trial (rep=0, index=3): {'word': 'BLUE', 'color': 'blue', 'correct': 'b'}
46.0050 	DATA 	Keypress: b
46.0097 	EXP 	text_5: autoDraw = False
46.0097 	EXP 	stopb: autoDraw = False
46.0097 	EXP 	stopl: autoDraw = False
46.0097 	EXP 	stopr: autoDraw = False
46.0097 	EXP 	text_6: autoDraw = False
46.0097 	EXP 	text_6: foreColor = <psychopy.colors.Color: blue, alpha=1.0>
46.0097 	EXP 	text_6: height = 0.1
46.0097 	EXP 	text_6: height = 0.1
46.0097 	EXP 	text_6: height = 0.1
46.0097 	EXP 	text_6: text = 'BLUE'
46.0097 	EXP 	text_5: autoDraw = True
46.0097 	EXP 	stopb: autoDraw = True
46.0097 	EXP 	stopl: autoDraw = True
46.0097 	EXP 	stopr: autoDraw = True
46.0097 	EXP 	text_6: autoDraw = True
46.8752 	EXP 	New trial (rep=0, index=4): {'word': 'RED', 'color': 'blue', 'correct': 'b'}
46.8841 	DATA 	Keypress: r
46.8884 	EXP 	text_5: autoDraw = False
46.8884 	EXP 	stopb: autoDraw = False
46.8884 	EXP 	stopl: autoDraw = False
46.8884 	EXP 	stopr: autoDraw = False
46.8884 	EXP 	text_6: autoDraw = False
46.8884 	EXP 	text_6: foreColor = <psychopy.colors.Color: blue, alpha=1.0>
46.8884 	EXP 	text_6: height = 0.1
46.8884 	EXP 	text_6: height = 0.1
46.8884 	EXP 	text_6: height = 0.1
46.8884 	EXP 	text_6: text = 'RED'
46.8884 	EXP 	text_5: autoDraw = True
46.8884 	EXP 	stopb: autoDraw = True
46.8884 	EXP 	stopl: autoDraw = True
46.8884 	EXP 	stopr: autoDraw = True
46.8884 	EXP 	text_6: autoDraw = True
47.3952 	DATA 	Keypress: space
48.4426 	DATA 	Keypress: escape
55.0479 	EXP 	window1: mouseVisible = True
