2.2269 	WARNING 	We strongly recommend you activate the PTB sound engine in PsychoPy prefs as the preferred audio engine. Its timing is vastly superior. Your prefs are currently set to use ['sounddevice', 'PTB', 'pyo', 'pygame'] (in that order).
22.1265 	WARNING 	User requested fullscreen with size [1024  768], but screen is actually [2560, 1440]. Using actual size
24.5361 	EXP 	Created window1 = Window(allowGUI=True, allowStencil=False, autoLog=True, backendConf=UNKNOWN, bitsMode=UNKNOWN, blendMode='avg', bpc=(8, 8, 8), color=array([0, 0, 0]), colorSpace='rgb', depthBits=8, fullscr=<method-wrapper '__getattribute__' of attributeSetter object at 0x0000024CAB0C2430>, gamma=None, gammaErrorPolicy='raise', lms=UNKNOWN, monitor=<psychopy.monitors.calibTools.Monitor object at 0x0000024CACF99700>, multiSample=False, name='window1', numSamples=2, pos=(0, 0), screen=0, size=array([2560, 1440]), stencilBits=0, stereo=False, units='height', useFBO=True, useRetina=False, viewOri=0.0, viewPos=None, viewScale=None, waitBlanking=True, winType='pyglet')
24.5364 	EXP 	window1: mouseVisible = True
24.5368 	EXP 	window1: mouseVisible = False
24.5368 	EXP 	window1: Attempting to measure frame rate of screen (0) ...
24.5369 	EXP 	window1: recordFrameIntervals = False
24.7013 	EXP 	window1: recordFrameIntervals = True
24.8847 	EXP 	Screen (0) actual frame rate measured at 60.14Hz
24.8848 	EXP 	window1: recordFrameIntervals = False
26.6156 	EXP 	Created text_instr = TextStim(__class__=<class 'psychopy.visual.text.TextStim'>, alignHoriz=method-wrapper(...), alignText='center', alignVert=method-wrapper(...), anchorHoriz='center', anchorVert='center', antialias=True, autoDraw=False, autoLog=True, bold=False, color=array([1, 1, 1]), colorSpace='rgb', contrast=1.0, depth=0.0, flipHoriz=False, flipVert=False, font='Comic Sans', fontFiles=[], height=0.04, italic=False, languageStyle='LTR', name='text_instr', opacity=1.0, ori=0.0, pos=array([0., 0.]), rgb=UNKNOWN, text=str(...), units='height', win=Window(...), wrapWidth=1)
26.6282 	EXP 	Created image_next = ImageStim(__class__=<class 'psychopy.visual.image.ImageStim'>, anchor=('center', 'center'), autoLog=True, color=array([1, 1, 1]), colorSpace='rgb', contrast=1.0, depth=-1.0, flipHoriz=False, flipVert=False, image='next.png', interpolate=True, mask=None, maskParams=None, name='image_next', opacity=1.0, ori=0.0, pos=array([ 0.6, -0.4]), size=array([0.11319444, 0.06736111]), texRes=128.0, units='height', win=Window(...))
26.6286 	EXP 	window1: mouseVisible = True
26.6473 	EXP 	Created text_3 = TextStim(__class__=<class 'psychopy.visual.text.TextStim'>, alignHoriz=method-wrapper(...), alignText='center', alignVert=method-wrapper(...), anchorHoriz='center', anchorVert='center', antialias=True, autoDraw=False, autoLog=True, bold=False, color=array([1, 1, 1]), colorSpace='rgb', contrast=1.0, depth=0.0, flipHoriz=False, flipVert=False, font='Open Sans', fontFiles=[], height=0.05, italic=False, languageStyle='LTR', name='text_3', opacity=1.0, ori=0.0, pos=array([0. , 0.3]), rgb=UNKNOWN, text=str(...), units='height', win=Window(...), wrapWidth=1)
26.6483 	EXP 	Created text_2 = TextStim(__class__=<class 'psychopy.visual.text.TextStim'>, alignHoriz=method-wrapper(...), alignText='center', alignVert=method-wrapper(...), anchorHoriz='center', anchorVert='center', antialias=True, autoDraw=False, autoLog=True, bold=False, color=array([1, 1, 1]), colorSpace='rgb', contrast=1.0, depth=-1.0, flipHoriz=False, flipVert=False, font='Open Sans', fontFiles=[], height=0.05, italic=False, languageStyle='LTR', name='text_2', opacity=1.0, ori=0.0, pos=array([0., 0.]), rgb=UNKNOWN, text='', units='height', win=Window(...), wrapWidth=1)
26.6584 	EXP 	Created text_4 = TextStim(__class__=<class 'psychopy.visual.text.TextStim'>, alignHoriz=method-wrapper(...), alignText='center', alignVert=method-wrapper(...), anchorHoriz='center', anchorVert='center', antialias=True, autoDraw=False, autoLog=True, bold=False, color=array([1, 1, 1]), colorSpace='rgb', contrast=1.0, depth=-3.0, flipHoriz=False, flipVert=False, font='Open Sans', fontFiles=[], height=0.05, italic=False, languageStyle='LTR', name='text_4', opacity=1.0, ori=0.0, pos=array([ 0. , -0.2]), rgb=UNKNOWN, text=str(...), units='height', win=Window(...), wrapWidth=1)
26.6594 	EXP 	Created text_5 = TextStim(__class__=<class 'psychopy.visual.text.TextStim'>, alignHoriz=method-wrapper(...), alignText='center', alignVert=method-wrapper(...), anchorHoriz='center', anchorVert='center', antialias=True, autoDraw=False, autoLog=True, bold=False, color=array([1, 1, 1]), colorSpace='rgb', contrast=1.0, depth=0.0, flipHoriz=False, flipVert=False, font='Arial', fontFiles=[], height=0.1, italic=False, languageStyle='LTR', name='text_5', opacity=1.0, ori=0.0, pos=array([0. , 0.4]), rgb=UNKNOWN, text='', units='height', win=Window(...), wrapWidth=1)
26.6599 	EXP 	Created stopb = TextStim(__class__=<class 'psychopy.visual.text.TextStim'>, alignHoriz=method-wrapper(...), alignText='center', alignVert=method-wrapper(...), anchorHoriz='center', anchorVert='center', antialias=True, autoDraw=False, autoLog=True, bold=False, color=array([1, 1, 1]), colorSpace='rgb', contrast=1.0, depth=-1.0, flipHoriz=False, flipVert=False, font='Arial', fontFiles=[], height=0.1, italic=False, languageStyle='LTR', name='stopb', opacity=1.0, ori=0.0, pos=array([ 0. , -0.4]), rgb=UNKNOWN, text='', units='height', win=Window(...), wrapWidth=1)
26.6604 	EXP 	Created stopl = TextStim(__class__=<class 'psychopy.visual.text.TextStim'>, alignHoriz=method-wrapper(...), alignText='center', alignVert=method-wrapper(...), anchorHoriz='center', anchorVert='center', antialias=True, autoDraw=False, autoLog=True, bold=False, color=array([1, 1, 1]), colorSpace='rgb', contrast=1.0, depth=-2.0, flipHoriz=False, flipVert=False, font='Arial', fontFiles=[], height=0.1, italic=False, languageStyle='LTR', name='stopl', opacity=1.0, ori=90.0, pos=array([-0.75,  0.  ]), rgb=UNKNOWN, text='', units='height', win=Window(...), wrapWidth=1)
26.6609 	EXP 	Created stopr = TextStim(__class__=<class 'psychopy.visual.text.TextStim'>, alignHoriz=method-wrapper(...), alignText='center', alignVert=method-wrapper(...), anchorHoriz='center', anchorVert='center', antialias=True, autoDraw=False, autoLog=True, bold=False, color=array([1, 1, 1]), colorSpace='rgb', contrast=1.0, depth=-3.0, flipHoriz=False, flipVert=False, font='Arial', fontFiles=[], height=0.1, italic=False, languageStyle='LTR', name='stopr', opacity=1.0, ori=-90.0, pos=array([0.75, 0.  ]), rgb=UNKNOWN, text='', units='height', win=Window(...), wrapWidth=1)
26.6616 	EXP 	Created text_6 = TextStim(__class__=<class 'psychopy.visual.text.TextStim'>, alignHoriz=method-wrapper(...), alignText='center', alignVert=method-wrapper(...), anchorHoriz='center', anchorVert='center', antialias=True, autoDraw=False, autoLog=True, bold=False, color=array([1, 1, 1]), colorSpace='rgb', contrast=1.0, depth=-5.0, flipHoriz=False, flipVert=False, font='Open Sans', fontFiles=[], height=0.1, italic=False, languageStyle='LTR', name='text_6', opacity=1.0, ori=0.0, pos=array([0., 0.]), rgb=UNKNOWN, text='', units='height', win=Window(...), wrapWidth=1)
26.7420 	EXP 	Sound sound_1 set volume 1.000
26.7757 	EXP 	text_instr: autoDraw = True
26.7757 	EXP 	image_next: autoDraw = True
29.9671 	DATA 	Mouse: Left button down, pos=(2157,133)
29.9802 	EXP 	Imported C:/Users/carelab/Desktop/Erik/resources/Lsquare.csv as conditions, 16 conditions, 26 params
29.9808 	EXP 	Created sequence: sequential, trialTypes=16, nReps=1, seed=None
29.9814 	EXP 	New trial (rep=0, index=0): OrderedDict([('Participant1', 30), ('Participant2', 30), ('Participant3', 105), ('Participant4', 105), ('Participant5', 60), ('Participant6', 120), ('Participant7', 120), ('Participant8', 120), ('Participant9', 105), ('Participant10', 60), ('Participant11', 105), ('Participant12', 60), ('Participant13', 30), ('Participant14', 60), ('Participant15', 120), ('Participant16', 30), ('Participant17', 30), ('Participant18', 30), ('Participant19', 105), ('Participant20', 105), ('Participant21', 60), ('Participant22', 120), ('Participant23', 120), ('Participant24', 120), ('Participant25', 105), ('Participant26', 60)])
29.9950 	EXP 	text_instr: autoDraw = False
29.9950 	EXP 	image_next: autoDraw = False
29.9950 	EXP 	text_2: height = 0.05
29.9950 	EXP 	text_2: height = 0.05
29.9950 	EXP 	text_2: height = 0.05
29.9950 	EXP 	text_2: text = 30
29.9950 	EXP 	text_3: autoDraw = True
29.9950 	EXP 	text_2: autoDraw = True
29.9950 	EXP 	text_4: autoDraw = True
30.0353 	DATA 	Mouse:  Left button up, pos=(2157,133)
31.1606 	EXP 	Imported C:/Users/carelab/Desktop/Erik/resources/stroop.xlsx as conditions, 20 conditions, 3 params
31.1614 	EXP 	Created sequence: random, trialTypes=20, nReps=1, seed=None
31.1617 	EXP 	New trial (rep=0, index=0): {'word': 'RED', 'color': 'red', 'correct': 'r'}
31.1825 	DATA 	Keypress: space
31.1875 	EXP 	text_3: autoDraw = False
31.1875 	EXP 	text_2: autoDraw = False
31.1875 	EXP 	text_4: autoDraw = False
31.1875 	EXP 	text_6: foreColor = <psychopy.colors.Color: red, alpha=1.0>
31.1875 	EXP 	text_6: height = 0.1
31.1875 	EXP 	text_6: height = 0.1
31.1875 	EXP 	text_6: height = 0.1
31.1875 	EXP 	text_6: text = 'RED'
31.1875 	EXP 	text_5: autoDraw = True
31.1875 	EXP 	stopb: autoDraw = True
31.1875 	EXP 	stopl: autoDraw = True
31.1875 	EXP 	stopr: autoDraw = True
31.1875 	EXP 	text_6: autoDraw = True
32.4060 	EXP 	New trial (rep=0, index=1): {'word': 'RED', 'color': 'red', 'correct': 'r'}
32.4139 	DATA 	Keypress: space
32.4186 	EXP 	text_5: autoDraw = False
32.4186 	EXP 	stopb: autoDraw = False
32.4186 	EXP 	stopl: autoDraw = False
32.4186 	EXP 	stopr: autoDraw = False
32.4186 	EXP 	text_6: autoDraw = False
32.4186 	EXP 	text_6: foreColor = <psychopy.colors.Color: red, alpha=1.0>
32.4186 	EXP 	text_6: text = 'RED'
32.4186 	EXP 	text_5: autoDraw = True
32.4186 	EXP 	stopb: autoDraw = True
32.4186 	EXP 	stopl: autoDraw = True
32.4186 	EXP 	stopr: autoDraw = True
32.4186 	EXP 	text_6: autoDraw = True
33.6057 	EXP 	New trial (rep=0, index=2): {'word': 'BLUE', 'color': 'blue', 'correct': 'b'}
33.6200 	DATA 	Keypress: space
33.6250 	EXP 	text_5: autoDraw = False
33.6250 	EXP 	stopb: autoDraw = False
33.6250 	EXP 	stopl: autoDraw = False
33.6250 	EXP 	stopr: autoDraw = False
33.6250 	EXP 	text_6: autoDraw = False
33.6250 	EXP 	text_6: foreColor = <psychopy.colors.Color: blue, alpha=1.0>
33.6250 	EXP 	text_6: height = 0.1
33.6250 	EXP 	text_6: height = 0.1
33.6250 	EXP 	text_6: height = 0.1
33.6250 	EXP 	text_6: text = 'BLUE'
33.6250 	EXP 	text_5: autoDraw = True
33.6250 	EXP 	stopb: autoDraw = True
33.6250 	EXP 	stopl: autoDraw = True
33.6250 	EXP 	stopr: autoDraw = True
33.6250 	EXP 	text_6: autoDraw = True
34.0041 	EXP 	New trial (rep=0, index=3): {'word': 'RED', 'color': 'red', 'correct': 'r'}
34.0135 	DATA 	Keypress: space
34.0182 	EXP 	text_5: autoDraw = False
34.0182 	EXP 	stopb: autoDraw = False
34.0182 	EXP 	stopl: autoDraw = False
34.0182 	EXP 	stopr: autoDraw = False
34.0182 	EXP 	text_6: autoDraw = False
34.0182 	EXP 	text_6: foreColor = <psychopy.colors.Color: red, alpha=1.0>
34.0182 	EXP 	text_6: height = 0.1
34.0182 	EXP 	text_6: height = 0.1
34.0182 	EXP 	text_6: height = 0.1
34.0182 	EXP 	text_6: text = 'RED'
34.0182 	EXP 	text_5: autoDraw = True
34.0182 	EXP 	stopb: autoDraw = True
34.0182 	EXP 	stopl: autoDraw = True
34.0182 	EXP 	stopr: autoDraw = True
34.0182 	EXP 	text_6: autoDraw = True
34.4885 	EXP 	New trial (rep=0, index=4): {'word': 'BLUE', 'color': 'blue', 'correct': 'b'}
34.4983 	DATA 	Keypress: space
34.5028 	EXP 	text_5: autoDraw = False
34.5028 	EXP 	stopb: autoDraw = False
34.5028 	EXP 	stopl: autoDraw = False
34.5028 	EXP 	stopr: autoDraw = False
34.5028 	EXP 	text_6: autoDraw = False
34.5028 	EXP 	text_6: foreColor = <psychopy.colors.Color: blue, alpha=1.0>
34.5028 	EXP 	text_6: height = 0.1
34.5028 	EXP 	text_6: height = 0.1
34.5028 	EXP 	text_6: height = 0.1
34.5028 	EXP 	text_6: text = 'BLUE'
34.5028 	EXP 	text_5: autoDraw = True
34.5028 	EXP 	stopb: autoDraw = True
34.5028 	EXP 	stopl: autoDraw = True
34.5028 	EXP 	stopr: autoDraw = True
34.5028 	EXP 	text_6: autoDraw = True
34.8716 	EXP 	New trial (rep=0, index=5): {'word': 'BLUE', 'color': 'blue', 'correct': 'b'}
34.8788 	DATA 	Keypress: space
34.8833 	EXP 	text_5: autoDraw = False
34.8833 	EXP 	stopb: autoDraw = False
34.8833 	EXP 	stopl: autoDraw = False
34.8833 	EXP 	stopr: autoDraw = False
34.8833 	EXP 	text_6: autoDraw = False
34.8833 	EXP 	text_6: foreColor = <psychopy.colors.Color: blue, alpha=1.0>
34.8833 	EXP 	text_6: text = 'BLUE'
34.8833 	EXP 	text_5: autoDraw = True
34.8833 	EXP 	stopb: autoDraw = True
34.8833 	EXP 	stopl: autoDraw = True
34.8833 	EXP 	stopr: autoDraw = True
34.8833 	EXP 	text_6: autoDraw = True
35.0379 	EXP 	New trial (rep=0, index=6): {'word': 'BLUE', 'color': 'blue', 'correct': 'b'}
35.0455 	DATA 	Keypress: space
35.0503 	EXP 	text_5: autoDraw = False
35.0503 	EXP 	stopb: autoDraw = False
35.0503 	EXP 	stopl: autoDraw = False
35.0503 	EXP 	stopr: autoDraw = False
35.0503 	EXP 	text_6: autoDraw = False
35.0503 	EXP 	text_6: foreColor = <psychopy.colors.Color: blue, alpha=1.0>
35.0503 	EXP 	text_6: text = 'BLUE'
35.0503 	EXP 	text_5: autoDraw = True
35.0503 	EXP 	stopb: autoDraw = True
35.0503 	EXP 	stopl: autoDraw = True
35.0503 	EXP 	stopr: autoDraw = True
35.0503 	EXP 	text_6: autoDraw = True
35.2050 	EXP 	New trial (rep=0, index=7): {'word': 'BLUE', 'color': 'red', 'correct': 'r'}
35.2125 	DATA 	Keypress: space
35.2170 	EXP 	text_5: autoDraw = False
35.2170 	EXP 	stopb: autoDraw = False
35.2170 	EXP 	stopl: autoDraw = False
35.2170 	EXP 	stopr: autoDraw = False
35.2170 	EXP 	text_6: autoDraw = False
35.2170 	EXP 	text_6: foreColor = <psychopy.colors.Color: red, alpha=1.0>
35.2170 	EXP 	text_6: text = 'BLUE'
35.2170 	EXP 	text_5: autoDraw = True
35.2170 	EXP 	stopb: autoDraw = True
35.2170 	EXP 	stopl: autoDraw = True
35.2170 	EXP 	stopr: autoDraw = True
35.2170 	EXP 	text_6: autoDraw = True
35.3712 	EXP 	New trial (rep=0, index=8): {'word': 'BLUE', 'color': 'red', 'correct': 'r'}
35.3788 	DATA 	Keypress: space
35.3835 	EXP 	text_5: autoDraw = False
35.3835 	EXP 	stopb: autoDraw = False
35.3835 	EXP 	stopl: autoDraw = False
35.3835 	EXP 	stopr: autoDraw = False
35.3835 	EXP 	text_6: autoDraw = False
35.3835 	EXP 	text_6: foreColor = <psychopy.colors.Color: red, alpha=1.0>
35.3835 	EXP 	text_6: text = 'BLUE'
35.3835 	EXP 	text_5: autoDraw = True
35.3835 	EXP 	stopb: autoDraw = True
35.3835 	EXP 	stopl: autoDraw = True
35.3835 	EXP 	stopr: autoDraw = True
35.3835 	EXP 	text_6: autoDraw = True
35.5550 	DATA 	Keypress: space
35.5711 	EXP 	New trial (rep=0, index=9): {'word': 'RED', 'color': 'blue', 'correct': 'b'}
35.5849 	EXP 	text_5: autoDraw = False
35.5849 	EXP 	stopb: autoDraw = False
35.5849 	EXP 	stopl: autoDraw = False
35.5849 	EXP 	stopr: autoDraw = False
35.5849 	EXP 	text_6: autoDraw = False
35.5849 	EXP 	text_6: foreColor = <psychopy.colors.Color: blue, alpha=1.0>
35.5849 	EXP 	text_6: height = 0.1
35.5849 	EXP 	text_6: height = 0.1
35.5849 	EXP 	text_6: height = 0.1
35.5849 	EXP 	text_6: text = 'RED'
35.5849 	EXP 	text_5: autoDraw = True
35.5849 	EXP 	stopb: autoDraw = True
35.5849 	EXP 	stopl: autoDraw = True
35.5849 	EXP 	stopr: autoDraw = True
35.5849 	EXP 	text_6: autoDraw = True
35.7379 	EXP 	New trial (rep=0, index=10): {'word': 'RED', 'color': 'blue', 'correct': 'b'}
35.7455 	DATA 	Keypress: space
35.7504 	EXP 	text_5: autoDraw = False
35.7504 	EXP 	stopb: autoDraw = False
35.7504 	EXP 	stopl: autoDraw = False
35.7504 	EXP 	stopr: autoDraw = False
35.7504 	EXP 	text_6: autoDraw = False
35.7504 	EXP 	text_6: foreColor = <psychopy.colors.Color: blue, alpha=1.0>
35.7504 	EXP 	text_6: text = 'RED'
35.7504 	EXP 	text_5: autoDraw = True
35.7504 	EXP 	stopb: autoDraw = True
35.7504 	EXP 	stopl: autoDraw = True
35.7504 	EXP 	stopr: autoDraw = True
35.7504 	EXP 	text_6: autoDraw = True
35.9045 	EXP 	New trial (rep=0, index=11): {'word': 'BLUE', 'color': 'red', 'correct': 'r'}
35.9137 	DATA 	Keypress: space
35.9185 	EXP 	text_5: autoDraw = False
35.9185 	EXP 	stopb: autoDraw = False
35.9185 	EXP 	stopl: autoDraw = False
35.9185 	EXP 	stopr: autoDraw = False
35.9185 	EXP 	text_6: autoDraw = False
35.9185 	EXP 	text_6: foreColor = <psychopy.colors.Color: red, alpha=1.0>
35.9185 	EXP 	text_6: height = 0.1
35.9185 	EXP 	text_6: height = 0.1
35.9185 	EXP 	text_6: height = 0.1
35.9185 	EXP 	text_6: text = 'BLUE'
35.9185 	EXP 	text_5: autoDraw = True
35.9185 	EXP 	stopb: autoDraw = True
35.9185 	EXP 	stopl: autoDraw = True
35.9185 	EXP 	stopr: autoDraw = True
35.9185 	EXP 	text_6: autoDraw = True
36.0711 	EXP 	New trial (rep=0, index=12): {'word': 'BLUE', 'color': 'red', 'correct': 'r'}
36.0793 	DATA 	Keypress: space
36.0839 	EXP 	text_5: autoDraw = False
36.0839 	EXP 	stopb: autoDraw = False
36.0839 	EXP 	stopl: autoDraw = False
36.0839 	EXP 	stopr: autoDraw = False
36.0839 	EXP 	text_6: autoDraw = False
36.0839 	EXP 	text_6: foreColor = <psychopy.colors.Color: red, alpha=1.0>
36.0839 	EXP 	text_6: text = 'BLUE'
36.0839 	EXP 	text_5: autoDraw = True
36.0839 	EXP 	stopb: autoDraw = True
36.0839 	EXP 	stopl: autoDraw = True
36.0839 	EXP 	stopr: autoDraw = True
36.0839 	EXP 	text_6: autoDraw = True
36.2210 	EXP 	New trial (rep=0, index=13): {'word': 'BLUE', 'color': 'blue', 'correct': 'b'}
36.2288 	DATA 	Keypress: space
36.2331 	EXP 	text_5: autoDraw = False
36.2331 	EXP 	stopb: autoDraw = False
36.2331 	EXP 	stopl: autoDraw = False
36.2331 	EXP 	stopr: autoDraw = False
36.2331 	EXP 	text_6: autoDraw = False
36.2331 	EXP 	text_6: foreColor = <psychopy.colors.Color: blue, alpha=1.0>
36.2331 	EXP 	text_6: text = 'BLUE'
36.2331 	EXP 	text_5: autoDraw = True
36.2331 	EXP 	stopb: autoDraw = True
36.2331 	EXP 	stopl: autoDraw = True
36.2331 	EXP 	stopr: autoDraw = True
36.2331 	EXP 	text_6: autoDraw = True
36.4044 	EXP 	New trial (rep=0, index=14): {'word': 'RED', 'color': 'red', 'correct': 'r'}
36.4135 	DATA 	Keypress: space
36.4180 	EXP 	text_5: autoDraw = False
36.4180 	EXP 	stopb: autoDraw = False
36.4180 	EXP 	stopl: autoDraw = False
36.4180 	EXP 	stopr: autoDraw = False
36.4180 	EXP 	text_6: autoDraw = False
36.4180 	EXP 	text_6: foreColor = <psychopy.colors.Color: red, alpha=1.0>
36.4180 	EXP 	text_6: height = 0.1
36.4180 	EXP 	text_6: height = 0.1
36.4180 	EXP 	text_6: height = 0.1
36.4180 	EXP 	text_6: text = 'RED'
36.4180 	EXP 	text_5: autoDraw = True
36.4180 	EXP 	stopb: autoDraw = True
36.4180 	EXP 	stopl: autoDraw = True
36.4180 	EXP 	stopr: autoDraw = True
36.4180 	EXP 	text_6: autoDraw = True
36.5710 	EXP 	New trial (rep=0, index=15): {'word': 'RED', 'color': 'red', 'correct': 'r'}
36.5792 	DATA 	Keypress: space
36.5835 	EXP 	text_5: autoDraw = False
36.5835 	EXP 	stopb: autoDraw = False
36.5835 	EXP 	stopl: autoDraw = False
36.5835 	EXP 	stopr: autoDraw = False
36.5835 	EXP 	text_6: autoDraw = False
36.5835 	EXP 	text_6: foreColor = <psychopy.colors.Color: red, alpha=1.0>
36.5835 	EXP 	text_6: text = 'RED'
36.5835 	EXP 	text_5: autoDraw = True
36.5835 	EXP 	stopb: autoDraw = True
36.5835 	EXP 	stopl: autoDraw = True
36.5835 	EXP 	stopr: autoDraw = True
36.5835 	EXP 	text_6: autoDraw = True
36.7380 	EXP 	New trial (rep=0, index=16): {'word': 'RED', 'color': 'red', 'correct': 'r'}
36.7457 	DATA 	Keypress: space
36.7501 	EXP 	text_5: autoDraw = False
36.7501 	EXP 	stopb: autoDraw = False
36.7501 	EXP 	stopl: autoDraw = False
36.7501 	EXP 	stopr: autoDraw = False
36.7501 	EXP 	text_6: autoDraw = False
36.7501 	EXP 	text_6: foreColor = <psychopy.colors.Color: red, alpha=1.0>
36.7501 	EXP 	text_6: text = 'RED'
36.7501 	EXP 	text_5: autoDraw = True
36.7501 	EXP 	stopb: autoDraw = True
36.7501 	EXP 	stopl: autoDraw = True
36.7501 	EXP 	stopr: autoDraw = True
36.7501 	EXP 	text_6: autoDraw = True
36.9041 	EXP 	New trial (rep=0, index=17): {'word': 'RED', 'color': 'red', 'correct': 'r'}
36.9112 	DATA 	Keypress: space
36.9163 	EXP 	text_5: autoDraw = False
36.9163 	EXP 	stopb: autoDraw = False
36.9163 	EXP 	stopl: autoDraw = False
36.9163 	EXP 	stopr: autoDraw = False
36.9163 	EXP 	text_6: autoDraw = False
36.9163 	EXP 	text_6: foreColor = <psychopy.colors.Color: red, alpha=1.0>
36.9163 	EXP 	text_6: text = 'RED'
36.9163 	EXP 	text_5: autoDraw = True
36.9163 	EXP 	stopb: autoDraw = True
36.9163 	EXP 	stopl: autoDraw = True
36.9163 	EXP 	stopr: autoDraw = True
36.9163 	EXP 	text_6: autoDraw = True
37.0541 	EXP 	New trial (rep=0, index=18): {'word': 'RED', 'color': 'red', 'correct': 'r'}
37.0617 	DATA 	Keypress: space
37.0669 	EXP 	text_5: autoDraw = False
37.0669 	EXP 	stopb: autoDraw = False
37.0669 	EXP 	stopl: autoDraw = False
37.0669 	EXP 	stopr: autoDraw = False
37.0669 	EXP 	text_6: autoDraw = False
37.0669 	EXP 	text_6: foreColor = <psychopy.colors.Color: red, alpha=1.0>
37.0669 	EXP 	text_6: text = 'RED'
37.0669 	EXP 	text_5: autoDraw = True
37.0669 	EXP 	stopb: autoDraw = True
37.0669 	EXP 	stopl: autoDraw = True
37.0669 	EXP 	stopr: autoDraw = True
37.0669 	EXP 	text_6: autoDraw = True
37.2208 	EXP 	New trial (rep=0, index=19): {'word': 'BLUE', 'color': 'blue', 'correct': 'b'}
37.2307 	DATA 	Keypress: space
37.2353 	EXP 	text_5: autoDraw = False
37.2353 	EXP 	stopb: autoDraw = False
37.2353 	EXP 	stopl: autoDraw = False
37.2353 	EXP 	stopr: autoDraw = False
37.2353 	EXP 	text_6: autoDraw = False
37.2353 	EXP 	text_6: foreColor = <psychopy.colors.Color: blue, alpha=1.0>
37.2353 	EXP 	text_6: height = 0.1
37.2353 	EXP 	text_6: height = 0.1
37.2353 	EXP 	text_6: height = 0.1
37.2353 	EXP 	text_6: text = 'BLUE'
37.2353 	EXP 	text_5: autoDraw = True
37.2353 	EXP 	stopb: autoDraw = True
37.2353 	EXP 	stopl: autoDraw = True
37.2353 	EXP 	stopr: autoDraw = True
37.2353 	EXP 	text_6: autoDraw = True
37.4578 	EXP 	Sound sound_1 set volume 1.000
37.4586 	EXP 	New trial (rep=0, index=1): OrderedDict([('Participant1', 30), ('Participant2', 105), ('Participant3', 105), ('Participant4', 60), ('Participant5', 120), ('Participant6', 120), ('Participant7', 120), ('Participant8', 105), ('Participant9', 60), ('Participant10', 105), ('Participant11', 60), ('Participant12', 30), ('Participant13', 60), ('Participant14', 120), ('Participant15', 30), ('Participant16', 30), ('Participant17', 30), ('Participant18', 105), ('Participant19', 105), ('Participant20', 60), ('Participant21', 120), ('Participant22', 120), ('Participant23', 120), ('Participant24', 105), ('Participant25', 60), ('Participant26', 105)])
37.4645 	DATA 	Keypress: space
37.4700 	EXP 	text_5: autoDraw = False
37.4700 	EXP 	stopb: autoDraw = False
37.4700 	EXP 	stopl: autoDraw = False
37.4700 	EXP 	stopr: autoDraw = False
37.4700 	EXP 	text_6: autoDraw = False
37.4700 	EXP 	text_2: height = 0.05
37.4700 	EXP 	text_2: height = 0.05
37.4700 	EXP 	text_2: height = 0.05
37.4700 	EXP 	text_2: text = 30
37.4700 	EXP 	text_3: autoDraw = True
37.4700 	EXP 	text_2: autoDraw = True
37.4700 	EXP 	text_4: autoDraw = True
37.5890 	EXP 	Imported C:/Users/carelab/Desktop/Erik/resources/stroop.xlsx as conditions, 20 conditions, 3 params
37.5896 	EXP 	Created sequence: random, trialTypes=20, nReps=1, seed=None
37.5898 	EXP 	New trial (rep=0, index=0): {'word': 'RED', 'color': 'red', 'correct': 'r'}
37.5999 	DATA 	Keypress: space
37.6051 	EXP 	text_3: autoDraw = False
37.6051 	EXP 	text_2: autoDraw = False
37.6051 	EXP 	text_4: autoDraw = False
37.6051 	EXP 	text_6: foreColor = <psychopy.colors.Color: red, alpha=1.0>
37.6051 	EXP 	text_6: height = 0.1
37.6051 	EXP 	text_6: height = 0.1
37.6051 	EXP 	text_6: height = 0.1
37.6051 	EXP 	text_6: text = 'RED'
37.6051 	EXP 	text_5: autoDraw = True
37.6051 	EXP 	stopb: autoDraw = True
37.6051 	EXP 	stopl: autoDraw = True
37.6051 	EXP 	stopr: autoDraw = True
37.6051 	EXP 	text_6: autoDraw = True
38.3375 	EXP 	New trial (rep=0, index=1): {'word': 'BLUE', 'color': 'blue', 'correct': 'b'}
38.3473 	DATA 	Keypress: space
38.3522 	EXP 	text_5: autoDraw = False
38.3522 	EXP 	stopb: autoDraw = False
38.3522 	EXP 	stopl: autoDraw = False
38.3522 	EXP 	stopr: autoDraw = False
38.3522 	EXP 	text_6: autoDraw = False
38.3522 	EXP 	text_6: foreColor = <psychopy.colors.Color: blue, alpha=1.0>
38.3522 	EXP 	text_6: height = 0.1
38.3522 	EXP 	text_6: height = 0.1
38.3522 	EXP 	text_6: height = 0.1
38.3522 	EXP 	text_6: text = 'BLUE'
38.3522 	EXP 	text_5: autoDraw = True
38.3522 	EXP 	stopb: autoDraw = True
38.3522 	EXP 	stopl: autoDraw = True
38.3522 	EXP 	stopr: autoDraw = True
38.3522 	EXP 	text_6: autoDraw = True
38.5222 	DATA 	Keypress: space
38.5368 	EXP 	New trial (rep=0, index=2): {'word': 'RED', 'color': 'red', 'correct': 'r'}
38.5502 	EXP 	text_5: autoDraw = False
38.5502 	EXP 	stopb: autoDraw = False
38.5502 	EXP 	stopl: autoDraw = False
38.5502 	EXP 	stopr: autoDraw = False
38.5502 	EXP 	text_6: autoDraw = False
38.5502 	EXP 	text_6: foreColor = <psychopy.colors.Color: red, alpha=1.0>
38.5502 	EXP 	text_6: height = 0.1
38.5502 	EXP 	text_6: height = 0.1
38.5502 	EXP 	text_6: height = 0.1
38.5502 	EXP 	text_6: text = 'RED'
38.5502 	EXP 	text_5: autoDraw = True
38.5502 	EXP 	stopb: autoDraw = True
38.5502 	EXP 	stopl: autoDraw = True
38.5502 	EXP 	stopr: autoDraw = True
38.5502 	EXP 	text_6: autoDraw = True
38.7201 	EXP 	New trial (rep=0, index=3): {'word': 'RED', 'color': 'red', 'correct': 'r'}
38.7272 	DATA 	Keypress: space
38.7319 	EXP 	text_5: autoDraw = False
38.7319 	EXP 	stopb: autoDraw = False
38.7319 	EXP 	stopl: autoDraw = False
38.7319 	EXP 	stopr: autoDraw = False
38.7319 	EXP 	text_6: autoDraw = False
38.7319 	EXP 	text_6: foreColor = <psychopy.colors.Color: red, alpha=1.0>
38.7319 	EXP 	text_6: text = 'RED'
38.7319 	EXP 	text_5: autoDraw = True
38.7319 	EXP 	stopb: autoDraw = True
38.7319 	EXP 	stopl: autoDraw = True
38.7319 	EXP 	stopr: autoDraw = True
38.7319 	EXP 	text_6: autoDraw = True
38.9039 	EXP 	New trial (rep=0, index=4): {'word': 'BLUE', 'color': 'red', 'correct': 'r'}
38.9140 	DATA 	Keypress: space
38.9186 	EXP 	text_5: autoDraw = False
38.9186 	EXP 	stopb: autoDraw = False
38.9186 	EXP 	stopl: autoDraw = False
38.9186 	EXP 	stopr: autoDraw = False
38.9186 	EXP 	text_6: autoDraw = False
38.9186 	EXP 	text_6: foreColor = <psychopy.colors.Color: red, alpha=1.0>
38.9186 	EXP 	text_6: height = 0.1
38.9186 	EXP 	text_6: height = 0.1
38.9186 	EXP 	text_6: height = 0.1
38.9186 	EXP 	text_6: text = 'BLUE'
38.9186 	EXP 	text_5: autoDraw = True
38.9186 	EXP 	stopb: autoDraw = True
38.9186 	EXP 	stopl: autoDraw = True
38.9186 	EXP 	stopr: autoDraw = True
38.9186 	EXP 	text_6: autoDraw = True
39.1035 	EXP 	New trial (rep=0, index=5): {'word': 'BLUE', 'color': 'blue', 'correct': 'b'}
39.1122 	DATA 	Keypress: space
39.1168 	EXP 	text_5: autoDraw = False
39.1168 	EXP 	stopb: autoDraw = False
39.1168 	EXP 	stopl: autoDraw = False
39.1168 	EXP 	stopr: autoDraw = False
39.1168 	EXP 	text_6: autoDraw = False
39.1168 	EXP 	text_6: foreColor = <psychopy.colors.Color: blue, alpha=1.0>
39.1168 	EXP 	text_6: text = 'BLUE'
39.1168 	EXP 	text_5: autoDraw = True
39.1168 	EXP 	stopb: autoDraw = True
39.1168 	EXP 	stopl: autoDraw = True
39.1168 	EXP 	stopr: autoDraw = True
39.1168 	EXP 	text_6: autoDraw = True
39.4364 	EXP 	New trial (rep=0, index=6): {'word': 'BLUE', 'color': 'blue', 'correct': 'b'}
39.4448 	DATA 	Keypress: space
39.4496 	EXP 	text_5: autoDraw = False
39.4496 	EXP 	stopb: autoDraw = False
39.4496 	EXP 	stopl: autoDraw = False
39.4496 	EXP 	stopr: autoDraw = False
39.4496 	EXP 	text_6: autoDraw = False
39.4496 	EXP 	text_6: foreColor = <psychopy.colors.Color: blue, alpha=1.0>
39.4496 	EXP 	text_6: text = 'BLUE'
39.4496 	EXP 	text_5: autoDraw = True
39.4496 	EXP 	stopb: autoDraw = True
39.4496 	EXP 	stopl: autoDraw = True
39.4496 	EXP 	stopr: autoDraw = True
39.4496 	EXP 	text_6: autoDraw = True
39.8219 	DATA 	Keypress: space
39.8372 	EXP 	New trial (rep=0, index=7): {'word': 'RED', 'color': 'red', 'correct': 'r'}
39.8503 	EXP 	text_5: autoDraw = False
39.8503 	EXP 	stopb: autoDraw = False
39.8503 	EXP 	stopl: autoDraw = False
39.8503 	EXP 	stopr: autoDraw = False
39.8503 	EXP 	text_6: autoDraw = False
39.8503 	EXP 	text_6: foreColor = <psychopy.colors.Color: red, alpha=1.0>
39.8503 	EXP 	text_6: height = 0.1
39.8503 	EXP 	text_6: height = 0.1
39.8503 	EXP 	text_6: height = 0.1
39.8503 	EXP 	text_6: text = 'RED'
39.8503 	EXP 	text_5: autoDraw = True
39.8503 	EXP 	stopb: autoDraw = True
39.8503 	EXP 	stopl: autoDraw = True
39.8503 	EXP 	stopr: autoDraw = True
39.8503 	EXP 	text_6: autoDraw = True
40.1363 	EXP 	New trial (rep=0, index=8): {'word': 'BLUE', 'color': 'red', 'correct': 'r'}
40.1458 	DATA 	Keypress: space
40.1501 	EXP 	text_5: autoDraw = False
40.1501 	EXP 	stopb: autoDraw = False
40.1501 	EXP 	stopl: autoDraw = False
40.1501 	EXP 	stopr: autoDraw = False
40.1501 	EXP 	text_6: autoDraw = False
40.1501 	EXP 	text_6: foreColor = <psychopy.colors.Color: red, alpha=1.0>
40.1501 	EXP 	text_6: height = 0.1
40.1501 	EXP 	text_6: height = 0.1
40.1501 	EXP 	text_6: height = 0.1
40.1501 	EXP 	text_6: text = 'BLUE'
40.1501 	EXP 	text_5: autoDraw = True
40.1501 	EXP 	stopb: autoDraw = True
40.1501 	EXP 	stopl: autoDraw = True
40.1501 	EXP 	stopr: autoDraw = True
40.1501 	EXP 	text_6: autoDraw = True
40.4365 	EXP 	New trial (rep=0, index=9): {'word': 'BLUE', 'color': 'red', 'correct': 'r'}
40.4447 	DATA 	Keypress: space
40.4494 	EXP 	text_5: autoDraw = False
40.4494 	EXP 	stopb: autoDraw = False
40.4494 	EXP 	stopl: autoDraw = False
40.4494 	EXP 	stopr: autoDraw = False
40.4494 	EXP 	text_6: autoDraw = False
40.4494 	EXP 	text_6: foreColor = <psychopy.colors.Color: red, alpha=1.0>
40.4494 	EXP 	text_6: text = 'BLUE'
40.4494 	EXP 	text_5: autoDraw = True
40.4494 	EXP 	stopb: autoDraw = True
40.4494 	EXP 	stopl: autoDraw = True
40.4494 	EXP 	stopr: autoDraw = True
40.4494 	EXP 	text_6: autoDraw = True
40.7525 	EXP 	New trial (rep=0, index=10): {'word': 'BLUE', 'color': 'red', 'correct': 'r'}
40.7596 	DATA 	Keypress: space
40.7649 	EXP 	text_5: autoDraw = False
40.7649 	EXP 	stopb: autoDraw = False
40.7649 	EXP 	stopl: autoDraw = False
40.7649 	EXP 	stopr: autoDraw = False
40.7649 	EXP 	text_6: autoDraw = False
40.7649 	EXP 	text_6: foreColor = <psychopy.colors.Color: red, alpha=1.0>
40.7649 	EXP 	text_6: text = 'BLUE'
40.7649 	EXP 	text_5: autoDraw = True
40.7649 	EXP 	stopb: autoDraw = True
40.7649 	EXP 	stopl: autoDraw = True
40.7649 	EXP 	stopr: autoDraw = True
40.7649 	EXP 	text_6: autoDraw = True
41.1037 	EXP 	New trial (rep=0, index=11): {'word': 'BLUE', 'color': 'blue', 'correct': 'b'}
41.1122 	DATA 	Keypress: space
41.1166 	EXP 	text_5: autoDraw = False
41.1166 	EXP 	stopb: autoDraw = False
41.1166 	EXP 	stopl: autoDraw = False
41.1166 	EXP 	stopr: autoDraw = False
41.1166 	EXP 	text_6: autoDraw = False
41.1166 	EXP 	text_6: foreColor = <psychopy.colors.Color: blue, alpha=1.0>
41.1166 	EXP 	text_6: text = 'BLUE'
41.1166 	EXP 	text_5: autoDraw = True
41.1166 	EXP 	stopb: autoDraw = True
41.1166 	EXP 	stopl: autoDraw = True
41.1166 	EXP 	stopr: autoDraw = True
41.1166 	EXP 	text_6: autoDraw = True
41.4202 	EXP 	New trial (rep=0, index=12): {'word': 'RED', 'color': 'red', 'correct': 'r'}
41.4296 	DATA 	Keypress: space
41.4348 	EXP 	text_5: autoDraw = False
41.4348 	EXP 	stopb: autoDraw = False
41.4348 	EXP 	stopl: autoDraw = False
41.4348 	EXP 	stopr: autoDraw = False
41.4348 	EXP 	text_6: autoDraw = False
41.4348 	EXP 	text_6: foreColor = <psychopy.colors.Color: red, alpha=1.0>
41.4348 	EXP 	text_6: height = 0.1
41.4348 	EXP 	text_6: height = 0.1
41.4348 	EXP 	text_6: height = 0.1
41.4348 	EXP 	text_6: text = 'RED'
41.4348 	EXP 	text_5: autoDraw = True
41.4348 	EXP 	stopb: autoDraw = True
41.4348 	EXP 	stopl: autoDraw = True
41.4348 	EXP 	stopr: autoDraw = True
41.4348 	EXP 	text_6: autoDraw = True
41.6861 	EXP 	New trial (rep=0, index=13): {'word': 'RED', 'color': 'red', 'correct': 'r'}
41.6936 	DATA 	Keypress: space
41.6981 	EXP 	text_5: autoDraw = False
41.6981 	EXP 	stopb: autoDraw = False
41.6981 	EXP 	stopl: autoDraw = False
41.6981 	EXP 	stopr: autoDraw = False
41.6981 	EXP 	text_6: autoDraw = False
41.6981 	EXP 	text_6: foreColor = <psychopy.colors.Color: red, alpha=1.0>
41.6981 	EXP 	text_6: text = 'RED'
41.6981 	EXP 	text_5: autoDraw = True
41.6981 	EXP 	stopb: autoDraw = True
41.6981 	EXP 	stopl: autoDraw = True
41.6981 	EXP 	stopr: autoDraw = True
41.6981 	EXP 	text_6: autoDraw = True
41.9863 	EXP 	New trial (rep=0, index=14): {'word': 'BLUE', 'color': 'blue', 'correct': 'b'}
41.9958 	DATA 	Keypress: space
42.0012 	EXP 	text_5: autoDraw = False
42.0012 	EXP 	stopb: autoDraw = False
42.0012 	EXP 	stopl: autoDraw = False
42.0012 	EXP 	stopr: autoDraw = False
42.0012 	EXP 	text_6: autoDraw = False
42.0012 	EXP 	text_6: foreColor = <psychopy.colors.Color: blue, alpha=1.0>
42.0012 	EXP 	text_6: height = 0.1
42.0012 	EXP 	text_6: height = 0.1
42.0012 	EXP 	text_6: height = 0.1
42.0012 	EXP 	text_6: text = 'BLUE'
42.0012 	EXP 	text_5: autoDraw = True
42.0012 	EXP 	stopb: autoDraw = True
42.0012 	EXP 	stopl: autoDraw = True
42.0012 	EXP 	stopr: autoDraw = True
42.0012 	EXP 	text_6: autoDraw = True
42.4549 	DATA 	Keypress: space
42.4694 	EXP 	New trial (rep=0, index=15): {'word': 'RED', 'color': 'blue', 'correct': 'b'}
42.4830 	EXP 	text_5: autoDraw = False
42.4830 	EXP 	stopb: autoDraw = False
42.4830 	EXP 	stopl: autoDraw = False
42.4830 	EXP 	stopr: autoDraw = False
42.4830 	EXP 	text_6: autoDraw = False
42.4830 	EXP 	text_6: foreColor = <psychopy.colors.Color: blue, alpha=1.0>
42.4830 	EXP 	text_6: height = 0.1
42.4830 	EXP 	text_6: height = 0.1
42.4830 	EXP 	text_6: height = 0.1
42.4830 	EXP 	text_6: text = 'RED'
42.4830 	EXP 	text_5: autoDraw = True
42.4830 	EXP 	stopb: autoDraw = True
42.4830 	EXP 	stopl: autoDraw = True
42.4830 	EXP 	stopr: autoDraw = True
42.4830 	EXP 	text_6: autoDraw = True
42.8523 	EXP 	New trial (rep=0, index=16): {'word': 'RED', 'color': 'red', 'correct': 'r'}
42.8600 	DATA 	Keypress: space
42.8651 	EXP 	text_5: autoDraw = False
42.8651 	EXP 	stopb: autoDraw = False
42.8651 	EXP 	stopl: autoDraw = False
42.8651 	EXP 	stopr: autoDraw = False
42.8651 	EXP 	text_6: autoDraw = False
42.8651 	EXP 	text_6: foreColor = <psychopy.colors.Color: red, alpha=1.0>
42.8651 	EXP 	text_6: text = 'RED'
42.8651 	EXP 	text_5: autoDraw = True
42.8651 	EXP 	stopb: autoDraw = True
42.8651 	EXP 	stopl: autoDraw = True
42.8651 	EXP 	stopr: autoDraw = True
42.8651 	EXP 	text_6: autoDraw = True
43.2362 	EXP 	New trial (rep=0, index=17): {'word': 'RED', 'color': 'blue', 'correct': 'b'}
43.2435 	DATA 	Keypress: space
43.2480 	EXP 	text_5: autoDraw = False
43.2480 	EXP 	stopb: autoDraw = False
43.2480 	EXP 	stopl: autoDraw = False
43.2480 	EXP 	stopr: autoDraw = False
43.2480 	EXP 	text_6: autoDraw = False
43.2480 	EXP 	text_6: foreColor = <psychopy.colors.Color: blue, alpha=1.0>
43.2480 	EXP 	text_6: text = 'RED'
43.2480 	EXP 	text_5: autoDraw = True
43.2480 	EXP 	stopb: autoDraw = True
43.2480 	EXP 	stopl: autoDraw = True
43.2480 	EXP 	stopr: autoDraw = True
43.2480 	EXP 	text_6: autoDraw = True
43.4860 	EXP 	New trial (rep=0, index=18): {'word': 'BLUE', 'color': 'blue', 'correct': 'b'}
43.4955 	DATA 	Keypress: space
43.4998 	EXP 	text_5: autoDraw = False
43.4998 	EXP 	stopb: autoDraw = False
43.4998 	EXP 	stopl: autoDraw = False
43.4998 	EXP 	stopr: autoDraw = False
43.4998 	EXP 	text_6: autoDraw = False
43.4998 	EXP 	text_6: foreColor = <psychopy.colors.Color: blue, alpha=1.0>
43.4998 	EXP 	text_6: height = 0.1
43.4998 	EXP 	text_6: height = 0.1
43.4998 	EXP 	text_6: height = 0.1
43.4998 	EXP 	text_6: text = 'BLUE'
43.4998 	EXP 	text_5: autoDraw = True
43.4998 	EXP 	stopb: autoDraw = True
43.4998 	EXP 	stopl: autoDraw = True
43.4998 	EXP 	stopr: autoDraw = True
43.4998 	EXP 	text_6: autoDraw = True
44.7708 	DATA 	Keypress: escape
47.7010 	EXP 	window1: mouseVisible = True
