1.2826 	WARNING 	We strongly recommend you activate the PTB sound engine in PsychoPy prefs as the preferred audio engine. Its timing is vastly superior. Your prefs are currently set to use ['sounddevice', 'PTB', 'pyo', 'pygame'] (in that order).
5.0571 	WARNING 	User requested fullscreen with size [1024  768], but screen is actually [2560, 1440]. Using actual size
7.5631 	EXP 	Created window1 = Window(allowGUI=True, allowStencil=False, autoLog=True, backendConf=UNKNOWN, bitsMode=UNKNOWN, blendMode='avg', bpc=(8, 8, 8), color=array([0, 0, 0]), colorSpace='rgb', depthBits=8, fullscr=<method-wrapper '__getattribute__' of attributeSetter object at 0x00000273347D5430>, gamma=None, gammaErrorPolicy='raise', lms=UNKNOWN, monitor=<psychopy.monitors.calibTools.Monitor object at 0x00000273366AA700>, multiSample=False, name='window1', numSamples=2, pos=(0, 0), screen=0, size=array([2560, 1440]), stencilBits=0, stereo=False, units='height', useFBO=True, useRetina=False, viewOri=0.0, viewPos=None, viewScale=None, waitBlanking=True, winType='pyglet')
7.5633 	EXP 	window1: mouseVisible = True
7.5634 	EXP 	window1: mouseVisible = False
7.5635 	EXP 	window1: Attempting to measure frame rate of screen (0) ...
7.5635 	EXP 	window1: recordFrameIntervals = False
7.7289 	EXP 	window1: recordFrameIntervals = True
7.9128 	EXP 	Screen (0) actual frame rate measured at 59.89Hz
7.9129 	EXP 	window1: recordFrameIntervals = False
9.6559 	EXP 	Created text_instr = TextStim(__class__=<class 'psychopy.visual.text.TextStim'>, alignHoriz=method-wrapper(...), alignText='center', alignVert=method-wrapper(...), anchorHoriz='center', anchorVert='center', antialias=True, autoDraw=False, autoLog=True, bold=False, color=array([1, 1, 1]), colorSpace='rgb', contrast=1.0, depth=0.0, flipHoriz=False, flipVert=False, font='Comic Sans', fontFiles=[], height=0.04, italic=False, languageStyle='LTR', name='text_instr', opacity=1.0, ori=0.0, pos=array([0., 0.]), rgb=UNKNOWN, text=str(...), units='height', win=Window(...), wrapWidth=1)
9.6680 	EXP 	Created image_next = ImageStim(__class__=<class 'psychopy.visual.image.ImageStim'>, anchor=('center', 'center'), autoLog=True, color=array([1, 1, 1]), colorSpace='rgb', contrast=1.0, depth=-1.0, flipHoriz=False, flipVert=False, image='next.png', interpolate=True, mask=None, maskParams=None, name='image_next', opacity=1.0, ori=0.0, pos=array([ 0.6, -0.4]), size=array([0.11319444, 0.06736111]), texRes=128.0, units='height', win=Window(...))
9.6684 	EXP 	window1: mouseVisible = True
9.6868 	EXP 	Created text_3 = TextStim(__class__=<class 'psychopy.visual.text.TextStim'>, alignHoriz=method-wrapper(...), alignText='center', alignVert=method-wrapper(...), anchorHoriz='center', anchorVert='center', antialias=True, autoDraw=False, autoLog=True, bold=False, color=array([1, 1, 1]), colorSpace='rgb', contrast=1.0, depth=0.0, flipHoriz=False, flipVert=False, font='Open Sans', fontFiles=[], height=0.05, italic=False, languageStyle='LTR', name='text_3', opacity=1.0, ori=0.0, pos=array([0. , 0.3]), rgb=UNKNOWN, text=str(...), units='height', win=Window(...), wrapWidth=1)
9.6874 	EXP 	Created text_2 = TextStim(__class__=<class 'psychopy.visual.text.TextStim'>, alignHoriz=method-wrapper(...), alignText='center', alignVert=method-wrapper(...), anchorHoriz='center', anchorVert='center', antialias=True, autoDraw=False, autoLog=True, bold=False, color=array([1, 1, 1]), colorSpace='rgb', contrast=1.0, depth=-1.0, flipHoriz=False, flipVert=False, font='Open Sans', fontFiles=[], height=0.05, italic=False, languageStyle='LTR', name='text_2', opacity=1.0, ori=0.0, pos=array([0., 0.]), rgb=UNKNOWN, text='', units='height', win=Window(...), wrapWidth=1)
9.6982 	EXP 	Created text_4 = TextStim(__class__=<class 'psychopy.visual.text.TextStim'>, alignHoriz=method-wrapper(...), alignText='center', alignVert=method-wrapper(...), anchorHoriz='center', anchorVert='center', antialias=True, autoDraw=False, autoLog=True, bold=False, color=array([1, 1, 1]), colorSpace='rgb', contrast=1.0, depth=-3.0, flipHoriz=False, flipVert=False, font='Open Sans', fontFiles=[], height=0.05, italic=False, languageStyle='LTR', name='text_4', opacity=1.0, ori=0.0, pos=array([ 0. , -0.2]), rgb=UNKNOWN, text=str(...), units='height', win=Window(...), wrapWidth=1)
9.6993 	EXP 	Created text_5 = TextStim(__class__=<class 'psychopy.visual.text.TextStim'>, alignHoriz=method-wrapper(...), alignText='center', alignVert=method-wrapper(...), anchorHoriz='center', anchorVert='center', antialias=True, autoDraw=False, autoLog=True, bold=False, color=array([1, 1, 1]), colorSpace='rgb', contrast=1.0, depth=-2.0, flipHoriz=False, flipVert=False, font='Arial', fontFiles=[], height=0.1, italic=False, languageStyle='LTR', name='text_5', opacity=1.0, ori=0.0, pos=array([0. , 0.4]), rgb=UNKNOWN, text='', units='height', win=Window(...), wrapWidth=1)
9.6998 	EXP 	Created stopb = TextStim(__class__=<class 'psychopy.visual.text.TextStim'>, alignHoriz=method-wrapper(...), alignText='center', alignVert=method-wrapper(...), anchorHoriz='center', anchorVert='center', antialias=True, autoDraw=False, autoLog=True, bold=False, color=array([1, 1, 1]), colorSpace='rgb', contrast=1.0, depth=-3.0, flipHoriz=False, flipVert=False, font='Arial', fontFiles=[], height=0.1, italic=False, languageStyle='LTR', name='stopb', opacity=1.0, ori=0.0, pos=array([ 0. , -0.4]), rgb=UNKNOWN, text='', units='height', win=Window(...), wrapWidth=1)
9.7003 	EXP 	Created stopl = TextStim(__class__=<class 'psychopy.visual.text.TextStim'>, alignHoriz=method-wrapper(...), alignText='center', alignVert=method-wrapper(...), anchorHoriz='center', anchorVert='center', antialias=True, autoDraw=False, autoLog=True, bold=False, color=array([1, 1, 1]), colorSpace='rgb', contrast=1.0, depth=-4.0, flipHoriz=False, flipVert=False, font='Arial', fontFiles=[], height=0.1, italic=False, languageStyle='LTR', name='stopl', opacity=1.0, ori=90.0, pos=array([-0.75,  0.  ]), rgb=UNKNOWN, text='', units='height', win=Window(...), wrapWidth=1)
9.7008 	EXP 	Created stopr = TextStim(__class__=<class 'psychopy.visual.text.TextStim'>, alignHoriz=method-wrapper(...), alignText='center', alignVert=method-wrapper(...), anchorHoriz='center', anchorVert='center', antialias=True, autoDraw=False, autoLog=True, bold=False, color=array([1, 1, 1]), colorSpace='rgb', contrast=1.0, depth=-5.0, flipHoriz=False, flipVert=False, font='Arial', fontFiles=[], height=0.1, italic=False, languageStyle='LTR', name='stopr', opacity=1.0, ori=-90.0, pos=array([0.75, 0.  ]), rgb=UNKNOWN, text='', units='height', win=Window(...), wrapWidth=1)
9.7015 	EXP 	Created text_6 = TextStim(__class__=<class 'psychopy.visual.text.TextStim'>, alignHoriz=method-wrapper(...), alignText='center', alignVert=method-wrapper(...), anchorHoriz='center', anchorVert='center', antialias=True, autoDraw=False, autoLog=True, bold=False, color=array([1, 1, 1]), colorSpace='rgb', contrast=1.0, depth=-7.0, flipHoriz=False, flipVert=False, font='Open Sans', fontFiles=[], height=0.1, italic=False, languageStyle='LTR', name='text_6', opacity=1.0, ori=0.0, pos=array([0., 0.]), rgb=UNKNOWN, text='', units='height', win=Window(...), wrapWidth=1)
9.7943 	EXP 	Sound sound_1 set volume 1.000
9.8293 	EXP 	text_instr: autoDraw = True
9.8293 	EXP 	image_next: autoDraw = True
11.6288 	DATA 	Mouse: Left button down, pos=(2171,159)
11.6385 	EXP 	Imported C:/Users/carelab/Desktop/Erik/resources/Lsquare.csv as conditions, 16 conditions, 26 params
11.6389 	EXP 	Created sequence: sequential, trialTypes=16, nReps=1, seed=None
11.6396 	EXP 	New trial (rep=0, index=0): OrderedDict([('Participant1', 30), ('Participant2', 30), ('Participant3', 105), ('Participant4', 105), ('Participant5', 60), ('Participant6', 120), ('Participant7', 120), ('Participant8', 120), ('Participant9', 105), ('Participant10', 60), ('Participant11', 105), ('Participant12', 60), ('Participant13', 30), ('Participant14', 60), ('Participant15', 120), ('Participant16', 30), ('Participant17', 30), ('Participant18', 30), ('Participant19', 105), ('Participant20', 105), ('Participant21', 60), ('Participant22', 120), ('Participant23', 120), ('Participant24', 120), ('Participant25', 105), ('Participant26', 60)])
11.6524 	EXP 	text_instr: autoDraw = False
11.6524 	EXP 	image_next: autoDraw = False
11.6524 	EXP 	text_2: height = 0.05
11.6524 	EXP 	text_2: height = 0.05
11.6524 	EXP 	text_2: height = 0.05
11.6524 	EXP 	text_2: text = 30
11.6524 	EXP 	text_3: autoDraw = True
11.6524 	EXP 	text_2: autoDraw = True
11.6524 	EXP 	text_4: autoDraw = True
11.6971 	DATA 	Mouse:  Left button up, pos=(2171,159)
12.4924 	EXP 	Imported C:/Users/carelab/Desktop/Erik/resources/stroop.xlsx as conditions, 20 conditions, 3 params
12.4929 	EXP 	Created sequence: random, trialTypes=20, nReps=1, seed=None
12.4932 	EXP 	New trial (rep=0, index=0): {'word': 'RED', 'color': 'blue', 'correct': 'b'}
12.5135 	DATA 	Keypress: space
12.5180 	EXP 	text_3: autoDraw = False
12.5180 	EXP 	text_2: autoDraw = False
12.5180 	EXP 	text_4: autoDraw = False
12.5180 	EXP 	text_6: foreColor = <psychopy.colors.Color: blue, alpha=1.0>
12.5180 	EXP 	text_6: height = 0.1
12.5180 	EXP 	text_6: height = 0.1
12.5180 	EXP 	text_6: height = 0.1
12.5180 	EXP 	text_6: text = 'RED'
12.5180 	EXP 	text_5: autoDraw = True
12.5180 	EXP 	stopb: autoDraw = True
12.5180 	EXP 	stopl: autoDraw = True
12.5180 	EXP 	stopr: autoDraw = True
12.5180 	EXP 	text_6: autoDraw = True
13.4365 	DATA 	Keypress: r
13.4509 	EXP 	New trial (rep=0, index=1): {'word': 'BLUE', 'color': 'blue', 'correct': 'b'}
13.4709 	EXP 	text_5: autoDraw = False
13.4709 	EXP 	stopb: autoDraw = False
13.4709 	EXP 	stopl: autoDraw = False
13.4709 	EXP 	stopr: autoDraw = False
13.4709 	EXP 	text_6: autoDraw = False
13.4709 	EXP 	text_6: foreColor = <psychopy.colors.Color: blue, alpha=1.0>
13.4709 	EXP 	text_6: height = 0.1
13.4709 	EXP 	text_6: height = 0.1
13.4709 	EXP 	text_6: height = 0.1
13.4709 	EXP 	text_6: text = 'BLUE'
13.4709 	EXP 	text_5: autoDraw = True
13.4709 	EXP 	stopb: autoDraw = True
13.4709 	EXP 	stopl: autoDraw = True
13.4709 	EXP 	stopr: autoDraw = True
13.4709 	EXP 	text_6: autoDraw = True
14.1675 	EXP 	New trial (rep=0, index=2): {'word': 'RED', 'color': 'red', 'correct': 'r'}
14.1782 	DATA 	Keypress: b
14.1828 	EXP 	text_5: autoDraw = False
14.1828 	EXP 	stopb: autoDraw = False
14.1828 	EXP 	stopl: autoDraw = False
14.1828 	EXP 	stopr: autoDraw = False
14.1828 	EXP 	text_6: autoDraw = False
14.1828 	EXP 	text_6: foreColor = <psychopy.colors.Color: red, alpha=1.0>
14.1828 	EXP 	text_6: height = 0.1
14.1828 	EXP 	text_6: height = 0.1
14.1828 	EXP 	text_6: height = 0.1
14.1828 	EXP 	text_6: text = 'RED'
14.1828 	EXP 	text_5: autoDraw = True
14.1828 	EXP 	stopb: autoDraw = True
14.1828 	EXP 	stopl: autoDraw = True
14.1828 	EXP 	stopr: autoDraw = True
14.1828 	EXP 	text_6: autoDraw = True
14.4342 	EXP 	New trial (rep=0, index=3): {'word': 'RED', 'color': 'blue', 'correct': 'b'}
14.4431 	DATA 	Keypress: r
14.4477 	EXP 	text_5: autoDraw = False
14.4477 	EXP 	stopb: autoDraw = False
14.4477 	EXP 	stopl: autoDraw = False
14.4477 	EXP 	stopr: autoDraw = False
14.4477 	EXP 	text_6: autoDraw = False
14.4477 	EXP 	text_6: foreColor = <psychopy.colors.Color: blue, alpha=1.0>
14.4477 	EXP 	text_6: text = 'RED'
14.4477 	EXP 	text_5: autoDraw = True
14.4477 	EXP 	stopb: autoDraw = True
14.4477 	EXP 	stopl: autoDraw = True
14.4477 	EXP 	stopr: autoDraw = True
14.4477 	EXP 	text_6: autoDraw = True
14.7025 	DATA 	Keypress: b
14.7181 	EXP 	New trial (rep=0, index=4): {'word': 'RED', 'color': 'red', 'correct': 'r'}
14.7305 	EXP 	text_5: autoDraw = False
14.7305 	EXP 	stopb: autoDraw = False
14.7305 	EXP 	stopl: autoDraw = False
14.7305 	EXP 	stopr: autoDraw = False
14.7305 	EXP 	text_6: autoDraw = False
14.7305 	EXP 	text_6: foreColor = <psychopy.colors.Color: red, alpha=1.0>
14.7305 	EXP 	text_6: text = 'RED'
14.7305 	EXP 	text_5: autoDraw = True
14.7305 	EXP 	stopb: autoDraw = True
14.7305 	EXP 	stopl: autoDraw = True
14.7305 	EXP 	stopr: autoDraw = True
14.7305 	EXP 	text_6: autoDraw = True
14.9205 	DATA 	Keypress: r
14.9339 	EXP 	New trial (rep=0, index=5): {'word': 'RED', 'color': 'red', 'correct': 'r'}
14.9472 	EXP 	text_5: autoDraw = False
14.9472 	EXP 	stopb: autoDraw = False
14.9472 	EXP 	stopl: autoDraw = False
14.9472 	EXP 	stopr: autoDraw = False
14.9472 	EXP 	text_6: autoDraw = False
14.9472 	EXP 	text_6: foreColor = <psychopy.colors.Color: red, alpha=1.0>
14.9472 	EXP 	text_6: text = 'RED'
14.9472 	EXP 	text_5: autoDraw = True
14.9472 	EXP 	stopb: autoDraw = True
14.9472 	EXP 	stopl: autoDraw = True
14.9472 	EXP 	stopr: autoDraw = True
14.9472 	EXP 	text_6: autoDraw = True
15.1359 	DATA 	Keypress: b
15.1501 	EXP 	New trial (rep=0, index=6): {'word': 'BLUE', 'color': 'red', 'correct': 'r'}
15.1663 	EXP 	text_5: autoDraw = False
15.1663 	EXP 	stopb: autoDraw = False
15.1663 	EXP 	stopl: autoDraw = False
15.1663 	EXP 	stopr: autoDraw = False
15.1663 	EXP 	text_6: autoDraw = False
15.1663 	EXP 	text_6: foreColor = <psychopy.colors.Color: red, alpha=1.0>
15.1663 	EXP 	text_6: height = 0.1
15.1663 	EXP 	text_6: height = 0.1
15.1663 	EXP 	text_6: height = 0.1
15.1663 	EXP 	text_6: text = 'BLUE'
15.1663 	EXP 	text_5: autoDraw = True
15.1663 	EXP 	stopb: autoDraw = True
15.1663 	EXP 	stopl: autoDraw = True
15.1663 	EXP 	stopr: autoDraw = True
15.1663 	EXP 	text_6: autoDraw = True
15.4020 	DATA 	Keypress: r
15.4175 	EXP 	New trial (rep=0, index=7): {'word': 'BLUE', 'color': 'red', 'correct': 'r'}
15.4302 	EXP 	text_5: autoDraw = False
15.4302 	EXP 	stopb: autoDraw = False
15.4302 	EXP 	stopl: autoDraw = False
15.4302 	EXP 	stopr: autoDraw = False
15.4302 	EXP 	text_6: autoDraw = False
15.4302 	EXP 	text_6: foreColor = <psychopy.colors.Color: red, alpha=1.0>
15.4302 	EXP 	text_6: text = 'BLUE'
15.4302 	EXP 	text_5: autoDraw = True
15.4302 	EXP 	stopb: autoDraw = True
15.4302 	EXP 	stopl: autoDraw = True
15.4302 	EXP 	stopr: autoDraw = True
15.4302 	EXP 	text_6: autoDraw = True
15.6005 	EXP 	New trial (rep=0, index=8): {'word': 'BLUE', 'color': 'blue', 'correct': 'b'}
15.6094 	DATA 	Keypress: r
15.6134 	EXP 	text_5: autoDraw = False
15.6134 	EXP 	stopb: autoDraw = False
15.6134 	EXP 	stopl: autoDraw = False
15.6134 	EXP 	stopr: autoDraw = False
15.6134 	EXP 	text_6: autoDraw = False
15.6134 	EXP 	text_6: foreColor = <psychopy.colors.Color: blue, alpha=1.0>
15.6134 	EXP 	text_6: text = 'BLUE'
15.6134 	EXP 	text_5: autoDraw = True
15.6134 	EXP 	stopb: autoDraw = True
15.6134 	EXP 	stopl: autoDraw = True
15.6134 	EXP 	stopr: autoDraw = True
15.6134 	EXP 	text_6: autoDraw = True
15.7999 	EXP 	New trial (rep=0, index=9): {'word': 'BLUE', 'color': 'blue', 'correct': 'b'}
15.8075 	DATA 	Keypress: r
15.8120 	EXP 	text_5: autoDraw = False
15.8120 	EXP 	stopb: autoDraw = False
15.8120 	EXP 	stopl: autoDraw = False
15.8120 	EXP 	stopr: autoDraw = False
15.8120 	EXP 	text_6: autoDraw = False
15.8120 	EXP 	text_6: foreColor = <psychopy.colors.Color: blue, alpha=1.0>
15.8120 	EXP 	text_6: text = 'BLUE'
15.8120 	EXP 	text_5: autoDraw = True
15.8120 	EXP 	stopb: autoDraw = True
15.8120 	EXP 	stopl: autoDraw = True
15.8120 	EXP 	stopr: autoDraw = True
15.8120 	EXP 	text_6: autoDraw = True
16.2022 	DATA 	Keypress: b
16.2180 	EXP 	New trial (rep=0, index=10): {'word': 'BLUE', 'color': 'blue', 'correct': 'b'}
16.2314 	EXP 	text_5: autoDraw = False
16.2314 	EXP 	stopb: autoDraw = False
16.2314 	EXP 	stopl: autoDraw = False
16.2314 	EXP 	stopr: autoDraw = False
16.2314 	EXP 	text_6: autoDraw = False
16.2314 	EXP 	text_6: foreColor = <psychopy.colors.Color: blue, alpha=1.0>
16.2314 	EXP 	text_6: text = 'BLUE'
16.2314 	EXP 	text_5: autoDraw = True
16.2314 	EXP 	stopb: autoDraw = True
16.2314 	EXP 	stopl: autoDraw = True
16.2314 	EXP 	stopr: autoDraw = True
16.2314 	EXP 	text_6: autoDraw = True
16.5503 	EXP 	New trial (rep=0, index=11): {'word': 'BLUE', 'color': 'blue', 'correct': 'b'}
16.5583 	DATA 	Keypress: r
16.5633 	EXP 	text_5: autoDraw = False
16.5633 	EXP 	stopb: autoDraw = False
16.5633 	EXP 	stopl: autoDraw = False
16.5633 	EXP 	stopr: autoDraw = False
16.5633 	EXP 	text_6: autoDraw = False
16.5633 	EXP 	text_6: foreColor = <psychopy.colors.Color: blue, alpha=1.0>
16.5633 	EXP 	text_6: text = 'BLUE'
16.5633 	EXP 	text_5: autoDraw = True
16.5633 	EXP 	stopb: autoDraw = True
16.5633 	EXP 	stopl: autoDraw = True
16.5633 	EXP 	stopr: autoDraw = True
16.5633 	EXP 	text_6: autoDraw = True
16.8665 	EXP 	New trial (rep=0, index=12): {'word': 'RED', 'color': 'red', 'correct': 'r'}
16.8778 	DATA 	Keypress: b
16.8821 	EXP 	text_5: autoDraw = False
16.8821 	EXP 	stopb: autoDraw = False
16.8821 	EXP 	stopl: autoDraw = False
16.8821 	EXP 	stopr: autoDraw = False
16.8821 	EXP 	text_6: autoDraw = False
16.8821 	EXP 	text_6: foreColor = <psychopy.colors.Color: red, alpha=1.0>
16.8821 	EXP 	text_6: height = 0.1
16.8821 	EXP 	text_6: height = 0.1
16.8821 	EXP 	text_6: height = 0.1
16.8821 	EXP 	text_6: text = 'RED'
16.8821 	EXP 	text_5: autoDraw = True
16.8821 	EXP 	stopb: autoDraw = True
16.8821 	EXP 	stopl: autoDraw = True
16.8821 	EXP 	stopr: autoDraw = True
16.8821 	EXP 	text_6: autoDraw = True
17.2329 	EXP 	New trial (rep=0, index=13): {'word': 'RED', 'color': 'red', 'correct': 'r'}
17.2423 	DATA 	Keypress: b
17.2464 	EXP 	text_5: autoDraw = False
17.2464 	EXP 	stopb: autoDraw = False
17.2464 	EXP 	stopl: autoDraw = False
17.2464 	EXP 	stopr: autoDraw = False
17.2464 	EXP 	text_6: autoDraw = False
17.2464 	EXP 	text_6: foreColor = <psychopy.colors.Color: red, alpha=1.0>
17.2464 	EXP 	text_6: text = 'RED'
17.2464 	EXP 	text_5: autoDraw = True
17.2464 	EXP 	stopb: autoDraw = True
17.2464 	EXP 	stopl: autoDraw = True
17.2464 	EXP 	stopr: autoDraw = True
17.2464 	EXP 	text_6: autoDraw = True
17.5001 	EXP 	New trial (rep=0, index=14): {'word': 'BLUE', 'color': 'red', 'correct': 'r'}
17.5112 	DATA 	Keypress: b
17.5160 	EXP 	text_5: autoDraw = False
17.5160 	EXP 	stopb: autoDraw = False
17.5160 	EXP 	stopl: autoDraw = False
17.5160 	EXP 	stopr: autoDraw = False
17.5160 	EXP 	text_6: autoDraw = False
17.5160 	EXP 	text_6: foreColor = <psychopy.colors.Color: red, alpha=1.0>
17.5160 	EXP 	text_6: height = 0.1
17.5160 	EXP 	text_6: height = 0.1
17.5160 	EXP 	text_6: height = 0.1
17.5160 	EXP 	text_6: text = 'BLUE'
17.5160 	EXP 	text_5: autoDraw = True
17.5160 	EXP 	stopb: autoDraw = True
17.5160 	EXP 	stopl: autoDraw = True
17.5160 	EXP 	stopr: autoDraw = True
17.5160 	EXP 	text_6: autoDraw = True
17.6843 	DATA 	Keypress: r
17.7004 	EXP 	New trial (rep=0, index=15): {'word': 'RED', 'color': 'red', 'correct': 'r'}
17.7159 	EXP 	text_5: autoDraw = False
17.7159 	EXP 	stopb: autoDraw = False
17.7159 	EXP 	stopl: autoDraw = False
17.7159 	EXP 	stopr: autoDraw = False
17.7159 	EXP 	text_6: autoDraw = False
17.7159 	EXP 	text_6: foreColor = <psychopy.colors.Color: red, alpha=1.0>
17.7159 	EXP 	text_6: height = 0.1
17.7159 	EXP 	text_6: height = 0.1
17.7159 	EXP 	text_6: height = 0.1
17.7159 	EXP 	text_6: text = 'RED'
17.7159 	EXP 	text_5: autoDraw = True
17.7159 	EXP 	stopb: autoDraw = True
17.7159 	EXP 	stopl: autoDraw = True
17.7159 	EXP 	stopr: autoDraw = True
17.7159 	EXP 	text_6: autoDraw = True
18.0326 	EXP 	New trial (rep=0, index=16): {'word': 'RED', 'color': 'red', 'correct': 'r'}
18.0415 	DATA 	Keypress: r
18.0461 	EXP 	text_5: autoDraw = False
18.0461 	EXP 	stopb: autoDraw = False
18.0461 	EXP 	stopl: autoDraw = False
18.0461 	EXP 	stopr: autoDraw = False
18.0461 	EXP 	text_6: autoDraw = False
18.0461 	EXP 	text_6: foreColor = <psychopy.colors.Color: red, alpha=1.0>
18.0461 	EXP 	text_6: text = 'RED'
18.0461 	EXP 	text_5: autoDraw = True
18.0461 	EXP 	stopb: autoDraw = True
18.0461 	EXP 	stopl: autoDraw = True
18.0461 	EXP 	stopr: autoDraw = True
18.0461 	EXP 	text_6: autoDraw = True
18.2166 	EXP 	New trial (rep=0, index=17): {'word': 'BLUE', 'color': 'blue', 'correct': 'b'}
18.2274 	DATA 	Keypress: r
18.2318 	EXP 	text_5: autoDraw = False
18.2318 	EXP 	stopb: autoDraw = False
18.2318 	EXP 	stopl: autoDraw = False
18.2318 	EXP 	stopr: autoDraw = False
18.2318 	EXP 	text_6: autoDraw = False
18.2318 	EXP 	text_6: foreColor = <psychopy.colors.Color: blue, alpha=1.0>
18.2318 	EXP 	text_6: height = 0.1
18.2318 	EXP 	text_6: height = 0.1
18.2318 	EXP 	text_6: height = 0.1
18.2318 	EXP 	text_6: text = 'BLUE'
18.2318 	EXP 	text_5: autoDraw = True
18.2318 	EXP 	stopb: autoDraw = True
18.2318 	EXP 	stopl: autoDraw = True
18.2318 	EXP 	stopr: autoDraw = True
18.2318 	EXP 	text_6: autoDraw = True
18.4667 	EXP 	New trial (rep=0, index=18): {'word': 'BLUE', 'color': 'red', 'correct': 'r'}
18.4759 	DATA 	Keypress: b
18.4808 	EXP 	text_5: autoDraw = False
18.4808 	EXP 	stopb: autoDraw = False
18.4808 	EXP 	stopl: autoDraw = False
18.4808 	EXP 	stopr: autoDraw = False
18.4808 	EXP 	text_6: autoDraw = False
18.4808 	EXP 	text_6: foreColor = <psychopy.colors.Color: red, alpha=1.0>
18.4808 	EXP 	text_6: text = 'BLUE'
18.4808 	EXP 	text_5: autoDraw = True
18.4808 	EXP 	stopb: autoDraw = True
18.4808 	EXP 	stopl: autoDraw = True
18.4808 	EXP 	stopr: autoDraw = True
18.4808 	EXP 	text_6: autoDraw = True
18.7328 	EXP 	New trial (rep=0, index=19): {'word': 'RED', 'color': 'red', 'correct': 'r'}
18.7440 	DATA 	Keypress: r
18.7490 	EXP 	text_5: autoDraw = False
18.7490 	EXP 	stopb: autoDraw = False
18.7490 	EXP 	stopl: autoDraw = False
18.7490 	EXP 	stopr: autoDraw = False
18.7490 	EXP 	text_6: autoDraw = False
18.7490 	EXP 	text_6: foreColor = <psychopy.colors.Color: red, alpha=1.0>
18.7490 	EXP 	text_6: height = 0.1
18.7490 	EXP 	text_6: height = 0.1
18.7490 	EXP 	text_6: height = 0.1
18.7490 	EXP 	text_6: text = 'RED'
18.7490 	EXP 	text_5: autoDraw = True
18.7490 	EXP 	stopb: autoDraw = True
18.7490 	EXP 	stopl: autoDraw = True
18.7490 	EXP 	stopr: autoDraw = True
18.7490 	EXP 	text_6: autoDraw = True
19.1904 	EXP 	Sound sound_1 set volume 1.000
19.1912 	EXP 	New trial (rep=0, index=1): OrderedDict([('Participant1', 30), ('Participant2', 105), ('Participant3', 105), ('Participant4', 60), ('Participant5', 120), ('Participant6', 120), ('Participant7', 120), ('Participant8', 105), ('Participant9', 60), ('Participant10', 105), ('Participant11', 60), ('Participant12', 30), ('Participant13', 60), ('Participant14', 120), ('Participant15', 30), ('Participant16', 30), ('Participant17', 30), ('Participant18', 105), ('Participant19', 105), ('Participant20', 60), ('Participant21', 120), ('Participant22', 120), ('Participant23', 120), ('Participant24', 105), ('Participant25', 60), ('Participant26', 105)])
19.1974 	DATA 	Keypress: b
19.2023 	EXP 	text_5: autoDraw = False
19.2023 	EXP 	stopb: autoDraw = False
19.2023 	EXP 	stopl: autoDraw = False
19.2023 	EXP 	stopr: autoDraw = False
19.2023 	EXP 	text_6: autoDraw = False
19.2023 	EXP 	text_2: height = 0.05
19.2023 	EXP 	text_2: height = 0.05
19.2023 	EXP 	text_2: height = 0.05
19.2023 	EXP 	text_2: text = 30
19.2023 	EXP 	text_3: autoDraw = True
19.2023 	EXP 	text_2: autoDraw = True
19.2023 	EXP 	text_4: autoDraw = True
19.3624 	DATA 	Keypress: r
20.3945 	DATA 	Keypress: space
20.4166 	EXP 	Imported C:/Users/carelab/Desktop/Erik/resources/stroop.xlsx as conditions, 20 conditions, 3 params
20.4172 	EXP 	Created sequence: random, trialTypes=20, nReps=1, seed=None
20.4175 	EXP 	New trial (rep=0, index=0): {'word': 'RED', 'color': 'blue', 'correct': 'b'}
20.4315 	EXP 	text_3: autoDraw = False
20.4315 	EXP 	text_2: autoDraw = False
20.4315 	EXP 	text_4: autoDraw = False
20.4315 	EXP 	text_6: foreColor = <psychopy.colors.Color: blue, alpha=1.0>
20.4315 	EXP 	text_6: text = 'RED'
20.4315 	EXP 	text_5: autoDraw = True
20.4315 	EXP 	stopb: autoDraw = True
20.4315 	EXP 	stopl: autoDraw = True
20.4315 	EXP 	stopr: autoDraw = True
20.4315 	EXP 	text_6: autoDraw = True
21.1665 	DATA 	Keypress: r
21.1818 	EXP 	New trial (rep=0, index=1): {'word': 'RED', 'color': 'red', 'correct': 'r'}
21.1946 	EXP 	text_5: autoDraw = False
21.1946 	EXP 	stopb: autoDraw = False
21.1946 	EXP 	stopl: autoDraw = False
21.1946 	EXP 	stopr: autoDraw = False
21.1946 	EXP 	text_6: autoDraw = False
21.1946 	EXP 	text_6: foreColor = <psychopy.colors.Color: red, alpha=1.0>
21.1946 	EXP 	text_6: text = 'RED'
21.1946 	EXP 	text_5: autoDraw = True
21.1946 	EXP 	stopb: autoDraw = True
21.1946 	EXP 	stopl: autoDraw = True
21.1946 	EXP 	stopr: autoDraw = True
21.1946 	EXP 	text_6: autoDraw = True
21.8483 	EXP 	New trial (rep=0, index=2): {'word': 'RED', 'color': 'red', 'correct': 'r'}
21.8572 	DATA 	Keypress: b
21.8616 	EXP 	text_5: autoDraw = False
21.8616 	EXP 	stopb: autoDraw = False
21.8616 	EXP 	stopl: autoDraw = False
21.8616 	EXP 	stopr: autoDraw = False
21.8616 	EXP 	text_6: autoDraw = False
21.8616 	EXP 	text_6: foreColor = <psychopy.colors.Color: red, alpha=1.0>
21.8616 	EXP 	text_6: text = 'RED'
21.8616 	EXP 	text_5: autoDraw = True
21.8616 	EXP 	stopb: autoDraw = True
21.8616 	EXP 	stopl: autoDraw = True
21.8616 	EXP 	stopr: autoDraw = True
21.8616 	EXP 	text_6: autoDraw = True
22.1007 	DATA 	Keypress: r
22.1147 	EXP 	New trial (rep=0, index=3): {'word': 'BLUE', 'color': 'blue', 'correct': 'b'}
22.1297 	EXP 	text_5: autoDraw = False
22.1297 	EXP 	stopb: autoDraw = False
22.1297 	EXP 	stopl: autoDraw = False
22.1297 	EXP 	stopr: autoDraw = False
22.1297 	EXP 	text_6: autoDraw = False
22.1297 	EXP 	text_6: foreColor = <psychopy.colors.Color: blue, alpha=1.0>
22.1297 	EXP 	text_6: height = 0.1
22.1297 	EXP 	text_6: height = 0.1
22.1297 	EXP 	text_6: height = 0.1
22.1297 	EXP 	text_6: text = 'BLUE'
22.1297 	EXP 	text_5: autoDraw = True
22.1297 	EXP 	stopb: autoDraw = True
22.1297 	EXP 	stopl: autoDraw = True
22.1297 	EXP 	stopr: autoDraw = True
22.1297 	EXP 	text_6: autoDraw = True
22.3980 	EXP 	New trial (rep=0, index=4): {'word': 'RED', 'color': 'red', 'correct': 'r'}
22.4079 	DATA 	Keypress: r
22.4122 	EXP 	text_5: autoDraw = False
22.4122 	EXP 	stopb: autoDraw = False
22.4122 	EXP 	stopl: autoDraw = False
22.4122 	EXP 	stopr: autoDraw = False
22.4122 	EXP 	text_6: autoDraw = False
22.4122 	EXP 	text_6: foreColor = <psychopy.colors.Color: red, alpha=1.0>
22.4122 	EXP 	text_6: height = 0.1
22.4122 	EXP 	text_6: height = 0.1
22.4122 	EXP 	text_6: height = 0.1
22.4122 	EXP 	text_6: text = 'RED'
22.4122 	EXP 	text_5: autoDraw = True
22.4122 	EXP 	stopb: autoDraw = True
22.4122 	EXP 	stopl: autoDraw = True
22.4122 	EXP 	stopr: autoDraw = True
22.4122 	EXP 	text_6: autoDraw = True
22.6153 	EXP 	New trial (rep=0, index=5): {'word': 'BLUE', 'color': 'red', 'correct': 'r'}
22.6264 	DATA 	Keypress: r
22.6310 	EXP 	text_5: autoDraw = False
22.6310 	EXP 	stopb: autoDraw = False
22.6310 	EXP 	stopl: autoDraw = False
22.6310 	EXP 	stopr: autoDraw = False
22.6310 	EXP 	text_6: autoDraw = False
22.6310 	EXP 	text_6: foreColor = <psychopy.colors.Color: red, alpha=1.0>
22.6310 	EXP 	text_6: height = 0.1
22.6310 	EXP 	text_6: height = 0.1
22.6310 	EXP 	text_6: height = 0.1
22.6310 	EXP 	text_6: text = 'BLUE'
22.6310 	EXP 	text_5: autoDraw = True
22.6310 	EXP 	stopb: autoDraw = True
22.6310 	EXP 	stopl: autoDraw = True
22.6310 	EXP 	stopr: autoDraw = True
22.6310 	EXP 	text_6: autoDraw = True
23.4008 	DATA 	Keypress: r
23.4142 	EXP 	New trial (rep=0, index=6): {'word': 'BLUE', 'color': 'blue', 'correct': 'b'}
23.4275 	EXP 	text_5: autoDraw = False
23.4275 	EXP 	stopb: autoDraw = False
23.4275 	EXP 	stopl: autoDraw = False
23.4275 	EXP 	stopr: autoDraw = False
23.4275 	EXP 	text_6: autoDraw = False
23.4275 	EXP 	text_6: foreColor = <psychopy.colors.Color: blue, alpha=1.0>
23.4275 	EXP 	text_6: text = 'BLUE'
23.4275 	EXP 	text_5: autoDraw = True
23.4275 	EXP 	stopb: autoDraw = True
23.4275 	EXP 	stopl: autoDraw = True
23.4275 	EXP 	stopr: autoDraw = True
23.4275 	EXP 	text_6: autoDraw = True
23.7832 	DATA 	Keypress: b
23.7982 	EXP 	New trial (rep=0, index=7): {'word': 'BLUE', 'color': 'blue', 'correct': 'b'}
23.8098 	EXP 	text_5: autoDraw = False
23.8098 	EXP 	stopb: autoDraw = False
23.8098 	EXP 	stopl: autoDraw = False
23.8098 	EXP 	stopr: autoDraw = False
23.8098 	EXP 	text_6: autoDraw = False
23.8098 	EXP 	text_6: foreColor = <psychopy.colors.Color: blue, alpha=1.0>
23.8098 	EXP 	text_6: text = 'BLUE'
23.8098 	EXP 	text_5: autoDraw = True
23.8098 	EXP 	stopb: autoDraw = True
23.8098 	EXP 	stopl: autoDraw = True
23.8098 	EXP 	stopr: autoDraw = True
23.8098 	EXP 	text_6: autoDraw = True
24.0471 	EXP 	New trial (rep=0, index=8): {'word': 'RED', 'color': 'red', 'correct': 'r'}
24.0574 	DATA 	Keypress: r
24.0615 	EXP 	text_5: autoDraw = False
24.0615 	EXP 	stopb: autoDraw = False
24.0615 	EXP 	stopl: autoDraw = False
24.0615 	EXP 	stopr: autoDraw = False
24.0615 	EXP 	text_6: autoDraw = False
24.0615 	EXP 	text_6: foreColor = <psychopy.colors.Color: red, alpha=1.0>
24.0615 	EXP 	text_6: height = 0.1
24.0615 	EXP 	text_6: height = 0.1
24.0615 	EXP 	text_6: height = 0.1
24.0615 	EXP 	text_6: text = 'RED'
24.0615 	EXP 	text_5: autoDraw = True
24.0615 	EXP 	stopb: autoDraw = True
24.0615 	EXP 	stopl: autoDraw = True
24.0615 	EXP 	stopr: autoDraw = True
24.0615 	EXP 	text_6: autoDraw = True
24.5000 	DATA 	Keypress: r
24.5141 	EXP 	New trial (rep=0, index=9): {'word': 'BLUE', 'color': 'red', 'correct': 'r'}
24.5301 	EXP 	text_5: autoDraw = False
24.5301 	EXP 	stopb: autoDraw = False
24.5301 	EXP 	stopl: autoDraw = False
24.5301 	EXP 	stopr: autoDraw = False
24.5301 	EXP 	text_6: autoDraw = False
24.5301 	EXP 	text_6: foreColor = <psychopy.colors.Color: red, alpha=1.0>
24.5301 	EXP 	text_6: height = 0.1
24.5301 	EXP 	text_6: height = 0.1
24.5301 	EXP 	text_6: height = 0.1
24.5301 	EXP 	text_6: text = 'BLUE'
24.5301 	EXP 	text_5: autoDraw = True
24.5301 	EXP 	stopb: autoDraw = True
24.5301 	EXP 	stopl: autoDraw = True
24.5301 	EXP 	stopr: autoDraw = True
24.5301 	EXP 	text_6: autoDraw = True
24.7494 	DATA 	Keypress: r
24.7637 	EXP 	New trial (rep=0, index=10): {'word': 'RED', 'color': 'red', 'correct': 'r'}
24.7782 	EXP 	text_5: autoDraw = False
24.7782 	EXP 	stopb: autoDraw = False
24.7782 	EXP 	stopl: autoDraw = False
24.7782 	EXP 	stopr: autoDraw = False
24.7782 	EXP 	text_6: autoDraw = False
24.7782 	EXP 	text_6: foreColor = <psychopy.colors.Color: red, alpha=1.0>
24.7782 	EXP 	text_6: height = 0.1
24.7782 	EXP 	text_6: height = 0.1
24.7782 	EXP 	text_6: height = 0.1
24.7782 	EXP 	text_6: text = 'RED'
24.7782 	EXP 	text_5: autoDraw = True
24.7782 	EXP 	stopb: autoDraw = True
24.7782 	EXP 	stopl: autoDraw = True
24.7782 	EXP 	stopr: autoDraw = True
24.7782 	EXP 	text_6: autoDraw = True
24.9829 	DATA 	Keypress: r
24.9981 	EXP 	New trial (rep=0, index=11): {'word': 'RED', 'color': 'red', 'correct': 'r'}
25.0107 	EXP 	text_5: autoDraw = False
25.0107 	EXP 	stopb: autoDraw = False
25.0107 	EXP 	stopl: autoDraw = False
25.0107 	EXP 	stopr: autoDraw = False
25.0107 	EXP 	text_6: autoDraw = False
25.0107 	EXP 	text_6: foreColor = <psychopy.colors.Color: red, alpha=1.0>
25.0107 	EXP 	text_6: text = 'RED'
25.0107 	EXP 	text_5: autoDraw = True
25.0107 	EXP 	stopb: autoDraw = True
25.0107 	EXP 	stopl: autoDraw = True
25.0107 	EXP 	stopr: autoDraw = True
25.0107 	EXP 	text_6: autoDraw = True
25.2477 	EXP 	New trial (rep=0, index=12): {'word': 'BLUE', 'color': 'red', 'correct': 'r'}
25.2591 	DATA 	Keypress: b
25.2637 	EXP 	text_5: autoDraw = False
25.2637 	EXP 	stopb: autoDraw = False
25.2637 	EXP 	stopl: autoDraw = False
25.2637 	EXP 	stopr: autoDraw = False
25.2637 	EXP 	text_6: autoDraw = False
25.2637 	EXP 	text_6: foreColor = <psychopy.colors.Color: red, alpha=1.0>
25.2637 	EXP 	text_6: height = 0.1
25.2637 	EXP 	text_6: height = 0.1
25.2637 	EXP 	text_6: height = 0.1
25.2637 	EXP 	text_6: text = 'BLUE'
25.2637 	EXP 	text_5: autoDraw = True
25.2637 	EXP 	stopb: autoDraw = True
25.2637 	EXP 	stopl: autoDraw = True
25.2637 	EXP 	stopr: autoDraw = True
25.2637 	EXP 	text_6: autoDraw = True
25.5139 	EXP 	New trial (rep=0, index=13): {'word': 'BLUE', 'color': 'blue', 'correct': 'b'}
25.5230 	DATA 	Keypress: r
25.5276 	EXP 	text_5: autoDraw = False
25.5276 	EXP 	stopb: autoDraw = False
25.5276 	EXP 	stopl: autoDraw = False
25.5276 	EXP 	stopr: autoDraw = False
25.5276 	EXP 	text_6: autoDraw = False
25.5276 	EXP 	text_6: foreColor = <psychopy.colors.Color: blue, alpha=1.0>
25.5276 	EXP 	text_6: text = 'BLUE'
25.5276 	EXP 	text_5: autoDraw = True
25.5276 	EXP 	stopb: autoDraw = True
25.5276 	EXP 	stopl: autoDraw = True
25.5276 	EXP 	stopr: autoDraw = True
25.5276 	EXP 	text_6: autoDraw = True
25.8894 	EXP 	New trial (rep=0, index=14): {'word': 'RED', 'color': 'blue', 'correct': 'b'}
25.9114 	DATA 	Keypress: r
25.9158 	EXP 	text_5: autoDraw = False
25.9158 	EXP 	stopb: autoDraw = False
25.9158 	EXP 	stopl: autoDraw = False
25.9158 	EXP 	stopr: autoDraw = False
25.9158 	EXP 	text_6: autoDraw = False
25.9158 	EXP 	text_6: foreColor = <psychopy.colors.Color: blue, alpha=1.0>
25.9158 	EXP 	text_6: height = 0.1
25.9158 	EXP 	text_6: height = 0.1
25.9158 	EXP 	text_6: height = 0.1
25.9158 	EXP 	text_6: text = 'RED'
25.9158 	EXP 	text_5: autoDraw = True
25.9158 	EXP 	stopb: autoDraw = True
25.9158 	EXP 	stopl: autoDraw = True
25.9158 	EXP 	stopr: autoDraw = True
25.9158 	EXP 	text_6: autoDraw = True
26.1947 	DATA 	Keypress: r
26.2159 	EXP 	New trial (rep=0, index=15): {'word': 'BLUE', 'color': 'red', 'correct': 'r'}
26.2343 	EXP 	text_5: autoDraw = False
26.2343 	EXP 	stopb: autoDraw = False
26.2343 	EXP 	stopl: autoDraw = False
26.2343 	EXP 	stopr: autoDraw = False
26.2343 	EXP 	text_6: autoDraw = False
26.2343 	EXP 	text_6: foreColor = <psychopy.colors.Color: red, alpha=1.0>
26.2343 	EXP 	text_6: height = 0.1
26.2343 	EXP 	text_6: height = 0.1
26.2343 	EXP 	text_6: height = 0.1
26.2343 	EXP 	text_6: text = 'BLUE'
26.2343 	EXP 	text_5: autoDraw = True
26.2343 	EXP 	stopb: autoDraw = True
26.2343 	EXP 	stopl: autoDraw = True
26.2343 	EXP 	stopr: autoDraw = True
26.2343 	EXP 	text_6: autoDraw = True
26.5437 	EXP 	New trial (rep=0, index=16): {'word': 'BLUE', 'color': 'blue', 'correct': 'b'}
26.5511 	DATA 	Keypress: b
26.5567 	EXP 	text_5: autoDraw = False
26.5567 	EXP 	stopb: autoDraw = False
26.5567 	EXP 	stopl: autoDraw = False
26.5567 	EXP 	stopr: autoDraw = False
26.5567 	EXP 	text_6: autoDraw = False
26.5567 	EXP 	text_6: foreColor = <psychopy.colors.Color: blue, alpha=1.0>
26.5567 	EXP 	text_6: text = 'BLUE'
26.5567 	EXP 	text_5: autoDraw = True
26.5567 	EXP 	stopb: autoDraw = True
26.5567 	EXP 	stopl: autoDraw = True
26.5567 	EXP 	stopr: autoDraw = True
26.5567 	EXP 	text_6: autoDraw = True
60.8047 	DATA 	Keypress: r
60.8256 	EXP 	New trial (rep=0, index=17): {'word': 'BLUE', 'color': 'blue', 'correct': 'b'}
60.8417 	EXP 	text_5: autoDraw = False
60.8417 	EXP 	stopb: autoDraw = False
60.8417 	EXP 	stopl: autoDraw = False
60.8417 	EXP 	stopr: autoDraw = False
60.8417 	EXP 	text_6: autoDraw = False
60.8417 	EXP 	text_6: foreColor = <psychopy.colors.Color: blue, alpha=1.0>
60.8417 	EXP 	text_6: text = 'BLUE'
60.8417 	EXP 	text_5: autoDraw = True
60.8417 	EXP 	stopb: autoDraw = True
60.8417 	EXP 	stopl: autoDraw = True
60.8417 	EXP 	stopr: autoDraw = True
60.8417 	EXP 	text_6: autoDraw = True
61.5411 	EXP 	New trial (rep=0, index=18): {'word': 'RED', 'color': 'red', 'correct': 'r'}
61.5563 	DATA 	Keypress: b
61.5609 	EXP 	text_5: autoDraw = False
61.5609 	EXP 	stopb: autoDraw = False
61.5609 	EXP 	stopl: autoDraw = False
61.5609 	EXP 	stopr: autoDraw = False
61.5609 	EXP 	text_6: autoDraw = False
61.5609 	EXP 	text_6: foreColor = <psychopy.colors.Color: red, alpha=1.0>
61.5609 	EXP 	text_6: height = 0.1
61.5609 	EXP 	text_6: height = 0.1
61.5609 	EXP 	text_6: height = 0.1
61.5609 	EXP 	text_6: text = 'RED'
61.5609 	EXP 	text_5: autoDraw = True
61.5609 	EXP 	stopb: autoDraw = True
61.5609 	EXP 	stopl: autoDraw = True
61.5609 	EXP 	stopr: autoDraw = True
61.5609 	EXP 	text_6: autoDraw = True
62.0199 	EXP 	New trial (rep=0, index=19): {'word': 'RED', 'color': 'red', 'correct': 'r'}
62.0291 	DATA 	Keypress: r
62.0336 	EXP 	text_5: autoDraw = False
62.0336 	EXP 	stopb: autoDraw = False
62.0336 	EXP 	stopl: autoDraw = False
62.0336 	EXP 	stopr: autoDraw = False
62.0336 	EXP 	text_6: autoDraw = False
62.0336 	EXP 	text_6: foreColor = <psychopy.colors.Color: red, alpha=1.0>
62.0336 	EXP 	text_6: text = 'RED'
62.0336 	EXP 	text_5: autoDraw = True
62.0336 	EXP 	stopb: autoDraw = True
62.0336 	EXP 	stopl: autoDraw = True
62.0336 	EXP 	stopr: autoDraw = True
62.0336 	EXP 	text_6: autoDraw = True
62.5710 	DATA 	Keypress: b
62.6558 	EXP 	Sound sound_1 set volume 1.000
62.6565 	EXP 	New trial (rep=0, index=2): OrderedDict([('Participant1', 30), ('Participant2', 30), ('Participant3', 30), ('Participant4', 105), ('Participant5', 105), ('Participant6', 60), ('Participant7', 120), ('Participant8', 120), ('Participant9', 120), ('Participant10', 105), ('Participant11', 60), ('Participant12', 105), ('Participant13', 60), ('Participant14', 30), ('Participant15', 60), ('Participant16', 120), ('Participant17', 30), ('Participant18', 30), ('Participant19', 30), ('Participant20', 105), ('Participant21', 105), ('Participant22', 60), ('Participant23', 120), ('Participant24', 120), ('Participant25', 120), ('Participant26', 105)])
62.6659 	EXP 	text_5: autoDraw = False
62.6659 	EXP 	stopb: autoDraw = False
62.6659 	EXP 	stopl: autoDraw = False
62.6659 	EXP 	stopr: autoDraw = False
62.6659 	EXP 	text_6: autoDraw = False
62.6659 	EXP 	text_2: height = 0.05
62.6659 	EXP 	text_2: height = 0.05
62.6659 	EXP 	text_2: height = 0.05
62.6659 	EXP 	text_2: text = 30
62.6659 	EXP 	text_3: autoDraw = True
62.6659 	EXP 	text_2: autoDraw = True
62.6659 	EXP 	text_4: autoDraw = True
64.7532 	EXP 	Imported C:/Users/carelab/Desktop/Erik/resources/stroop.xlsx as conditions, 20 conditions, 3 params
64.7538 	EXP 	Created sequence: random, trialTypes=20, nReps=1, seed=None
64.7541 	EXP 	New trial (rep=0, index=0): {'word': 'BLUE', 'color': 'red', 'correct': 'r'}
64.7664 	DATA 	Keypress: space
64.7704 	EXP 	text_3: autoDraw = False
64.7704 	EXP 	text_2: autoDraw = False
64.7704 	EXP 	text_4: autoDraw = False
64.7704 	EXP 	text_6: foreColor = <psychopy.colors.Color: red, alpha=1.0>
64.7704 	EXP 	text_6: height = 0.1
64.7704 	EXP 	text_6: height = 0.1
64.7704 	EXP 	text_6: height = 0.1
64.7704 	EXP 	text_6: text = 'BLUE'
64.7704 	EXP 	text_5: autoDraw = True
64.7704 	EXP 	stopb: autoDraw = True
64.7704 	EXP 	stopl: autoDraw = True
64.7704 	EXP 	stopr: autoDraw = True
64.7704 	EXP 	text_6: autoDraw = True
67.0681 	EXP 	New trial (rep=0, index=1): {'word': 'RED', 'color': 'red', 'correct': 'r'}
67.0781 	DATA 	Keypress: r
67.0825 	EXP 	text_5: autoDraw = False
67.0825 	EXP 	stopb: autoDraw = False
67.0825 	EXP 	stopl: autoDraw = False
67.0825 	EXP 	stopr: autoDraw = False
67.0825 	EXP 	text_6: autoDraw = False
67.0825 	EXP 	text_6: foreColor = <psychopy.colors.Color: red, alpha=1.0>
67.0825 	EXP 	text_6: height = 0.1
67.0825 	EXP 	text_6: height = 0.1
67.0825 	EXP 	text_6: height = 0.1
67.0825 	EXP 	text_6: text = 'RED'
67.0825 	EXP 	text_5: autoDraw = True
67.0825 	EXP 	stopb: autoDraw = True
67.0825 	EXP 	stopl: autoDraw = True
67.0825 	EXP 	stopr: autoDraw = True
67.0825 	EXP 	text_6: autoDraw = True
67.6694 	DATA 	Keypress: b
67.6848 	EXP 	New trial (rep=0, index=2): {'word': 'RED', 'color': 'red', 'correct': 'r'}
67.6974 	EXP 	text_5: autoDraw = False
67.6974 	EXP 	stopb: autoDraw = False
67.6974 	EXP 	stopl: autoDraw = False
67.6974 	EXP 	stopr: autoDraw = False
67.6974 	EXP 	text_6: autoDraw = False
67.6974 	EXP 	text_6: foreColor = <psychopy.colors.Color: red, alpha=1.0>
67.6974 	EXP 	text_6: text = 'RED'
67.6974 	EXP 	text_5: autoDraw = True
67.6974 	EXP 	stopb: autoDraw = True
67.6974 	EXP 	stopl: autoDraw = True
67.6974 	EXP 	stopr: autoDraw = True
67.6974 	EXP 	text_6: autoDraw = True
67.9680 	EXP 	New trial (rep=0, index=3): {'word': 'BLUE', 'color': 'red', 'correct': 'r'}
67.9783 	DATA 	Keypress: r
67.9827 	EXP 	text_5: autoDraw = False
67.9827 	EXP 	stopb: autoDraw = False
67.9827 	EXP 	stopl: autoDraw = False
67.9827 	EXP 	stopr: autoDraw = False
67.9827 	EXP 	text_6: autoDraw = False
67.9827 	EXP 	text_6: foreColor = <psychopy.colors.Color: red, alpha=1.0>
67.9827 	EXP 	text_6: height = 0.1
67.9827 	EXP 	text_6: height = 0.1
67.9827 	EXP 	text_6: height = 0.1
67.9827 	EXP 	text_6: text = 'BLUE'
67.9827 	EXP 	text_5: autoDraw = True
67.9827 	EXP 	stopb: autoDraw = True
67.9827 	EXP 	stopl: autoDraw = True
67.9827 	EXP 	stopr: autoDraw = True
67.9827 	EXP 	text_6: autoDraw = True
68.2343 	EXP 	New trial (rep=0, index=4): {'word': 'RED', 'color': 'red', 'correct': 'r'}
68.2457 	DATA 	Keypress: b
68.2499 	EXP 	text_5: autoDraw = False
68.2499 	EXP 	stopb: autoDraw = False
68.2499 	EXP 	stopl: autoDraw = False
68.2499 	EXP 	stopr: autoDraw = False
68.2499 	EXP 	text_6: autoDraw = False
68.2499 	EXP 	text_6: foreColor = <psychopy.colors.Color: red, alpha=1.0>
68.2499 	EXP 	text_6: height = 0.1
68.2499 	EXP 	text_6: height = 0.1
68.2499 	EXP 	text_6: height = 0.1
68.2499 	EXP 	text_6: text = 'RED'
68.2499 	EXP 	text_5: autoDraw = True
68.2499 	EXP 	stopb: autoDraw = True
68.2499 	EXP 	stopl: autoDraw = True
68.2499 	EXP 	stopr: autoDraw = True
68.2499 	EXP 	text_6: autoDraw = True
68.5364 	DATA 	Keypress: r
68.5507 	EXP 	New trial (rep=0, index=5): {'word': 'BLUE', 'color': 'blue', 'correct': 'b'}
68.5666 	EXP 	text_5: autoDraw = False
68.5666 	EXP 	stopb: autoDraw = False
68.5666 	EXP 	stopl: autoDraw = False
68.5666 	EXP 	stopr: autoDraw = False
68.5666 	EXP 	text_6: autoDraw = False
68.5666 	EXP 	text_6: foreColor = <psychopy.colors.Color: blue, alpha=1.0>
68.5666 	EXP 	text_6: height = 0.1
68.5666 	EXP 	text_6: height = 0.1
68.5666 	EXP 	text_6: height = 0.1
68.5666 	EXP 	text_6: text = 'BLUE'
68.5666 	EXP 	text_5: autoDraw = True
68.5666 	EXP 	stopb: autoDraw = True
68.5666 	EXP 	stopl: autoDraw = True
68.5666 	EXP 	stopr: autoDraw = True
68.5666 	EXP 	text_6: autoDraw = True
68.9506 	EXP 	New trial (rep=0, index=6): {'word': 'BLUE', 'color': 'blue', 'correct': 'b'}
68.9598 	DATA 	Keypress: b
68.9640 	EXP 	text_5: autoDraw = False
68.9640 	EXP 	stopb: autoDraw = False
68.9640 	EXP 	stopl: autoDraw = False
68.9640 	EXP 	stopr: autoDraw = False
68.9640 	EXP 	text_6: autoDraw = False
68.9640 	EXP 	text_6: foreColor = <psychopy.colors.Color: blue, alpha=1.0>
68.9640 	EXP 	text_6: text = 'BLUE'
68.9640 	EXP 	text_5: autoDraw = True
68.9640 	EXP 	stopb: autoDraw = True
68.9640 	EXP 	stopl: autoDraw = True
68.9640 	EXP 	stopr: autoDraw = True
68.9640 	EXP 	text_6: autoDraw = True
69.9023 	DATA 	Keypress: space
69.9929 	EXP 	Sound sound_1 set volume 1.000
69.9937 	EXP 	New trial (rep=0, index=3): OrderedDict([('Participant1', 105), ('Participant2', 105), ('Participant3', 60), ('Participant4', 120), ('Participant5', 120), ('Participant6', 120), ('Participant7', 105), ('Participant8', 60), ('Participant9', 105), ('Participant10', 60), ('Participant11', 30), ('Participant12', 60), ('Participant13', 120), ('Participant14', 30), ('Participant15', 30), ('Participant16', 30), ('Participant17', 105), ('Participant18', 105), ('Participant19', 60), ('Participant20', 120), ('Participant21', 120), ('Participant22', 120), ('Participant23', 105), ('Participant24', 60), ('Participant25', 105), ('Participant26', 60)])
70.0051 	EXP 	text_5: autoDraw = False
70.0051 	EXP 	stopb: autoDraw = False
70.0051 	EXP 	stopl: autoDraw = False
70.0051 	EXP 	stopr: autoDraw = False
70.0051 	EXP 	text_6: autoDraw = False
70.0051 	EXP 	text_2: height = 0.05
70.0051 	EXP 	text_2: height = 0.05
70.0051 	EXP 	text_2: height = 0.05
70.0051 	EXP 	text_2: text = 105
70.0051 	EXP 	text_3: autoDraw = True
70.0051 	EXP 	text_2: autoDraw = True
70.0051 	EXP 	text_4: autoDraw = True
70.9794 	DATA 	Mouse: Left button down, pos=(1795,609)
71.0622 	DATA 	Mouse:  Left button up, pos=(1795,609)
71.5455 	DATA 	Keypress: escape
88.9097 	EXP 	window1: mouseVisible = True
