2.2750 	WARNING 	We strongly recommend you activate the PTB sound engine in PsychoPy prefs as the preferred audio engine. Its timing is vastly superior. Your prefs are currently set to use ['sounddevice', 'PTB', 'pyo', 'pygame'] (in that order).
6.9656 	WARNING 	User requested fullscreen with size [1024  768], but screen is actually [2560, 1440]. Using actual size
9.6118 	EXP 	Created window1 = Window(allowGUI=True, allowStencil=False, autoLog=True, backendConf=UNKNOWN, bitsMode=UNKNOWN, blendMode='avg', bpc=(8, 8, 8), color=array([0, 0, 0]), colorSpace='rgb', depthBits=8, fullscr=<method-wrapper '__getattribute__' of attributeSetter object at 0x00000261B9E44430>, gamma=None, gammaErrorPolicy='raise', lms=UNKNOWN, monitor=<psychopy.monitors.calibTools.Monitor object at 0x00000261BBD1A760>, multiSample=False, name='window1', numSamples=2, pos=(0, 0), screen=0, size=array([2560, 1440]), stencilBits=0, stereo=False, units='height', useFBO=True, useRetina=False, viewOri=0.0, viewPos=None, viewScale=None, waitBlanking=True, winType='pyglet')
9.6119 	EXP 	window1: mouseVisible = True
9.6120 	EXP 	window1: mouseVisible = False
9.6121 	EXP 	window1: Attempting to measure frame rate of screen (0) ...
9.6121 	EXP 	window1: recordFrameIntervals = False
9.7777 	EXP 	window1: recordFrameIntervals = True
9.9608 	EXP 	Screen (0) actual frame rate measured at 60.22Hz
9.9609 	EXP 	window1: recordFrameIntervals = False
11.7044 	EXP 	Created text_instr = TextStim(__class__=<class 'psychopy.visual.text.TextStim'>, alignHoriz=method-wrapper(...), alignText='center', alignVert=method-wrapper(...), anchorHoriz='center', anchorVert='center', antialias=True, autoDraw=False, autoLog=True, bold=False, color=array([1, 1, 1]), colorSpace='rgb', contrast=1.0, depth=0.0, flipHoriz=False, flipVert=False, font='Comic Sans', fontFiles=[], height=0.04, italic=False, languageStyle='LTR', name='text_instr', opacity=1.0, ori=0.0, pos=array([0., 0.]), rgb=UNKNOWN, text=str(...), units='height', win=Window(...), wrapWidth=1)
11.7171 	EXP 	Created image_next = ImageStim(__class__=<class 'psychopy.visual.image.ImageStim'>, anchor=('center', 'center'), autoLog=True, color=array([1, 1, 1]), colorSpace='rgb', contrast=1.0, depth=-1.0, flipHoriz=False, flipVert=False, image='next.png', interpolate=True, mask=None, maskParams=None, name='image_next', opacity=1.0, ori=0.0, pos=array([ 0.6, -0.4]), size=array([0.11319444, 0.06736111]), texRes=128.0, units='height', win=Window(...))
11.7175 	EXP 	window1: mouseVisible = True
11.7358 	EXP 	Created text_3 = TextStim(__class__=<class 'psychopy.visual.text.TextStim'>, alignHoriz=method-wrapper(...), alignText='center', alignVert=method-wrapper(...), anchorHoriz='center', anchorVert='center', antialias=True, autoDraw=False, autoLog=True, bold=False, color=array([1, 1, 1]), colorSpace='rgb', contrast=1.0, depth=0.0, flipHoriz=False, flipVert=False, font='Open Sans', fontFiles=[], height=0.05, italic=False, languageStyle='LTR', name='text_3', opacity=1.0, ori=0.0, pos=array([0. , 0.3]), rgb=UNKNOWN, text=str(...), units='height', win=Window(...), wrapWidth=1)
11.7363 	EXP 	Created text_2 = TextStim(__class__=<class 'psychopy.visual.text.TextStim'>, alignHoriz=method-wrapper(...), alignText='center', alignVert=method-wrapper(...), anchorHoriz='center', anchorVert='center', antialias=True, autoDraw=False, autoLog=True, bold=False, color=array([1, 1, 1]), colorSpace='rgb', contrast=1.0, depth=-1.0, flipHoriz=False, flipVert=False, font='Open Sans', fontFiles=[], height=0.05, italic=False, languageStyle='LTR', name='text_2', opacity=1.0, ori=0.0, pos=array([0., 0.]), rgb=UNKNOWN, text='', units='height', win=Window(...), wrapWidth=1)
11.7492 	EXP 	Created text_4 = TextStim(__class__=<class 'psychopy.visual.text.TextStim'>, alignHoriz=method-wrapper(...), alignText='center', alignVert=method-wrapper(...), anchorHoriz='center', anchorVert='center', antialias=True, autoDraw=False, autoLog=True, bold=False, color=array([1, 1, 1]), colorSpace='rgb', contrast=1.0, depth=-3.0, flipHoriz=False, flipVert=False, font='Open Sans', fontFiles=[], height=0.05, italic=False, languageStyle='LTR', name='text_4', opacity=1.0, ori=0.0, pos=array([ 0. , -0.2]), rgb=UNKNOWN, text=str(...), units='height', win=Window(...), wrapWidth=1)
11.7504 	EXP 	Created text_5 = TextStim(__class__=<class 'psychopy.visual.text.TextStim'>, alignHoriz=method-wrapper(...), alignText='center', alignVert=method-wrapper(...), anchorHoriz='center', anchorVert='center', antialias=True, autoDraw=False, autoLog=True, bold=False, color=array([1, 1, 1]), colorSpace='rgb', contrast=1.0, depth=-1.0, flipHoriz=False, flipVert=False, font='Arial', fontFiles=[], height=0.1, italic=False, languageStyle='LTR', name='text_5', opacity=1.0, ori=0.0, pos=array([0. , 0.4]), rgb=UNKNOWN, text='', units='height', win=Window(...), wrapWidth=1)
11.7510 	EXP 	Created stopb = TextStim(__class__=<class 'psychopy.visual.text.TextStim'>, alignHoriz=method-wrapper(...), alignText='center', alignVert=method-wrapper(...), anchorHoriz='center', anchorVert='center', antialias=True, autoDraw=False, autoLog=True, bold=False, color=array([1, 1, 1]), colorSpace='rgb', contrast=1.0, depth=-2.0, flipHoriz=False, flipVert=False, font='Arial', fontFiles=[], height=0.1, italic=False, languageStyle='LTR', name='stopb', opacity=1.0, ori=0.0, pos=array([ 0. , -0.4]), rgb=UNKNOWN, text='', units='height', win=Window(...), wrapWidth=1)
11.7516 	EXP 	Created stopl = TextStim(__class__=<class 'psychopy.visual.text.TextStim'>, alignHoriz=method-wrapper(...), alignText='center', alignVert=method-wrapper(...), anchorHoriz='center', anchorVert='center', antialias=True, autoDraw=False, autoLog=True, bold=False, color=array([1, 1, 1]), colorSpace='rgb', contrast=1.0, depth=-3.0, flipHoriz=False, flipVert=False, font='Arial', fontFiles=[], height=0.1, italic=False, languageStyle='LTR', name='stopl', opacity=1.0, ori=90.0, pos=array([-0.75,  0.  ]), rgb=UNKNOWN, text='', units='height', win=Window(...), wrapWidth=1)
11.7521 	EXP 	Created stopr = TextStim(__class__=<class 'psychopy.visual.text.TextStim'>, alignHoriz=method-wrapper(...), alignText='center', alignVert=method-wrapper(...), anchorHoriz='center', anchorVert='center', antialias=True, autoDraw=False, autoLog=True, bold=False, color=array([1, 1, 1]), colorSpace='rgb', contrast=1.0, depth=-4.0, flipHoriz=False, flipVert=False, font='Arial', fontFiles=[], height=0.1, italic=False, languageStyle='LTR', name='stopr', opacity=1.0, ori=-90.0, pos=array([0.75, 0.  ]), rgb=UNKNOWN, text='', units='height', win=Window(...), wrapWidth=1)
11.7529 	EXP 	Created text_6 = TextStim(__class__=<class 'psychopy.visual.text.TextStim'>, alignHoriz=method-wrapper(...), alignText='center', alignVert=method-wrapper(...), anchorHoriz='center', anchorVert='center', antialias=True, autoDraw=False, autoLog=True, bold=False, color=array([1, 1, 1]), colorSpace='rgb', contrast=1.0, depth=-6.0, flipHoriz=False, flipVert=False, font='Open Sans', fontFiles=[], height=0.1, italic=False, languageStyle='LTR', name='text_6', opacity=1.0, ori=0.0, pos=array([0., 0.]), rgb=UNKNOWN, text='', units='height', win=Window(...), wrapWidth=1)
11.7872 	EXP 	text_instr: autoDraw = True
11.7872 	EXP 	image_next: autoDraw = True
13.0440 	DATA 	Mouse: Left button down, pos=(2117,178)
13.0537 	EXP 	Imported C:/Users/carelab/Desktop/Erik/resources/Lsquare.csv as conditions, 16 conditions, 26 params
13.0541 	EXP 	Created sequence: sequential, trialTypes=16, nReps=1, seed=None
13.0546 	EXP 	New trial (rep=0, index=0): OrderedDict([('Participant1', 30), ('Participant2', 30), ('Participant3', 105), ('Participant4', 105), ('Participant5', 60), ('Participant6', 120), ('Participant7', 120), ('Participant8', 120), ('Participant9', 105), ('Participant10', 60), ('Participant11', 105), ('Participant12', 60), ('Participant13', 30), ('Participant14', 60), ('Participant15', 120), ('Participant16', 30), ('Participant17', 30), ('Participant18', 30), ('Participant19', 105), ('Participant20', 105), ('Participant21', 60), ('Participant22', 120), ('Participant23', 120), ('Participant24', 120), ('Participant25', 105), ('Participant26', 60)])
13.0674 	EXP 	text_instr: autoDraw = False
13.0674 	EXP 	image_next: autoDraw = False
13.0674 	EXP 	text_2: height = 0.05
13.0674 	EXP 	text_2: height = 0.05
13.0674 	EXP 	text_2: height = 0.05
13.0674 	EXP 	text_2: text = 30
13.0674 	EXP 	text_3: autoDraw = True
13.0674 	EXP 	text_2: autoDraw = True
13.0674 	EXP 	text_4: autoDraw = True
13.1293 	DATA 	Mouse:  Left button up, pos=(2117,178)
13.6192 	EXP 	Imported C:/Users/carelab/Desktop/Erik/resources/stroop.xlsx as conditions, 20 conditions, 3 params
13.6198 	EXP 	Created sequence: random, trialTypes=20, nReps=5, seed=None
13.6200 	EXP 	New trial (rep=0, index=0): {'word': 'BLUE', 'color': 'red', 'correct': 'r'}
13.7316 	EXP 	Sound sound_1 set volume 1.000
13.7434 	DATA 	Keypress: space
13.7483 	EXP 	text_3: autoDraw = False
13.7483 	EXP 	text_2: autoDraw = False
13.7483 	EXP 	text_4: autoDraw = False
13.7483 	EXP 	text_6: foreColor = <psychopy.colors.Color: red, alpha=1.0>
13.7483 	EXP 	text_6: height = 0.1
13.7483 	EXP 	text_6: height = 0.1
13.7483 	EXP 	text_6: height = 0.1
13.7483 	EXP 	text_6: text = 'BLUE'
13.7483 	EXP 	text_5: autoDraw = True
13.7483 	EXP 	stopb: autoDraw = True
13.7483 	EXP 	stopl: autoDraw = True
13.7483 	EXP 	stopr: autoDraw = True
13.7483 	EXP 	text_6: autoDraw = True
14.9010 	DATA 	Keypress: space
14.9241 	EXP 	New trial (rep=0, index=1): {'word': 'BLUE', 'color': 'red', 'correct': 'r'}
15.0021 	EXP 	Sound sound_1 set volume 1.000
15.0158 	EXP 	text_5: autoDraw = False
15.0158 	EXP 	stopb: autoDraw = False
15.0158 	EXP 	stopl: autoDraw = False
15.0158 	EXP 	stopr: autoDraw = False
15.0158 	EXP 	text_6: autoDraw = False
15.0158 	EXP 	text_6: foreColor = <psychopy.colors.Color: red, alpha=1.0>
15.0158 	EXP 	text_6: text = 'BLUE'
15.0158 	EXP 	text_5: autoDraw = True
15.0158 	EXP 	stopb: autoDraw = True
15.0158 	EXP 	stopl: autoDraw = True
15.0158 	EXP 	stopr: autoDraw = True
15.0158 	EXP 	text_6: autoDraw = True
15.9660 	EXP 	New trial (rep=0, index=2): {'word': 'RED', 'color': 'red', 'correct': 'r'}
16.0482 	EXP 	Sound sound_1 set volume 1.000
16.0564 	DATA 	Keypress: space
16.0612 	EXP 	text_5: autoDraw = False
16.0612 	EXP 	stopb: autoDraw = False
16.0612 	EXP 	stopl: autoDraw = False
16.0612 	EXP 	stopr: autoDraw = False
16.0612 	EXP 	text_6: autoDraw = False
16.0612 	EXP 	text_6: foreColor = <psychopy.colors.Color: red, alpha=1.0>
16.0612 	EXP 	text_6: height = 0.1
16.0612 	EXP 	text_6: height = 0.1
16.0612 	EXP 	text_6: height = 0.1
16.0612 	EXP 	text_6: text = 'RED'
16.0612 	EXP 	text_5: autoDraw = True
16.0612 	EXP 	stopb: autoDraw = True
16.0612 	EXP 	stopl: autoDraw = True
16.0612 	EXP 	stopr: autoDraw = True
16.0612 	EXP 	text_6: autoDraw = True
16.9180 	DATA 	Keypress: space
16.9335 	EXP 	New trial (rep=0, index=3): {'word': 'RED', 'color': 'red', 'correct': 'r'}
17.0092 	EXP 	Sound sound_1 set volume 1.000
17.0213 	EXP 	text_5: autoDraw = False
17.0213 	EXP 	stopb: autoDraw = False
17.0213 	EXP 	stopl: autoDraw = False
17.0213 	EXP 	stopr: autoDraw = False
17.0213 	EXP 	text_6: autoDraw = False
17.0213 	EXP 	text_6: foreColor = <psychopy.colors.Color: red, alpha=1.0>
17.0213 	EXP 	text_6: text = 'RED'
17.0213 	EXP 	text_5: autoDraw = True
17.0213 	EXP 	stopb: autoDraw = True
17.0213 	EXP 	stopl: autoDraw = True
17.0213 	EXP 	stopr: autoDraw = True
17.0213 	EXP 	text_6: autoDraw = True
17.1169 	DATA 	Keypress: space
17.1334 	EXP 	New trial (rep=0, index=4): {'word': 'RED', 'color': 'red', 'correct': 'r'}
17.2091 	EXP 	Sound sound_1 set volume 1.000
17.2212 	EXP 	text_5: autoDraw = False
17.2212 	EXP 	stopb: autoDraw = False
17.2212 	EXP 	stopl: autoDraw = False
17.2212 	EXP 	stopr: autoDraw = False
17.2212 	EXP 	text_6: autoDraw = False
17.2212 	EXP 	text_6: foreColor = <psychopy.colors.Color: red, alpha=1.0>
17.2212 	EXP 	text_6: text = 'RED'
17.2212 	EXP 	text_5: autoDraw = True
17.2212 	EXP 	stopb: autoDraw = True
17.2212 	EXP 	stopl: autoDraw = True
17.2212 	EXP 	stopr: autoDraw = True
17.2212 	EXP 	text_6: autoDraw = True
17.3200 	DATA 	Keypress: space
17.3330 	EXP 	New trial (rep=0, index=5): {'word': 'RED', 'color': 'red', 'correct': 'r'}
17.4083 	EXP 	Sound sound_1 set volume 1.000
17.4209 	EXP 	text_5: autoDraw = False
17.4209 	EXP 	stopb: autoDraw = False
17.4209 	EXP 	stopl: autoDraw = False
17.4209 	EXP 	stopr: autoDraw = False
17.4209 	EXP 	text_6: autoDraw = False
17.4209 	EXP 	text_6: foreColor = <psychopy.colors.Color: red, alpha=1.0>
17.4209 	EXP 	text_6: text = 'RED'
17.4209 	EXP 	text_5: autoDraw = True
17.4209 	EXP 	stopb: autoDraw = True
17.4209 	EXP 	stopl: autoDraw = True
17.4209 	EXP 	stopr: autoDraw = True
17.4209 	EXP 	text_6: autoDraw = True
17.5185 	DATA 	Keypress: space
17.5337 	EXP 	New trial (rep=0, index=6): {'word': 'BLUE', 'color': 'red', 'correct': 'r'}
17.6127 	EXP 	Sound sound_1 set volume 1.000
17.6287 	EXP 	text_5: autoDraw = False
17.6287 	EXP 	stopb: autoDraw = False
17.6287 	EXP 	stopl: autoDraw = False
17.6287 	EXP 	stopr: autoDraw = False
17.6287 	EXP 	text_6: autoDraw = False
17.6287 	EXP 	text_6: foreColor = <psychopy.colors.Color: red, alpha=1.0>
17.6287 	EXP 	text_6: height = 0.1
17.6287 	EXP 	text_6: height = 0.1
17.6287 	EXP 	text_6: height = 0.1
17.6287 	EXP 	text_6: text = 'BLUE'
17.6287 	EXP 	text_5: autoDraw = True
17.6287 	EXP 	stopb: autoDraw = True
17.6287 	EXP 	stopl: autoDraw = True
17.6287 	EXP 	stopr: autoDraw = True
17.6287 	EXP 	text_6: autoDraw = True
17.7198 	EXP 	New trial (rep=0, index=7): {'word': 'BLUE', 'color': 'blue', 'correct': 'b'}
17.9166 	EXP 	Sound sound_1 set volume 1.000
17.9255 	DATA 	Keypress: space
17.9259 	DATA 	Keypress: space
17.9305 	EXP 	text_5: autoDraw = False
17.9305 	EXP 	stopb: autoDraw = False
17.9305 	EXP 	stopl: autoDraw = False
17.9305 	EXP 	stopr: autoDraw = False
17.9305 	EXP 	text_6: autoDraw = False
17.9305 	EXP 	text_6: foreColor = <psychopy.colors.Color: blue, alpha=1.0>
17.9305 	EXP 	text_6: text = 'BLUE'
17.9305 	EXP 	text_5: autoDraw = True
17.9305 	EXP 	stopb: autoDraw = True
17.9305 	EXP 	stopl: autoDraw = True
17.9305 	EXP 	stopr: autoDraw = True
17.9305 	EXP 	text_6: autoDraw = True
18.1175 	DATA 	Keypress: space
18.1331 	EXP 	New trial (rep=0, index=8): {'word': 'BLUE', 'color': 'blue', 'correct': 'b'}
18.3364 	EXP 	Sound sound_1 set volume 1.000
18.3452 	DATA 	Keypress: space
18.3500 	EXP 	text_5: autoDraw = False
18.3500 	EXP 	stopb: autoDraw = False
18.3500 	EXP 	stopl: autoDraw = False
18.3500 	EXP 	stopr: autoDraw = False
18.3500 	EXP 	text_6: autoDraw = False
18.3500 	EXP 	text_6: foreColor = <psychopy.colors.Color: blue, alpha=1.0>
18.3500 	EXP 	text_6: text = 'BLUE'
18.3500 	EXP 	text_5: autoDraw = True
18.3500 	EXP 	stopb: autoDraw = True
18.3500 	EXP 	stopl: autoDraw = True
18.3500 	EXP 	stopr: autoDraw = True
18.3500 	EXP 	text_6: autoDraw = True
18.4830 	EXP 	New trial (rep=0, index=9): {'word': 'RED', 'color': 'red', 'correct': 'r'}
18.6632 	EXP 	Sound sound_1 set volume 1.000
18.6736 	DATA 	Keypress: space
18.6739 	DATA 	Keypress: space
18.6781 	EXP 	text_5: autoDraw = False
18.6781 	EXP 	stopb: autoDraw = False
18.6781 	EXP 	stopl: autoDraw = False
18.6781 	EXP 	stopr: autoDraw = False
18.6781 	EXP 	text_6: autoDraw = False
18.6781 	EXP 	text_6: foreColor = <psychopy.colors.Color: red, alpha=1.0>
18.6781 	EXP 	text_6: height = 0.1
18.6781 	EXP 	text_6: height = 0.1
18.6781 	EXP 	text_6: height = 0.1
18.6781 	EXP 	text_6: text = 'RED'
18.6781 	EXP 	text_5: autoDraw = True
18.6781 	EXP 	stopb: autoDraw = True
18.6781 	EXP 	stopl: autoDraw = True
18.6781 	EXP 	stopr: autoDraw = True
18.6781 	EXP 	text_6: autoDraw = True
18.7793 	EXP 	New trial (rep=0, index=10): {'word': 'RED', 'color': 'red', 'correct': 'r'}
18.9920 	EXP 	Sound sound_1 set volume 1.000
18.9993 	DATA 	Keypress: space
18.9995 	DATA 	Keypress: space
19.0041 	EXP 	text_5: autoDraw = False
19.0041 	EXP 	stopb: autoDraw = False
19.0041 	EXP 	stopl: autoDraw = False
19.0041 	EXP 	stopr: autoDraw = False
19.0041 	EXP 	text_6: autoDraw = False
19.0041 	EXP 	text_6: foreColor = <psychopy.colors.Color: red, alpha=1.0>
19.0041 	EXP 	text_6: text = 'RED'
19.0041 	EXP 	text_5: autoDraw = True
19.0041 	EXP 	stopb: autoDraw = True
19.0041 	EXP 	stopl: autoDraw = True
19.0041 	EXP 	stopr: autoDraw = True
19.0041 	EXP 	text_6: autoDraw = True
19.6450 	DATA 	Keypress: escape
21.5275 	EXP 	window1: mouseVisible = True
