1.3572 	WARNING 	We strongly recommend you activate the PTB sound engine in PsychoPy prefs as the preferred audio engine. Its timing is vastly superior. Your prefs are currently set to use ['sounddevice', 'PTB', 'pyo', 'pygame'] (in that order).
5.6093 	WARNING 	User requested fullscreen with size [1024  768], but screen is actually [2560, 1440]. Using actual size
8.1203 	EXP 	Created window1 = Window(allowGUI=True, allowStencil=False, autoLog=True, backendConf=UNKNOWN, bitsMode=UNKNOWN, blendMode='avg', bpc=(8, 8, 8), color=array([0, 0, 0]), colorSpace='rgb', depthBits=8, fullscr=<method-wrapper '__getattribute__' of attributeSetter object at 0x0000029E55BF3430>, gamma=None, gammaErrorPolicy='raise', lms=UNKNOWN, monitor=<psychopy.monitors.calibTools.Monitor object at 0x0000029E57ACA760>, multiSample=False, name='window1', numSamples=2, pos=(0, 0), screen=0, size=array([2560, 1440]), stencilBits=0, stereo=False, units='height', useFBO=True, useRetina=False, viewOri=0.0, viewPos=None, viewScale=None, waitBlanking=True, winType='pyglet')
8.1217 	EXP 	window1: mouseVisible = True
8.1220 	EXP 	window1: mouseVisible = False
8.1221 	EXP 	window1: Attempting to measure frame rate of screen (0) ...
8.1221 	EXP 	window1: recordFrameIntervals = False
8.2858 	EXP 	window1: recordFrameIntervals = True
8.4688 	EXP 	Screen (0) actual frame rate measured at 60.03Hz
8.4689 	EXP 	window1: recordFrameIntervals = False
10.4376 	EXP 	Created text_instr = TextStim(__class__=<class 'psychopy.visual.text.TextStim'>, alignHoriz=method-wrapper(...), alignText='center', alignVert=method-wrapper(...), anchorHoriz='center', anchorVert='center', antialias=True, autoDraw=False, autoLog=True, bold=False, color=array([1, 1, 1]), colorSpace='rgb', contrast=1.0, depth=0.0, flipHoriz=False, flipVert=False, font='Comic Sans', fontFiles=[], height=0.04, italic=False, languageStyle='LTR', name='text_instr', opacity=1.0, ori=0.0, pos=array([0., 0.]), rgb=UNKNOWN, text=str(...), units='height', win=Window(...), wrapWidth=1)
10.4520 	EXP 	Created image_next = ImageStim(__class__=<class 'psychopy.visual.image.ImageStim'>, anchor=('center', 'center'), autoLog=True, color=array([1, 1, 1]), colorSpace='rgb', contrast=1.0, depth=-1.0, flipHoriz=False, flipVert=False, image='next.png', interpolate=True, mask=None, maskParams=None, name='image_next', opacity=1.0, ori=0.0, pos=array([ 0.6, -0.4]), size=array([0.11319444, 0.06736111]), texRes=128.0, units='height', win=Window(...))
10.4646 	EXP 	window1: mouseVisible = True
10.4883 	EXP 	Created text_3 = TextStim(__class__=<class 'psychopy.visual.text.TextStim'>, alignHoriz=method-wrapper(...), alignText='center', alignVert=method-wrapper(...), anchorHoriz='center', anchorVert='center', antialias=True, autoDraw=False, autoLog=True, bold=False, color=array([1, 1, 1]), colorSpace='rgb', contrast=1.0, depth=0.0, flipHoriz=False, flipVert=False, font='Open Sans', fontFiles=[], height=0.05, italic=False, languageStyle='LTR', name='text_3', opacity=1.0, ori=0.0, pos=array([0. , 0.3]), rgb=UNKNOWN, text=str(...), units='height', win=Window(...), wrapWidth=1)
10.4889 	EXP 	Created text_2 = TextStim(__class__=<class 'psychopy.visual.text.TextStim'>, alignHoriz=method-wrapper(...), alignText='center', alignVert=method-wrapper(...), anchorHoriz='center', anchorVert='center', antialias=True, autoDraw=False, autoLog=True, bold=False, color=array([1, 1, 1]), colorSpace='rgb', contrast=1.0, depth=-1.0, flipHoriz=False, flipVert=False, font='Open Sans', fontFiles=[], height=0.05, italic=False, languageStyle='LTR', name='text_2', opacity=1.0, ori=0.0, pos=array([0., 0.]), rgb=UNKNOWN, text='', units='height', win=Window(...), wrapWidth=1)
10.5019 	EXP 	Created text_4 = TextStim(__class__=<class 'psychopy.visual.text.TextStim'>, alignHoriz=method-wrapper(...), alignText='center', alignVert=method-wrapper(...), anchorHoriz='center', anchorVert='center', antialias=True, autoDraw=False, autoLog=True, bold=False, color=array([1, 1, 1]), colorSpace='rgb', contrast=1.0, depth=-3.0, flipHoriz=False, flipVert=False, font='Open Sans', fontFiles=[], height=0.05, italic=False, languageStyle='LTR', name='text_4', opacity=1.0, ori=0.0, pos=array([ 0. , -0.2]), rgb=UNKNOWN, text=str(...), units='height', win=Window(...), wrapWidth=1)
10.5032 	EXP 	Created text_5 = TextStim(__class__=<class 'psychopy.visual.text.TextStim'>, alignHoriz=method-wrapper(...), alignText='center', alignVert=method-wrapper(...), anchorHoriz='center', anchorVert='center', antialias=True, autoDraw=False, autoLog=True, bold=False, color=array([1, 1, 1]), colorSpace='rgb', contrast=1.0, depth=-2.0, flipHoriz=False, flipVert=False, font='Arial', fontFiles=[], height=0.1, italic=False, languageStyle='LTR', name='text_5', opacity=1.0, ori=0.0, pos=array([0. , 0.4]), rgb=UNKNOWN, text='', units='height', win=Window(...), wrapWidth=1)
10.5039 	EXP 	Created stopb = TextStim(__class__=<class 'psychopy.visual.text.TextStim'>, alignHoriz=method-wrapper(...), alignText='center', alignVert=method-wrapper(...), anchorHoriz='center', anchorVert='center', antialias=True, autoDraw=False, autoLog=True, bold=False, color=array([1, 1, 1]), colorSpace='rgb', contrast=1.0, depth=-3.0, flipHoriz=False, flipVert=False, font='Arial', fontFiles=[], height=0.1, italic=False, languageStyle='LTR', name='stopb', opacity=1.0, ori=0.0, pos=array([ 0. , -0.4]), rgb=UNKNOWN, text='', units='height', win=Window(...), wrapWidth=1)
10.5045 	EXP 	Created stopl = TextStim(__class__=<class 'psychopy.visual.text.TextStim'>, alignHoriz=method-wrapper(...), alignText='center', alignVert=method-wrapper(...), anchorHoriz='center', anchorVert='center', antialias=True, autoDraw=False, autoLog=True, bold=False, color=array([1, 1, 1]), colorSpace='rgb', contrast=1.0, depth=-4.0, flipHoriz=False, flipVert=False, font='Arial', fontFiles=[], height=0.1, italic=False, languageStyle='LTR', name='stopl', opacity=1.0, ori=90.0, pos=array([-0.75,  0.  ]), rgb=UNKNOWN, text='', units='height', win=Window(...), wrapWidth=1)
10.5050 	EXP 	Created stopr = TextStim(__class__=<class 'psychopy.visual.text.TextStim'>, alignHoriz=method-wrapper(...), alignText='center', alignVert=method-wrapper(...), anchorHoriz='center', anchorVert='center', antialias=True, autoDraw=False, autoLog=True, bold=False, color=array([1, 1, 1]), colorSpace='rgb', contrast=1.0, depth=-5.0, flipHoriz=False, flipVert=False, font='Arial', fontFiles=[], height=0.1, italic=False, languageStyle='LTR', name='stopr', opacity=1.0, ori=-90.0, pos=array([0.75, 0.  ]), rgb=UNKNOWN, text='', units='height', win=Window(...), wrapWidth=1)
10.5057 	EXP 	Created text_6 = TextStim(__class__=<class 'psychopy.visual.text.TextStim'>, alignHoriz=method-wrapper(...), alignText='center', alignVert=method-wrapper(...), anchorHoriz='center', anchorVert='center', antialias=True, autoDraw=False, autoLog=True, bold=False, color=array([1, 1, 1]), colorSpace='rgb', contrast=1.0, depth=-7.0, flipHoriz=False, flipVert=False, font='Open Sans', fontFiles=[], height=0.1, italic=False, languageStyle='LTR', name='text_6', opacity=1.0, ori=0.0, pos=array([0., 0.]), rgb=UNKNOWN, text='', units='height', win=Window(...), wrapWidth=1)
10.6131 	EXP 	Sound sound_1 set volume 1.000
10.6528 	EXP 	text_instr: autoDraw = True
10.6528 	EXP 	image_next: autoDraw = True
12.7855 	DATA 	Mouse: Left button down, pos=(2204,163)
12.7946 	EXP 	Imported C:/Users/carelab/Desktop/Erik/resources/Lsquare.csv as conditions, 16 conditions, 26 params
12.7950 	EXP 	Created sequence: sequential, trialTypes=16, nReps=1, seed=None
12.7957 	EXP 	New trial (rep=0, index=0): OrderedDict([('Participant1', 30), ('Participant2', 30), ('Participant3', 105), ('Participant4', 105), ('Participant5', 60), ('Participant6', 120), ('Participant7', 120), ('Participant8', 120), ('Participant9', 105), ('Participant10', 60), ('Participant11', 105), ('Participant12', 60), ('Participant13', 30), ('Participant14', 60), ('Participant15', 120), ('Participant16', 30), ('Participant17', 30), ('Participant18', 30), ('Participant19', 105), ('Participant20', 105), ('Participant21', 60), ('Participant22', 120), ('Participant23', 120), ('Participant24', 120), ('Participant25', 105), ('Participant26', 60)])
12.8091 	EXP 	text_instr: autoDraw = False
12.8091 	EXP 	image_next: autoDraw = False
12.8091 	EXP 	text_2: height = 0.05
12.8091 	EXP 	text_2: height = 0.05
12.8091 	EXP 	text_2: height = 0.05
12.8091 	EXP 	text_2: text = 30
12.8091 	EXP 	text_3: autoDraw = True
12.8091 	EXP 	text_2: autoDraw = True
12.8091 	EXP 	text_4: autoDraw = True
12.8710 	DATA 	Mouse:  Left button up, pos=(2204,163)
13.8937 	EXP 	Imported C:/Users/carelab/Desktop/Erik/resources/stroop.xlsx as conditions, 20 conditions, 3 params
13.8942 	EXP 	Created sequence: random, trialTypes=20, nReps=1, seed=None
13.8945 	EXP 	New trial (rep=0, index=0): {'word': 'RED', 'color': 'red', 'correct': 'r'}
13.9164 	DATA 	Keypress: space
13.9208 	EXP 	text_3: autoDraw = False
13.9208 	EXP 	text_2: autoDraw = False
13.9208 	EXP 	text_4: autoDraw = False
13.9208 	EXP 	text_6: foreColor = <psychopy.colors.Color: red, alpha=1.0>
13.9208 	EXP 	text_6: height = 0.1
13.9208 	EXP 	text_6: height = 0.1
13.9208 	EXP 	text_6: height = 0.1
13.9208 	EXP 	text_6: text = 'RED'
13.9208 	EXP 	text_5: autoDraw = True
13.9208 	EXP 	stopb: autoDraw = True
13.9208 	EXP 	stopl: autoDraw = True
13.9208 	EXP 	stopr: autoDraw = True
13.9208 	EXP 	text_6: autoDraw = True
15.7802 	DATA 	Keypress: b
15.8034 	EXP 	New trial (rep=0, index=1): {'word': 'BLUE', 'color': 'blue', 'correct': 'b'}
15.8260 	EXP 	text_5: autoDraw = False
15.8260 	EXP 	stopb: autoDraw = False
15.8260 	EXP 	stopl: autoDraw = False
15.8260 	EXP 	stopr: autoDraw = False
15.8260 	EXP 	text_6: autoDraw = False
15.8260 	EXP 	text_6: foreColor = <psychopy.colors.Color: blue, alpha=1.0>
15.8260 	EXP 	text_6: height = 0.1
15.8260 	EXP 	text_6: height = 0.1
15.8260 	EXP 	text_6: height = 0.1
15.8260 	EXP 	text_6: text = 'BLUE'
15.8260 	EXP 	text_5: autoDraw = True
15.8260 	EXP 	stopb: autoDraw = True
15.8260 	EXP 	stopl: autoDraw = True
15.8260 	EXP 	stopr: autoDraw = True
15.8260 	EXP 	text_6: autoDraw = True
16.3456 	DATA 	Keypress: b
16.3574 	EXP 	New trial (rep=0, index=2): {'word': 'BLUE', 'color': 'blue', 'correct': 'b'}
16.3710 	EXP 	text_5: autoDraw = False
16.3710 	EXP 	stopb: autoDraw = False
16.3710 	EXP 	stopl: autoDraw = False
16.3710 	EXP 	stopr: autoDraw = False
16.3710 	EXP 	text_6: autoDraw = False
16.3710 	EXP 	text_6: foreColor = <psychopy.colors.Color: blue, alpha=1.0>
16.3710 	EXP 	text_6: text = 'BLUE'
16.3710 	EXP 	text_5: autoDraw = True
16.3710 	EXP 	stopb: autoDraw = True
16.3710 	EXP 	stopl: autoDraw = True
16.3710 	EXP 	stopr: autoDraw = True
16.3710 	EXP 	text_6: autoDraw = True
17.2924 	DATA 	Keypress: r
17.3080 	EXP 	New trial (rep=0, index=3): {'word': 'RED', 'color': 'blue', 'correct': 'b'}
17.3231 	EXP 	text_5: autoDraw = False
17.3231 	EXP 	stopb: autoDraw = False
17.3231 	EXP 	stopl: autoDraw = False
17.3231 	EXP 	stopr: autoDraw = False
17.3231 	EXP 	text_6: autoDraw = False
17.3231 	EXP 	text_6: foreColor = <psychopy.colors.Color: blue, alpha=1.0>
17.3231 	EXP 	text_6: height = 0.1
17.3231 	EXP 	text_6: height = 0.1
17.3231 	EXP 	text_6: height = 0.1
17.3231 	EXP 	text_6: text = 'RED'
17.3231 	EXP 	text_5: autoDraw = True
17.3231 	EXP 	stopb: autoDraw = True
17.3231 	EXP 	stopl: autoDraw = True
17.3231 	EXP 	stopr: autoDraw = True
17.3231 	EXP 	text_6: autoDraw = True
18.0088 	DATA 	Keypress: space
19.5497 	EXP 	window1: mouseVisible = True
