5.9245 	WARNING 	We strongly recommend you activate the PTB sound engine in PsychoPy prefs as the preferred audio engine. Its timing is vastly superior. Your prefs are currently set to use ['sounddevice', 'PTB', 'pyo', 'pygame'] (in that order).
34.9351 	WARNING 	User requested fullscreen with size [1024  768], but screen is actually [2560, 1440]. Using actual size
37.5259 	EXP 	Created window1 = Window(allowGUI=True, allowStencil=False, autoLog=True, backendConf=UNKNOWN, bitsMode=UNKNOWN, blendMode='avg', bpc=(8, 8, 8), color=array([0, 0, 0]), colorSpace='rgb', depthBits=8, fullscr=<method-wrapper '__getattribute__' of attributeSetter object at 0x0000025715F943D0>, gamma=None, gammaErrorPolicy='raise', lms=UNKNOWN, monitor=<psychopy.monitors.calibTools.Monitor object at 0x0000025717E6A6A0>, multiSample=False, name='window1', numSamples=2, pos=(0, 0), screen=0, size=array([2560, 1440]), stencilBits=0, stereo=False, units='height', useFBO=True, useRetina=False, viewOri=0.0, viewPos=None, viewScale=None, waitBlanking=True, winType='pyglet')
37.5263 	EXP 	window1: mouseVisible = True
37.5266 	EXP 	window1: mouseVisible = False
37.5267 	EXP 	window1: Attempting to measure frame rate of screen (0) ...
37.5267 	EXP 	window1: recordFrameIntervals = False
37.6914 	EXP 	window1: recordFrameIntervals = True
37.8745 	EXP 	Screen (0) actual frame rate measured at 60.06Hz
37.8746 	EXP 	window1: recordFrameIntervals = False
39.8679 	EXP 	Created text_instr = TextStim(__class__=<class 'psychopy.visual.text.TextStim'>, alignHoriz=method-wrapper(...), alignText='center', alignVert=method-wrapper(...), anchorHoriz='center', anchorVert='center', antialias=True, autoDraw=False, autoLog=True, bold=False, color=array([1, 1, 1]), colorSpace='rgb', contrast=1.0, depth=0.0, flipHoriz=False, flipVert=False, font='Comic Sans', fontFiles=[], height=0.04, italic=False, languageStyle='LTR', name='text_instr', opacity=1.0, ori=0.0, pos=array([0., 0.]), rgb=UNKNOWN, text=str(...), units='height', win=Window(...), wrapWidth=1)
39.8810 	EXP 	Created image_next = ImageStim(__class__=<class 'psychopy.visual.image.ImageStim'>, anchor=('center', 'center'), autoLog=True, color=array([1, 1, 1]), colorSpace='rgb', contrast=1.0, depth=-1.0, flipHoriz=False, flipVert=False, image='next.png', interpolate=True, mask=None, maskParams=None, name='image_next', opacity=1.0, ori=0.0, pos=array([ 0.6, -0.4]), size=array([0.11319444, 0.06736111]), texRes=128.0, units='height', win=Window(...))
39.8814 	EXP 	window1: mouseVisible = True
39.8999 	EXP 	Created text_3 = TextStim(__class__=<class 'psychopy.visual.text.TextStim'>, alignHoriz=method-wrapper(...), alignText='center', alignVert=method-wrapper(...), anchorHoriz='center', anchorVert='center', antialias=True, autoDraw=False, autoLog=True, bold=False, color=array([1, 1, 1]), colorSpace='rgb', contrast=1.0, depth=0.0, flipHoriz=False, flipVert=False, font='Open Sans', fontFiles=[], height=0.05, italic=False, languageStyle='LTR', name='text_3', opacity=1.0, ori=0.0, pos=array([0. , 0.3]), rgb=UNKNOWN, text=str(...), units='height', win=Window(...), wrapWidth=1)
39.9005 	EXP 	Created text_2 = TextStim(__class__=<class 'psychopy.visual.text.TextStim'>, alignHoriz=method-wrapper(...), alignText='center', alignVert=method-wrapper(...), anchorHoriz='center', anchorVert='center', antialias=True, autoDraw=False, autoLog=True, bold=False, color=array([1, 1, 1]), colorSpace='rgb', contrast=1.0, depth=-1.0, flipHoriz=False, flipVert=False, font='Open Sans', fontFiles=[], height=0.05, italic=False, languageStyle='LTR', name='text_2', opacity=1.0, ori=0.0, pos=array([0., 0.]), rgb=UNKNOWN, text='', units='height', win=Window(...), wrapWidth=1)
39.9118 	EXP 	Created text_4 = TextStim(__class__=<class 'psychopy.visual.text.TextStim'>, alignHoriz=method-wrapper(...), alignText='center', alignVert=method-wrapper(...), anchorHoriz='center', anchorVert='center', antialias=True, autoDraw=False, autoLog=True, bold=False, color=array([1, 1, 1]), colorSpace='rgb', contrast=1.0, depth=-3.0, flipHoriz=False, flipVert=False, font='Open Sans', fontFiles=[], height=0.05, italic=False, languageStyle='LTR', name='text_4', opacity=1.0, ori=0.0, pos=array([ 0. , -0.2]), rgb=UNKNOWN, text=str(...), units='height', win=Window(...), wrapWidth=1)
39.9129 	EXP 	Created text_5 = TextStim(__class__=<class 'psychopy.visual.text.TextStim'>, alignHoriz=method-wrapper(...), alignText='center', alignVert=method-wrapper(...), anchorHoriz='center', anchorVert='center', antialias=True, autoDraw=False, autoLog=True, bold=False, color=array([1, 1, 1]), colorSpace='rgb', contrast=1.0, depth=-1.0, flipHoriz=False, flipVert=False, font='Arial', fontFiles=[], height=0.1, italic=False, languageStyle='LTR', name='text_5', opacity=1.0, ori=0.0, pos=array([0. , 0.4]), rgb=UNKNOWN, text='', units='height', win=Window(...), wrapWidth=1)
39.9134 	EXP 	Created stopb = TextStim(__class__=<class 'psychopy.visual.text.TextStim'>, alignHoriz=method-wrapper(...), alignText='center', alignVert=method-wrapper(...), anchorHoriz='center', anchorVert='center', antialias=True, autoDraw=False, autoLog=True, bold=False, color=array([1, 1, 1]), colorSpace='rgb', contrast=1.0, depth=-2.0, flipHoriz=False, flipVert=False, font='Arial', fontFiles=[], height=0.1, italic=False, languageStyle='LTR', name='stopb', opacity=1.0, ori=0.0, pos=array([ 0. , -0.4]), rgb=UNKNOWN, text='', units='height', win=Window(...), wrapWidth=1)
39.9140 	EXP 	Created stopl = TextStim(__class__=<class 'psychopy.visual.text.TextStim'>, alignHoriz=method-wrapper(...), alignText='center', alignVert=method-wrapper(...), anchorHoriz='center', anchorVert='center', antialias=True, autoDraw=False, autoLog=True, bold=False, color=array([1, 1, 1]), colorSpace='rgb', contrast=1.0, depth=-3.0, flipHoriz=False, flipVert=False, font='Arial', fontFiles=[], height=0.1, italic=False, languageStyle='LTR', name='stopl', opacity=1.0, ori=90.0, pos=array([-0.75,  0.  ]), rgb=UNKNOWN, text='', units='height', win=Window(...), wrapWidth=1)
39.9145 	EXP 	Created stopr = TextStim(__class__=<class 'psychopy.visual.text.TextStim'>, alignHoriz=method-wrapper(...), alignText='center', alignVert=method-wrapper(...), anchorHoriz='center', anchorVert='center', antialias=True, autoDraw=False, autoLog=True, bold=False, color=array([1, 1, 1]), colorSpace='rgb', contrast=1.0, depth=-4.0, flipHoriz=False, flipVert=False, font='Arial', fontFiles=[], height=0.1, italic=False, languageStyle='LTR', name='stopr', opacity=1.0, ori=-90.0, pos=array([0.75, 0.  ]), rgb=UNKNOWN, text='', units='height', win=Window(...), wrapWidth=1)
39.9152 	EXP 	Created text_6 = TextStim(__class__=<class 'psychopy.visual.text.TextStim'>, alignHoriz=method-wrapper(...), alignText='center', alignVert=method-wrapper(...), anchorHoriz='center', anchorVert='center', antialias=True, autoDraw=False, autoLog=True, bold=False, color=array([1, 1, 1]), colorSpace='rgb', contrast=1.0, depth=-6.0, flipHoriz=False, flipVert=False, font='Open Sans', fontFiles=[], height=0.1, italic=False, languageStyle='LTR', name='text_6', opacity=1.0, ori=0.0, pos=array([0., 0.]), rgb=UNKNOWN, text='', units='height', win=Window(...), wrapWidth=1)
39.9492 	EXP 	text_instr: autoDraw = True
39.9492 	EXP 	image_next: autoDraw = True
41.8081 	DATA 	Mouse: Left button down, pos=(2117,164)
41.8175 	EXP 	Imported C:/Users/carelab/Desktop/Erik/resources/Lsquare.csv as conditions, 16 conditions, 26 params
41.8179 	EXP 	Created sequence: sequential, trialTypes=16, nReps=1, seed=None
41.8184 	EXP 	New trial (rep=0, index=0): OrderedDict([('Participant1', 30), ('Participant2', 30), ('Participant3', 105), ('Participant4', 105), ('Participant5', 60), ('Participant6', 120), ('Participant7', 120), ('Participant8', 120), ('Participant9', 105), ('Participant10', 60), ('Participant11', 105), ('Participant12', 60), ('Participant13', 30), ('Participant14', 60), ('Participant15', 120), ('Participant16', 30), ('Participant17', 30), ('Participant18', 30), ('Participant19', 105), ('Participant20', 105), ('Participant21', 60), ('Participant22', 120), ('Participant23', 120), ('Participant24', 120), ('Participant25', 105), ('Participant26', 60)])
41.8305 	EXP 	text_instr: autoDraw = False
41.8305 	EXP 	image_next: autoDraw = False
41.8305 	EXP 	text_2: height = 0.05
41.8305 	EXP 	text_2: height = 0.05
41.8305 	EXP 	text_2: height = 0.05
41.8305 	EXP 	text_2: text = 30
41.8305 	EXP 	text_3: autoDraw = True
41.8305 	EXP 	text_2: autoDraw = True
41.8305 	EXP 	text_4: autoDraw = True
41.8928 	DATA 	Mouse:  Left button up, pos=(2117,164)
43.9836 	EXP 	Imported C:/Users/carelab/Desktop/Erik/resources/stroop.xlsx as conditions, 20 conditions, 3 params
43.9843 	EXP 	Created sequence: random, trialTypes=20, nReps=5, seed=None
43.9846 	EXP 	New trial (rep=0, index=0): {'word': 'RED', 'color': 'red', 'correct': 'r'}
44.0024 	DATA 	Keypress: space
44.0068 	EXP 	text_3: autoDraw = False
44.0068 	EXP 	text_2: autoDraw = False
44.0068 	EXP 	text_4: autoDraw = False
44.0068 	EXP 	text_6: foreColor = <psychopy.colors.Color: red, alpha=1.0>
44.0068 	EXP 	text_6: height = 0.1
44.0068 	EXP 	text_6: height = 0.1
44.0068 	EXP 	text_6: height = 0.1
44.0068 	EXP 	text_6: text = 'RED'
44.0068 	EXP 	text_5: autoDraw = True
44.0068 	EXP 	stopb: autoDraw = True
44.0068 	EXP 	stopl: autoDraw = True
44.0068 	EXP 	stopr: autoDraw = True
44.0068 	EXP 	text_6: autoDraw = True
52.1952 	DATA 	Keypress: r
52.8116 	DATA 	Keypress: space
52.8272 	EXP 	New trial (rep=0, index=1): {'word': 'BLUE', 'color': 'blue', 'correct': 'b'}
52.8460 	EXP 	text_5: autoDraw = False
52.8460 	EXP 	stopb: autoDraw = False
52.8460 	EXP 	stopl: autoDraw = False
52.8460 	EXP 	stopr: autoDraw = False
52.8460 	EXP 	text_6: autoDraw = False
52.8460 	EXP 	text_6: foreColor = <psychopy.colors.Color: blue, alpha=1.0>
52.8460 	EXP 	text_6: height = 0.1
52.8460 	EXP 	text_6: height = 0.1
52.8460 	EXP 	text_6: height = 0.1
52.8460 	EXP 	text_6: text = 'BLUE'
52.8460 	EXP 	text_5: autoDraw = True
52.8460 	EXP 	stopb: autoDraw = True
52.8460 	EXP 	stopl: autoDraw = True
52.8460 	EXP 	stopr: autoDraw = True
52.8460 	EXP 	text_6: autoDraw = True
53.2114 	DATA 	Keypress: space
53.2265 	EXP 	New trial (rep=0, index=2): {'word': 'RED', 'color': 'red', 'correct': 'r'}
53.2400 	EXP 	text_5: autoDraw = False
53.2400 	EXP 	stopb: autoDraw = False
53.2400 	EXP 	stopl: autoDraw = False
53.2400 	EXP 	stopr: autoDraw = False
53.2400 	EXP 	text_6: autoDraw = False
53.2400 	EXP 	text_6: foreColor = <psychopy.colors.Color: red, alpha=1.0>
53.2400 	EXP 	text_6: height = 0.1
53.2400 	EXP 	text_6: height = 0.1
53.2400 	EXP 	text_6: height = 0.1
53.2400 	EXP 	text_6: text = 'RED'
53.2400 	EXP 	text_5: autoDraw = True
53.2400 	EXP 	stopb: autoDraw = True
53.2400 	EXP 	stopl: autoDraw = True
53.2400 	EXP 	stopr: autoDraw = True
53.2400 	EXP 	text_6: autoDraw = True
53.3949 	DATA 	Keypress: space
53.4093 	EXP 	New trial (rep=0, index=3): {'word': 'RED', 'color': 'blue', 'correct': 'b'}
53.4215 	EXP 	text_5: autoDraw = False
53.4215 	EXP 	stopb: autoDraw = False
53.4215 	EXP 	stopl: autoDraw = False
53.4215 	EXP 	stopr: autoDraw = False
53.4215 	EXP 	text_6: autoDraw = False
53.4215 	EXP 	text_6: foreColor = <psychopy.colors.Color: blue, alpha=1.0>
53.4215 	EXP 	text_6: text = 'RED'
53.4215 	EXP 	text_5: autoDraw = True
53.4215 	EXP 	stopb: autoDraw = True
53.4215 	EXP 	stopl: autoDraw = True
53.4215 	EXP 	stopr: autoDraw = True
53.4215 	EXP 	text_6: autoDraw = True
53.5598 	EXP 	New trial (rep=0, index=4): {'word': 'BLUE', 'color': 'red', 'correct': 'r'}
53.5696 	DATA 	Keypress: space
53.5742 	EXP 	text_5: autoDraw = False
53.5742 	EXP 	stopb: autoDraw = False
53.5742 	EXP 	stopl: autoDraw = False
53.5742 	EXP 	stopr: autoDraw = False
53.5742 	EXP 	text_6: autoDraw = False
53.5742 	EXP 	text_6: foreColor = <psychopy.colors.Color: red, alpha=1.0>
53.5742 	EXP 	text_6: height = 0.1
53.5742 	EXP 	text_6: height = 0.1
53.5742 	EXP 	text_6: height = 0.1
53.5742 	EXP 	text_6: text = 'BLUE'
53.5742 	EXP 	text_5: autoDraw = True
53.5742 	EXP 	stopb: autoDraw = True
53.5742 	EXP 	stopl: autoDraw = True
53.5742 	EXP 	stopr: autoDraw = True
53.5742 	EXP 	text_6: autoDraw = True
53.7112 	DATA 	Keypress: space
53.7277 	EXP 	New trial (rep=0, index=5): {'word': 'BLUE', 'color': 'red', 'correct': 'r'}
53.7401 	EXP 	text_5: autoDraw = False
53.7401 	EXP 	stopb: autoDraw = False
53.7401 	EXP 	stopl: autoDraw = False
53.7401 	EXP 	stopr: autoDraw = False
53.7401 	EXP 	text_6: autoDraw = False
53.7401 	EXP 	text_6: foreColor = <psychopy.colors.Color: red, alpha=1.0>
53.7401 	EXP 	text_6: text = 'BLUE'
53.7401 	EXP 	text_5: autoDraw = True
53.7401 	EXP 	stopb: autoDraw = True
53.7401 	EXP 	stopl: autoDraw = True
53.7401 	EXP 	stopr: autoDraw = True
53.7401 	EXP 	text_6: autoDraw = True
53.8929 	EXP 	New trial (rep=0, index=6): {'word': 'BLUE', 'color': 'blue', 'correct': 'b'}
53.9005 	DATA 	Keypress: space
53.9052 	EXP 	text_5: autoDraw = False
53.9052 	EXP 	stopb: autoDraw = False
53.9052 	EXP 	stopl: autoDraw = False
53.9052 	EXP 	stopr: autoDraw = False
53.9052 	EXP 	text_6: autoDraw = False
53.9052 	EXP 	text_6: foreColor = <psychopy.colors.Color: blue, alpha=1.0>
53.9052 	EXP 	text_6: text = 'BLUE'
53.9052 	EXP 	text_5: autoDraw = True
53.9052 	EXP 	stopb: autoDraw = True
53.9052 	EXP 	stopl: autoDraw = True
53.9052 	EXP 	stopr: autoDraw = True
53.9052 	EXP 	text_6: autoDraw = True
82.8032 	DATA 	Keypress: escape
94.1822 	EXP 	window1: mouseVisible = True
