2.4513 	WARNING 	We strongly recommend you activate the PTB sound engine in PsychoPy prefs as the preferred audio engine. Its timing is vastly superior. Your prefs are currently set to use ['sounddevice', 'PTB', 'pyo', 'pygame'] (in that order).
9.5777 	WARNING 	User requested fullscreen with size [1024  768], but screen is actually [2560, 1440]. Using actual size
12.0730 	EXP 	Created window1 = Window(allowGUI=True, allowStencil=False, autoLog=True, backendConf=UNKNOWN, bitsMode=UNKNOWN, blendMode='avg', bpc=(8, 8, 8), color=array([0, 0, 0]), colorSpace='rgb', depthBits=8, fullscr=<method-wrapper '__getattribute__' of attributeSetter object at 0x00000242B7D953A0>, gamma=None, gammaErrorPolicy='raise', lms=UNKNOWN, monitor=<psychopy.monitors.calibTools.Monitor object at 0x00000242B9C6A640>, multiSample=False, name='window1', numSamples=2, pos=(0, 0), screen=0, size=array([2560, 1440]), stencilBits=0, stereo=False, units='height', useFBO=True, useRetina=False, viewOri=0.0, viewPos=None, viewScale=None, waitBlanking=True, winType='pyglet')
12.0735 	EXP 	window1: mouseVisible = True
12.0740 	EXP 	window1: mouseVisible = False
12.0740 	EXP 	window1: Attempting to measure frame rate of screen (0) ...
12.0740 	EXP 	window1: recordFrameIntervals = False
12.2393 	EXP 	window1: recordFrameIntervals = True
12.4226 	EXP 	Screen (0) actual frame rate measured at 60.05Hz
12.4226 	EXP 	window1: recordFrameIntervals = False
14.3634 	EXP 	Created text_instr = TextStim(__class__=<class 'psychopy.visual.text.TextStim'>, alignHoriz=method-wrapper(...), alignText='center', alignVert=method-wrapper(...), anchorHoriz='center', anchorVert='center', antialias=True, autoDraw=False, autoLog=True, bold=False, color=array([1, 1, 1]), colorSpace='rgb', contrast=1.0, depth=0.0, flipHoriz=False, flipVert=False, font='Comic Sans', fontFiles=[], height=0.04, italic=False, languageStyle='LTR', name='text_instr', opacity=1.0, ori=0.0, pos=array([0., 0.]), rgb=UNKNOWN, text=str(...), units='height', win=Window(...), wrapWidth=1)
14.3753 	EXP 	Created image_next = ImageStim(__class__=<class 'psychopy.visual.image.ImageStim'>, anchor=('center', 'center'), autoLog=True, color=array([1, 1, 1]), colorSpace='rgb', contrast=1.0, depth=-1.0, flipHoriz=False, flipVert=False, image='next.png', interpolate=True, mask=None, maskParams=None, name='image_next', opacity=1.0, ori=0.0, pos=array([ 0.6, -0.4]), size=array([0.11319444, 0.06736111]), texRes=128.0, units='height', win=Window(...))
14.3754 	EXP 	window1: mouseVisible = True
14.3947 	EXP 	Created text_3 = TextStim(__class__=<class 'psychopy.visual.text.TextStim'>, alignHoriz=method-wrapper(...), alignText='center', alignVert=method-wrapper(...), anchorHoriz='center', anchorVert='center', antialias=True, autoDraw=False, autoLog=True, bold=False, color=array([1, 1, 1]), colorSpace='rgb', contrast=1.0, depth=0.0, flipHoriz=False, flipVert=False, font='Open Sans', fontFiles=[], height=0.05, italic=False, languageStyle='LTR', name='text_3', opacity=1.0, ori=0.0, pos=array([0. , 0.3]), rgb=UNKNOWN, text=str(...), units='height', win=Window(...), wrapWidth=1)
14.3953 	EXP 	Created text_2 = TextStim(__class__=<class 'psychopy.visual.text.TextStim'>, alignHoriz=method-wrapper(...), alignText='center', alignVert=method-wrapper(...), anchorHoriz='center', anchorVert='center', antialias=True, autoDraw=False, autoLog=True, bold=False, color=array([1, 1, 1]), colorSpace='rgb', contrast=1.0, depth=-1.0, flipHoriz=False, flipVert=False, font='Open Sans', fontFiles=[], height=0.05, italic=False, languageStyle='LTR', name='text_2', opacity=1.0, ori=0.0, pos=array([0., 0.]), rgb=UNKNOWN, text='', units='height', win=Window(...), wrapWidth=1)
14.4066 	EXP 	Created text_4 = TextStim(__class__=<class 'psychopy.visual.text.TextStim'>, alignHoriz=method-wrapper(...), alignText='center', alignVert=method-wrapper(...), anchorHoriz='center', anchorVert='center', antialias=True, autoDraw=False, autoLog=True, bold=False, color=array([1, 1, 1]), colorSpace='rgb', contrast=1.0, depth=-3.0, flipHoriz=False, flipVert=False, font='Open Sans', fontFiles=[], height=0.05, italic=False, languageStyle='LTR', name='text_4', opacity=1.0, ori=0.0, pos=array([ 0. , -0.2]), rgb=UNKNOWN, text=str(...), units='height', win=Window(...), wrapWidth=1)
14.4078 	EXP 	Created text_5 = TextStim(__class__=<class 'psychopy.visual.text.TextStim'>, alignHoriz=method-wrapper(...), alignText='center', alignVert=method-wrapper(...), anchorHoriz='center', anchorVert='center', antialias=True, autoDraw=False, autoLog=True, bold=False, color=array([1, 1, 1]), colorSpace='rgb', contrast=1.0, depth=-2.0, flipHoriz=False, flipVert=False, font='Arial', fontFiles=[], height=0.1, italic=False, languageStyle='LTR', name='text_5', opacity=1.0, ori=0.0, pos=array([0. , 0.4]), rgb=UNKNOWN, text='', units='height', win=Window(...), wrapWidth=1)
14.4084 	EXP 	Created stopb = TextStim(__class__=<class 'psychopy.visual.text.TextStim'>, alignHoriz=method-wrapper(...), alignText='center', alignVert=method-wrapper(...), anchorHoriz='center', anchorVert='center', antialias=True, autoDraw=False, autoLog=True, bold=False, color=array([1, 1, 1]), colorSpace='rgb', contrast=1.0, depth=-3.0, flipHoriz=False, flipVert=False, font='Arial', fontFiles=[], height=0.1, italic=False, languageStyle='LTR', name='stopb', opacity=1.0, ori=0.0, pos=array([ 0. , -0.4]), rgb=UNKNOWN, text='', units='height', win=Window(...), wrapWidth=1)
14.4089 	EXP 	Created stopl = TextStim(__class__=<class 'psychopy.visual.text.TextStim'>, alignHoriz=method-wrapper(...), alignText='center', alignVert=method-wrapper(...), anchorHoriz='center', anchorVert='center', antialias=True, autoDraw=False, autoLog=True, bold=False, color=array([1, 1, 1]), colorSpace='rgb', contrast=1.0, depth=-4.0, flipHoriz=False, flipVert=False, font='Arial', fontFiles=[], height=0.1, italic=False, languageStyle='LTR', name='stopl', opacity=1.0, ori=90.0, pos=array([-0.75,  0.  ]), rgb=UNKNOWN, text='', units='height', win=Window(...), wrapWidth=1)
14.4094 	EXP 	Created stopr = TextStim(__class__=<class 'psychopy.visual.text.TextStim'>, alignHoriz=method-wrapper(...), alignText='center', alignVert=method-wrapper(...), anchorHoriz='center', anchorVert='center', antialias=True, autoDraw=False, autoLog=True, bold=False, color=array([1, 1, 1]), colorSpace='rgb', contrast=1.0, depth=-5.0, flipHoriz=False, flipVert=False, font='Arial', fontFiles=[], height=0.1, italic=False, languageStyle='LTR', name='stopr', opacity=1.0, ori=-90.0, pos=array([0.75, 0.  ]), rgb=UNKNOWN, text='', units='height', win=Window(...), wrapWidth=1)
14.4101 	EXP 	Created text_6 = TextStim(__class__=<class 'psychopy.visual.text.TextStim'>, alignHoriz=method-wrapper(...), alignText='center', alignVert=method-wrapper(...), anchorHoriz='center', anchorVert='center', antialias=True, autoDraw=False, autoLog=True, bold=False, color=array([1, 1, 1]), colorSpace='rgb', contrast=1.0, depth=-7.0, flipHoriz=False, flipVert=False, font='Open Sans', fontFiles=[], height=0.1, italic=False, languageStyle='LTR', name='text_6', opacity=1.0, ori=0.0, pos=array([0., 0.]), rgb=UNKNOWN, text='', units='height', win=Window(...), wrapWidth=1)
14.4483 	EXP 	text_instr: autoDraw = True
14.4483 	EXP 	image_next: autoDraw = True
15.8394 	DATA 	Mouse: Left button down, pos=(2138,164)
15.8494 	EXP 	Imported C:/Users/carelab/Desktop/Erik/resources/Lsquare.csv as conditions, 16 conditions, 26 params
15.8498 	EXP 	Created sequence: sequential, trialTypes=16, nReps=1, seed=None
15.8503 	EXP 	New trial (rep=0, index=0): OrderedDict([('Participant1', 30), ('Participant2', 30), ('Participant3', 105), ('Participant4', 105), ('Participant5', 60), ('Participant6', 120), ('Participant7', 120), ('Participant8', 120), ('Participant9', 105), ('Participant10', 60), ('Participant11', 105), ('Participant12', 60), ('Participant13', 30), ('Participant14', 60), ('Participant15', 120), ('Participant16', 30), ('Participant17', 30), ('Participant18', 30), ('Participant19', 105), ('Participant20', 105), ('Participant21', 60), ('Participant22', 120), ('Participant23', 120), ('Participant24', 120), ('Participant25', 105), ('Participant26', 60)])
15.8638 	EXP 	text_instr: autoDraw = False
15.8638 	EXP 	image_next: autoDraw = False
15.8638 	EXP 	text_2: height = 0.05
15.8638 	EXP 	text_2: height = 0.05
15.8638 	EXP 	text_2: height = 0.05
15.8638 	EXP 	text_2: text = 30
15.8638 	EXP 	text_3: autoDraw = True
15.8638 	EXP 	text_2: autoDraw = True
15.8638 	EXP 	text_4: autoDraw = True
15.9243 	DATA 	Mouse:  Left button up, pos=(2138,164)
17.1646 	EXP 	Imported C:/Users/carelab/Desktop/Erik/resources/stroop.xlsx as conditions, 20 conditions, 3 params
17.1653 	EXP 	Created sequence: random, trialTypes=20, nReps=5, seed=None
17.1656 	EXP 	New trial (rep=0, index=0): {'word': 'BLUE', 'color': 'blue', 'correct': 'b'}
17.1846 	DATA 	Keypress: space
17.1895 	EXP 	text_3: autoDraw = False
17.1895 	EXP 	text_2: autoDraw = False
17.1895 	EXP 	text_4: autoDraw = False
17.1895 	EXP 	text_6: foreColor = <psychopy.colors.Color: blue, alpha=1.0>
17.1895 	EXP 	text_6: height = 0.1
17.1895 	EXP 	text_6: height = 0.1
17.1895 	EXP 	text_6: height = 0.1
17.1895 	EXP 	text_6: text = 'BLUE'
17.1895 	EXP 	text_5: autoDraw = True
17.1895 	EXP 	stopb: autoDraw = True
17.1895 	EXP 	stopl: autoDraw = True
17.1895 	EXP 	stopr: autoDraw = True
17.1895 	EXP 	text_6: autoDraw = True
23.5757 	EXP 	New trial (rep=0, index=1): {'word': 'BLUE', 'color': 'blue', 'correct': 'b'}
23.5848 	DATA 	Keypress: space
23.5896 	EXP 	text_5: autoDraw = False
23.5896 	EXP 	stopb: autoDraw = False
23.5896 	EXP 	stopl: autoDraw = False
23.5896 	EXP 	stopr: autoDraw = False
23.5896 	EXP 	text_6: autoDraw = False
23.5896 	EXP 	text_6: foreColor = <psychopy.colors.Color: blue, alpha=1.0>
23.5896 	EXP 	text_6: text = 'BLUE'
23.5896 	EXP 	text_5: autoDraw = True
23.5896 	EXP 	stopb: autoDraw = True
23.5896 	EXP 	stopl: autoDraw = True
23.5896 	EXP 	stopr: autoDraw = True
23.5896 	EXP 	text_6: autoDraw = True
24.4478 	EXP 	New trial (rep=0, index=2): {'word': 'RED', 'color': 'blue', 'correct': 'b'}
24.4622 	DATA 	Keypress: space
24.4668 	EXP 	text_5: autoDraw = False
24.4668 	EXP 	stopb: autoDraw = False
24.4668 	EXP 	stopl: autoDraw = False
24.4668 	EXP 	stopr: autoDraw = False
24.4668 	EXP 	text_6: autoDraw = False
24.4668 	EXP 	text_6: foreColor = <psychopy.colors.Color: blue, alpha=1.0>
24.4668 	EXP 	text_6: height = 0.1
24.4668 	EXP 	text_6: height = 0.1
24.4668 	EXP 	text_6: height = 0.1
24.4668 	EXP 	text_6: text = 'RED'
24.4668 	EXP 	text_5: autoDraw = True
24.4668 	EXP 	stopb: autoDraw = True
24.4668 	EXP 	stopl: autoDraw = True
24.4668 	EXP 	stopr: autoDraw = True
24.4668 	EXP 	text_6: autoDraw = True
24.8642 	EXP 	New trial (rep=0, index=3): {'word': 'BLUE', 'color': 'red', 'correct': 'r'}
24.8788 	DATA 	Keypress: space
24.8837 	EXP 	text_5: autoDraw = False
24.8837 	EXP 	stopb: autoDraw = False
24.8837 	EXP 	stopl: autoDraw = False
24.8837 	EXP 	stopr: autoDraw = False
24.8837 	EXP 	text_6: autoDraw = False
24.8837 	EXP 	text_6: foreColor = <psychopy.colors.Color: red, alpha=1.0>
24.8837 	EXP 	text_6: height = 0.1
24.8837 	EXP 	text_6: height = 0.1
24.8837 	EXP 	text_6: height = 0.1
24.8837 	EXP 	text_6: text = 'BLUE'
24.8837 	EXP 	text_5: autoDraw = True
24.8837 	EXP 	stopb: autoDraw = True
24.8837 	EXP 	stopl: autoDraw = True
24.8837 	EXP 	stopr: autoDraw = True
24.8837 	EXP 	text_6: autoDraw = True
25.6544 	DATA 	Keypress: escape
27.5377 	EXP 	window1: mouseVisible = True
